[ 2017-11-18T11:01:08+08:00 ] 127.0.0.1 /index.php/mobile/amigos/lists
INFO: [ app_init ] --START--
INFO: Run Behavior\BuildLiteBehavior [ RunTime:0.000000s ]
INFO: [ app_init ] --END-- [ RunTime:0.000000s ]
INFO: [ app_begin ] --START--
INFO: Run Behavior\ReadHtmlCacheBehavior [ RunTime:0.000000s ]
INFO: [ app_begin ] --END-- [ RunTime:0.000000s ]
NOTIC: [8192] Function mcrypt_cbc() is deprecated D:\phpStudy\WWW\dbspapi.dbkan.com\Application\Common\Common\function.php 第 178 行.
NOTIC: [8192] Function mcrypt_cbc() is deprecated D:\phpStudy\WWW\dbspapi.dbkan.com\Application\Common\Common\function.php 第 178 行.
SQL: SELECT `dbsp_user`.id, `dbsp_user`.head_portrait, `dbsp_user`.name as user_name, dbsp_relation.name, dbsp_relation.mobile, 
                dbsp_relation.id AS relation_id, count(*) as count FROM `dbsp_user`
                LEFT JOIN `dbsp_relation` ON dbsp_relation.mobile = `dbsp_user` .mobile
                WHERE `user_id` = 118 and dbsp_relation.display = 1 GROUP BY dbsp_relation.id ORDER BY count DESC [ RunTime:0.0070s ]

[ 2017-11-18T11:01:12+08:00 ] 127.0.0.1 /index.php/mobile/amigos/lists
INFO: [ app_init ] --START--
INFO: Run Behavior\BuildLiteBehavior [ RunTime:0.000000s ]
INFO: [ app_init ] --END-- [ RunTime:0.001000s ]
INFO: [ app_begin ] --START--
INFO: Run Behavior\ReadHtmlCacheBehavior [ RunTime:0.000000s ]
INFO: [ app_begin ] --END-- [ RunTime:0.000000s ]
NOTIC: [8192] Function mcrypt_cbc() is deprecated D:\phpStudy\WWW\dbspapi.dbkan.com\Application\Common\Common\function.php 第 178 行.
NOTIC: [8192] Function mcrypt_cbc() is deprecated D:\phpStudy\WWW\dbspapi.dbkan.com\Application\Common\Common\function.php 第 178 行.
SQL: SELECT `dbsp_user`.id, `dbsp_user`.head_portrait, `dbsp_user`.name as user_name, dbsp_relation.name, dbsp_relation.mobile, 
                dbsp_relation.id AS relation_id, count(*) as count FROM `dbsp_user`
                LEFT JOIN `dbsp_relation` ON dbsp_relation.mobile = `dbsp_user` .mobile
                WHERE `user_id` = 118 and dbsp_relation.display = 1 GROUP BY dbsp_relation.id ORDER BY count DESC [ RunTime:0.0000s ]

[ 2017-11-18T11:01:13+08:00 ] 127.0.0.1 /index.php/mobile/amigos/lists
INFO: [ app_init ] --START--
INFO: Run Behavior\BuildLiteBehavior [ RunTime:0.000000s ]
INFO: [ app_init ] --END-- [ RunTime:0.000000s ]
INFO: [ app_begin ] --START--
INFO: Run Behavior\ReadHtmlCacheBehavior [ RunTime:0.000000s ]
INFO: [ app_begin ] --END-- [ RunTime:0.000000s ]
NOTIC: [8192] Function mcrypt_cbc() is deprecated D:\phpStudy\WWW\dbspapi.dbkan.com\Application\Common\Common\function.php 第 178 行.
NOTIC: [8192] Function mcrypt_cbc() is deprecated D:\phpStudy\WWW\dbspapi.dbkan.com\Application\Common\Common\function.php 第 178 行.
SQL: SELECT `dbsp_user`.id, `dbsp_user`.head_portrait, `dbsp_user`.name as user_name, dbsp_relation.name, dbsp_relation.mobile, 
                dbsp_relation.id AS relation_id, count(*) as count FROM `dbsp_user`
                LEFT JOIN `dbsp_relation` ON dbsp_relation.mobile = `dbsp_user` .mobile
                WHERE `user_id` = 118 and dbsp_relation.display = 1 GROUP BY dbsp_relation.id ORDER BY count DESC [ RunTime:0.0020s ]

[ 2017-11-18T11:01:13+08:00 ] 127.0.0.1 /index.php/mobile/amigos/lists
INFO: [ app_init ] --START--
INFO: Run Behavior\BuildLiteBehavior [ RunTime:0.000000s ]
INFO: [ app_init ] --END-- [ RunTime:0.001000s ]
INFO: [ app_begin ] --START--
INFO: Run Behavior\ReadHtmlCacheBehavior [ RunTime:0.000000s ]
INFO: [ app_begin ] --END-- [ RunTime:0.000000s ]
NOTIC: [8192] Function mcrypt_cbc() is deprecated D:\phpStudy\WWW\dbspapi.dbkan.com\Application\Common\Common\function.php 第 178 行.
NOTIC: [8192] Function mcrypt_cbc() is deprecated D:\phpStudy\WWW\dbspapi.dbkan.com\Application\Common\Common\function.php 第 178 行.
SQL: SELECT `dbsp_user`.id, `dbsp_user`.head_portrait, `dbsp_user`.name as user_name, dbsp_relation.name, dbsp_relation.mobile, 
                dbsp_relation.id AS relation_id, count(*) as count FROM `dbsp_user`
                LEFT JOIN `dbsp_relation` ON dbsp_relation.mobile = `dbsp_user` .mobile
                WHERE `user_id` = 118 and dbsp_relation.display = 1 GROUP BY dbsp_relation.id ORDER BY count DESC [ RunTime:0.0000s ]

[ 2017-11-18T11:01:13+08:00 ] 127.0.0.1 /index.php/mobile/amigos/lists
INFO: [ app_init ] --START--
INFO: Run Behavior\BuildLiteBehavior [ RunTime:0.000000s ]
INFO: [ app_init ] --END-- [ RunTime:0.000000s ]
INFO: [ app_begin ] --START--
INFO: Run Behavior\ReadHtmlCacheBehavior [ RunTime:0.000000s ]
INFO: [ app_begin ] --END-- [ RunTime:0.000000s ]
NOTIC: [8192] Function mcrypt_cbc() is deprecated D:\phpStudy\WWW\dbspapi.dbkan.com\Application\Common\Common\function.php 第 178 行.
NOTIC: [8192] Function mcrypt_cbc() is deprecated D:\phpStudy\WWW\dbspapi.dbkan.com\Application\Common\Common\function.php 第 178 行.
SQL: SELECT `dbsp_user`.id, `dbsp_user`.head_portrait, `dbsp_user`.name as user_name, dbsp_relation.name, dbsp_relation.mobile, 
                dbsp_relation.id AS relation_id, count(*) as count FROM `dbsp_user`
                LEFT JOIN `dbsp_relation` ON dbsp_relation.mobile = `dbsp_user` .mobile
                WHERE `user_id` = 118 and dbsp_relation.display = 1 GROUP BY dbsp_relation.id ORDER BY count DESC [ RunTime:0.0000s ]

[ 2017-11-18T11:01:27+08:00 ] 127.0.0.1 /index.php/mobile/amigos/lists
INFO: [ app_init ] --START--
INFO: Run Behavior\BuildLiteBehavior [ RunTime:0.001000s ]
INFO: [ app_init ] --END-- [ RunTime:0.001000s ]
INFO: [ app_begin ] --START--
INFO: Run Behavior\ReadHtmlCacheBehavior [ RunTime:0.000000s ]
INFO: [ app_begin ] --END-- [ RunTime:0.000000s ]
NOTIC: [8192] Function mcrypt_cbc() is deprecated D:\phpStudy\WWW\dbspapi.dbkan.com\Application\Common\Common\function.php 第 178 行.
NOTIC: [8192] Function mcrypt_cbc() is deprecated D:\phpStudy\WWW\dbspapi.dbkan.com\Application\Common\Common\function.php 第 178 行.
SQL: SELECT `dbsp_user`.id, `dbsp_user`.head_portrait, `dbsp_user`.name as user_name, dbsp_relation.name, dbsp_relation.mobile, 
                dbsp_relation.id AS relation_id, count(*) as count FROM `dbsp_user`
                LEFT JOIN `dbsp_relation` ON dbsp_relation.mobile = `dbsp_user` .mobile
                WHERE `user_id` = 118 and dbsp_relation.display = 1 GROUP BY dbsp_relation.id ORDER BY count DESC [ RunTime:0.0000s ]

[ 2017-11-18T11:01:28+08:00 ] 127.0.0.1 /index.php/mobile/amigos/lists
INFO: [ app_init ] --START--
INFO: Run Behavior\BuildLiteBehavior [ RunTime:0.000000s ]
INFO: [ app_init ] --END-- [ RunTime:0.001000s ]
INFO: [ app_begin ] --START--
INFO: Run Behavior\ReadHtmlCacheBehavior [ RunTime:0.000000s ]
INFO: [ app_begin ] --END-- [ RunTime:0.000000s ]
NOTIC: [8192] Function mcrypt_cbc() is deprecated D:\phpStudy\WWW\dbspapi.dbkan.com\Application\Common\Common\function.php 第 178 行.
NOTIC: [8192] Function mcrypt_cbc() is deprecated D:\phpStudy\WWW\dbspapi.dbkan.com\Application\Common\Common\function.php 第 178 行.
SQL: SELECT `dbsp_user`.id, `dbsp_user`.head_portrait, `dbsp_user`.name as user_name, dbsp_relation.name, dbsp_relation.mobile, 
                dbsp_relation.id AS relation_id, count(*) as count FROM `dbsp_user`
                LEFT JOIN `dbsp_relation` ON dbsp_relation.mobile = `dbsp_user` .mobile
                WHERE `user_id` = 118 and dbsp_relation.display = 1 GROUP BY dbsp_relation.id ORDER BY count DESC [ RunTime:0.0010s ]

[ 2017-11-18T11:01:28+08:00 ] 127.0.0.1 /index.php/mobile/amigos/lists
INFO: [ app_init ] --START--
INFO: Run Behavior\BuildLiteBehavior [ RunTime:0.000000s ]
INFO: [ app_init ] --END-- [ RunTime:0.000000s ]
INFO: [ app_begin ] --START--
INFO: Run Behavior\ReadHtmlCacheBehavior [ RunTime:0.000000s ]
INFO: [ app_begin ] --END-- [ RunTime:0.000000s ]
NOTIC: [8192] Function mcrypt_cbc() is deprecated D:\phpStudy\WWW\dbspapi.dbkan.com\Application\Common\Common\function.php 第 178 行.
NOTIC: [8192] Function mcrypt_cbc() is deprecated D:\phpStudy\WWW\dbspapi.dbkan.com\Application\Common\Common\function.php 第 178 行.
SQL: SELECT `dbsp_user`.id, `dbsp_user`.head_portrait, `dbsp_user`.name as user_name, dbsp_relation.name, dbsp_relation.mobile, 
                dbsp_relation.id AS relation_id, count(*) as count FROM `dbsp_user`
                LEFT JOIN `dbsp_relation` ON dbsp_relation.mobile = `dbsp_user` .mobile
                WHERE `user_id` = 118 and dbsp_relation.display = 1 GROUP BY dbsp_relation.id ORDER BY count DESC [ RunTime:0.0000s ]

[ 2017-11-18T11:01:28+08:00 ] 127.0.0.1 /index.php/mobile/amigos/lists
INFO: [ app_init ] --START--
INFO: Run Behavior\BuildLiteBehavior [ RunTime:0.000000s ]
INFO: [ app_init ] --END-- [ RunTime:0.001000s ]
INFO: [ app_begin ] --START--
INFO: Run Behavior\ReadHtmlCacheBehavior [ RunTime:0.000000s ]
INFO: [ app_begin ] --END-- [ RunTime:0.000000s ]
NOTIC: [8192] Function mcrypt_cbc() is deprecated D:\phpStudy\WWW\dbspapi.dbkan.com\Application\Common\Common\function.php 第 178 行.
NOTIC: [8192] Function mcrypt_cbc() is deprecated D:\phpStudy\WWW\dbspapi.dbkan.com\Application\Common\Common\function.php 第 178 行.
SQL: SELECT `dbsp_user`.id, `dbsp_user`.head_portrait, `dbsp_user`.name as user_name, dbsp_relation.name, dbsp_relation.mobile, 
                dbsp_relation.id AS relation_id, count(*) as count FROM `dbsp_user`
                LEFT JOIN `dbsp_relation` ON dbsp_relation.mobile = `dbsp_user` .mobile
                WHERE `user_id` = 118 and dbsp_relation.display = 1 GROUP BY dbsp_relation.id ORDER BY count DESC [ RunTime:0.0010s ]

[ 2017-11-18T11:01:28+08:00 ] 127.0.0.1 /index.php/mobile/amigos/lists
INFO: [ app_init ] --START--
INFO: Run Behavior\BuildLiteBehavior [ RunTime:0.000000s ]
INFO: [ app_init ] --END-- [ RunTime:0.000000s ]
INFO: [ app_begin ] --START--
INFO: Run Behavior\ReadHtmlCacheBehavior [ RunTime:0.000000s ]
INFO: [ app_begin ] --END-- [ RunTime:0.000000s ]
NOTIC: [8192] Function mcrypt_cbc() is deprecated D:\phpStudy\WWW\dbspapi.dbkan.com\Application\Common\Common\function.php 第 178 行.
NOTIC: [8192] Function mcrypt_cbc() is deprecated D:\phpStudy\WWW\dbspapi.dbkan.com\Application\Common\Common\function.php 第 178 行.
SQL: SELECT `dbsp_user`.id, `dbsp_user`.head_portrait, `dbsp_user`.name as user_name, dbsp_relation.name, dbsp_relation.mobile, 
                dbsp_relation.id AS relation_id, count(*) as count FROM `dbsp_user`
                LEFT JOIN `dbsp_relation` ON dbsp_relation.mobile = `dbsp_user` .mobile
                WHERE `user_id` = 118 and dbsp_relation.display = 1 GROUP BY dbsp_relation.id ORDER BY count DESC [ RunTime:0.0000s ]

[ 2017-11-18T11:01:28+08:00 ] 127.0.0.1 /index.php/mobile/amigos/lists
INFO: [ app_init ] --START--
INFO: Run Behavior\BuildLiteBehavior [ RunTime:0.000000s ]
INFO: [ app_init ] --END-- [ RunTime:0.000000s ]
INFO: [ app_begin ] --START--
INFO: Run Behavior\ReadHtmlCacheBehavior [ RunTime:0.001000s ]
INFO: [ app_begin ] --END-- [ RunTime:0.001000s ]
NOTIC: [8192] Function mcrypt_cbc() is deprecated D:\phpStudy\WWW\dbspapi.dbkan.com\Application\Common\Common\function.php 第 178 行.
NOTIC: [8192] Function mcrypt_cbc() is deprecated D:\phpStudy\WWW\dbspapi.dbkan.com\Application\Common\Common\function.php 第 178 行.
SQL: SELECT `dbsp_user`.id, `dbsp_user`.head_portrait, `dbsp_user`.name as user_name, dbsp_relation.name, dbsp_relation.mobile, 
                dbsp_relation.id AS relation_id, count(*) as count FROM `dbsp_user`
                LEFT JOIN `dbsp_relation` ON dbsp_relation.mobile = `dbsp_user` .mobile
                WHERE `user_id` = 118 and dbsp_relation.display = 1 GROUP BY dbsp_relation.id ORDER BY count DESC [ RunTime:0.0000s ]

[ 2017-11-18T11:01:29+08:00 ] 127.0.0.1 /index.php/mobile/amigos/lists
INFO: [ app_init ] --START--
INFO: Run Behavior\BuildLiteBehavior [ RunTime:0.000000s ]
INFO: [ app_init ] --END-- [ RunTime:0.000000s ]
INFO: [ app_begin ] --START--
INFO: Run Behavior\ReadHtmlCacheBehavior [ RunTime:0.000000s ]
INFO: [ app_begin ] --END-- [ RunTime:0.000000s ]
NOTIC: [8192] Function mcrypt_cbc() is deprecated D:\phpStudy\WWW\dbspapi.dbkan.com\Application\Common\Common\function.php 第 178 行.
NOTIC: [8192] Function mcrypt_cbc() is deprecated D:\phpStudy\WWW\dbspapi.dbkan.com\Application\Common\Common\function.php 第 178 行.
SQL: SELECT `dbsp_user`.id, `dbsp_user`.head_portrait, `dbsp_user`.name as user_name, dbsp_relation.name, dbsp_relation.mobile, 
                dbsp_relation.id AS relation_id, count(*) as count FROM `dbsp_user`
                LEFT JOIN `dbsp_relation` ON dbsp_relation.mobile = `dbsp_user` .mobile
                WHERE `user_id` = 118 and dbsp_relation.display = 1 GROUP BY dbsp_relation.id ORDER BY count DESC [ RunTime:0.0010s ]

[ 2017-11-18T11:01:29+08:00 ] 127.0.0.1 /index.php/mobile/amigos/lists
INFO: [ app_init ] --START--
INFO: Run Behavior\BuildLiteBehavior [ RunTime:0.000000s ]
INFO: [ app_init ] --END-- [ RunTime:0.000000s ]
INFO: [ app_begin ] --START--
INFO: Run Behavior\ReadHtmlCacheBehavior [ RunTime:0.001000s ]
INFO: [ app_begin ] --END-- [ RunTime:0.001000s ]
NOTIC: [8192] Function mcrypt_cbc() is deprecated D:\phpStudy\WWW\dbspapi.dbkan.com\Application\Common\Common\function.php 第 178 行.
NOTIC: [8192] Function mcrypt_cbc() is deprecated D:\phpStudy\WWW\dbspapi.dbkan.com\Application\Common\Common\function.php 第 178 行.
SQL: SELECT `dbsp_user`.id, `dbsp_user`.head_portrait, `dbsp_user`.name as user_name, dbsp_relation.name, dbsp_relation.mobile, 
                dbsp_relation.id AS relation_id, count(*) as count FROM `dbsp_user`
                LEFT JOIN `dbsp_relation` ON dbsp_relation.mobile = `dbsp_user` .mobile
                WHERE `user_id` = 118 and dbsp_relation.display = 1 GROUP BY dbsp_relation.id ORDER BY count DESC [ RunTime:0.0000s ]

[ 2017-11-18T11:01:38+08:00 ] 127.0.0.1 /index.php/mobile/amigos/lists
INFO: [ app_init ] --START--
INFO: Run Behavior\BuildLiteBehavior [ RunTime:0.000000s ]
INFO: [ app_init ] --END-- [ RunTime:0.000000s ]
INFO: [ app_begin ] --START--
INFO: Run Behavior\ReadHtmlCacheBehavior [ RunTime:0.001000s ]
INFO: [ app_begin ] --END-- [ RunTime:0.001000s ]
NOTIC: [8192] Function mcrypt_cbc() is deprecated D:\phpStudy\WWW\dbspapi.dbkan.com\Application\Common\Common\function.php 第 178 行.
NOTIC: [8192] Function mcrypt_cbc() is deprecated D:\phpStudy\WWW\dbspapi.dbkan.com\Application\Common\Common\function.php 第 178 行.
SQL: SELECT `dbsp_user`.id, `dbsp_user`.head_portrait, `dbsp_user`.name as user_name, dbsp_relation.name, dbsp_relation.mobile, 
                dbsp_relation.id AS relation_id, count(*) as count FROM `dbsp_user`
                LEFT JOIN `dbsp_relation` ON dbsp_relation.mobile = `dbsp_user` .mobile
                WHERE `user_id` = 118 and dbsp_relation.display = 1 GROUP BY dbsp_relation.id ORDER BY count DESC [ RunTime:0.0010s ]

[ 2017-11-18T11:01:38+08:00 ] 127.0.0.1 /index.php/mobile/amigos/lists
INFO: [ app_init ] --START--
INFO: Run Behavior\BuildLiteBehavior [ RunTime:0.000000s ]
INFO: [ app_init ] --END-- [ RunTime:0.000000s ]
INFO: [ app_begin ] --START--
INFO: Run Behavior\ReadHtmlCacheBehavior [ RunTime:0.000000s ]
INFO: [ app_begin ] --END-- [ RunTime:0.000000s ]
NOTIC: [8192] Function mcrypt_cbc() is deprecated D:\phpStudy\WWW\dbspapi.dbkan.com\Application\Common\Common\function.php 第 178 行.
NOTIC: [8192] Function mcrypt_cbc() is deprecated D:\phpStudy\WWW\dbspapi.dbkan.com\Application\Common\Common\function.php 第 178 行.
SQL: SELECT `dbsp_user`.id, `dbsp_user`.head_portrait, `dbsp_user`.name as user_name, dbsp_relation.name, dbsp_relation.mobile, 
                dbsp_relation.id AS relation_id, count(*) as count FROM `dbsp_user`
                LEFT JOIN `dbsp_relation` ON dbsp_relation.mobile = `dbsp_user` .mobile
                WHERE `user_id` = 118 and dbsp_relation.display = 1 GROUP BY dbsp_relation.id ORDER BY count DESC [ RunTime:0.0010s ]

[ 2017-11-18T11:01:38+08:00 ] 127.0.0.1 /index.php/mobile/amigos/lists
INFO: [ app_init ] --START--
INFO: Run Behavior\BuildLiteBehavior [ RunTime:0.000000s ]
INFO: [ app_init ] --END-- [ RunTime:0.000000s ]
INFO: [ app_begin ] --START--
INFO: Run Behavior\ReadHtmlCacheBehavior [ RunTime:0.000000s ]
INFO: [ app_begin ] --END-- [ RunTime:0.000000s ]
NOTIC: [8192] Function mcrypt_cbc() is deprecated D:\phpStudy\WWW\dbspapi.dbkan.com\Application\Common\Common\function.php 第 178 行.
NOTIC: [8192] Function mcrypt_cbc() is deprecated D:\phpStudy\WWW\dbspapi.dbkan.com\Application\Common\Common\function.php 第 178 行.
SQL: SELECT `dbsp_user`.id, `dbsp_user`.head_portrait, `dbsp_user`.name as user_name, dbsp_relation.name, dbsp_relation.mobile, 
                dbsp_relation.id AS relation_id, count(*) as count FROM `dbsp_user`
                LEFT JOIN `dbsp_relation` ON dbsp_relation.mobile = `dbsp_user` .mobile
                WHERE `user_id` = 118 and dbsp_relation.display = 1 GROUP BY dbsp_relation.id ORDER BY count DESC [ RunTime:0.0010s ]

[ 2017-11-18T11:01:39+08:00 ] 127.0.0.1 /index.php/mobile/amigos/lists
INFO: [ app_init ] --START--
INFO: Run Behavior\BuildLiteBehavior [ RunTime:0.000000s ]
INFO: [ app_init ] --END-- [ RunTime:0.000000s ]
INFO: [ app_begin ] --START--
INFO: Run Behavior\ReadHtmlCacheBehavior [ RunTime:0.001000s ]
INFO: [ app_begin ] --END-- [ RunTime:0.001000s ]
NOTIC: [8192] Function mcrypt_cbc() is deprecated D:\phpStudy\WWW\dbspapi.dbkan.com\Application\Common\Common\function.php 第 178 行.
NOTIC: [8192] Function mcrypt_cbc() is deprecated D:\phpStudy\WWW\dbspapi.dbkan.com\Application\Common\Common\function.php 第 178 行.
SQL: SELECT `dbsp_user`.id, `dbsp_user`.head_portrait, `dbsp_user`.name as user_name, dbsp_relation.name, dbsp_relation.mobile, 
                dbsp_relation.id AS relation_id, count(*) as count FROM `dbsp_user`
                LEFT JOIN `dbsp_relation` ON dbsp_relation.mobile = `dbsp_user` .mobile
                WHERE `user_id` = 118 and dbsp_relation.display = 1 GROUP BY dbsp_relation.id ORDER BY count DESC [ RunTime:0.0000s ]

[ 2017-11-18T11:01:39+08:00 ] 127.0.0.1 /index.php/mobile/amigos/lists
INFO: [ app_init ] --START--
INFO: Run Behavior\BuildLiteBehavior [ RunTime:0.000000s ]
INFO: [ app_init ] --END-- [ RunTime:0.000000s ]
INFO: [ app_begin ] --START--
INFO: Run Behavior\ReadHtmlCacheBehavior [ RunTime:0.000000s ]
INFO: [ app_begin ] --END-- [ RunTime:0.000000s ]
NOTIC: [8192] Function mcrypt_cbc() is deprecated D:\phpStudy\WWW\dbspapi.dbkan.com\Application\Common\Common\function.php 第 178 行.
NOTIC: [8192] Function mcrypt_cbc() is deprecated D:\phpStudy\WWW\dbspapi.dbkan.com\Application\Common\Common\function.php 第 178 行.
SQL: SELECT `dbsp_user`.id, `dbsp_user`.head_portrait, `dbsp_user`.name as user_name, dbsp_relation.name, dbsp_relation.mobile, 
                dbsp_relation.id AS relation_id, count(*) as count FROM `dbsp_user`
                LEFT JOIN `dbsp_relation` ON dbsp_relation.mobile = `dbsp_user` .mobile
                WHERE `user_id` = 118 and dbsp_relation.display = 1 GROUP BY dbsp_relation.id ORDER BY count DESC [ RunTime:0.0010s ]

[ 2017-11-18T14:22:22+08:00 ] 127.0.0.1 /index.php/mobile/call/callTime
INFO: [ app_init ] --START--
INFO: Run Behavior\BuildLiteBehavior [ RunTime:0.000000s ]
INFO: [ app_init ] --END-- [ RunTime:0.000000s ]
INFO: [ app_begin ] --START--
INFO: Run Behavior\ReadHtmlCacheBehavior [ RunTime:0.000000s ]
INFO: [ app_begin ] --END-- [ RunTime:0.000000s ]
NOTIC: [8192] Function mcrypt_cbc() is deprecated D:\phpStudy\WWW\dbspapi.dbkan.com\Application\Common\Common\function.php 第 178 行.
NOTIC: [8192] Function mcrypt_cbc() is deprecated D:\phpStudy\WWW\dbspapi.dbkan.com\Application\Common\Common\function.php 第 178 行.
SQL: SHOW COLUMNS FROM `dbsp_relation` [ RunTime:0.0010s ]
SQL: SELECT * FROM `dbsp_relation` WHERE `user_id` = 118 AND `mobile` = '15120010537' LIMIT 1   [ RunTime:0.0010s ]
SQL: SHOW COLUMNS FROM `dbsp_call_log` [ RunTime:0.0010s ]
SQL: INSERT INTO `dbsp_call_log` (`answer`,`relation_id`) VALUES ('2','414') [ RunTime:0.0010s ]
NOTIC: [8] Undefined index: call_time D:\phpStudy\WWW\dbspapi.dbkan.com\Application\Mobile\Controller\CallController.class.php 第 57 行.
NOTIC: [8] Undefined index: hours_length D:\phpStudy\WWW\dbspapi.dbkan.com\Application\Mobile\Controller\CallController.class.php 第 58 行.
NOTIC: [8] Undefined index: receive D:\phpStudy\WWW\dbspapi.dbkan.com\Application\Mobile\Controller\CallController.class.php 第 60 行.
SQL: UPDATE `dbsp_relation` SET `last_call_time`=NULL,`last_hours_length`=NULL,`last_answer`='2',`last_receive`=NULL WHERE `id` = 414 [ RunTime:0.0000s ]

[ 2017-11-18T14:22:22+08:00 ] 127.0.0.1 /index.php/mobile/call/callTime
INFO: [ app_init ] --START--
INFO: Run Behavior\BuildLiteBehavior [ RunTime:0.000000s ]
INFO: [ app_init ] --END-- [ RunTime:0.000000s ]
INFO: [ app_begin ] --START--
INFO: Run Behavior\ReadHtmlCacheBehavior [ RunTime:0.000000s ]
INFO: [ app_begin ] --END-- [ RunTime:0.000000s ]
NOTIC: [8192] Function mcrypt_cbc() is deprecated D:\phpStudy\WWW\dbspapi.dbkan.com\Application\Common\Common\function.php 第 178 行.
NOTIC: [8192] Function mcrypt_cbc() is deprecated D:\phpStudy\WWW\dbspapi.dbkan.com\Application\Common\Common\function.php 第 178 行.
SQL: SHOW COLUMNS FROM `dbsp_relation` [ RunTime:0.0010s ]
SQL: SELECT * FROM `dbsp_relation` WHERE `user_id` = 118 AND `mobile` = '15120010537' LIMIT 1   [ RunTime:0.0010s ]
SQL: SHOW COLUMNS FROM `dbsp_call_log` [ RunTime:0.0010s ]
SQL: INSERT INTO `dbsp_call_log` (`answer`,`relation_id`) VALUES ('2','414') [ RunTime:0.0000s ]
NOTIC: [8] Undefined index: call_time D:\phpStudy\WWW\dbspapi.dbkan.com\Application\Mobile\Controller\CallController.class.php 第 57 行.
NOTIC: [8] Undefined index: hours_length D:\phpStudy\WWW\dbspapi.dbkan.com\Application\Mobile\Controller\CallController.class.php 第 58 行.
NOTIC: [8] Undefined index: receive D:\phpStudy\WWW\dbspapi.dbkan.com\Application\Mobile\Controller\CallController.class.php 第 60 行.
SQL: UPDATE `dbsp_relation` SET `last_call_time`=NULL,`last_hours_length`=NULL,`last_answer`='2',`last_receive`=NULL WHERE `id` = 414 [ RunTime:0.0000s ]

[ 2017-11-18T14:22:23+08:00 ] 127.0.0.1 /index.php/mobile/call/callTime
INFO: [ app_init ] --START--
INFO: Run Behavior\BuildLiteBehavior [ RunTime:0.000000s ]
INFO: [ app_init ] --END-- [ RunTime:0.000000s ]
INFO: [ app_begin ] --START--
INFO: Run Behavior\ReadHtmlCacheBehavior [ RunTime:0.000000s ]
INFO: [ app_begin ] --END-- [ RunTime:0.000000s ]
NOTIC: [8192] Function mcrypt_cbc() is deprecated D:\phpStudy\WWW\dbspapi.dbkan.com\Application\Common\Common\function.php 第 178 行.
NOTIC: [8192] Function mcrypt_cbc() is deprecated D:\phpStudy\WWW\dbspapi.dbkan.com\Application\Common\Common\function.php 第 178 行.
SQL: SHOW COLUMNS FROM `dbsp_relation` [ RunTime:0.0010s ]
SQL: SELECT * FROM `dbsp_relation` WHERE `user_id` = 118 AND `mobile` = '15120010537' LIMIT 1   [ RunTime:0.0000s ]
SQL: SHOW COLUMNS FROM `dbsp_call_log` [ RunTime:0.0010s ]
SQL: INSERT INTO `dbsp_call_log` (`answer`,`relation_id`) VALUES ('2','414') [ RunTime:0.0000s ]
NOTIC: [8] Undefined index: call_time D:\phpStudy\WWW\dbspapi.dbkan.com\Application\Mobile\Controller\CallController.class.php 第 57 行.
NOTIC: [8] Undefined index: hours_length D:\phpStudy\WWW\dbspapi.dbkan.com\Application\Mobile\Controller\CallController.class.php 第 58 行.
NOTIC: [8] Undefined index: receive D:\phpStudy\WWW\dbspapi.dbkan.com\Application\Mobile\Controller\CallController.class.php 第 60 行.
SQL: UPDATE `dbsp_relation` SET `last_call_time`=NULL,`last_hours_length`=NULL,`last_answer`='2',`last_receive`=NULL WHERE `id` = 414 [ RunTime:0.0000s ]

[ 2017-11-18T14:22:23+08:00 ] 127.0.0.1 /index.php/mobile/call/callTime
INFO: [ app_init ] --START--
INFO: Run Behavior\BuildLiteBehavior [ RunTime:0.000000s ]
INFO: [ app_init ] --END-- [ RunTime:0.001000s ]
INFO: [ app_begin ] --START--
INFO: Run Behavior\ReadHtmlCacheBehavior [ RunTime:0.000000s ]
INFO: [ app_begin ] --END-- [ RunTime:0.000000s ]
NOTIC: [8192] Function mcrypt_cbc() is deprecated D:\phpStudy\WWW\dbspapi.dbkan.com\Application\Common\Common\function.php 第 178 行.
NOTIC: [8192] Function mcrypt_cbc() is deprecated D:\phpStudy\WWW\dbspapi.dbkan.com\Application\Common\Common\function.php 第 178 行.
SQL: SHOW COLUMNS FROM `dbsp_relation` [ RunTime:0.0010s ]
SQL: SELECT * FROM `dbsp_relation` WHERE `user_id` = 118 AND `mobile` = '15120010537' LIMIT 1   [ RunTime:0.0010s ]
SQL: SHOW COLUMNS FROM `dbsp_call_log` [ RunTime:0.0010s ]
SQL: INSERT INTO `dbsp_call_log` (`answer`,`relation_id`) VALUES ('2','414') [ RunTime:0.0000s ]
NOTIC: [8] Undefined index: call_time D:\phpStudy\WWW\dbspapi.dbkan.com\Application\Mobile\Controller\CallController.class.php 第 57 行.
NOTIC: [8] Undefined index: hours_length D:\phpStudy\WWW\dbspapi.dbkan.com\Application\Mobile\Controller\CallController.class.php 第 58 行.
NOTIC: [8] Undefined index: receive D:\phpStudy\WWW\dbspapi.dbkan.com\Application\Mobile\Controller\CallController.class.php 第 60 行.
SQL: UPDATE `dbsp_relation` SET `last_call_time`=NULL,`last_hours_length`=NULL,`last_answer`='2',`last_receive`=NULL WHERE `id` = 414 [ RunTime:0.0000s ]

[ 2017-11-18T14:22:23+08:00 ] 127.0.0.1 /index.php/mobile/call/callTime
INFO: [ app_init ] --START--
INFO: Run Behavior\BuildLiteBehavior [ RunTime:0.000000s ]
INFO: [ app_init ] --END-- [ RunTime:0.001000s ]
INFO: [ app_begin ] --START--
INFO: Run Behavior\ReadHtmlCacheBehavior [ RunTime:0.000000s ]
INFO: [ app_begin ] --END-- [ RunTime:0.000000s ]
NOTIC: [8192] Function mcrypt_cbc() is deprecated D:\phpStudy\WWW\dbspapi.dbkan.com\Application\Common\Common\function.php 第 178 行.
NOTIC: [8192] Function mcrypt_cbc() is deprecated D:\phpStudy\WWW\dbspapi.dbkan.com\Application\Common\Common\function.php 第 178 行.
SQL: SHOW COLUMNS FROM `dbsp_relation` [ RunTime:0.0020s ]
SQL: SELECT * FROM `dbsp_relation` WHERE `user_id` = 118 AND `mobile` = '15120010537' LIMIT 1   [ RunTime:0.0010s ]
SQL: SHOW COLUMNS FROM `dbsp_call_log` [ RunTime:0.0010s ]
SQL: INSERT INTO `dbsp_call_log` (`answer`,`relation_id`) VALUES ('2','414') [ RunTime:0.0000s ]
NOTIC: [8] Undefined index: call_time D:\phpStudy\WWW\dbspapi.dbkan.com\Application\Mobile\Controller\CallController.class.php 第 57 行.
NOTIC: [8] Undefined index: hours_length D:\phpStudy\WWW\dbspapi.dbkan.com\Application\Mobile\Controller\CallController.class.php 第 58 行.
NOTIC: [8] Undefined index: receive D:\phpStudy\WWW\dbspapi.dbkan.com\Application\Mobile\Controller\CallController.class.php 第 60 行.
SQL: UPDATE `dbsp_relation` SET `last_call_time`=NULL,`last_hours_length`=NULL,`last_answer`='2',`last_receive`=NULL WHERE `id` = 414 [ RunTime:0.0000s ]

