[ 2017-10-26T14:11:25+08:00 ] 127.0.0.1 /index.php/Mobile/Amigos/matching
INFO: [ app_init ] --START--
INFO: Run Behavior\BuildLiteBehavior [ RunTime:0.000000s ]
INFO: [ app_init ] --END-- [ RunTime:0.003000s ]
INFO: [ app_begin ] --START--
INFO: Run Behavior\ReadHtmlCacheBehavior [ RunTime:0.001000s ]
INFO: [ app_begin ] --END-- [ RunTime:0.001000s ]
NOTIC: [2048] Declaration of Mobile\Controller\AmigosController::show() should be compatible with Think\Controller::show($content, $charset = '', $contentType = '', $prefix = '') D:\phpStudy\WWW\dbspapi.dbkan.com\Application\Mobile\Controller\AmigosController.class.php 第 271 行.
SQL: SHOW COLUMNS FROM `relation` [ RunTime:0.0050s ]
SQL: SELECT * FROM `relation` WHERE `user_id` = 27 AND `mobile` IN (18679354419,15888825484,18569847758)  [ RunTime:0.0010s ]
INFO: [ app_end ] --START--
INFO: Run Behavior\ShowPageTraceBehavior [ RunTime:0.001000s ]
INFO: [ app_end ] --END-- [ RunTime:0.001000s ]

[ 2017-10-26T14:11:57+08:00 ] 127.0.0.1 /index.php/Mobile/Amigos/matching
INFO: [ app_init ] --START--
INFO: Run Behavior\BuildLiteBehavior [ RunTime:0.000000s ]
INFO: [ app_init ] --END-- [ RunTime:0.000000s ]
INFO: [ app_begin ] --START--
INFO: Run Behavior\ReadHtmlCacheBehavior [ RunTime:0.000000s ]
INFO: [ app_begin ] --END-- [ RunTime:0.000000s ]
NOTIC: [2048] Declaration of Mobile\Controller\AmigosController::show() should be compatible with Think\Controller::show($content, $charset = '', $contentType = '', $prefix = '') D:\phpStudy\WWW\dbspapi.dbkan.com\Application\Mobile\Controller\AmigosController.class.php 第 271 行.
SQL: SHOW COLUMNS FROM `relation` [ RunTime:0.0040s ]
SQL: SELECT `mobile` FROM `relation` WHERE `user_id` = 27 AND `mobile` IN (18679354419,15888825484,18569847758)  [ RunTime:0.0000s ]
INFO: [ app_end ] --START--
INFO: Run Behavior\ShowPageTraceBehavior [ RunTime:0.000000s ]
INFO: [ app_end ] --END-- [ RunTime:0.000000s ]

[ 2017-10-26T14:13:11+08:00 ] 127.0.0.1 /index.php/Mobile/Amigos/matching
INFO: [ app_init ] --START--
INFO: Run Behavior\BuildLiteBehavior [ RunTime:0.000000s ]
INFO: [ app_init ] --END-- [ RunTime:0.000000s ]
INFO: [ app_begin ] --START--
INFO: Run Behavior\ReadHtmlCacheBehavior [ RunTime:0.000000s ]
INFO: [ app_begin ] --END-- [ RunTime:0.001000s ]
NOTIC: [2048] Declaration of Mobile\Controller\AmigosController::show() should be compatible with Think\Controller::show($content, $charset = '', $contentType = '', $prefix = '') D:\phpStudy\WWW\dbspapi.dbkan.com\Application\Mobile\Controller\AmigosController.class.php 第 271 行.
SQL: SHOW COLUMNS FROM `relation` [ RunTime:0.0040s ]
SQL: SELECT `mobile` FROM `relation` WHERE `user_id` = 27 AND `mobile` IN (18679354419,15888825484,18569847758) LIMIT 1   [ RunTime:0.0000s ]
INFO: [ app_end ] --START--
INFO: Run Behavior\ShowPageTraceBehavior [ RunTime:0.000000s ]
INFO: [ app_end ] --END-- [ RunTime:0.000000s ]

[ 2017-10-26T14:13:22+08:00 ] 127.0.0.1 /index.php/Mobile/Amigos/matching
INFO: [ app_init ] --START--
INFO: Run Behavior\BuildLiteBehavior [ RunTime:0.000000s ]
INFO: [ app_init ] --END-- [ RunTime:0.000000s ]
INFO: [ app_begin ] --START--
INFO: Run Behavior\ReadHtmlCacheBehavior [ RunTime:0.000000s ]
INFO: [ app_begin ] --END-- [ RunTime:0.000000s ]
NOTIC: [2048] Declaration of Mobile\Controller\AmigosController::show() should be compatible with Think\Controller::show($content, $charset = '', $contentType = '', $prefix = '') D:\phpStudy\WWW\dbspapi.dbkan.com\Application\Mobile\Controller\AmigosController.class.php 第 271 行.
SQL: SHOW COLUMNS FROM `relation` [ RunTime:0.0040s ]
SQL: SELECT `mobile` FROM `relation` WHERE `user_id` = 27 AND `mobile` IN (18679354419,15888825484,18569847758)  [ RunTime:0.0000s ]
INFO: [ app_end ] --START--
INFO: Run Behavior\ShowPageTraceBehavior [ RunTime:0.000000s ]
INFO: [ app_end ] --END-- [ RunTime:0.000000s ]

[ 2017-10-26T14:15:27+08:00 ] 127.0.0.1 /index.php/Mobile/Amigos/matching
INFO: [ app_init ] --START--
INFO: Run Behavior\BuildLiteBehavior [ RunTime:0.000000s ]
INFO: [ app_init ] --END-- [ RunTime:0.000000s ]
INFO: [ app_begin ] --START--
INFO: Run Behavior\ReadHtmlCacheBehavior [ RunTime:0.000000s ]
INFO: [ app_begin ] --END-- [ RunTime:0.000000s ]
NOTIC: [2048] Declaration of Mobile\Controller\AmigosController::show() should be compatible with Think\Controller::show($content, $charset = '', $contentType = '', $prefix = '') D:\phpStudy\WWW\dbspapi.dbkan.com\Application\Mobile\Controller\AmigosController.class.php 第 271 行.
SQL: SHOW COLUMNS FROM `relation` [ RunTime:0.0060s ]
SQL: SELECT `mobile` FROM `relation` WHERE `user_id` = 27 AND `mobile` IN (18679354419,15888825484,18569847758)  [ RunTime:0.0000s ]
INFO: [ app_end ] --START--
INFO: Run Behavior\ShowPageTraceBehavior [ RunTime:0.000000s ]
INFO: [ app_end ] --END-- [ RunTime:0.000000s ]

[ 2017-10-26T14:16:41+08:00 ] 127.0.0.1 /index.php/Mobile/Amigos/matching
INFO: [ app_init ] --START--
INFO: Run Behavior\BuildLiteBehavior [ RunTime:0.000000s ]
INFO: [ app_init ] --END-- [ RunTime:0.001000s ]
INFO: [ app_begin ] --START--
INFO: Run Behavior\ReadHtmlCacheBehavior [ RunTime:0.000000s ]
INFO: [ app_begin ] --END-- [ RunTime:0.000000s ]
NOTIC: [2048] Declaration of Mobile\Controller\AmigosController::show() should be compatible with Think\Controller::show($content, $charset = '', $contentType = '', $prefix = '') D:\phpStudy\WWW\dbspapi.dbkan.com\Application\Mobile\Controller\AmigosController.class.php 第 272 行.
SQL: SHOW COLUMNS FROM `relation` [ RunTime:0.0040s ]
SQL: SELECT `mobile` FROM `relation` WHERE `user_id` = 27 AND `mobile` IN (18679354419,15888825484,18569847758,13656713048)  [ RunTime:0.0010s ]
INFO: [ app_end ] --START--
INFO: Run Behavior\ShowPageTraceBehavior [ RunTime:0.000000s ]
INFO: [ app_end ] --END-- [ RunTime:0.000000s ]

[ 2017-10-26T14:16:43+08:00 ] 127.0.0.1 /index.php/Mobile/Amigos/matching
INFO: [ app_init ] --START--
INFO: Run Behavior\BuildLiteBehavior [ RunTime:0.000000s ]
INFO: [ app_init ] --END-- [ RunTime:0.000000s ]
INFO: [ app_begin ] --START--
INFO: Run Behavior\ReadHtmlCacheBehavior [ RunTime:0.000000s ]
INFO: [ app_begin ] --END-- [ RunTime:0.001000s ]
NOTIC: [2048] Declaration of Mobile\Controller\AmigosController::show() should be compatible with Think\Controller::show($content, $charset = '', $contentType = '', $prefix = '') D:\phpStudy\WWW\dbspapi.dbkan.com\Application\Mobile\Controller\AmigosController.class.php 第 272 行.
SQL: SHOW COLUMNS FROM `relation` [ RunTime:0.0040s ]
SQL: SELECT `mobile` FROM `relation` WHERE `user_id` = 27 AND `mobile` IN (18679354419,15888825484,18569847758,13656713048)  [ RunTime:0.0000s ]
INFO: [ app_end ] --START--
INFO: Run Behavior\ShowPageTraceBehavior [ RunTime:0.001000s ]
INFO: [ app_end ] --END-- [ RunTime:0.001000s ]

[ 2017-10-26T14:17:31+08:00 ] 127.0.0.1 /index.php/Mobile/Amigos/matching
INFO: [ app_init ] --START--
INFO: Run Behavior\BuildLiteBehavior [ RunTime:0.000000s ]
INFO: [ app_init ] --END-- [ RunTime:0.000000s ]
INFO: [ app_begin ] --START--
INFO: Run Behavior\ReadHtmlCacheBehavior [ RunTime:0.000000s ]
INFO: [ app_begin ] --END-- [ RunTime:0.000000s ]
NOTIC: [2048] Declaration of Mobile\Controller\AmigosController::show() should be compatible with Think\Controller::show($content, $charset = '', $contentType = '', $prefix = '') D:\phpStudy\WWW\dbspapi.dbkan.com\Application\Mobile\Controller\AmigosController.class.php 第 273 行.
SQL: SHOW COLUMNS FROM `relation` [ RunTime:0.0040s ]
SQL: SELECT `mobile` FROM `relation` WHERE `user_id` = 27 AND `mobile` IN (15888825484,18569847758,13656713048,18679354419)  [ RunTime:0.0000s ]
INFO: [ app_end ] --START--
INFO: Run Behavior\ShowPageTraceBehavior [ RunTime:0.000000s ]
INFO: [ app_end ] --END-- [ RunTime:0.000000s ]

[ 2017-10-26T14:17:32+08:00 ] 127.0.0.1 /index.php/Mobile/Amigos/matching
INFO: [ app_init ] --START--
INFO: Run Behavior\BuildLiteBehavior [ RunTime:0.000000s ]
INFO: [ app_init ] --END-- [ RunTime:0.001000s ]
INFO: [ app_begin ] --START--
INFO: Run Behavior\ReadHtmlCacheBehavior [ RunTime:0.000000s ]
INFO: [ app_begin ] --END-- [ RunTime:0.000000s ]
NOTIC: [2048] Declaration of Mobile\Controller\AmigosController::show() should be compatible with Think\Controller::show($content, $charset = '', $contentType = '', $prefix = '') D:\phpStudy\WWW\dbspapi.dbkan.com\Application\Mobile\Controller\AmigosController.class.php 第 273 行.
SQL: SHOW COLUMNS FROM `relation` [ RunTime:0.0020s ]
SQL: SELECT `mobile` FROM `relation` WHERE `user_id` = 27 AND `mobile` IN (15888825484,18569847758,13656713048,18679354419)  [ RunTime:0.0010s ]
INFO: [ app_end ] --START--
INFO: Run Behavior\ShowPageTraceBehavior [ RunTime:0.000000s ]
INFO: [ app_end ] --END-- [ RunTime:0.000000s ]

[ 2017-10-26T14:19:33+08:00 ] 127.0.0.1 /index.php/Mobile/Amigos/matching
INFO: [ app_init ] --START--
INFO: Run Behavior\BuildLiteBehavior [ RunTime:0.000000s ]
INFO: [ app_init ] --END-- [ RunTime:0.001000s ]
INFO: [ app_begin ] --START--
INFO: Run Behavior\ReadHtmlCacheBehavior [ RunTime:0.000000s ]
INFO: [ app_begin ] --END-- [ RunTime:0.000000s ]
NOTIC: [2048] Declaration of Mobile\Controller\AmigosController::show() should be compatible with Think\Controller::show($content, $charset = '', $contentType = '', $prefix = '') D:\phpStudy\WWW\dbspapi.dbkan.com\Application\Mobile\Controller\AmigosController.class.php 第 273 行.
SQL: SHOW COLUMNS FROM `relation` [ RunTime:0.0030s ]
SQL: SELECT `mobile` FROM `relation` WHERE `user_id` = 27 AND `mobile` IN ('15888825484','18569847758','13656713048','18679354419')  [ RunTime:0.0000s ]
INFO: [ app_end ] --START--
INFO: Run Behavior\ShowPageTraceBehavior [ RunTime:0.001000s ]
INFO: [ app_end ] --END-- [ RunTime:0.001000s ]

[ 2017-10-26T14:20:34+08:00 ] 127.0.0.1 /index.php/Mobile/Amigos/matching
INFO: [ app_init ] --START--
INFO: Run Behavior\BuildLiteBehavior [ RunTime:0.000000s ]
INFO: [ app_init ] --END-- [ RunTime:0.000000s ]
INFO: [ app_begin ] --START--
INFO: Run Behavior\ReadHtmlCacheBehavior [ RunTime:0.000000s ]
INFO: [ app_begin ] --END-- [ RunTime:0.000000s ]
NOTIC: [2048] Declaration of Mobile\Controller\AmigosController::show() should be compatible with Think\Controller::show($content, $charset = '', $contentType = '', $prefix = '') D:\phpStudy\WWW\dbspapi.dbkan.com\Application\Mobile\Controller\AmigosController.class.php 第 273 行.
SQL: SHOW COLUMNS FROM `relation` [ RunTime:0.0040s ]
SQL: SELECT `mobile` FROM `relation` WHERE `user_id` = 27 AND `mobile` IN ('15888825484','18569847758','13656713048','18679354419')  [ RunTime:0.0000s ]
INFO: [ app_end ] --START--
INFO: Run Behavior\ShowPageTraceBehavior [ RunTime:0.000000s ]
INFO: [ app_end ] --END-- [ RunTime:0.000000s ]

[ 2017-10-26T14:20:53+08:00 ] 127.0.0.1 /index.php/Mobile/Amigos/matching
INFO: [ app_init ] --START--
INFO: Run Behavior\BuildLiteBehavior [ RunTime:0.000000s ]
INFO: [ app_init ] --END-- [ RunTime:0.001000s ]
INFO: [ app_begin ] --START--
INFO: Run Behavior\ReadHtmlCacheBehavior [ RunTime:0.000000s ]
INFO: [ app_begin ] --END-- [ RunTime:0.000000s ]
NOTIC: [2048] Declaration of Mobile\Controller\AmigosController::show() should be compatible with Think\Controller::show($content, $charset = '', $contentType = '', $prefix = '') D:\phpStudy\WWW\dbspapi.dbkan.com\Application\Mobile\Controller\AmigosController.class.php 第 274 行.
SQL: SHOW COLUMNS FROM `relation` [ RunTime:0.0030s ]
SQL: SELECT `mobile` FROM `relation` WHERE `user_id` = 27 AND `mobile` IN ('15888825484','18569847758','13656713048','18679354419')  [ RunTime:0.0000s ]
INFO: [ app_end ] --START--
INFO: Run Behavior\ShowPageTraceBehavior [ RunTime:0.000000s ]
INFO: [ app_end ] --END-- [ RunTime:0.000000s ]

[ 2017-10-26T14:21:28+08:00 ] 127.0.0.1 /index.php/Mobile/Amigos/matching
INFO: [ app_init ] --START--
INFO: Run Behavior\BuildLiteBehavior [ RunTime:0.000000s ]
INFO: [ app_init ] --END-- [ RunTime:0.000000s ]
INFO: [ app_begin ] --START--
INFO: Run Behavior\ReadHtmlCacheBehavior [ RunTime:0.001000s ]
INFO: [ app_begin ] --END-- [ RunTime:0.001000s ]
NOTIC: [2048] Declaration of Mobile\Controller\AmigosController::show() should be compatible with Think\Controller::show($content, $charset = '', $contentType = '', $prefix = '') D:\phpStudy\WWW\dbspapi.dbkan.com\Application\Mobile\Controller\AmigosController.class.php 第 274 行.
SQL: SHOW COLUMNS FROM `relation` [ RunTime:0.0040s ]
SQL: SELECT `mobile` FROM `relation` WHERE `user_id` = 27 AND `mobile` IN ('15888825484','18569847758','13656713048','18679354419')  [ RunTime:0.0000s ]
INFO: [ app_end ] --START--
INFO: Run Behavior\ShowPageTraceBehavior [ RunTime:0.000000s ]
INFO: [ app_end ] --END-- [ RunTime:0.000000s ]

[ 2017-10-26T14:21:29+08:00 ] 127.0.0.1 /index.php/Mobile/Amigos/matching
INFO: [ app_init ] --START--
INFO: Run Behavior\BuildLiteBehavior [ RunTime:0.000000s ]
INFO: [ app_init ] --END-- [ RunTime:0.000000s ]
INFO: [ app_begin ] --START--
INFO: Run Behavior\ReadHtmlCacheBehavior [ RunTime:0.000000s ]
INFO: [ app_begin ] --END-- [ RunTime:0.000000s ]
NOTIC: [2048] Declaration of Mobile\Controller\AmigosController::show() should be compatible with Think\Controller::show($content, $charset = '', $contentType = '', $prefix = '') D:\phpStudy\WWW\dbspapi.dbkan.com\Application\Mobile\Controller\AmigosController.class.php 第 274 行.
SQL: SHOW COLUMNS FROM `relation` [ RunTime:0.0040s ]
SQL: SELECT `mobile` FROM `relation` WHERE `user_id` = 27 AND `mobile` IN ('15888825484','18569847758','13656713048','18679354419')  [ RunTime:0.0000s ]
INFO: [ app_end ] --START--
INFO: Run Behavior\ShowPageTraceBehavior [ RunTime:0.000000s ]
INFO: [ app_end ] --END-- [ RunTime:0.001000s ]

[ 2017-10-26T14:22:20+08:00 ] 127.0.0.1 /index.php/Mobile/Amigos/matching
INFO: [ app_init ] --START--
INFO: Run Behavior\BuildLiteBehavior [ RunTime:0.000000s ]
INFO: [ app_init ] --END-- [ RunTime:0.000000s ]
INFO: [ app_begin ] --START--
INFO: Run Behavior\ReadHtmlCacheBehavior [ RunTime:0.000000s ]
INFO: [ app_begin ] --END-- [ RunTime:0.000000s ]
NOTIC: [2048] Declaration of Mobile\Controller\AmigosController::show() should be compatible with Think\Controller::show($content, $charset = '', $contentType = '', $prefix = '') D:\phpStudy\WWW\dbspapi.dbkan.com\Application\Mobile\Controller\AmigosController.class.php 第 274 行.
SQL: SHOW COLUMNS FROM `relation` [ RunTime:0.0030s ]
SQL: SELECT `mobile` FROM `relation` WHERE `user_id` = 27 AND `mobile` IN ('15888825484','18569847758','13656713048','18679354419')  [ RunTime:0.0010s ]
INFO: [ app_end ] --START--
INFO: Run Behavior\ShowPageTraceBehavior [ RunTime:0.000000s ]
INFO: [ app_end ] --END-- [ RunTime:0.000000s ]

[ 2017-10-26T14:22:44+08:00 ] 127.0.0.1 /index.php/Mobile/Amigos/matching
INFO: [ app_init ] --START--
INFO: Run Behavior\BuildLiteBehavior [ RunTime:0.000000s ]
INFO: [ app_init ] --END-- [ RunTime:0.000000s ]
INFO: [ app_begin ] --START--
INFO: Run Behavior\ReadHtmlCacheBehavior [ RunTime:0.000000s ]
INFO: [ app_begin ] --END-- [ RunTime:0.000000s ]
NOTIC: [2048] Declaration of Mobile\Controller\AmigosController::show() should be compatible with Think\Controller::show($content, $charset = '', $contentType = '', $prefix = '') D:\phpStudy\WWW\dbspapi.dbkan.com\Application\Mobile\Controller\AmigosController.class.php 第 274 行.
SQL: SHOW COLUMNS FROM `relation` [ RunTime:0.0030s ]
SQL: SELECT `mobile` FROM `relation` WHERE `user_id` = 27 AND `mobile` IN ('15888825484','18569847758','13656713048','18679354419')  [ RunTime:0.0000s ]
INFO: [ app_end ] --START--
INFO: Run Behavior\ShowPageTraceBehavior [ RunTime:0.001000s ]
INFO: [ app_end ] --END-- [ RunTime:0.001000s ]

[ 2017-10-26T14:38:14+08:00 ] 127.0.0.1 /index.php/Mobile/Amigos/matching
INFO: [ app_init ] --START--
INFO: Run Behavior\BuildLiteBehavior [ RunTime:0.000000s ]
INFO: [ app_init ] --END-- [ RunTime:0.001000s ]
INFO: [ app_begin ] --START--
INFO: Run Behavior\ReadHtmlCacheBehavior [ RunTime:0.000000s ]
INFO: [ app_begin ] --END-- [ RunTime:0.000000s ]
NOTIC: [2048] Declaration of Mobile\Controller\AmigosController::show() should be compatible with Think\Controller::show($content, $charset = '', $contentType = '', $prefix = '') D:\phpStudy\WWW\dbspapi.dbkan.com\Application\Mobile\Controller\AmigosController.class.php 第 273 行.
SQL: SHOW COLUMNS FROM `relation` [ RunTime:0.0040s ]
SQL: SELECT `mobile` FROM `relation` WHERE `user_id` = 27 AND `mobile` IN ('15888825484','18569847758','13656713048','18679354419')  [ RunTime:0.0000s ]
INFO: [ app_end ] --START--
INFO: Run Behavior\ShowPageTraceBehavior [ RunTime:0.000000s ]
INFO: [ app_end ] --END-- [ RunTime:0.000000s ]

[ 2017-10-26T14:38:39+08:00 ] 127.0.0.1 /index.php/Mobile/Amigos/matching
INFO: [ app_init ] --START--
INFO: Run Behavior\BuildLiteBehavior [ RunTime:0.000000s ]
INFO: [ app_init ] --END-- [ RunTime:0.000000s ]
INFO: [ app_begin ] --START--
INFO: Run Behavior\ReadHtmlCacheBehavior [ RunTime:0.001000s ]
INFO: [ app_begin ] --END-- [ RunTime:0.001000s ]
NOTIC: [2048] Declaration of Mobile\Controller\AmigosController::show() should be compatible with Think\Controller::show($content, $charset = '', $contentType = '', $prefix = '') D:\phpStudy\WWW\dbspapi.dbkan.com\Application\Mobile\Controller\AmigosController.class.php 第 274 行.
SQL: SHOW COLUMNS FROM `relation` [ RunTime:0.0040s ]
SQL: SELECT `mobile` FROM `relation` WHERE `user_id` = 27 AND `mobile` IN ('15888825484','18569847758','13656713048','18679354419')  [ RunTime:0.0010s ]
INFO: [ app_end ] --START--
INFO: Run Behavior\ShowPageTraceBehavior [ RunTime:0.000000s ]
INFO: [ app_end ] --END-- [ RunTime:0.000000s ]

[ 2017-10-26T14:40:24+08:00 ] 127.0.0.1 /index.php/Mobile/Amigos/matching
INFO: [ app_init ] --START--
INFO: Run Behavior\BuildLiteBehavior [ RunTime:0.000000s ]
INFO: [ app_init ] --END-- [ RunTime:0.000000s ]
INFO: [ app_begin ] --START--
INFO: Run Behavior\ReadHtmlCacheBehavior [ RunTime:0.001000s ]
INFO: [ app_begin ] --END-- [ RunTime:0.001000s ]
NOTIC: [2048] Declaration of Mobile\Controller\AmigosController::show() should be compatible with Think\Controller::show($content, $charset = '', $contentType = '', $prefix = '') D:\phpStudy\WWW\dbspapi.dbkan.com\Application\Mobile\Controller\AmigosController.class.php 第 275 行.
SQL: SHOW COLUMNS FROM `relation` [ RunTime:0.0040s ]
SQL: SELECT `mobile` FROM `relation` WHERE `user_id` = 27 AND `mobile` IN ('15888825484','18569847758','13656713048','18679354419','13588835122')  [ RunTime:0.0000s ]
INFO: [ app_end ] --START--
INFO: Run Behavior\ShowPageTraceBehavior [ RunTime:0.001000s ]
INFO: [ app_end ] --END-- [ RunTime:0.001000s ]

[ 2017-10-26T14:47:35+08:00 ] 127.0.0.1 /index.php/Mobile/Amigos/matching
INFO: [ app_init ] --START--
INFO: Run Behavior\BuildLiteBehavior [ RunTime:0.000000s ]
INFO: [ app_init ] --END-- [ RunTime:0.001000s ]
INFO: [ app_begin ] --START--
INFO: Run Behavior\ReadHtmlCacheBehavior [ RunTime:0.000000s ]
INFO: [ app_begin ] --END-- [ RunTime:0.000000s ]
NOTIC: [2048] Declaration of Mobile\Controller\AmigosController::show() should be compatible with Think\Controller::show($content, $charset = '', $contentType = '', $prefix = '') D:\phpStudy\WWW\dbspapi.dbkan.com\Application\Mobile\Controller\AmigosController.class.php 第 274 行.
SQL: SHOW COLUMNS FROM `relation` [ RunTime:0.0040s ]
SQL: SELECT `mobile` FROM `relation` WHERE `user_id` = 27 AND `mobile` IN ('15888825484','18569847758','13656713048','18679354419','13588835122')  [ RunTime:0.0000s ]
INFO: [ app_end ] --START--
INFO: Run Behavior\ShowPageTraceBehavior [ RunTime:0.000000s ]
INFO: [ app_end ] --END-- [ RunTime:0.000000s ]

[ 2017-10-26T14:47:36+08:00 ] 127.0.0.1 /index.php/Mobile/Amigos/matching
INFO: [ app_init ] --START--
INFO: Run Behavior\BuildLiteBehavior [ RunTime:0.000000s ]
INFO: [ app_init ] --END-- [ RunTime:0.000000s ]
INFO: [ app_begin ] --START--
INFO: Run Behavior\ReadHtmlCacheBehavior [ RunTime:0.000000s ]
INFO: [ app_begin ] --END-- [ RunTime:0.000000s ]
NOTIC: [2048] Declaration of Mobile\Controller\AmigosController::show() should be compatible with Think\Controller::show($content, $charset = '', $contentType = '', $prefix = '') D:\phpStudy\WWW\dbspapi.dbkan.com\Application\Mobile\Controller\AmigosController.class.php 第 274 行.
SQL: SHOW COLUMNS FROM `relation` [ RunTime:0.0040s ]
SQL: SELECT `mobile` FROM `relation` WHERE `user_id` = 27 AND `mobile` IN ('15888825484','18569847758','13656713048','18679354419','13588835122')  [ RunTime:0.0000s ]
INFO: [ app_end ] --START--
INFO: Run Behavior\ShowPageTraceBehavior [ RunTime:0.000000s ]
INFO: [ app_end ] --END-- [ RunTime:0.000000s ]

[ 2017-10-26T14:47:49+08:00 ] 127.0.0.1 /index.php/Mobile/Amigos/matching
INFO: [ app_init ] --START--
INFO: Run Behavior\BuildLiteBehavior [ RunTime:0.000000s ]
INFO: [ app_init ] --END-- [ RunTime:0.000000s ]
INFO: [ app_begin ] --START--
INFO: Run Behavior\ReadHtmlCacheBehavior [ RunTime:0.000000s ]
INFO: [ app_begin ] --END-- [ RunTime:0.000000s ]
NOTIC: [2048] Declaration of Mobile\Controller\AmigosController::show() should be compatible with Think\Controller::show($content, $charset = '', $contentType = '', $prefix = '') D:\phpStudy\WWW\dbspapi.dbkan.com\Application\Mobile\Controller\AmigosController.class.php 第 274 行.
SQL: SHOW COLUMNS FROM `relation` [ RunTime:0.0030s ]
SQL: SELECT `mobile` FROM `relation` WHERE `user_id` = 27 AND `mobile` IN ('15888825484','18569847758','13656713048','18679354419','13588835122')  [ RunTime:0.0000s ]
INFO: [ app_end ] --START--
INFO: Run Behavior\ShowPageTraceBehavior [ RunTime:0.001000s ]
INFO: [ app_end ] --END-- [ RunTime:0.001000s ]

[ 2017-10-26T14:48:02+08:00 ] 127.0.0.1 /index.php/Mobile/Amigos/matching
INFO: [ app_init ] --START--
INFO: Run Behavior\BuildLiteBehavior [ RunTime:0.000000s ]
INFO: [ app_init ] --END-- [ RunTime:0.000000s ]
INFO: [ app_begin ] --START--
INFO: Run Behavior\ReadHtmlCacheBehavior [ RunTime:0.001000s ]
INFO: [ app_begin ] --END-- [ RunTime:0.001000s ]
NOTIC: [2048] Declaration of Mobile\Controller\AmigosController::show() should be compatible with Think\Controller::show($content, $charset = '', $contentType = '', $prefix = '') D:\phpStudy\WWW\dbspapi.dbkan.com\Application\Mobile\Controller\AmigosController.class.php 第 274 行.
SQL: SHOW COLUMNS FROM `relation` [ RunTime:0.0050s ]
SQL: SELECT `mobile` FROM `relation` WHERE `user_id` = 27 AND `mobile` IN ('15888825484','18569847758','13656713048','18679354419','13588835122')  [ RunTime:0.0000s ]
INFO: [ app_end ] --START--
INFO: Run Behavior\ShowPageTraceBehavior [ RunTime:0.000000s ]
INFO: [ app_end ] --END-- [ RunTime:0.000000s ]

[ 2017-10-26T14:48:08+08:00 ] 127.0.0.1 /index.php/Mobile/Amigos/matching
INFO: [ app_init ] --START--
INFO: Run Behavior\BuildLiteBehavior [ RunTime:0.000000s ]
INFO: [ app_init ] --END-- [ RunTime:0.000000s ]
INFO: [ app_begin ] --START--
INFO: Run Behavior\ReadHtmlCacheBehavior [ RunTime:0.000000s ]
INFO: [ app_begin ] --END-- [ RunTime:0.000000s ]
NOTIC: [2048] Declaration of Mobile\Controller\AmigosController::show() should be compatible with Think\Controller::show($content, $charset = '', $contentType = '', $prefix = '') D:\phpStudy\WWW\dbspapi.dbkan.com\Application\Mobile\Controller\AmigosController.class.php 第 274 行.
SQL: SHOW COLUMNS FROM `relation` [ RunTime:0.0030s ]
SQL: SELECT `mobile` FROM `relation` WHERE `user_id` = 27 AND `mobile` IN ('15888825484','18569847758','13656713048','18679354419','13588835122')  [ RunTime:0.0000s ]
INFO: [ app_end ] --START--
INFO: Run Behavior\ShowPageTraceBehavior [ RunTime:0.001000s ]
INFO: [ app_end ] --END-- [ RunTime:0.001000s ]

[ 2017-10-26T14:48:25+08:00 ] 127.0.0.1 /index.php/Mobile/Amigos/matching
INFO: [ app_init ] --START--
INFO: Run Behavior\BuildLiteBehavior [ RunTime:0.000000s ]
INFO: [ app_init ] --END-- [ RunTime:0.001000s ]
INFO: [ app_begin ] --START--
INFO: Run Behavior\ReadHtmlCacheBehavior [ RunTime:0.000000s ]
INFO: [ app_begin ] --END-- [ RunTime:0.000000s ]
NOTIC: [2048] Declaration of Mobile\Controller\AmigosController::show() should be compatible with Think\Controller::show($content, $charset = '', $contentType = '', $prefix = '') D:\phpStudy\WWW\dbspapi.dbkan.com\Application\Mobile\Controller\AmigosController.class.php 第 274 行.
SQL: SHOW COLUMNS FROM `relation` [ RunTime:0.0040s ]
SQL: SELECT `mobile` FROM `relation` WHERE `user_id` = 27 AND `mobile` IN ('15888825484','18569847758','13656713048','18679354419','13588835122')  [ RunTime:0.0000s ]
INFO: [ app_end ] --START--
INFO: Run Behavior\ShowPageTraceBehavior [ RunTime:0.000000s ]
INFO: [ app_end ] --END-- [ RunTime:0.000000s ]

[ 2017-10-26T14:48:31+08:00 ] 127.0.0.1 /index.php/Mobile/Amigos/matching
INFO: [ app_init ] --START--
INFO: Run Behavior\BuildLiteBehavior [ RunTime:0.000000s ]
INFO: [ app_init ] --END-- [ RunTime:0.000000s ]
INFO: [ app_begin ] --START--
INFO: Run Behavior\ReadHtmlCacheBehavior [ RunTime:0.000000s ]
INFO: [ app_begin ] --END-- [ RunTime:0.000000s ]
NOTIC: [2048] Declaration of Mobile\Controller\AmigosController::show() should be compatible with Think\Controller::show($content, $charset = '', $contentType = '', $prefix = '') D:\phpStudy\WWW\dbspapi.dbkan.com\Application\Mobile\Controller\AmigosController.class.php 第 274 行.
SQL: SHOW COLUMNS FROM `relation` [ RunTime:0.0040s ]
SQL: SELECT `mobile` FROM `relation` WHERE `user_id` = 27 AND `mobile` IN ('15888825484','18569847758','13656713048','18679354419','13588835122')  [ RunTime:0.0000s ]
INFO: [ app_end ] --START--
INFO: Run Behavior\ShowPageTraceBehavior [ RunTime:0.001000s ]
INFO: [ app_end ] --END-- [ RunTime:0.001000s ]

[ 2017-10-26T14:49:58+08:00 ] 127.0.0.1 /index.php/Mobile/Amigos/matching
INFO: [ app_init ] --START--
INFO: Run Behavior\BuildLiteBehavior [ RunTime:0.000000s ]
INFO: [ app_init ] --END-- [ RunTime:0.000000s ]
INFO: [ app_begin ] --START--
INFO: Run Behavior\ReadHtmlCacheBehavior [ RunTime:0.000000s ]
INFO: [ app_begin ] --END-- [ RunTime:0.000000s ]
NOTIC: [2048] Declaration of Mobile\Controller\AmigosController::show() should be compatible with Think\Controller::show($content, $charset = '', $contentType = '', $prefix = '') D:\phpStudy\WWW\dbspapi.dbkan.com\Application\Mobile\Controller\AmigosController.class.php 第 274 行.
SQL: SHOW COLUMNS FROM `relation` [ RunTime:0.0030s ]
SQL: SELECT `mobile` FROM `relation` WHERE `user_id` = 27 AND `mobile` IN ('15888825484','18569847758','13656713048','18679354419','13588835122')  [ RunTime:0.0000s ]
INFO: [ app_end ] --START--
INFO: Run Behavior\ShowPageTraceBehavior [ RunTime:0.000000s ]
INFO: [ app_end ] --END-- [ RunTime:0.000000s ]

[ 2017-10-26T14:52:45+08:00 ] 127.0.0.1 /index.php/Mobile/Amigos/matching
INFO: [ app_init ] --START--
INFO: Run Behavior\BuildLiteBehavior [ RunTime:0.000000s ]
INFO: [ app_init ] --END-- [ RunTime:0.000000s ]
INFO: [ app_begin ] --START--
INFO: Run Behavior\ReadHtmlCacheBehavior [ RunTime:0.001000s ]
INFO: [ app_begin ] --END-- [ RunTime:0.001000s ]
NOTIC: [2048] Declaration of Mobile\Controller\AmigosController::show() should be compatible with Think\Controller::show($content, $charset = '', $contentType = '', $prefix = '') D:\phpStudy\WWW\dbspapi.dbkan.com\Application\Mobile\Controller\AmigosController.class.php 第 282 行.
SQL: SHOW COLUMNS FROM `relation` [ RunTime:0.0040s ]
SQL: SELECT `mobile` FROM `relation` WHERE `user_id` = 27 AND `mobile` IN ('15888825484','18569847758','13656713048','18679354419','13588835122')  [ RunTime:0.0000s ]
NOTIC: [8] Undefined index: type D:\phpStudy\WWW\dbspapi.dbkan.com\Application\Mobile\Controller\AmigosController.class.php 第 272 行.
NOTIC: [8] Undefined index: type D:\phpStudy\WWW\dbspapi.dbkan.com\Application\Mobile\Controller\AmigosController.class.php 第 276 行.
NOTIC: [8192] Function mcrypt_cbc() is deprecated D:\phpStudy\WWW\dbspapi.dbkan.com\Application\Common\Common\function.php 第 141 行.

[ 2017-10-26T14:52:55+08:00 ] 127.0.0.1 /index.php/Mobile/Amigos/matching
INFO: [ app_init ] --START--
INFO: Run Behavior\BuildLiteBehavior [ RunTime:0.000000s ]
INFO: [ app_init ] --END-- [ RunTime:0.000000s ]
INFO: [ app_begin ] --START--
INFO: Run Behavior\ReadHtmlCacheBehavior [ RunTime:0.001000s ]
INFO: [ app_begin ] --END-- [ RunTime:0.001000s ]
NOTIC: [2048] Declaration of Mobile\Controller\AmigosController::show() should be compatible with Think\Controller::show($content, $charset = '', $contentType = '', $prefix = '') D:\phpStudy\WWW\dbspapi.dbkan.com\Application\Mobile\Controller\AmigosController.class.php 第 283 行.
SQL: SHOW COLUMNS FROM `relation` [ RunTime:0.0020s ]
SQL: SELECT `mobile` FROM `relation` WHERE `user_id` = 27 AND `mobile` IN ('15888825484','18569847758','13656713048','18679354419','13588835122')  [ RunTime:0.0000s ]
NOTIC: [8] Undefined index: type D:\phpStudy\WWW\dbspapi.dbkan.com\Application\Mobile\Controller\AmigosController.class.php 第 272 行.
NOTIC: [8] Undefined index: type D:\phpStudy\WWW\dbspapi.dbkan.com\Application\Mobile\Controller\AmigosController.class.php 第 276 行.
INFO: [ app_end ] --START--
INFO: Run Behavior\ShowPageTraceBehavior [ RunTime:0.000000s ]
INFO: [ app_end ] --END-- [ RunTime:0.000000s ]

[ 2017-10-26T15:37:07+08:00 ] 127.0.0.1 /index.php/Mobile/Call/log
INFO: [ app_init ] --START--
INFO: Run Behavior\BuildLiteBehavior [ RunTime:0.000000s ]
INFO: [ app_init ] --END-- [ RunTime:0.001000s ]
INFO: [ app_begin ] --START--
INFO: Run Behavior\ReadHtmlCacheBehavior [ RunTime:0.000000s ]
INFO: [ app_begin ] --END-- [ RunTime:0.000000s ]
SQL: SELECT `user`.id,  `user`.head_portrait, relation.name, relation.mobile, relation.id AS relation_id, count(*) as count FROM `relation`
                LEFT JOIN `user` ON relation.mobile = `user` .mobile
                LEFT JOIN `call_log` ON relation_id = relation.id
                WHERE `user_id` = 27 GROUP BY relation.id ORDER BY count DESC [ RunTime:0.0080s ]
INFO: [ app_end ] --START--
INFO: Run Behavior\ShowPageTraceBehavior [ RunTime:0.000000s ]
INFO: [ app_end ] --END-- [ RunTime:0.000000s ]

[ 2017-10-26T15:42:56+08:00 ] 127.0.0.1 /index.php/Mobile/Call/log
INFO: [ app_init ] --START--
INFO: Run Behavior\BuildLiteBehavior [ RunTime:0.000000s ]
INFO: [ app_init ] --END-- [ RunTime:0.000000s ]
INFO: [ app_begin ] --START--
INFO: Run Behavior\ReadHtmlCacheBehavior [ RunTime:0.001000s ]
INFO: [ app_begin ] --END-- [ RunTime:0.001000s ]
SQL: SELECT `user`.id,  `user`.head_portrait, relation.name, relation.mobile, relation.id AS relation_id, count(*) as count FROM `relation`
                LEFT JOIN `user` ON relation.mobile = `user` .mobile
                LEFT JOIN `call_log` ON relation_id = relation.id
                WHERE `user_id` = 27 GROUP BY relation.id ORDER BY count DESC limit 0, 20 [ RunTime:0.0010s ]
INFO: [ app_end ] --START--
INFO: Run Behavior\ShowPageTraceBehavior [ RunTime:0.000000s ]
INFO: [ app_end ] --END-- [ RunTime:0.000000s ]

[ 2017-10-26T16:16:15+08:00 ] 127.0.0.1 /index.php/Mobile/Call/log
INFO: [ app_init ] --START--
INFO: Run Behavior\BuildLiteBehavior [ RunTime:0.000000s ]
INFO: [ app_init ] --END-- [ RunTime:0.000000s ]
INFO: [ app_begin ] --START--
INFO: Run Behavior\ReadHtmlCacheBehavior [ RunTime:0.000000s ]
INFO: [ app_begin ] --END-- [ RunTime:0.000000s ]
NOTIC: [8192] Function mcrypt_cbc() is deprecated D:\phpStudy\WWW\dbspapi.dbkan.com\Application\Common\Common\function.php 第 159 行.
ERR: 1064:You have an error in your SQL syntax; check the manual that corresponds to your MySQL server version for the right syntax to use near ' 50' at line 4
 [ SQL语句 ] : SELECT `user`.id,  `user`.head_portrait, relation.name, relation.mobile, relation.id AS relation_id, count(*) as count FROM `relation`
                LEFT JOIN `user` ON relation.mobile = `user` .mobile
                LEFT JOIN `call_log` ON relation_id = relation.id
                WHERE `user_id` = 27 GROUP BY relation.id ORDER BY count DESC limit , 50
ERR: 1064:You have an error in your SQL syntax; check the manual that corresponds to your MySQL server version for the right syntax to use near ' 50' at line 4
 [ SQL语句 ] : SELECT `user`.id,  `user`.head_portrait, relation.name, relation.mobile, relation.id AS relation_id, count(*) as count FROM `relation`
                LEFT JOIN `user` ON relation.mobile = `user` .mobile
                LEFT JOIN `call_log` ON relation_id = relation.id
                WHERE `user_id` = 27 GROUP BY relation.id ORDER BY count DESC limit , 50

[ 2017-10-26T16:18:00+08:00 ] 127.0.0.1 /index.php/Mobile/Call/log
INFO: [ app_init ] --START--
INFO: Run Behavior\BuildLiteBehavior [ RunTime:0.000000s ]
INFO: [ app_init ] --END-- [ RunTime:0.001000s ]
INFO: [ app_begin ] --START--
INFO: Run Behavior\ReadHtmlCacheBehavior [ RunTime:0.000000s ]
INFO: [ app_begin ] --END-- [ RunTime:0.000000s ]
NOTIC: [8192] Function mcrypt_cbc() is deprecated D:\phpStudy\WWW\dbspapi.dbkan.com\Application\Common\Common\function.php 第 159 行.
NOTIC: [8192] Function mcrypt_cbc() is deprecated D:\phpStudy\WWW\dbspapi.dbkan.com\Application\Common\Common\function.php 第 141 行.

[ 2017-10-26T16:18:09+08:00 ] 127.0.0.1 /index.php/Mobile/Call/log
INFO: [ app_init ] --START--
INFO: Run Behavior\BuildLiteBehavior [ RunTime:0.000000s ]
INFO: [ app_init ] --END-- [ RunTime:0.000000s ]
INFO: [ app_begin ] --START--
INFO: Run Behavior\ReadHtmlCacheBehavior [ RunTime:0.000000s ]
INFO: [ app_begin ] --END-- [ RunTime:0.000000s ]
NOTIC: [8192] Function mcrypt_cbc() is deprecated D:\phpStudy\WWW\dbspapi.dbkan.com\Application\Common\Common\function.php 第 159 行.
SQL: SELECT `user`.id,  `user`.head_portrait, relation.name, relation.mobile, relation.id AS relation_id, count(*) as count FROM `relation`
                LEFT JOIN `user` ON relation.mobile = `user` .mobile
                LEFT JOIN `call_log` ON relation_id = relation.id
                WHERE `user_id` = 27 GROUP BY relation.id ORDER BY count DESC limit 0, 50 [ RunTime:0.0010s ]
INFO: [ app_end ] --START--
INFO: Run Behavior\ShowPageTraceBehavior [ RunTime:0.000000s ]
INFO: [ app_end ] --END-- [ RunTime:0.000000s ]

[ 2017-10-26T16:18:15+08:00 ] 127.0.0.1 /index.php/Mobile/Call/log
INFO: [ app_init ] --START--
INFO: Run Behavior\BuildLiteBehavior [ RunTime:0.000000s ]
INFO: [ app_init ] --END-- [ RunTime:0.000000s ]
INFO: [ app_begin ] --START--
INFO: Run Behavior\ReadHtmlCacheBehavior [ RunTime:0.001000s ]
INFO: [ app_begin ] --END-- [ RunTime:0.001000s ]
NOTIC: [8192] Function mcrypt_cbc() is deprecated D:\phpStudy\WWW\dbspapi.dbkan.com\Application\Common\Common\function.php 第 159 行.
SQL: SELECT `user`.id,  `user`.head_portrait, relation.name, relation.mobile, relation.id AS relation_id, count(*) as count FROM `relation`
                LEFT JOIN `user` ON relation.mobile = `user` .mobile
                LEFT JOIN `call_log` ON relation_id = relation.id
                WHERE `user_id` = 27 GROUP BY relation.id ORDER BY count DESC limit 50, 50 [ RunTime:0.0000s ]
INFO: [ app_end ] --START--
INFO: Run Behavior\ShowPageTraceBehavior [ RunTime:0.000000s ]
INFO: [ app_end ] --END-- [ RunTime:0.000000s ]

