[ 2017-11-15T14:32:20+08:00 ] 127.0.0.1 /index.php/mobile/Amigos/add
INFO: [ app_init ] --START--
INFO: Run Behavior\BuildLiteBehavior [ RunTime:0.000000s ]
INFO: [ app_init ] --END-- [ RunTime:0.000000s ]
INFO: [ app_begin ] --START--
INFO: Run Behavior\ReadHtmlCacheBehavior [ RunTime:0.000000s ]
INFO: [ app_begin ] --END-- [ RunTime:0.000000s ]
NOTIC: [8192] Function mcrypt_cbc() is deprecated D:\phpStudy\WWW\dbspapi.dbkan.com\Application\Common\Common\function.php 第 178 行.
SQL: SHOW COLUMNS FROM `user` [ RunTime:0.0010s ]
SQL: SELECT * FROM `user` WHERE `id` = 123 LIMIT 1   [ RunTime:0.0010s ]
SQL: SELECT * FROM `user` WHERE `mobile` = '17006697877' LIMIT 1   [ RunTime:0.0000s ]
SQL: SHOW COLUMNS FROM `relation` [ RunTime:0.0010s ]
SQL: SELECT * FROM `relation` WHERE `user_id` = 123 AND `mobile` = '17006697877' LIMIT 1   [ RunTime:0.0010s ]
SQL: SELECT * FROM `relation` WHERE `user_id` = 120 AND `mobile` = '15921488778' LIMIT 1   [ RunTime:0.0000s ]
SQL: INSERT INTO `relation` (`user_id`,`mobile`,`display`,`name`) VALUES ('120','15921488778','2','') [ RunTime:0.0000s ]
SQL: INSERT INTO `relation` (`user_id`,`mobile`,`name`,`display`) VALUES ('123','17006697877','','1') [ RunTime:0.0000s ]
SQL: SELECT * FROM `user` WHERE `id` = 123 LIMIT 1   [ RunTime:0.0020s ]
NOTIC: [8] Undefined index: name D:\phpStudy\WWW\dbspapi.dbkan.com\Application\Mobile\Controller\AmigosController.class.php 第 127 行.

[ 2017-11-15T14:33:03+08:00 ] 127.0.0.1 /index.php/mobile/Amigos/add
INFO: [ app_init ] --START--
INFO: Run Behavior\BuildLiteBehavior [ RunTime:0.000000s ]
INFO: [ app_init ] --END-- [ RunTime:0.000000s ]
INFO: [ app_begin ] --START--
INFO: Run Behavior\ReadHtmlCacheBehavior [ RunTime:0.001000s ]
INFO: [ app_begin ] --END-- [ RunTime:0.001000s ]
NOTIC: [8192] Function mcrypt_cbc() is deprecated D:\phpStudy\WWW\dbspapi.dbkan.com\Application\Common\Common\function.php 第 178 行.
SQL: SHOW COLUMNS FROM `user` [ RunTime:0.0010s ]
SQL: SELECT * FROM `user` WHERE `id` = 123 LIMIT 1   [ RunTime:0.0000s ]
SQL: SELECT * FROM `user` WHERE `mobile` = '17006697877' LIMIT 1   [ RunTime:0.0000s ]
SQL: SHOW COLUMNS FROM `relation` [ RunTime:0.0060s ]
SQL: SELECT * FROM `relation` WHERE `user_id` = 123 AND `mobile` = '17006697877' LIMIT 1   [ RunTime:0.0000s ]

[ 2017-11-15T14:33:41+08:00 ] 127.0.0.1 /index.php/mobile/Amigos/add
INFO: [ app_init ] --START--
INFO: Run Behavior\BuildLiteBehavior [ RunTime:0.000000s ]
INFO: [ app_init ] --END-- [ RunTime:0.001000s ]
INFO: [ app_begin ] --START--
INFO: Run Behavior\ReadHtmlCacheBehavior [ RunTime:0.000000s ]
INFO: [ app_begin ] --END-- [ RunTime:0.000000s ]
NOTIC: [8192] Function mcrypt_cbc() is deprecated D:\phpStudy\WWW\dbspapi.dbkan.com\Application\Common\Common\function.php 第 178 行.
SQL: SHOW COLUMNS FROM `user` [ RunTime:0.0020s ]
SQL: SELECT * FROM `user` WHERE `id` = 123 LIMIT 1   [ RunTime:0.0000s ]
SQL: SELECT * FROM `user` WHERE `mobile` = '17006697877' LIMIT 1   [ RunTime:0.0000s ]
SQL: SHOW COLUMNS FROM `relation` [ RunTime:0.0030s ]
SQL: SELECT * FROM `relation` WHERE `user_id` = 123 AND `mobile` = '17006697877' LIMIT 1   [ RunTime:0.0000s ]
SQL: UPDATE `relation` SET `display`='1' WHERE `user_id` = 123 AND `mobile` = '17006697877' [ RunTime:0.0000s ]
SQL: SELECT * FROM `user` WHERE `id` = 123 LIMIT 1   [ RunTime:0.0000s ]
NOTIC: [8] Undefined index: name D:\phpStudy\WWW\dbspapi.dbkan.com\Application\Mobile\Controller\AmigosController.class.php 第 127 行.

[ 2017-11-15T14:33:48+08:00 ] 127.0.0.1 /index.php/mobile/Amigos/add
INFO: [ app_init ] --START--
INFO: Run Behavior\BuildLiteBehavior [ RunTime:0.000000s ]
INFO: [ app_init ] --END-- [ RunTime:0.000000s ]
INFO: [ app_begin ] --START--
INFO: Run Behavior\ReadHtmlCacheBehavior [ RunTime:0.000000s ]
INFO: [ app_begin ] --END-- [ RunTime:0.000000s ]
NOTIC: [8192] Function mcrypt_cbc() is deprecated D:\phpStudy\WWW\dbspapi.dbkan.com\Application\Common\Common\function.php 第 178 行.
SQL: SHOW COLUMNS FROM `user` [ RunTime:0.0020s ]
SQL: SELECT * FROM `user` WHERE `id` = 123 LIMIT 1   [ RunTime:0.0000s ]
SQL: SELECT * FROM `user` WHERE `mobile` = '17006697877' LIMIT 1   [ RunTime:0.0010s ]
SQL: SHOW COLUMNS FROM `relation` [ RunTime:0.0010s ]
SQL: SELECT * FROM `relation` WHERE `user_id` = 123 AND `mobile` = '17006697877' LIMIT 1   [ RunTime:0.0000s ]
SQL: SELECT * FROM `relation` WHERE `user_id` = 120 AND `mobile` = '15921488778' LIMIT 1   [ RunTime:0.0000s ]
ERR: 1062:Duplicate entry '285' for key 'PRIMARY'
 [ SQL语句 ] : INSERT INTO `relation` (`id`,`user_id`,`mobile`,`name`,`last_call_time`,`last_hours_length`,`last_answer`,`last_receive`,`display`) VALUES ('285','123','17006697877','',NULL,NULL,NULL,NULL,'1')
ERR: 1062:Duplicate entry '285' for key 'PRIMARY'
 [ SQL语句 ] : INSERT INTO `relation` (`id`,`user_id`,`mobile`,`name`,`last_call_time`,`last_hours_length`,`last_answer`,`last_receive`,`display`) VALUES ('285','123','17006697877','',NULL,NULL,NULL,NULL,'1')

[ 2017-11-15T14:36:29+08:00 ] 127.0.0.1 /index.php/mobile/Amigos/add
INFO: [ app_init ] --START--
INFO: Run Behavior\BuildLiteBehavior [ RunTime:0.000000s ]
INFO: [ app_init ] --END-- [ RunTime:0.001000s ]
INFO: [ app_begin ] --START--
INFO: Run Behavior\ReadHtmlCacheBehavior [ RunTime:0.000000s ]
INFO: [ app_begin ] --END-- [ RunTime:0.000000s ]
NOTIC: [8192] Function mcrypt_cbc() is deprecated D:\phpStudy\WWW\dbspapi.dbkan.com\Application\Common\Common\function.php 第 178 行.
SQL: SHOW COLUMNS FROM `user` [ RunTime:0.0010s ]
SQL: SELECT * FROM `user` WHERE `id` = 123 LIMIT 1   [ RunTime:0.0000s ]
SQL: SELECT * FROM `user` WHERE `mobile` = '17006697877' LIMIT 1   [ RunTime:0.0000s ]
SQL: SHOW COLUMNS FROM `relation` [ RunTime:0.0020s ]
SQL: SELECT * FROM `relation` WHERE `user_id` = 123 AND `mobile` = '17006697877' LIMIT 1   [ RunTime:0.0000s ]
SQL: SELECT * FROM `relation` WHERE `user_id` = 120 AND `mobile` = '15921488778' LIMIT 1   [ RunTime:0.0000s ]
SQL: INSERT INTO `relation` (`id`,`user_id`,`mobile`,`name`,`last_call_time`,`last_hours_length`,`last_answer`,`last_receive`,`display`) VALUES (NULL,'123','17006697877','',NULL,NULL,NULL,NULL,'1') [ RunTime:0.0000s ]
SQL: SELECT * FROM `user` WHERE `id` = 123 LIMIT 1   [ RunTime:0.0010s ]
NOTIC: [8] Undefined index: name D:\phpStudy\WWW\dbspapi.dbkan.com\Application\Mobile\Controller\AmigosController.class.php 第 128 行.

[ 2017-11-15T14:36:49+08:00 ] 127.0.0.1 /index.php/mobile/Amigos/add
INFO: [ app_init ] --START--
INFO: Run Behavior\BuildLiteBehavior [ RunTime:0.000000s ]
INFO: [ app_init ] --END-- [ RunTime:0.000000s ]
INFO: [ app_begin ] --START--
INFO: Run Behavior\ReadHtmlCacheBehavior [ RunTime:0.000000s ]
INFO: [ app_begin ] --END-- [ RunTime:0.000000s ]
NOTIC: [8192] Function mcrypt_cbc() is deprecated D:\phpStudy\WWW\dbspapi.dbkan.com\Application\Common\Common\function.php 第 178 行.
SQL: SHOW COLUMNS FROM `user` [ RunTime:0.0050s ]
SQL: SELECT * FROM `user` WHERE `id` = 123 LIMIT 1   [ RunTime:0.0000s ]
SQL: SELECT * FROM `user` WHERE `mobile` = '17006697877' LIMIT 1   [ RunTime:0.0010s ]
SQL: SHOW COLUMNS FROM `relation` [ RunTime:0.0010s ]
SQL: SELECT * FROM `relation` WHERE `user_id` = 123 AND `mobile` = '17006697877' LIMIT 1   [ RunTime:0.0010s ]

[ 2017-11-15T14:37:56+08:00 ] 127.0.0.1 /index.php/mobile/Amigos/add
INFO: [ app_init ] --START--
INFO: Run Behavior\BuildLiteBehavior [ RunTime:0.000000s ]
INFO: [ app_init ] --END-- [ RunTime:0.000000s ]
INFO: [ app_begin ] --START--
INFO: Run Behavior\ReadHtmlCacheBehavior [ RunTime:0.000000s ]
INFO: [ app_begin ] --END-- [ RunTime:0.000000s ]
NOTIC: [8192] Function mcrypt_cbc() is deprecated D:\phpStudy\WWW\dbspapi.dbkan.com\Application\Common\Common\function.php 第 178 行.
SQL: SHOW COLUMNS FROM `user` [ RunTime:0.0030s ]
SQL: SELECT * FROM `user` WHERE `id` = 120 LIMIT 1   [ RunTime:0.0000s ]
SQL: SELECT * FROM `user` WHERE `mobile` = '15921488778' LIMIT 1   [ RunTime:0.0010s ]
SQL: SHOW COLUMNS FROM `relation` [ RunTime:0.0030s ]
SQL: SELECT * FROM `relation` WHERE `user_id` = 120 AND `mobile` = '15921488778' LIMIT 1   [ RunTime:0.0010s ]
SQL: SELECT * FROM `relation` WHERE `user_id` = 123 AND `mobile` = '17006697877' LIMIT 1   [ RunTime:0.0010s ]
SQL: INSERT INTO `relation` (`id`,`user_id`,`mobile`,`name`,`last_call_time`,`last_hours_length`,`last_answer`,`last_receive`,`display`) VALUES (NULL,'120','15921488778','',NULL,NULL,NULL,NULL,'1') [ RunTime:0.0000s ]
SQL: SELECT * FROM `user` WHERE `id` = 120 LIMIT 1   [ RunTime:0.0000s ]

