[ 2017-11-03T14:08:05+08:00 ] 127.0.0.1 /index.php/mobile/amigos/find
INFO: [ app_init ] --START--
INFO: Run Behavior\BuildLiteBehavior [ RunTime:0.000000s ]
INFO: [ app_init ] --END-- [ RunTime:0.000000s ]
INFO: [ app_begin ] --START--
INFO: Run Behavior\ReadHtmlCacheBehavior [ RunTime:0.001000s ]
INFO: [ app_begin ] --END-- [ RunTime:0.001000s ]
NOTIC: [2048] Declaration of Mobile\Controller\AmigosController::show() should be compatible with Think\Controller::show($content, $charset = '', $contentType = '', $prefix = '') D:\phpStudy\WWW\dbspapi.dbkan.com\Application\Mobile\Controller\AmigosController.class.php 第 302 行.
SQL: SHOW COLUMNS FROM `user` [ RunTime:0.0010s ]
SQL: SELECT * FROM `user` WHERE `mobile` = '18679354419' LIMIT 1   [ RunTime:0.0010s ]

[ 2017-11-03T14:09:13+08:00 ] 127.0.0.1 /index.php/mobile/amigos/find
INFO: [ app_init ] --START--
INFO: Run Behavior\BuildLiteBehavior [ RunTime:0.000000s ]
INFO: [ app_init ] --END-- [ RunTime:0.000000s ]
INFO: [ app_begin ] --START--
INFO: Run Behavior\ReadHtmlCacheBehavior [ RunTime:0.000000s ]
INFO: [ app_begin ] --END-- [ RunTime:0.000000s ]
NOTIC: [2048] Declaration of Mobile\Controller\AmigosController::show() should be compatible with Think\Controller::show($content, $charset = '', $contentType = '', $prefix = '') D:\phpStudy\WWW\dbspapi.dbkan.com\Application\Mobile\Controller\AmigosController.class.php 第 302 行.
SQL: SHOW COLUMNS FROM `user` [ RunTime:0.0050s ]
SQL: SELECT * FROM `user` WHERE `mobile` = '18679354419'  [ RunTime:0.0010s ]

[ 2017-11-03T14:34:22+08:00 ] 127.0.0.1 /index.php/mobile/amigos/find
INFO: [ app_init ] --START--
INFO: Run Behavior\BuildLiteBehavior [ RunTime:0.000000s ]
INFO: [ app_init ] --END-- [ RunTime:0.000000s ]
INFO: [ app_begin ] --START--
INFO: Run Behavior\ReadHtmlCacheBehavior [ RunTime:0.000000s ]
INFO: [ app_begin ] --END-- [ RunTime:0.000000s ]
NOTIC: [2048] Declaration of Mobile\Controller\AmigosController::show() should be compatible with Think\Controller::show($content, $charset = '', $contentType = '', $prefix = '') D:\phpStudy\WWW\dbspapi.dbkan.com\Application\Mobile\Controller\AmigosController.class.php 第 302 行.
SQL: SHOW COLUMNS FROM `user` [ RunTime:0.0010s ]
SQL: SELECT `id`,`mobile`,`deviceid_tv`,`last_time`,`create_time`,`head_portrait`,`token`,`deviceid_mobile` FROM `user` WHERE `mobile` = '18679354419'  [ RunTime:0.0010s ]

[ 2017-11-03T14:34:37+08:00 ] 127.0.0.1 /index.php/mobile/amigos/find
INFO: [ app_init ] --START--
INFO: Run Behavior\BuildLiteBehavior [ RunTime:0.000000s ]
INFO: [ app_init ] --END-- [ RunTime:0.000000s ]
INFO: [ app_begin ] --START--
INFO: Run Behavior\ReadHtmlCacheBehavior [ RunTime:0.000000s ]
INFO: [ app_begin ] --END-- [ RunTime:0.000000s ]
NOTIC: [2048] Declaration of Mobile\Controller\AmigosController::show() should be compatible with Think\Controller::show($content, $charset = '', $contentType = '', $prefix = '') D:\phpStudy\WWW\dbspapi.dbkan.com\Application\Mobile\Controller\AmigosController.class.php 第 302 行.
SQL: SHOW COLUMNS FROM `user` [ RunTime:0.0020s ]
SQL: SELECT `id`,`mobile`,`deviceid_tv`,`last_time`,`create_time`,`head_portrait`,`token`,`deviceid_mobile` FROM `user` WHERE `mobile` = '18679354419'  [ RunTime:0.0000s ]

[ 2017-11-03T14:35:06+08:00 ] 127.0.0.1 /index.php/mobile/amigos/find
INFO: [ app_init ] --START--
INFO: Run Behavior\BuildLiteBehavior [ RunTime:0.000000s ]
INFO: [ app_init ] --END-- [ RunTime:0.000000s ]
INFO: [ app_begin ] --START--
INFO: Run Behavior\ReadHtmlCacheBehavior [ RunTime:0.000000s ]
INFO: [ app_begin ] --END-- [ RunTime:0.000000s ]
NOTIC: [2048] Declaration of Mobile\Controller\AmigosController::show() should be compatible with Think\Controller::show($content, $charset = '', $contentType = '', $prefix = '') D:\phpStudy\WWW\dbspapi.dbkan.com\Application\Mobile\Controller\AmigosController.class.php 第 303 行.
SQL: SHOW COLUMNS FROM `user` [ RunTime:0.0020s ]
SQL: SELECT `id`,`mobile`,`deviceid_tv`,`last_time`,`create_time`,`head_portrait`,`token`,`deviceid_mobile` FROM `user` WHERE `mobile` = '18679354419'  [ RunTime:0.0000s ]

[ 2017-11-03T14:35:34+08:00 ] 127.0.0.1 /index.php/mobile/amigos/find
INFO: [ app_init ] --START--
INFO: Run Behavior\BuildLiteBehavior [ RunTime:0.000000s ]
INFO: [ app_init ] --END-- [ RunTime:0.000000s ]
INFO: [ app_begin ] --START--
INFO: Run Behavior\ReadHtmlCacheBehavior [ RunTime:0.000000s ]
INFO: [ app_begin ] --END-- [ RunTime:0.000000s ]
NOTIC: [2048] Declaration of Mobile\Controller\AmigosController::show() should be compatible with Think\Controller::show($content, $charset = '', $contentType = '', $prefix = '') D:\phpStudy\WWW\dbspapi.dbkan.com\Application\Mobile\Controller\AmigosController.class.php 第 303 行.
SQL: SHOW COLUMNS FROM `user` [ RunTime:0.0010s ]
SQL: SELECT `name`,`mobile`,`id`,`head_portrait` FROM `user` WHERE `mobile` = '18679354419'  [ RunTime:0.0010s ]

[ 2017-11-03T14:35:40+08:00 ] 127.0.0.1 /index.php/mobile/amigos/find
INFO: [ app_init ] --START--
INFO: Run Behavior\BuildLiteBehavior [ RunTime:0.000000s ]
INFO: [ app_init ] --END-- [ RunTime:0.000000s ]
INFO: [ app_begin ] --START--
INFO: Run Behavior\ReadHtmlCacheBehavior [ RunTime:0.002000s ]
INFO: [ app_begin ] --END-- [ RunTime:0.002000s ]
NOTIC: [2048] Declaration of Mobile\Controller\AmigosController::show() should be compatible with Think\Controller::show($content, $charset = '', $contentType = '', $prefix = '') D:\phpStudy\WWW\dbspapi.dbkan.com\Application\Mobile\Controller\AmigosController.class.php 第 303 行.
SQL: SHOW COLUMNS FROM `user` [ RunTime:0.0010s ]
SQL: SELECT `name`,`mobile`,`id`,`head_portrait` FROM `user` WHERE `mobile` = '18679354419'  [ RunTime:0.0010s ]

[ 2017-11-03T15:10:32+08:00 ] 127.0.0.1 /index.php/mobile/amigos/find
INFO: [ app_init ] --START--
INFO: Run Behavior\BuildLiteBehavior [ RunTime:0.000000s ]
INFO: [ app_init ] --END-- [ RunTime:0.000000s ]
INFO: [ app_begin ] --START--
INFO: Run Behavior\ReadHtmlCacheBehavior [ RunTime:0.000000s ]
INFO: [ app_begin ] --END-- [ RunTime:0.000000s ]
NOTIC: [2048] Declaration of Mobile\Controller\AmigosController::show() should be compatible with Think\Controller::show($content, $charset = '', $contentType = '', $prefix = '') D:\phpStudy\WWW\dbspapi.dbkan.com\Application\Mobile\Controller\AmigosController.class.php 第 303 行.
SQL: SHOW COLUMNS FROM `user` [ RunTime:0.0010s ]
NOTIC: [2] Illegal offset type D:\phpStudy\WWW\dbspapi.dbkan.com\Application\Mobile\Controller\AmigosController.class.php 第 48 行.
ERR: 1052:Column 'name' in field list is ambiguous
 [ SQL语句 ] : SELECT `name`,`mobile`,`id`,`head_portrait` FROM `user` left join `relation` on user.mobile=relation.mobule  WHERE user.mobile = '18679354419' 
ERR: 1052:Column 'name' in field list is ambiguous
 [ SQL语句 ] : SELECT `name`,`mobile`,`id`,`head_portrait` FROM `user` left join `relation` on user.mobile=relation.mobule  WHERE user.mobile = '18679354419' 

[ 2017-11-03T15:10:47+08:00 ] 127.0.0.1 /index.php/mobile/amigos/find
INFO: [ app_init ] --START--
INFO: Run Behavior\BuildLiteBehavior [ RunTime:0.000000s ]
INFO: [ app_init ] --END-- [ RunTime:0.000000s ]
INFO: [ app_begin ] --START--
INFO: Run Behavior\ReadHtmlCacheBehavior [ RunTime:0.000000s ]
INFO: [ app_begin ] --END-- [ RunTime:0.000000s ]
NOTIC: [2048] Declaration of Mobile\Controller\AmigosController::show() should be compatible with Think\Controller::show($content, $charset = '', $contentType = '', $prefix = '') D:\phpStudy\WWW\dbspapi.dbkan.com\Application\Mobile\Controller\AmigosController.class.php 第 303 行.
SQL: SHOW COLUMNS FROM `user` [ RunTime:0.0010s ]
NOTIC: [2] Illegal offset type D:\phpStudy\WWW\dbspapi.dbkan.com\Application\Mobile\Controller\AmigosController.class.php 第 48 行.
ERR: 1054:Unknown column 'relation.mobule' in 'on clause'
 [ SQL语句 ] : SELECT user.name,user.mobile,user.id,`head_portrait` FROM `user` left join `relation` on user.mobile=relation.mobule  WHERE user.mobile = '18679354419' 
ERR: 1054:Unknown column 'relation.mobule' in 'on clause'
 [ SQL语句 ] : SELECT user.name,user.mobile,user.id,`head_portrait` FROM `user` left join `relation` on user.mobile=relation.mobule  WHERE user.mobile = '18679354419' 

[ 2017-11-03T15:10:59+08:00 ] 127.0.0.1 /index.php/mobile/amigos/find
INFO: [ app_init ] --START--
INFO: Run Behavior\BuildLiteBehavior [ RunTime:0.000000s ]
INFO: [ app_init ] --END-- [ RunTime:0.000000s ]
INFO: [ app_begin ] --START--
INFO: Run Behavior\ReadHtmlCacheBehavior [ RunTime:0.001000s ]
INFO: [ app_begin ] --END-- [ RunTime:0.001000s ]
NOTIC: [2048] Declaration of Mobile\Controller\AmigosController::show() should be compatible with Think\Controller::show($content, $charset = '', $contentType = '', $prefix = '') D:\phpStudy\WWW\dbspapi.dbkan.com\Application\Mobile\Controller\AmigosController.class.php 第 303 行.
SQL: SHOW COLUMNS FROM `user` [ RunTime:0.0020s ]
NOTIC: [2] Illegal offset type D:\phpStudy\WWW\dbspapi.dbkan.com\Application\Mobile\Controller\AmigosController.class.php 第 48 行.
SQL: SELECT user.name,user.mobile,user.id,`head_portrait` FROM `user` left join `relation` on user.mobile=relation.mobile  WHERE user.mobile = '18679354419'  [ RunTime:0.0010s ]

[ 2017-11-03T15:11:42+08:00 ] 127.0.0.1 /index.php/mobile/amigos/find
INFO: [ app_init ] --START--
INFO: Run Behavior\BuildLiteBehavior [ RunTime:0.000000s ]
INFO: [ app_init ] --END-- [ RunTime:0.000000s ]
INFO: [ app_begin ] --START--
INFO: Run Behavior\ReadHtmlCacheBehavior [ RunTime:0.001000s ]
INFO: [ app_begin ] --END-- [ RunTime:0.001000s ]
NOTIC: [2048] Declaration of Mobile\Controller\AmigosController::show() should be compatible with Think\Controller::show($content, $charset = '', $contentType = '', $prefix = '') D:\phpStudy\WWW\dbspapi.dbkan.com\Application\Mobile\Controller\AmigosController.class.php 第 303 行.
SQL: SHOW COLUMNS FROM `relation` [ RunTime:0.0050s ]
NOTIC: [2] Illegal offset type D:\phpStudy\WWW\dbspapi.dbkan.com\Application\Mobile\Controller\AmigosController.class.php 第 48 行.
SQL: SELECT user.name,user.mobile,user.id,`head_portrait` FROM `relation` left join `user` on user.mobile=relation.mobile  WHERE user.mobile = '18679354419'  [ RunTime:0.0000s ]

[ 2017-11-03T15:11:43+08:00 ] 127.0.0.1 /index.php/mobile/amigos/find
INFO: [ app_init ] --START--
INFO: Run Behavior\BuildLiteBehavior [ RunTime:0.000000s ]
INFO: [ app_init ] --END-- [ RunTime:0.000000s ]
INFO: [ app_begin ] --START--
INFO: Run Behavior\ReadHtmlCacheBehavior [ RunTime:0.000000s ]
INFO: [ app_begin ] --END-- [ RunTime:0.000000s ]
NOTIC: [2048] Declaration of Mobile\Controller\AmigosController::show() should be compatible with Think\Controller::show($content, $charset = '', $contentType = '', $prefix = '') D:\phpStudy\WWW\dbspapi.dbkan.com\Application\Mobile\Controller\AmigosController.class.php 第 303 行.
SQL: SHOW COLUMNS FROM `relation` [ RunTime:0.0010s ]
NOTIC: [2] Illegal offset type D:\phpStudy\WWW\dbspapi.dbkan.com\Application\Mobile\Controller\AmigosController.class.php 第 48 行.
SQL: SELECT user.name,user.mobile,user.id,`head_portrait` FROM `relation` left join `user` on user.mobile=relation.mobile  WHERE user.mobile = '18679354419'  [ RunTime:0.0010s ]

[ 2017-11-03T15:11:44+08:00 ] 127.0.0.1 /index.php/mobile/amigos/find
INFO: [ app_init ] --START--
INFO: Run Behavior\BuildLiteBehavior [ RunTime:0.000000s ]
INFO: [ app_init ] --END-- [ RunTime:0.000000s ]
INFO: [ app_begin ] --START--
INFO: Run Behavior\ReadHtmlCacheBehavior [ RunTime:0.000000s ]
INFO: [ app_begin ] --END-- [ RunTime:0.000000s ]
NOTIC: [2048] Declaration of Mobile\Controller\AmigosController::show() should be compatible with Think\Controller::show($content, $charset = '', $contentType = '', $prefix = '') D:\phpStudy\WWW\dbspapi.dbkan.com\Application\Mobile\Controller\AmigosController.class.php 第 303 行.
SQL: SHOW COLUMNS FROM `relation` [ RunTime:0.0020s ]
NOTIC: [2] Illegal offset type D:\phpStudy\WWW\dbspapi.dbkan.com\Application\Mobile\Controller\AmigosController.class.php 第 48 行.
SQL: SELECT user.name,user.mobile,user.id,`head_portrait` FROM `relation` left join `user` on user.mobile=relation.mobile  WHERE user.mobile = '18679354419'  [ RunTime:0.0010s ]

[ 2017-11-03T15:11:44+08:00 ] 127.0.0.1 /index.php/mobile/amigos/find
INFO: [ app_init ] --START--
INFO: Run Behavior\BuildLiteBehavior [ RunTime:0.000000s ]
INFO: [ app_init ] --END-- [ RunTime:0.000000s ]
INFO: [ app_begin ] --START--
INFO: Run Behavior\ReadHtmlCacheBehavior [ RunTime:0.001000s ]
INFO: [ app_begin ] --END-- [ RunTime:0.001000s ]
NOTIC: [2048] Declaration of Mobile\Controller\AmigosController::show() should be compatible with Think\Controller::show($content, $charset = '', $contentType = '', $prefix = '') D:\phpStudy\WWW\dbspapi.dbkan.com\Application\Mobile\Controller\AmigosController.class.php 第 303 行.
SQL: SHOW COLUMNS FROM `relation` [ RunTime:0.0020s ]
NOTIC: [2] Illegal offset type D:\phpStudy\WWW\dbspapi.dbkan.com\Application\Mobile\Controller\AmigosController.class.php 第 48 行.
SQL: SELECT user.name,user.mobile,user.id,`head_portrait` FROM `relation` left join `user` on user.mobile=relation.mobile  WHERE user.mobile = '18679354419'  [ RunTime:0.0010s ]

[ 2017-11-03T15:17:44+08:00 ] 127.0.0.1 /index.php/mobile/amigos/find
INFO: [ app_init ] --START--
INFO: Run Behavior\BuildLiteBehavior [ RunTime:0.000000s ]
INFO: [ app_init ] --END-- [ RunTime:0.000000s ]
INFO: [ app_begin ] --START--
INFO: Run Behavior\ReadHtmlCacheBehavior [ RunTime:0.000000s ]
INFO: [ app_begin ] --END-- [ RunTime:0.000000s ]
NOTIC: [2048] Declaration of Mobile\Controller\AmigosController::show() should be compatible with Think\Controller::show($content, $charset = '', $contentType = '', $prefix = '') D:\phpStudy\WWW\dbspapi.dbkan.com\Application\Mobile\Controller\AmigosController.class.php 第 303 行.
SQL: SHOW COLUMNS FROM `relation` [ RunTime:0.0040s ]
NOTIC: [2] Illegal offset type D:\phpStudy\WWW\dbspapi.dbkan.com\Application\Mobile\Controller\AmigosController.class.php 第 48 行.
SQL: SELECT user.name,user.mobile,user.id,`head_portrait` FROM `relation` left join `user` on user.mobile=relation.mobile  WHERE relation.mobile = '18679354419'  [ RunTime:0.0010s ]

[ 2017-11-03T15:17:45+08:00 ] 127.0.0.1 /index.php/mobile/amigos/find
INFO: [ app_init ] --START--
INFO: Run Behavior\BuildLiteBehavior [ RunTime:0.000000s ]
INFO: [ app_init ] --END-- [ RunTime:0.000000s ]
INFO: [ app_begin ] --START--
INFO: Run Behavior\ReadHtmlCacheBehavior [ RunTime:0.000000s ]
INFO: [ app_begin ] --END-- [ RunTime:0.000000s ]
NOTIC: [2048] Declaration of Mobile\Controller\AmigosController::show() should be compatible with Think\Controller::show($content, $charset = '', $contentType = '', $prefix = '') D:\phpStudy\WWW\dbspapi.dbkan.com\Application\Mobile\Controller\AmigosController.class.php 第 303 行.
SQL: SHOW COLUMNS FROM `relation` [ RunTime:0.0010s ]
NOTIC: [2] Illegal offset type D:\phpStudy\WWW\dbspapi.dbkan.com\Application\Mobile\Controller\AmigosController.class.php 第 48 行.
SQL: SELECT user.name,user.mobile,user.id,`head_portrait` FROM `relation` left join `user` on user.mobile=relation.mobile  WHERE relation.mobile = '18679354419'  [ RunTime:0.0010s ]

[ 2017-11-03T15:17:45+08:00 ] 127.0.0.1 /index.php/mobile/amigos/find
INFO: [ app_init ] --START--
INFO: Run Behavior\BuildLiteBehavior [ RunTime:0.000000s ]
INFO: [ app_init ] --END-- [ RunTime:0.001000s ]
INFO: [ app_begin ] --START--
INFO: Run Behavior\ReadHtmlCacheBehavior [ RunTime:0.000000s ]
INFO: [ app_begin ] --END-- [ RunTime:0.000000s ]
NOTIC: [2048] Declaration of Mobile\Controller\AmigosController::show() should be compatible with Think\Controller::show($content, $charset = '', $contentType = '', $prefix = '') D:\phpStudy\WWW\dbspapi.dbkan.com\Application\Mobile\Controller\AmigosController.class.php 第 303 行.
SQL: SHOW COLUMNS FROM `relation` [ RunTime:0.0010s ]
NOTIC: [2] Illegal offset type D:\phpStudy\WWW\dbspapi.dbkan.com\Application\Mobile\Controller\AmigosController.class.php 第 48 行.
SQL: SELECT user.name,user.mobile,user.id,`head_portrait` FROM `relation` left join `user` on user.mobile=relation.mobile  WHERE relation.mobile = '18679354419'  [ RunTime:0.0000s ]

[ 2017-11-03T15:17:45+08:00 ] 127.0.0.1 /index.php/mobile/amigos/find
INFO: [ app_init ] --START--
INFO: Run Behavior\BuildLiteBehavior [ RunTime:0.000000s ]
INFO: [ app_init ] --END-- [ RunTime:0.000000s ]
INFO: [ app_begin ] --START--
INFO: Run Behavior\ReadHtmlCacheBehavior [ RunTime:0.000000s ]
INFO: [ app_begin ] --END-- [ RunTime:0.000000s ]
NOTIC: [2048] Declaration of Mobile\Controller\AmigosController::show() should be compatible with Think\Controller::show($content, $charset = '', $contentType = '', $prefix = '') D:\phpStudy\WWW\dbspapi.dbkan.com\Application\Mobile\Controller\AmigosController.class.php 第 303 行.
SQL: SHOW COLUMNS FROM `relation` [ RunTime:0.0030s ]
NOTIC: [2] Illegal offset type D:\phpStudy\WWW\dbspapi.dbkan.com\Application\Mobile\Controller\AmigosController.class.php 第 48 行.
SQL: SELECT user.name,user.mobile,user.id,`head_portrait` FROM `relation` left join `user` on user.mobile=relation.mobile  WHERE relation.mobile = '18679354419'  [ RunTime:0.0000s ]

[ 2017-11-03T15:18:11+08:00 ] 127.0.0.1 /index.php/mobile/amigos/find
INFO: [ app_init ] --START--
INFO: Run Behavior\BuildLiteBehavior [ RunTime:0.000000s ]
INFO: [ app_init ] --END-- [ RunTime:0.000000s ]
INFO: [ app_begin ] --START--
INFO: Run Behavior\ReadHtmlCacheBehavior [ RunTime:0.001000s ]
INFO: [ app_begin ] --END-- [ RunTime:0.001000s ]
NOTIC: [2048] Declaration of Mobile\Controller\AmigosController::show() should be compatible with Think\Controller::show($content, $charset = '', $contentType = '', $prefix = '') D:\phpStudy\WWW\dbspapi.dbkan.com\Application\Mobile\Controller\AmigosController.class.php 第 303 行.
SQL: SHOW COLUMNS FROM `relation` [ RunTime:0.0010s ]
NOTIC: [2] Illegal offset type D:\phpStudy\WWW\dbspapi.dbkan.com\Application\Mobile\Controller\AmigosController.class.php 第 48 行.
SQL: SELECT user.name,user.mobile,user.id,`head_portrait` FROM `relation` left join `user` on user.id=relation.user_id  WHERE relation.mobile = '18679354419'  [ RunTime:0.0000s ]

[ 2017-11-03T15:18:25+08:00 ] 127.0.0.1 /index.php/mobile/amigos/find
INFO: [ app_init ] --START--
INFO: Run Behavior\BuildLiteBehavior [ RunTime:0.000000s ]
INFO: [ app_init ] --END-- [ RunTime:0.000000s ]
INFO: [ app_begin ] --START--
INFO: Run Behavior\ReadHtmlCacheBehavior [ RunTime:0.000000s ]
INFO: [ app_begin ] --END-- [ RunTime:0.000000s ]
NOTIC: [2048] Declaration of Mobile\Controller\AmigosController::show() should be compatible with Think\Controller::show($content, $charset = '', $contentType = '', $prefix = '') D:\phpStudy\WWW\dbspapi.dbkan.com\Application\Mobile\Controller\AmigosController.class.php 第 303 行.
SQL: SHOW COLUMNS FROM `relation` [ RunTime:0.0030s ]
NOTIC: [2] Illegal offset type D:\phpStudy\WWW\dbspapi.dbkan.com\Application\Mobile\Controller\AmigosController.class.php 第 48 行.
SQL: SELECT * FROM `relation` left join `user` on user.id=relation.user_id  WHERE relation.mobile = '18679354419'  [ RunTime:0.0000s ]

[ 2017-11-03T15:32:29+08:00 ] 127.0.0.1 /index.php/mobile/amigos/find
INFO: [ app_init ] --START--
INFO: Run Behavior\BuildLiteBehavior [ RunTime:0.000000s ]
INFO: [ app_init ] --END-- [ RunTime:0.000000s ]
INFO: [ app_begin ] --START--
INFO: Run Behavior\ReadHtmlCacheBehavior [ RunTime:0.001000s ]
INFO: [ app_begin ] --END-- [ RunTime:0.001000s ]
NOTIC: [2048] Declaration of Mobile\Controller\AmigosController::show() should be compatible with Think\Controller::show($content, $charset = '', $contentType = '', $prefix = '') D:\phpStudy\WWW\dbspapi.dbkan.com\Application\Mobile\Controller\AmigosController.class.php 第 303 行.
SQL: SHOW COLUMNS FROM `user` [ RunTime:0.0020s ]
NOTIC: [2] Illegal offset type D:\phpStudy\WWW\dbspapi.dbkan.com\Application\Mobile\Controller\AmigosController.class.php 第 48 行.
SQL: SELECT user.name,user.mobile,user.id,`head_portrait` FROM `user` left join `relation` on user.id=relation.user_id  WHERE relation.mobile = '18679354419'  [ RunTime:0.0000s ]

[ 2017-11-03T15:33:14+08:00 ] 127.0.0.1 /index.php/mobile/amigos/find
INFO: [ app_init ] --START--
INFO: Run Behavior\BuildLiteBehavior [ RunTime:0.000000s ]
INFO: [ app_init ] --END-- [ RunTime:0.000000s ]
INFO: [ app_begin ] --START--
INFO: Run Behavior\ReadHtmlCacheBehavior [ RunTime:0.000000s ]
INFO: [ app_begin ] --END-- [ RunTime:0.000000s ]
NOTIC: [2048] Declaration of Mobile\Controller\AmigosController::show() should be compatible with Think\Controller::show($content, $charset = '', $contentType = '', $prefix = '') D:\phpStudy\WWW\dbspapi.dbkan.com\Application\Mobile\Controller\AmigosController.class.php 第 303 行.
SQL: SHOW COLUMNS FROM `user` [ RunTime:0.0010s ]
NOTIC: [2] Illegal offset type D:\phpStudy\WWW\dbspapi.dbkan.com\Application\Mobile\Controller\AmigosController.class.php 第 48 行.
SQL: SELECT user.name,user.mobile,user.id,`head_portrait` FROM `user` left join `relation` on user.id=relation.user_id  WHERE relation.mobile = '13656713048'  [ RunTime:0.0010s ]

[ 2017-11-03T15:33:15+08:00 ] 127.0.0.1 /index.php/mobile/amigos/find
INFO: [ app_init ] --START--
INFO: Run Behavior\BuildLiteBehavior [ RunTime:0.000000s ]
INFO: [ app_init ] --END-- [ RunTime:0.000000s ]
INFO: [ app_begin ] --START--
INFO: Run Behavior\ReadHtmlCacheBehavior [ RunTime:0.000000s ]
INFO: [ app_begin ] --END-- [ RunTime:0.000000s ]
NOTIC: [2048] Declaration of Mobile\Controller\AmigosController::show() should be compatible with Think\Controller::show($content, $charset = '', $contentType = '', $prefix = '') D:\phpStudy\WWW\dbspapi.dbkan.com\Application\Mobile\Controller\AmigosController.class.php 第 303 行.
SQL: SHOW COLUMNS FROM `user` [ RunTime:0.0010s ]
NOTIC: [2] Illegal offset type D:\phpStudy\WWW\dbspapi.dbkan.com\Application\Mobile\Controller\AmigosController.class.php 第 48 行.
SQL: SELECT user.name,user.mobile,user.id,`head_portrait` FROM `user` left join `relation` on user.id=relation.user_id  WHERE relation.mobile = '13656713048'  [ RunTime:0.0000s ]

[ 2017-11-03T15:33:15+08:00 ] 127.0.0.1 /index.php/mobile/amigos/find
INFO: [ app_init ] --START--
INFO: Run Behavior\BuildLiteBehavior [ RunTime:0.000000s ]
INFO: [ app_init ] --END-- [ RunTime:0.001000s ]
INFO: [ app_begin ] --START--
INFO: Run Behavior\ReadHtmlCacheBehavior [ RunTime:0.000000s ]
INFO: [ app_begin ] --END-- [ RunTime:0.000000s ]
NOTIC: [2048] Declaration of Mobile\Controller\AmigosController::show() should be compatible with Think\Controller::show($content, $charset = '', $contentType = '', $prefix = '') D:\phpStudy\WWW\dbspapi.dbkan.com\Application\Mobile\Controller\AmigosController.class.php 第 303 行.
SQL: SHOW COLUMNS FROM `user` [ RunTime:0.0010s ]
NOTIC: [2] Illegal offset type D:\phpStudy\WWW\dbspapi.dbkan.com\Application\Mobile\Controller\AmigosController.class.php 第 48 行.
SQL: SELECT user.name,user.mobile,user.id,`head_portrait` FROM `user` left join `relation` on user.id=relation.user_id  WHERE relation.mobile = '13656713048'  [ RunTime:0.0000s ]

[ 2017-11-03T15:33:15+08:00 ] 127.0.0.1 /index.php/mobile/amigos/find
INFO: [ app_init ] --START--
INFO: Run Behavior\BuildLiteBehavior [ RunTime:0.000000s ]
INFO: [ app_init ] --END-- [ RunTime:0.000000s ]
INFO: [ app_begin ] --START--
INFO: Run Behavior\ReadHtmlCacheBehavior [ RunTime:0.001000s ]
INFO: [ app_begin ] --END-- [ RunTime:0.001000s ]
NOTIC: [2048] Declaration of Mobile\Controller\AmigosController::show() should be compatible with Think\Controller::show($content, $charset = '', $contentType = '', $prefix = '') D:\phpStudy\WWW\dbspapi.dbkan.com\Application\Mobile\Controller\AmigosController.class.php 第 303 行.
SQL: SHOW COLUMNS FROM `user` [ RunTime:0.0020s ]
NOTIC: [2] Illegal offset type D:\phpStudy\WWW\dbspapi.dbkan.com\Application\Mobile\Controller\AmigosController.class.php 第 48 行.
SQL: SELECT user.name,user.mobile,user.id,`head_portrait` FROM `user` left join `relation` on user.id=relation.user_id  WHERE relation.mobile = '13656713048'  [ RunTime:0.0000s ]

[ 2017-11-03T15:33:15+08:00 ] 127.0.0.1 /index.php/mobile/amigos/find
INFO: [ app_init ] --START--
INFO: Run Behavior\BuildLiteBehavior [ RunTime:0.000000s ]
INFO: [ app_init ] --END-- [ RunTime:0.000000s ]
INFO: [ app_begin ] --START--
INFO: Run Behavior\ReadHtmlCacheBehavior [ RunTime:0.000000s ]
INFO: [ app_begin ] --END-- [ RunTime:0.000000s ]
NOTIC: [2048] Declaration of Mobile\Controller\AmigosController::show() should be compatible with Think\Controller::show($content, $charset = '', $contentType = '', $prefix = '') D:\phpStudy\WWW\dbspapi.dbkan.com\Application\Mobile\Controller\AmigosController.class.php 第 303 行.
SQL: SHOW COLUMNS FROM `user` [ RunTime:0.0020s ]
NOTIC: [2] Illegal offset type D:\phpStudy\WWW\dbspapi.dbkan.com\Application\Mobile\Controller\AmigosController.class.php 第 48 行.
SQL: SELECT user.name,user.mobile,user.id,`head_portrait` FROM `user` left join `relation` on user.id=relation.user_id  WHERE relation.mobile = '13656713048'  [ RunTime:0.0000s ]

[ 2017-11-03T15:35:11+08:00 ] 127.0.0.1 /index.php/mobile/amigos/find
INFO: [ app_init ] --START--
INFO: Run Behavior\BuildLiteBehavior [ RunTime:0.000000s ]
INFO: [ app_init ] --END-- [ RunTime:0.001000s ]
INFO: [ app_begin ] --START--
INFO: Run Behavior\ReadHtmlCacheBehavior [ RunTime:0.000000s ]
INFO: [ app_begin ] --END-- [ RunTime:0.001000s ]
NOTIC: [2048] Declaration of Mobile\Controller\AmigosController::show() should be compatible with Think\Controller::show($content, $charset = '', $contentType = '', $prefix = '') D:\phpStudy\WWW\dbspapi.dbkan.com\Application\Mobile\Controller\AmigosController.class.php 第 304 行.
SQL: SHOW COLUMNS FROM `relation` [ RunTime:0.0030s ]
NOTIC: [2] Illegal offset type D:\phpStudy\WWW\dbspapi.dbkan.com\Application\Mobile\Controller\AmigosController.class.php 第 49 行.
SQL: SELECT * FROM `relation` WHERE relation.mobile = '13656713048'  [ RunTime:0.0010s ]

[ 2017-11-03T15:37:53+08:00 ] 127.0.0.1 /index.php/mobile/amigos/find
INFO: [ app_init ] --START--
INFO: Run Behavior\BuildLiteBehavior [ RunTime:0.000000s ]
INFO: [ app_init ] --END-- [ RunTime:0.001000s ]
INFO: [ app_begin ] --START--
INFO: Run Behavior\ReadHtmlCacheBehavior [ RunTime:0.000000s ]
INFO: [ app_begin ] --END-- [ RunTime:0.000000s ]
NOTIC: [2048] Declaration of Mobile\Controller\AmigosController::show() should be compatible with Think\Controller::show($content, $charset = '', $contentType = '', $prefix = '') D:\phpStudy\WWW\dbspapi.dbkan.com\Application\Mobile\Controller\AmigosController.class.php 第 304 行.
SQL: SHOW COLUMNS FROM `relation` [ RunTime:0.0020s ]
NOTIC: [2] Illegal offset type D:\phpStudy\WWW\dbspapi.dbkan.com\Application\Mobile\Controller\AmigosController.class.php 第 49 行.
SQL: SELECT * FROM `relation` left join `user` on user.id=relation.user_id  WHERE relation.mobile = '13656713048'  [ RunTime:0.0000s ]

[ 2017-11-03T15:38:19+08:00 ] 127.0.0.1 /index.php/mobile/amigos/find
INFO: [ app_init ] --START--
INFO: Run Behavior\BuildLiteBehavior [ RunTime:0.000000s ]
INFO: [ app_init ] --END-- [ RunTime:0.000000s ]
INFO: [ app_begin ] --START--
INFO: Run Behavior\ReadHtmlCacheBehavior [ RunTime:0.000000s ]
INFO: [ app_begin ] --END-- [ RunTime:0.000000s ]
NOTIC: [2048] Declaration of Mobile\Controller\AmigosController::show() should be compatible with Think\Controller::show($content, $charset = '', $contentType = '', $prefix = '') D:\phpStudy\WWW\dbspapi.dbkan.com\Application\Mobile\Controller\AmigosController.class.php 第 304 行.
SQL: SHOW COLUMNS FROM `relation` [ RunTime:0.0020s ]
NOTIC: [2] Illegal offset type D:\phpStudy\WWW\dbspapi.dbkan.com\Application\Mobile\Controller\AmigosController.class.php 第 49 行.
SQL: SELECT * FROM `relation` left join `user` on relation.user_id = user.id  WHERE relation.mobile = '13656713048'  [ RunTime:0.0000s ]

[ 2017-11-03T15:38:19+08:00 ] 127.0.0.1 /index.php/mobile/amigos/find
INFO: [ app_init ] --START--
INFO: Run Behavior\BuildLiteBehavior [ RunTime:0.000000s ]
INFO: [ app_init ] --END-- [ RunTime:0.000000s ]
INFO: [ app_begin ] --START--
INFO: Run Behavior\ReadHtmlCacheBehavior [ RunTime:0.001000s ]
INFO: [ app_begin ] --END-- [ RunTime:0.001000s ]
NOTIC: [2048] Declaration of Mobile\Controller\AmigosController::show() should be compatible with Think\Controller::show($content, $charset = '', $contentType = '', $prefix = '') D:\phpStudy\WWW\dbspapi.dbkan.com\Application\Mobile\Controller\AmigosController.class.php 第 304 行.
SQL: SHOW COLUMNS FROM `relation` [ RunTime:0.0020s ]
NOTIC: [2] Illegal offset type D:\phpStudy\WWW\dbspapi.dbkan.com\Application\Mobile\Controller\AmigosController.class.php 第 49 行.
SQL: SELECT * FROM `relation` left join `user` on relation.user_id = user.id  WHERE relation.mobile = '13656713048'  [ RunTime:0.0000s ]

[ 2017-11-03T15:38:19+08:00 ] 127.0.0.1 /index.php/mobile/amigos/find
INFO: [ app_init ] --START--
INFO: Run Behavior\BuildLiteBehavior [ RunTime:0.000000s ]
INFO: [ app_init ] --END-- [ RunTime:0.000000s ]
INFO: [ app_begin ] --START--
INFO: Run Behavior\ReadHtmlCacheBehavior [ RunTime:0.000000s ]
INFO: [ app_begin ] --END-- [ RunTime:0.000000s ]
NOTIC: [2048] Declaration of Mobile\Controller\AmigosController::show() should be compatible with Think\Controller::show($content, $charset = '', $contentType = '', $prefix = '') D:\phpStudy\WWW\dbspapi.dbkan.com\Application\Mobile\Controller\AmigosController.class.php 第 304 行.
SQL: SHOW COLUMNS FROM `relation` [ RunTime:0.0010s ]
NOTIC: [2] Illegal offset type D:\phpStudy\WWW\dbspapi.dbkan.com\Application\Mobile\Controller\AmigosController.class.php 第 49 行.
SQL: SELECT * FROM `relation` left join `user` on relation.user_id = user.id  WHERE relation.mobile = '13656713048'  [ RunTime:0.0000s ]

[ 2017-11-03T15:38:32+08:00 ] 127.0.0.1 /index.php/mobile/amigos/find
INFO: [ app_init ] --START--
INFO: Run Behavior\BuildLiteBehavior [ RunTime:0.000000s ]
INFO: [ app_init ] --END-- [ RunTime:0.000000s ]
INFO: [ app_begin ] --START--
INFO: Run Behavior\ReadHtmlCacheBehavior [ RunTime:0.000000s ]
INFO: [ app_begin ] --END-- [ RunTime:0.000000s ]
NOTIC: [2048] Declaration of Mobile\Controller\AmigosController::show() should be compatible with Think\Controller::show($content, $charset = '', $contentType = '', $prefix = '') D:\phpStudy\WWW\dbspapi.dbkan.com\Application\Mobile\Controller\AmigosController.class.php 第 304 行.
SQL: SHOW COLUMNS FROM `relation` [ RunTime:0.0030s ]
NOTIC: [2] Illegal offset type D:\phpStudy\WWW\dbspapi.dbkan.com\Application\Mobile\Controller\AmigosController.class.php 第 49 行.
SQL: SELECT * FROM `relation` WHERE relation.mobile = '13656713048'  [ RunTime:0.0010s ]

[ 2017-11-03T15:39:03+08:00 ] 127.0.0.1 /index.php/mobile/amigos/find
INFO: [ app_init ] --START--
INFO: Run Behavior\BuildLiteBehavior [ RunTime:0.000000s ]
INFO: [ app_init ] --END-- [ RunTime:0.000000s ]
INFO: [ app_begin ] --START--
INFO: Run Behavior\ReadHtmlCacheBehavior [ RunTime:0.000000s ]
INFO: [ app_begin ] --END-- [ RunTime:0.000000s ]
NOTIC: [2048] Declaration of Mobile\Controller\AmigosController::show() should be compatible with Think\Controller::show($content, $charset = '', $contentType = '', $prefix = '') D:\phpStudy\WWW\dbspapi.dbkan.com\Application\Mobile\Controller\AmigosController.class.php 第 304 行.
SQL: SHOW COLUMNS FROM `relation` [ RunTime:0.0020s ]
NOTIC: [2] Illegal offset type D:\phpStudy\WWW\dbspapi.dbkan.com\Application\Mobile\Controller\AmigosController.class.php 第 49 行.
SQL: SELECT * FROM `relation` WHERE relation.mobile = '13656713048'  [ RunTime:0.0010s ]

[ 2017-11-03T15:39:50+08:00 ] 127.0.0.1 /index.php/mobile/amigos/find
INFO: [ app_init ] --START--
INFO: Run Behavior\BuildLiteBehavior [ RunTime:0.000000s ]
INFO: [ app_init ] --END-- [ RunTime:0.000000s ]
INFO: [ app_begin ] --START--
INFO: Run Behavior\ReadHtmlCacheBehavior [ RunTime:0.001000s ]
INFO: [ app_begin ] --END-- [ RunTime:0.001000s ]
NOTIC: [2048] Declaration of Mobile\Controller\AmigosController::show() should be compatible with Think\Controller::show($content, $charset = '', $contentType = '', $prefix = '') D:\phpStudy\WWW\dbspapi.dbkan.com\Application\Mobile\Controller\AmigosController.class.php 第 304 行.
SQL: SHOW COLUMNS FROM `relation` [ RunTime:0.0040s ]
SQL: SELECT * FROM `relation` WHERE relation.mobile = '13656713048' AND relation.user_id = '27'  [ RunTime:0.0000s ]

[ 2017-11-03T15:40:02+08:00 ] 127.0.0.1 /index.php/mobile/amigos/find
INFO: [ app_init ] --START--
INFO: Run Behavior\BuildLiteBehavior [ RunTime:0.000000s ]
INFO: [ app_init ] --END-- [ RunTime:0.000000s ]
INFO: [ app_begin ] --START--
INFO: Run Behavior\ReadHtmlCacheBehavior [ RunTime:0.000000s ]
INFO: [ app_begin ] --END-- [ RunTime:0.000000s ]
NOTIC: [2048] Declaration of Mobile\Controller\AmigosController::show() should be compatible with Think\Controller::show($content, $charset = '', $contentType = '', $prefix = '') D:\phpStudy\WWW\dbspapi.dbkan.com\Application\Mobile\Controller\AmigosController.class.php 第 304 行.
SQL: SHOW COLUMNS FROM `relation` [ RunTime:0.0020s ]
SQL: SELECT user.name,user.mobile,user.id,`head_portrait` FROM `relation` left join `user` on relation.user_id = user.id  WHERE relation.mobile = '13656713048' AND relation.user_id = '27'  [ RunTime:0.0010s ]

[ 2017-11-03T15:40:07+08:00 ] 127.0.0.1 /index.php/mobile/amigos/find
INFO: [ app_init ] --START--
INFO: Run Behavior\BuildLiteBehavior [ RunTime:0.000000s ]
INFO: [ app_init ] --END-- [ RunTime:0.000000s ]
INFO: [ app_begin ] --START--
INFO: Run Behavior\ReadHtmlCacheBehavior [ RunTime:0.001000s ]
INFO: [ app_begin ] --END-- [ RunTime:0.001000s ]
NOTIC: [2048] Declaration of Mobile\Controller\AmigosController::show() should be compatible with Think\Controller::show($content, $charset = '', $contentType = '', $prefix = '') D:\phpStudy\WWW\dbspapi.dbkan.com\Application\Mobile\Controller\AmigosController.class.php 第 304 行.
SQL: SHOW COLUMNS FROM `relation` [ RunTime:0.0040s ]
SQL: SELECT user.name,user.mobile,user.id,`head_portrait` FROM `relation` left join `user` on relation.user_id = user.id  WHERE relation.mobile = '13656713048' AND relation.user_id = '27'  [ RunTime:0.0010s ]

[ 2017-11-03T15:40:11+08:00 ] 127.0.0.1 /index.php/mobile/amigos/find
INFO: [ app_init ] --START--
INFO: Run Behavior\BuildLiteBehavior [ RunTime:0.000000s ]
INFO: [ app_init ] --END-- [ RunTime:0.000000s ]
INFO: [ app_begin ] --START--
INFO: Run Behavior\ReadHtmlCacheBehavior [ RunTime:0.001000s ]
INFO: [ app_begin ] --END-- [ RunTime:0.001000s ]
NOTIC: [2048] Declaration of Mobile\Controller\AmigosController::show() should be compatible with Think\Controller::show($content, $charset = '', $contentType = '', $prefix = '') D:\phpStudy\WWW\dbspapi.dbkan.com\Application\Mobile\Controller\AmigosController.class.php 第 304 行.
SQL: SHOW COLUMNS FROM `relation` [ RunTime:0.0020s ]
SQL: SELECT * FROM `relation` left join `user` on relation.user_id = user.id  WHERE relation.mobile = '13656713048' AND relation.user_id = '27'  [ RunTime:0.0010s ]

[ 2017-11-03T15:40:21+08:00 ] 127.0.0.1 /index.php/mobile/amigos/find
INFO: [ app_init ] --START--
INFO: Run Behavior\BuildLiteBehavior [ RunTime:0.000000s ]
INFO: [ app_init ] --END-- [ RunTime:0.000000s ]
INFO: [ app_begin ] --START--
INFO: Run Behavior\ReadHtmlCacheBehavior [ RunTime:0.000000s ]
INFO: [ app_begin ] --END-- [ RunTime:0.000000s ]
NOTIC: [2048] Declaration of Mobile\Controller\AmigosController::show() should be compatible with Think\Controller::show($content, $charset = '', $contentType = '', $prefix = '') D:\phpStudy\WWW\dbspapi.dbkan.com\Application\Mobile\Controller\AmigosController.class.php 第 304 行.
SQL: SHOW COLUMNS FROM `relation` [ RunTime:0.0020s ]
SQL: SELECT * FROM `relation` WHERE relation.mobile = '13656713048' AND relation.user_id = '27'  [ RunTime:0.0000s ]

[ 2017-11-03T15:41:57+08:00 ] 127.0.0.1 /index.php/mobile/amigos/find
INFO: [ app_init ] --START--
INFO: Run Behavior\BuildLiteBehavior [ RunTime:0.000000s ]
INFO: [ app_init ] --END-- [ RunTime:0.001000s ]
INFO: [ app_begin ] --START--
INFO: Run Behavior\ReadHtmlCacheBehavior [ RunTime:0.000000s ]
INFO: [ app_begin ] --END-- [ RunTime:0.000000s ]
NOTIC: [2048] Declaration of Mobile\Controller\AmigosController::show() should be compatible with Think\Controller::show($content, $charset = '', $contentType = '', $prefix = '') D:\phpStudy\WWW\dbspapi.dbkan.com\Application\Mobile\Controller\AmigosController.class.php 第 304 行.
SQL: SHOW COLUMNS FROM `relation` [ RunTime:0.0040s ]
SQL: SELECT * FROM `relation` left join `user` on relation.user_id = user.id  WHERE relation.mobile = '13656713048' AND relation.user_id = '27'  [ RunTime:0.0000s ]

[ 2017-11-03T15:42:08+08:00 ] 127.0.0.1 /index.php/mobile/amigos/find
INFO: [ app_init ] --START--
INFO: Run Behavior\BuildLiteBehavior [ RunTime:0.000000s ]
INFO: [ app_init ] --END-- [ RunTime:0.000000s ]
INFO: [ app_begin ] --START--
INFO: Run Behavior\ReadHtmlCacheBehavior [ RunTime:0.000000s ]
INFO: [ app_begin ] --END-- [ RunTime:0.000000s ]
NOTIC: [2048] Declaration of Mobile\Controller\AmigosController::show() should be compatible with Think\Controller::show($content, $charset = '', $contentType = '', $prefix = '') D:\phpStudy\WWW\dbspapi.dbkan.com\Application\Mobile\Controller\AmigosController.class.php 第 304 行.
SQL: SHOW COLUMNS FROM `relation` [ RunTime:0.0050s ]
SQL: SELECT * FROM `relation` left join `user` on relation.user_id = user.id  WHERE relation.mobile = '13656713048' AND relation.user_id = '27'  [ RunTime:0.0010s ]

[ 2017-11-03T15:43:42+08:00 ] 127.0.0.1 /index.php/mobile/amigos/find
INFO: [ app_init ] --START--
INFO: Run Behavior\BuildLiteBehavior [ RunTime:0.000000s ]
INFO: [ app_init ] --END-- [ RunTime:0.000000s ]
INFO: [ app_begin ] --START--
INFO: Run Behavior\ReadHtmlCacheBehavior [ RunTime:0.001000s ]
INFO: [ app_begin ] --END-- [ RunTime:0.001000s ]
NOTIC: [2048] Declaration of Mobile\Controller\AmigosController::show() should be compatible with Think\Controller::show($content, $charset = '', $contentType = '', $prefix = '') D:\phpStudy\WWW\dbspapi.dbkan.com\Application\Mobile\Controller\AmigosController.class.php 第 304 行.
SQL: SHOW COLUMNS FROM `relation` [ RunTime:0.0020s ]
SQL: SELECT * FROM `relation` left join `user` on relation.user_id = user.id  WHERE relation.mobile = '15120010537' AND relation.user_id = '81'  [ RunTime:0.0010s ]

[ 2017-11-03T16:04:36+08:00 ] 127.0.0.1 /index.php/mobile/amigos/find
INFO: [ app_init ] --START--
INFO: Run Behavior\BuildLiteBehavior [ RunTime:0.000000s ]
INFO: [ app_init ] --END-- [ RunTime:0.000000s ]
INFO: [ app_begin ] --START--
INFO: Run Behavior\ReadHtmlCacheBehavior [ RunTime:0.000000s ]
INFO: [ app_begin ] --END-- [ RunTime:0.000000s ]
NOTIC: [2048] Declaration of Mobile\Controller\AmigosController::show() should be compatible with Think\Controller::show($content, $charset = '', $contentType = '', $prefix = '') D:\phpStudy\WWW\dbspapi.dbkan.com\Application\Mobile\Controller\AmigosController.class.php 第 307 行.
SQL: SHOW COLUMNS FROM `user` [ RunTime:0.0020s ]
SQL: SELECT `name`,`mobile`,`id`,`head_portrait` FROM `user` WHERE `mobile` = '15120010537'  [ RunTime:0.0000s ]

[ 2017-11-03T16:06:34+08:00 ] 127.0.0.1 /index.php/mobile/amigos/find
INFO: [ app_init ] --START--
INFO: Run Behavior\BuildLiteBehavior [ RunTime:0.000000s ]
INFO: [ app_init ] --END-- [ RunTime:0.000000s ]
INFO: [ app_begin ] --START--
INFO: Run Behavior\ReadHtmlCacheBehavior [ RunTime:0.001000s ]
INFO: [ app_begin ] --END-- [ RunTime:0.001000s ]
NOTIC: [2048] Declaration of Mobile\Controller\AmigosController::show() should be compatible with Think\Controller::show($content, $charset = '', $contentType = '', $prefix = '') D:\phpStudy\WWW\dbspapi.dbkan.com\Application\Mobile\Controller\AmigosController.class.php 第 303 行.
SQL: SHOW COLUMNS FROM `user` [ RunTime:0.0030s ]
ERR: 1064:You have an error in your SQL syntax; check the manual that corresponds to your MySQL server version for the right syntax to use near 'WHERE relation.mobile = '15120010537' AND relation.user_id = '81'' at line 1
 [ SQL语句 ] : SELECT `name`,`mobile`,`id`,`head_portrait` FROM `user` left join `relation` on user.mobile=  WHERE relation.mobile = '15120010537' AND relation.user_id = '81' 
ERR: 1064:You have an error in your SQL syntax; check the manual that corresponds to your MySQL server version for the right syntax to use near 'WHERE relation.mobile = '15120010537' AND relation.user_id = '81'' at line 1
 [ SQL语句 ] : SELECT `name`,`mobile`,`id`,`head_portrait` FROM `user` left join `relation` on user.mobile=  WHERE relation.mobile = '15120010537' AND relation.user_id = '81' 

[ 2017-11-03T16:07:04+08:00 ] 127.0.0.1 /index.php/mobile/amigos/find
INFO: [ app_init ] --START--
INFO: Run Behavior\BuildLiteBehavior [ RunTime:0.000000s ]
INFO: [ app_init ] --END-- [ RunTime:0.000000s ]
INFO: [ app_begin ] --START--
INFO: Run Behavior\ReadHtmlCacheBehavior [ RunTime:0.000000s ]
INFO: [ app_begin ] --END-- [ RunTime:0.000000s ]
NOTIC: [2048] Declaration of Mobile\Controller\AmigosController::show() should be compatible with Think\Controller::show($content, $charset = '', $contentType = '', $prefix = '') D:\phpStudy\WWW\dbspapi.dbkan.com\Application\Mobile\Controller\AmigosController.class.php 第 303 行.
SQL: SHOW COLUMNS FROM `user` [ RunTime:0.0010s ]
ERR: 1052:Column 'name' in field list is ambiguous
 [ SQL语句 ] : SELECT `name`,`mobile`,`id`,`head_portrait` FROM `user` left join `relation` on user.id=relation.user_id  WHERE relation.mobile = '15120010537' AND relation.user_id = '81' 
ERR: 1052:Column 'name' in field list is ambiguous
 [ SQL语句 ] : SELECT `name`,`mobile`,`id`,`head_portrait` FROM `user` left join `relation` on user.id=relation.user_id  WHERE relation.mobile = '15120010537' AND relation.user_id = '81' 

[ 2017-11-03T16:07:24+08:00 ] 127.0.0.1 /index.php/mobile/amigos/find
INFO: [ app_init ] --START--
INFO: Run Behavior\BuildLiteBehavior [ RunTime:0.000000s ]
INFO: [ app_init ] --END-- [ RunTime:0.000000s ]
INFO: [ app_begin ] --START--
INFO: Run Behavior\ReadHtmlCacheBehavior [ RunTime:0.000000s ]
INFO: [ app_begin ] --END-- [ RunTime:0.001000s ]
NOTIC: [2048] Declaration of Mobile\Controller\AmigosController::show() should be compatible with Think\Controller::show($content, $charset = '', $contentType = '', $prefix = '') D:\phpStudy\WWW\dbspapi.dbkan.com\Application\Mobile\Controller\AmigosController.class.php 第 303 行.
SQL: SHOW COLUMNS FROM `user` [ RunTime:0.0020s ]
SQL: SELECT user.name,user.mobile,user.id,user.head_portrait FROM `user` left join `relation` on user.id=relation.user_id  WHERE relation.mobile = '15120010537' AND relation.user_id = '81'  [ RunTime:0.0000s ]

[ 2017-11-03T16:08:55+08:00 ] 127.0.0.1 /index.php/mobile/amigos/find
INFO: [ app_init ] --START--
INFO: Run Behavior\BuildLiteBehavior [ RunTime:0.000000s ]
INFO: [ app_init ] --END-- [ RunTime:0.000000s ]
INFO: [ app_begin ] --START--
INFO: Run Behavior\ReadHtmlCacheBehavior [ RunTime:0.001000s ]
INFO: [ app_begin ] --END-- [ RunTime:0.001000s ]
NOTIC: [2048] Declaration of Mobile\Controller\AmigosController::show() should be compatible with Think\Controller::show($content, $charset = '', $contentType = '', $prefix = '') D:\phpStudy\WWW\dbspapi.dbkan.com\Application\Mobile\Controller\AmigosController.class.php 第 303 行.
SQL: SHOW COLUMNS FROM `user` [ RunTime:0.0020s ]
SQL: SELECT user.name,user.mobile,user.id,user.head_portrait FROM `user` left join `relation` on user.id=relation.user_id  WHERE relation.mobile = '15120010537' AND relation.user_id = '81'  [ RunTime:0.0000s ]

[ 2017-11-03T16:09:32+08:00 ] 127.0.0.1 /index.php/mobile/amigos/find
INFO: [ app_init ] --START--
INFO: Run Behavior\BuildLiteBehavior [ RunTime:0.000000s ]
INFO: [ app_init ] --END-- [ RunTime:0.000000s ]
INFO: [ app_begin ] --START--
INFO: Run Behavior\ReadHtmlCacheBehavior [ RunTime:0.000000s ]
INFO: [ app_begin ] --END-- [ RunTime:0.000000s ]
NOTIC: [2048] Declaration of Mobile\Controller\AmigosController::show() should be compatible with Think\Controller::show($content, $charset = '', $contentType = '', $prefix = '') D:\phpStudy\WWW\dbspapi.dbkan.com\Application\Mobile\Controller\AmigosController.class.php 第 303 行.
SQL: SHOW COLUMNS FROM `user` [ RunTime:0.0020s ]
SQL: SELECT user.name,user.mobile,user.id,user.head_portrait,relation.id as relation_id FROM `user` left join `relation` on user.id=relation.user_id  WHERE relation.mobile = '15120010537' AND relation.user_id = '81'  [ RunTime:0.0000s ]

[ 2017-11-03T16:09:56+08:00 ] 127.0.0.1 /index.php/mobile/amigos/find
INFO: [ app_init ] --START--
INFO: Run Behavior\BuildLiteBehavior [ RunTime:0.000000s ]
INFO: [ app_init ] --END-- [ RunTime:0.001000s ]
INFO: [ app_begin ] --START--
INFO: Run Behavior\ReadHtmlCacheBehavior [ RunTime:0.000000s ]
INFO: [ app_begin ] --END-- [ RunTime:0.000000s ]
NOTIC: [2048] Declaration of Mobile\Controller\AmigosController::show() should be compatible with Think\Controller::show($content, $charset = '', $contentType = '', $prefix = '') D:\phpStudy\WWW\dbspapi.dbkan.com\Application\Mobile\Controller\AmigosController.class.php 第 303 行.
SQL: SHOW COLUMNS FROM `user` [ RunTime:0.0020s ]
SQL: SELECT user.name,user.mobile,user.id,user.head_portrait,relation.id as relation_id FROM `user` left join `relation` on user.id=relation.user_id  WHERE relation.mobile = '1512001057' AND relation.user_id = '81'  [ RunTime:0.0000s ]

[ 2017-11-03T16:10:52+08:00 ] 127.0.0.1 /index.php/mobile/amigos/find
INFO: [ app_init ] --START--
INFO: Run Behavior\BuildLiteBehavior [ RunTime:0.000000s ]
INFO: [ app_init ] --END-- [ RunTime:0.001000s ]
INFO: [ app_begin ] --START--
INFO: Run Behavior\ReadHtmlCacheBehavior [ RunTime:0.000000s ]
INFO: [ app_begin ] --END-- [ RunTime:0.000000s ]
NOTIC: [2048] Declaration of Mobile\Controller\AmigosController::show() should be compatible with Think\Controller::show($content, $charset = '', $contentType = '', $prefix = '') D:\phpStudy\WWW\dbspapi.dbkan.com\Application\Mobile\Controller\AmigosController.class.php 第 303 行.
SQL: SHOW COLUMNS FROM `user` [ RunTime:0.0010s ]
SQL: SELECT user.name,user.mobile,user.id,user.head_portrait FROM `user` WHERE `mobile` = '1512001057'  [ RunTime:0.0000s ]

[ 2017-11-03T16:13:50+08:00 ] 127.0.0.1 /index.php/mobile/amigos/find
INFO: [ app_init ] --START--
INFO: Run Behavior\BuildLiteBehavior [ RunTime:0.000000s ]
INFO: [ app_init ] --END-- [ RunTime:0.000000s ]
INFO: [ app_begin ] --START--
INFO: Run Behavior\ReadHtmlCacheBehavior [ RunTime:0.000000s ]
INFO: [ app_begin ] --END-- [ RunTime:0.000000s ]
NOTIC: [2048] Declaration of Mobile\Controller\AmigosController::show() should be compatible with Think\Controller::show($content, $charset = '', $contentType = '', $prefix = '') D:\phpStudy\WWW\dbspapi.dbkan.com\Application\Mobile\Controller\AmigosController.class.php 第 309 行.
SQL: SHOW COLUMNS FROM `user` [ RunTime:0.0010s ]
SQL: SELECT user.name,user.mobile,user.id,user.head_portrait FROM `user` WHERE `mobile` = '1512001057'  [ RunTime:0.0000s ]

[ 2017-11-03T16:13:54+08:00 ] 127.0.0.1 /index.php/mobile/amigos/find
INFO: [ app_init ] --START--
INFO: Run Behavior\BuildLiteBehavior [ RunTime:0.000000s ]
INFO: [ app_init ] --END-- [ RunTime:0.000000s ]
INFO: [ app_begin ] --START--
INFO: Run Behavior\ReadHtmlCacheBehavior [ RunTime:0.001000s ]
INFO: [ app_begin ] --END-- [ RunTime:0.001000s ]
NOTIC: [2048] Declaration of Mobile\Controller\AmigosController::show() should be compatible with Think\Controller::show($content, $charset = '', $contentType = '', $prefix = '') D:\phpStudy\WWW\dbspapi.dbkan.com\Application\Mobile\Controller\AmigosController.class.php 第 309 行.
SQL: SHOW COLUMNS FROM `user` [ RunTime:0.0010s ]
SQL: SELECT user.name,user.mobile,user.id,user.head_portrait FROM `user` WHERE `mobile` = '15120010537'  [ RunTime:0.0000s ]
SQL: SHOW COLUMNS FROM `relation` [ RunTime:0.0010s ]
SQL: SELECT COUNT(*) AS tp_count FROM `relation` WHERE `mobile` = '15120010537' AND `user_id` = 81 LIMIT 1   [ RunTime:0.0000s ]

[ 2017-11-03T16:14:18+08:00 ] 127.0.0.1 /index.php/mobile/amigos/find
INFO: [ app_init ] --START--
INFO: Run Behavior\BuildLiteBehavior [ RunTime:0.000000s ]
INFO: [ app_init ] --END-- [ RunTime:0.000000s ]
INFO: [ app_begin ] --START--
INFO: Run Behavior\ReadHtmlCacheBehavior [ RunTime:0.001000s ]
INFO: [ app_begin ] --END-- [ RunTime:0.001000s ]
NOTIC: [2048] Declaration of Mobile\Controller\AmigosController::show() should be compatible with Think\Controller::show($content, $charset = '', $contentType = '', $prefix = '') D:\phpStudy\WWW\dbspapi.dbkan.com\Application\Mobile\Controller\AmigosController.class.php 第 311 行.
SQL: SHOW COLUMNS FROM `user` [ RunTime:0.0010s ]
SQL: SELECT user.name,user.mobile,user.id,user.head_portrait FROM `user` WHERE `mobile` = '15120010537'  [ RunTime:0.0010s ]
SQL: SHOW COLUMNS FROM `relation` [ RunTime:0.0010s ]
SQL: SELECT COUNT(*) AS tp_count FROM `relation` WHERE `mobile` = '15120010537' AND `user_id` = 81 LIMIT 1   [ RunTime:0.0000s ]

[ 2017-11-03T16:14:31+08:00 ] 127.0.0.1 /index.php/mobile/amigos/find
INFO: [ app_init ] --START--
INFO: Run Behavior\BuildLiteBehavior [ RunTime:0.000000s ]
INFO: [ app_init ] --END-- [ RunTime:0.000000s ]
INFO: [ app_begin ] --START--
INFO: Run Behavior\ReadHtmlCacheBehavior [ RunTime:0.000000s ]
INFO: [ app_begin ] --END-- [ RunTime:0.000000s ]
NOTIC: [2048] Declaration of Mobile\Controller\AmigosController::show() should be compatible with Think\Controller::show($content, $charset = '', $contentType = '', $prefix = '') D:\phpStudy\WWW\dbspapi.dbkan.com\Application\Mobile\Controller\AmigosController.class.php 第 311 行.
SQL: SHOW COLUMNS FROM `user` [ RunTime:0.0010s ]
SQL: SELECT user.name,user.mobile,user.id,user.head_portrait FROM `user` WHERE `mobile` = '15120010537'  [ RunTime:0.0000s ]
SQL: SHOW COLUMNS FROM `relation` [ RunTime:0.0010s ]
SQL: SELECT COUNT(*) AS tp_count FROM `relation` WHERE `mobile` = '15120010537' AND `user_id` = 81 LIMIT 1   [ RunTime:0.0010s ]

[ 2017-11-03T16:27:55+08:00 ] 127.0.0.1 /index.php/mobile/amigos/test
INFO: [ app_init ] --START--
INFO: Run Behavior\BuildLiteBehavior [ RunTime:0.000000s ]
INFO: [ app_init ] --END-- [ RunTime:0.000000s ]
INFO: [ app_begin ] --START--
INFO: Run Behavior\ReadHtmlCacheBehavior [ RunTime:0.000000s ]
INFO: [ app_begin ] --END-- [ RunTime:0.000000s ]
NOTIC: [2048] Declaration of Mobile\Controller\AmigosController::show() should be compatible with Think\Controller::show($content, $charset = '', $contentType = '', $prefix = '') D:\phpStudy\WWW\dbspapi.dbkan.com\Application\Mobile\Controller\AmigosController.class.php 第 325 行.
INFO: [ app_end ] --START--
INFO: Run Behavior\ShowPageTraceBehavior [ RunTime:0.001000s ]
INFO: [ app_end ] --END-- [ RunTime:0.001000s ]

[ 2017-11-03T17:09:37+08:00 ] 127.0.0.1 /index.php/mobile/amigos/matching
INFO: [ app_init ] --START--
INFO: Run Behavior\BuildLiteBehavior [ RunTime:0.000000s ]
INFO: [ app_init ] --END-- [ RunTime:0.000000s ]
INFO: [ app_begin ] --START--
INFO: Run Behavior\ReadHtmlCacheBehavior [ RunTime:0.000000s ]
INFO: [ app_begin ] --END-- [ RunTime:0.000000s ]
NOTIC: [2048] Declaration of Mobile\Controller\AmigosController::show() should be compatible with Think\Controller::show($content, $charset = '', $contentType = '', $prefix = '') D:\phpStudy\WWW\dbspapi.dbkan.com\Application\Mobile\Controller\AmigosController.class.php 第 325 行.
SQL: SHOW COLUMNS FROM `relation` [ RunTime:0.0020s ]
SQL: SELECT `mobile` FROM `relation` WHERE `user_id` = 85 AND `mobile` IN ('15068859103','13588835122','18679354419')  [ RunTime:0.0010s ]
NOTIC: [8] Undefined index: mobile D:\phpStudy\WWW\dbspapi.dbkan.com\Application\Mobile\Controller\AmigosController.class.php 第 315 行.
NOTIC: [2] array_intersect(): Argument #1 is not an array D:\phpStudy\WWW\dbspapi.dbkan.com\Application\Mobile\Controller\AmigosController.class.php 第 315 行.
NOTIC: [2] Invalid argument supplied for foreach() D:\phpStudy\WWW\dbspapi.dbkan.com\Application\Mobile\Controller\AmigosController.class.php 第 317 行.

[ 2017-11-03T17:09:40+08:00 ] 127.0.0.1 /index.php/mobile/amigos/matching
INFO: [ app_init ] --START--
INFO: Run Behavior\BuildLiteBehavior [ RunTime:0.000000s ]
INFO: [ app_init ] --END-- [ RunTime:0.001000s ]
INFO: [ app_begin ] --START--
INFO: Run Behavior\ReadHtmlCacheBehavior [ RunTime:0.000000s ]
INFO: [ app_begin ] --END-- [ RunTime:0.000000s ]
NOTIC: [2048] Declaration of Mobile\Controller\AmigosController::show() should be compatible with Think\Controller::show($content, $charset = '', $contentType = '', $prefix = '') D:\phpStudy\WWW\dbspapi.dbkan.com\Application\Mobile\Controller\AmigosController.class.php 第 325 行.
SQL: SHOW COLUMNS FROM `relation` [ RunTime:0.0010s ]
SQL: SELECT `mobile` FROM `relation` WHERE `user_id` = 85 AND `mobile` IN ('15068859103','13588835122','18679354419')  [ RunTime:0.0000s ]
NOTIC: [8] Undefined index: mobile D:\phpStudy\WWW\dbspapi.dbkan.com\Application\Mobile\Controller\AmigosController.class.php 第 315 行.
NOTIC: [2] array_intersect(): Argument #1 is not an array D:\phpStudy\WWW\dbspapi.dbkan.com\Application\Mobile\Controller\AmigosController.class.php 第 315 行.
NOTIC: [2] Invalid argument supplied for foreach() D:\phpStudy\WWW\dbspapi.dbkan.com\Application\Mobile\Controller\AmigosController.class.php 第 317 行.

[ 2017-11-03T17:09:58+08:00 ] 127.0.0.1 /index.php/mobile/amigos/matching
INFO: [ app_init ] --START--
INFO: Run Behavior\BuildLiteBehavior [ RunTime:0.000000s ]
INFO: [ app_init ] --END-- [ RunTime:0.000000s ]
INFO: [ app_begin ] --START--
INFO: Run Behavior\ReadHtmlCacheBehavior [ RunTime:0.000000s ]
INFO: [ app_begin ] --END-- [ RunTime:0.000000s ]
NOTIC: [2048] Declaration of Mobile\Controller\AmigosController::show() should be compatible with Think\Controller::show($content, $charset = '', $contentType = '', $prefix = '') D:\phpStudy\WWW\dbspapi.dbkan.com\Application\Mobile\Controller\AmigosController.class.php 第 325 行.
SQL: SHOW COLUMNS FROM `relation` [ RunTime:0.0010s ]
SQL: SELECT `mobile` FROM `relation` WHERE `user_id` = 85 AND `mobile` IN ('15068859103','13588835122','18679354419')  [ RunTime:0.0000s ]
NOTIC: [8] Undefined index: mobile D:\phpStudy\WWW\dbspapi.dbkan.com\Application\Mobile\Controller\AmigosController.class.php 第 315 行.
NOTIC: [2] array_intersect(): Argument #1 is not an array D:\phpStudy\WWW\dbspapi.dbkan.com\Application\Mobile\Controller\AmigosController.class.php 第 315 行.
NOTIC: [2] Invalid argument supplied for foreach() D:\phpStudy\WWW\dbspapi.dbkan.com\Application\Mobile\Controller\AmigosController.class.php 第 317 行.

[ 2017-11-03T17:10:10+08:00 ] 127.0.0.1 /index.php/mobile/amigos/matching
INFO: [ app_init ] --START--
INFO: Run Behavior\BuildLiteBehavior [ RunTime:0.000000s ]
INFO: [ app_init ] --END-- [ RunTime:0.001000s ]
INFO: [ app_begin ] --START--
INFO: Run Behavior\ReadHtmlCacheBehavior [ RunTime:0.000000s ]
INFO: [ app_begin ] --END-- [ RunTime:0.000000s ]
NOTIC: [2048] Declaration of Mobile\Controller\AmigosController::show() should be compatible with Think\Controller::show($content, $charset = '', $contentType = '', $prefix = '') D:\phpStudy\WWW\dbspapi.dbkan.com\Application\Mobile\Controller\AmigosController.class.php 第 325 行.
SQL: SHOW COLUMNS FROM `relation` [ RunTime:0.0020s ]
SQL: SELECT `mobile` FROM `relation` WHERE `user_id` = 85 AND `mobile` IN ('15068859103','13588835122','18679354419')  [ RunTime:0.0000s ]
NOTIC: [8] Undefined index: mobile D:\phpStudy\WWW\dbspapi.dbkan.com\Application\Mobile\Controller\AmigosController.class.php 第 315 行.
NOTIC: [2] array_intersect(): Argument #1 is not an array D:\phpStudy\WWW\dbspapi.dbkan.com\Application\Mobile\Controller\AmigosController.class.php 第 315 行.
NOTIC: [2] Invalid argument supplied for foreach() D:\phpStudy\WWW\dbspapi.dbkan.com\Application\Mobile\Controller\AmigosController.class.php 第 317 行.

[ 2017-11-03T17:10:11+08:00 ] 127.0.0.1 /index.php/mobile/amigos/matching
INFO: [ app_init ] --START--
INFO: Run Behavior\BuildLiteBehavior [ RunTime:0.000000s ]
INFO: [ app_init ] --END-- [ RunTime:0.001000s ]
INFO: [ app_begin ] --START--
INFO: Run Behavior\ReadHtmlCacheBehavior [ RunTime:0.000000s ]
INFO: [ app_begin ] --END-- [ RunTime:0.000000s ]
NOTIC: [2048] Declaration of Mobile\Controller\AmigosController::show() should be compatible with Think\Controller::show($content, $charset = '', $contentType = '', $prefix = '') D:\phpStudy\WWW\dbspapi.dbkan.com\Application\Mobile\Controller\AmigosController.class.php 第 325 行.
SQL: SHOW COLUMNS FROM `relation` [ RunTime:0.0030s ]
SQL: SELECT `mobile` FROM `relation` WHERE `user_id` = 85 AND `mobile` IN ('15068859103','13588835122','18679354419')  [ RunTime:0.0000s ]
NOTIC: [8] Undefined index: mobile D:\phpStudy\WWW\dbspapi.dbkan.com\Application\Mobile\Controller\AmigosController.class.php 第 315 行.
NOTIC: [2] array_intersect(): Argument #1 is not an array D:\phpStudy\WWW\dbspapi.dbkan.com\Application\Mobile\Controller\AmigosController.class.php 第 315 行.
NOTIC: [2] Invalid argument supplied for foreach() D:\phpStudy\WWW\dbspapi.dbkan.com\Application\Mobile\Controller\AmigosController.class.php 第 317 行.

[ 2017-11-03T17:10:11+08:00 ] 127.0.0.1 /index.php/mobile/amigos/matching
INFO: [ app_init ] --START--
INFO: Run Behavior\BuildLiteBehavior [ RunTime:0.000000s ]
INFO: [ app_init ] --END-- [ RunTime:0.000000s ]
INFO: [ app_begin ] --START--
INFO: Run Behavior\ReadHtmlCacheBehavior [ RunTime:0.000000s ]
INFO: [ app_begin ] --END-- [ RunTime:0.000000s ]
NOTIC: [2048] Declaration of Mobile\Controller\AmigosController::show() should be compatible with Think\Controller::show($content, $charset = '', $contentType = '', $prefix = '') D:\phpStudy\WWW\dbspapi.dbkan.com\Application\Mobile\Controller\AmigosController.class.php 第 325 行.
SQL: SHOW COLUMNS FROM `relation` [ RunTime:0.0020s ]
SQL: SELECT `mobile` FROM `relation` WHERE `user_id` = 85 AND `mobile` IN ('15068859103','13588835122','18679354419')  [ RunTime:0.0000s ]
NOTIC: [8] Undefined index: mobile D:\phpStudy\WWW\dbspapi.dbkan.com\Application\Mobile\Controller\AmigosController.class.php 第 315 行.
NOTIC: [2] array_intersect(): Argument #1 is not an array D:\phpStudy\WWW\dbspapi.dbkan.com\Application\Mobile\Controller\AmigosController.class.php 第 315 行.
NOTIC: [2] Invalid argument supplied for foreach() D:\phpStudy\WWW\dbspapi.dbkan.com\Application\Mobile\Controller\AmigosController.class.php 第 317 行.

[ 2017-11-03T17:10:11+08:00 ] 127.0.0.1 /index.php/mobile/amigos/matching
INFO: [ app_init ] --START--
INFO: Run Behavior\BuildLiteBehavior [ RunTime:0.000000s ]
INFO: [ app_init ] --END-- [ RunTime:0.001000s ]
INFO: [ app_begin ] --START--
INFO: Run Behavior\ReadHtmlCacheBehavior [ RunTime:0.001000s ]
INFO: [ app_begin ] --END-- [ RunTime:0.001000s ]
NOTIC: [2048] Declaration of Mobile\Controller\AmigosController::show() should be compatible with Think\Controller::show($content, $charset = '', $contentType = '', $prefix = '') D:\phpStudy\WWW\dbspapi.dbkan.com\Application\Mobile\Controller\AmigosController.class.php 第 325 行.
SQL: SHOW COLUMNS FROM `relation` [ RunTime:0.0020s ]
SQL: SELECT `mobile` FROM `relation` WHERE `user_id` = 85 AND `mobile` IN ('15068859103','13588835122','18679354419')  [ RunTime:0.0000s ]
NOTIC: [8] Undefined index: mobile D:\phpStudy\WWW\dbspapi.dbkan.com\Application\Mobile\Controller\AmigosController.class.php 第 315 行.
NOTIC: [2] array_intersect(): Argument #1 is not an array D:\phpStudy\WWW\dbspapi.dbkan.com\Application\Mobile\Controller\AmigosController.class.php 第 315 行.
NOTIC: [2] Invalid argument supplied for foreach() D:\phpStudy\WWW\dbspapi.dbkan.com\Application\Mobile\Controller\AmigosController.class.php 第 317 行.

[ 2017-11-03T17:10:11+08:00 ] 127.0.0.1 /index.php/mobile/amigos/matching
INFO: [ app_init ] --START--
INFO: Run Behavior\BuildLiteBehavior [ RunTime:0.000000s ]
INFO: [ app_init ] --END-- [ RunTime:0.000000s ]
INFO: [ app_begin ] --START--
INFO: Run Behavior\ReadHtmlCacheBehavior [ RunTime:0.000000s ]
INFO: [ app_begin ] --END-- [ RunTime:0.000000s ]
NOTIC: [2048] Declaration of Mobile\Controller\AmigosController::show() should be compatible with Think\Controller::show($content, $charset = '', $contentType = '', $prefix = '') D:\phpStudy\WWW\dbspapi.dbkan.com\Application\Mobile\Controller\AmigosController.class.php 第 325 行.
SQL: SHOW COLUMNS FROM `relation` [ RunTime:0.0010s ]
SQL: SELECT `mobile` FROM `relation` WHERE `user_id` = 85 AND `mobile` IN ('15068859103','13588835122','18679354419')  [ RunTime:0.0000s ]
NOTIC: [8] Undefined index: mobile D:\phpStudy\WWW\dbspapi.dbkan.com\Application\Mobile\Controller\AmigosController.class.php 第 315 行.
NOTIC: [2] array_intersect(): Argument #1 is not an array D:\phpStudy\WWW\dbspapi.dbkan.com\Application\Mobile\Controller\AmigosController.class.php 第 315 行.
NOTIC: [2] Invalid argument supplied for foreach() D:\phpStudy\WWW\dbspapi.dbkan.com\Application\Mobile\Controller\AmigosController.class.php 第 317 行.

[ 2017-11-03T17:10:12+08:00 ] 127.0.0.1 /index.php/mobile/amigos/matching
INFO: [ app_init ] --START--
INFO: Run Behavior\BuildLiteBehavior [ RunTime:0.000000s ]
INFO: [ app_init ] --END-- [ RunTime:0.000000s ]
INFO: [ app_begin ] --START--
INFO: Run Behavior\ReadHtmlCacheBehavior [ RunTime:0.001000s ]
INFO: [ app_begin ] --END-- [ RunTime:0.001000s ]
NOTIC: [2048] Declaration of Mobile\Controller\AmigosController::show() should be compatible with Think\Controller::show($content, $charset = '', $contentType = '', $prefix = '') D:\phpStudy\WWW\dbspapi.dbkan.com\Application\Mobile\Controller\AmigosController.class.php 第 325 行.
SQL: SHOW COLUMNS FROM `relation` [ RunTime:0.0010s ]
SQL: SELECT `mobile` FROM `relation` WHERE `user_id` = 85 AND `mobile` IN ('15068859103','13588835122','18679354419')  [ RunTime:0.0010s ]
NOTIC: [8] Undefined index: mobile D:\phpStudy\WWW\dbspapi.dbkan.com\Application\Mobile\Controller\AmigosController.class.php 第 315 行.
NOTIC: [2] array_intersect(): Argument #1 is not an array D:\phpStudy\WWW\dbspapi.dbkan.com\Application\Mobile\Controller\AmigosController.class.php 第 315 行.
NOTIC: [2] Invalid argument supplied for foreach() D:\phpStudy\WWW\dbspapi.dbkan.com\Application\Mobile\Controller\AmigosController.class.php 第 317 行.

[ 2017-11-03T17:10:19+08:00 ] 127.0.0.1 /index.php/mobile/amigos/matching
INFO: [ app_init ] --START--
INFO: Run Behavior\BuildLiteBehavior [ RunTime:0.000000s ]
INFO: [ app_init ] --END-- [ RunTime:0.000000s ]
INFO: [ app_begin ] --START--
INFO: Run Behavior\ReadHtmlCacheBehavior [ RunTime:0.001000s ]
INFO: [ app_begin ] --END-- [ RunTime:0.001000s ]
NOTIC: [2048] Declaration of Mobile\Controller\AmigosController::show() should be compatible with Think\Controller::show($content, $charset = '', $contentType = '', $prefix = '') D:\phpStudy\WWW\dbspapi.dbkan.com\Application\Mobile\Controller\AmigosController.class.php 第 325 行.
SQL: SHOW COLUMNS FROM `relation` [ RunTime:0.0010s ]
SQL: SELECT `mobile` FROM `relation` WHERE `user_id` = 85 AND `mobile` IN ('15068859103','13588835122','18679354419')  [ RunTime:0.0000s ]
NOTIC: [8] Undefined index: mobile D:\phpStudy\WWW\dbspapi.dbkan.com\Application\Mobile\Controller\AmigosController.class.php 第 315 行.
NOTIC: [2] array_intersect(): Argument #1 is not an array D:\phpStudy\WWW\dbspapi.dbkan.com\Application\Mobile\Controller\AmigosController.class.php 第 315 行.
NOTIC: [2] Invalid argument supplied for foreach() D:\phpStudy\WWW\dbspapi.dbkan.com\Application\Mobile\Controller\AmigosController.class.php 第 317 行.

[ 2017-11-03T17:10:28+08:00 ] 127.0.0.1 /index.php/mobile/amigos/matching
INFO: [ app_init ] --START--
INFO: Run Behavior\BuildLiteBehavior [ RunTime:0.000000s ]
INFO: [ app_init ] --END-- [ RunTime:0.000000s ]
INFO: [ app_begin ] --START--
INFO: Run Behavior\ReadHtmlCacheBehavior [ RunTime:0.000000s ]
INFO: [ app_begin ] --END-- [ RunTime:0.000000s ]
NOTIC: [2048] Declaration of Mobile\Controller\AmigosController::show() should be compatible with Think\Controller::show($content, $charset = '', $contentType = '', $prefix = '') D:\phpStudy\WWW\dbspapi.dbkan.com\Application\Mobile\Controller\AmigosController.class.php 第 325 行.
SQL: SHOW COLUMNS FROM `relation` [ RunTime:0.0020s ]
SQL: SELECT `mobile` FROM `relation` WHERE `user_id` = 85 AND `mobile` IN ('15068859103','13588835122','18679354419')  [ RunTime:0.0010s ]
NOTIC: [8] Undefined index: mobile D:\phpStudy\WWW\dbspapi.dbkan.com\Application\Mobile\Controller\AmigosController.class.php 第 310 行.
NOTIC: [2] array_diff(): Argument #1 is not an array D:\phpStudy\WWW\dbspapi.dbkan.com\Application\Mobile\Controller\AmigosController.class.php 第 310 行.

[ 2017-11-03T17:10:37+08:00 ] 127.0.0.1 /index.php/mobile/amigos/matching
INFO: [ app_init ] --START--
INFO: Run Behavior\BuildLiteBehavior [ RunTime:0.000000s ]
INFO: [ app_init ] --END-- [ RunTime:0.000000s ]
INFO: [ app_begin ] --START--
INFO: Run Behavior\ReadHtmlCacheBehavior [ RunTime:0.000000s ]
INFO: [ app_begin ] --END-- [ RunTime:0.000000s ]
NOTIC: [2048] Declaration of Mobile\Controller\AmigosController::show() should be compatible with Think\Controller::show($content, $charset = '', $contentType = '', $prefix = '') D:\phpStudy\WWW\dbspapi.dbkan.com\Application\Mobile\Controller\AmigosController.class.php 第 325 行.
SQL: SHOW COLUMNS FROM `relation` [ RunTime:0.0020s ]
SQL: SELECT `mobile` FROM `relation` WHERE `user_id` = 85 AND `mobile` IN ('15068859103','13588835122','18679354419')  [ RunTime:0.0000s ]
NOTIC: [8] Undefined index: mobile D:\phpStudy\WWW\dbspapi.dbkan.com\Application\Mobile\Controller\AmigosController.class.php 第 310 行.
NOTIC: [2] array_diff(): Argument #1 is not an array D:\phpStudy\WWW\dbspapi.dbkan.com\Application\Mobile\Controller\AmigosController.class.php 第 310 行.

[ 2017-11-03T17:11:15+08:00 ] 127.0.0.1 /index.php/mobile/amigos/matching
INFO: [ app_init ] --START--
INFO: Run Behavior\BuildLiteBehavior [ RunTime:0.000000s ]
INFO: [ app_init ] --END-- [ RunTime:0.000000s ]
INFO: [ app_begin ] --START--
INFO: Run Behavior\ReadHtmlCacheBehavior [ RunTime:0.000000s ]
INFO: [ app_begin ] --END-- [ RunTime:0.000000s ]
NOTIC: [2048] Declaration of Mobile\Controller\AmigosController::show() should be compatible with Think\Controller::show($content, $charset = '', $contentType = '', $prefix = '') D:\phpStudy\WWW\dbspapi.dbkan.com\Application\Mobile\Controller\AmigosController.class.php 第 325 行.
SQL: SHOW COLUMNS FROM `relation` [ RunTime:0.0010s ]
SQL: SELECT `mobile` FROM `relation` WHERE `user_id` = 85 AND `mobile` IN ('15068859103','13588835122','18679354419')  [ RunTime:0.0000s ]

[ 2017-11-03T17:11:24+08:00 ] 127.0.0.1 /index.php/mobile/amigos/matching
INFO: [ app_init ] --START--
INFO: Run Behavior\BuildLiteBehavior [ RunTime:0.000000s ]
INFO: [ app_init ] --END-- [ RunTime:0.000000s ]
INFO: [ app_begin ] --START--
INFO: Run Behavior\ReadHtmlCacheBehavior [ RunTime:0.000000s ]
INFO: [ app_begin ] --END-- [ RunTime:0.000000s ]
NOTIC: [2048] Declaration of Mobile\Controller\AmigosController::show() should be compatible with Think\Controller::show($content, $charset = '', $contentType = '', $prefix = '') D:\phpStudy\WWW\dbspapi.dbkan.com\Application\Mobile\Controller\AmigosController.class.php 第 325 行.
SQL: SHOW COLUMNS FROM `relation` [ RunTime:0.0020s ]
SQL: SELECT `mobile` FROM `relation` WHERE `user_id` = 85 AND `mobile` IN ('15068859103','13588835122','18679354419')  [ RunTime:0.0000s ]

[ 2017-11-03T17:55:24+08:00 ] 127.0.0.1 /index.php/mobile/amigos/matching
INFO: [ app_init ] --START--
INFO: Run Behavior\BuildLiteBehavior [ RunTime:0.000000s ]
INFO: [ app_init ] --END-- [ RunTime:0.000000s ]
INFO: [ app_begin ] --START--
INFO: Run Behavior\ReadHtmlCacheBehavior [ RunTime:0.000000s ]
INFO: [ app_begin ] --END-- [ RunTime:0.000000s ]
NOTIC: [2048] Declaration of Mobile\Controller\AmigosController::show() should be compatible with Think\Controller::show($content, $charset = '', $contentType = '', $prefix = '') D:\phpStudy\WWW\dbspapi.dbkan.com\Application\Mobile\Controller\AmigosController.class.php 第 325 行.
SQL: SHOW COLUMNS FROM `relation` [ RunTime:0.0030s ]
SQL: SELECT `mobile` FROM `relation` WHERE `user_id` = 85 AND `mobile` IN ('15068859103','13588835122','18679354419')  [ RunTime:0.0000s ]
NOTIC: [8] Array to string conversion D:\phpStudy\WWW\dbspapi.dbkan.com\Application\Mobile\Controller\AmigosController.class.php 第 315 行.
NOTIC: [8] Array to string conversion D:\phpStudy\WWW\dbspapi.dbkan.com\Application\Mobile\Controller\AmigosController.class.php 第 315 行.
NOTIC: [8] Array to string conversion D:\phpStudy\WWW\dbspapi.dbkan.com\Application\Mobile\Controller\AmigosController.class.php 第 315 行.
NOTIC: [8] Array to string conversion D:\phpStudy\WWW\dbspapi.dbkan.com\Application\Mobile\Controller\AmigosController.class.php 第 315 行.
NOTIC: [8] Array to string conversion D:\phpStudy\WWW\dbspapi.dbkan.com\Application\Mobile\Controller\AmigosController.class.php 第 315 行.

[ 2017-11-03T17:55:35+08:00 ] 127.0.0.1 /index.php/mobile/amigos/matching
INFO: [ app_init ] --START--
INFO: Run Behavior\BuildLiteBehavior [ RunTime:0.000000s ]
INFO: [ app_init ] --END-- [ RunTime:0.000000s ]
INFO: [ app_begin ] --START--
INFO: Run Behavior\ReadHtmlCacheBehavior [ RunTime:0.001000s ]
INFO: [ app_begin ] --END-- [ RunTime:0.001000s ]
NOTIC: [2048] Declaration of Mobile\Controller\AmigosController::show() should be compatible with Think\Controller::show($content, $charset = '', $contentType = '', $prefix = '') D:\phpStudy\WWW\dbspapi.dbkan.com\Application\Mobile\Controller\AmigosController.class.php 第 325 行.
SQL: SHOW COLUMNS FROM `relation` [ RunTime:0.0020s ]
SQL: SELECT `mobile` FROM `relation` WHERE `user_id` = 85 AND `mobile` IN ('15068859103','13588835122','18679354419')  [ RunTime:0.0010s ]
NOTIC: [8] Array to string conversion D:\phpStudy\WWW\dbspapi.dbkan.com\Application\Mobile\Controller\AmigosController.class.php 第 315 行.
NOTIC: [8] Array to string conversion D:\phpStudy\WWW\dbspapi.dbkan.com\Application\Mobile\Controller\AmigosController.class.php 第 315 行.
NOTIC: [8] Array to string conversion D:\phpStudy\WWW\dbspapi.dbkan.com\Application\Mobile\Controller\AmigosController.class.php 第 315 行.
NOTIC: [8] Array to string conversion D:\phpStudy\WWW\dbspapi.dbkan.com\Application\Mobile\Controller\AmigosController.class.php 第 315 行.
NOTIC: [8] Array to string conversion D:\phpStudy\WWW\dbspapi.dbkan.com\Application\Mobile\Controller\AmigosController.class.php 第 315 行.

[ 2017-11-03T17:55:49+08:00 ] 127.0.0.1 /index.php/mobile/amigos/matching
INFO: [ app_init ] --START--
INFO: Run Behavior\BuildLiteBehavior [ RunTime:0.000000s ]
INFO: [ app_init ] --END-- [ RunTime:0.000000s ]
INFO: [ app_begin ] --START--
INFO: Run Behavior\ReadHtmlCacheBehavior [ RunTime:0.000000s ]
INFO: [ app_begin ] --END-- [ RunTime:0.000000s ]
NOTIC: [2048] Declaration of Mobile\Controller\AmigosController::show() should be compatible with Think\Controller::show($content, $charset = '', $contentType = '', $prefix = '') D:\phpStudy\WWW\dbspapi.dbkan.com\Application\Mobile\Controller\AmigosController.class.php 第 325 行.
SQL: SHOW COLUMNS FROM `relation` [ RunTime:0.0030s ]
SQL: SELECT `mobile`,`id` FROM `relation` WHERE `user_id` = 85 AND `mobile` IN ('15068859103','13588835122','18679354419')  [ RunTime:0.0010s ]
NOTIC: [8] Array to string conversion D:\phpStudy\WWW\dbspapi.dbkan.com\Application\Mobile\Controller\AmigosController.class.php 第 315 行.
NOTIC: [8] Array to string conversion D:\phpStudy\WWW\dbspapi.dbkan.com\Application\Mobile\Controller\AmigosController.class.php 第 315 行.
NOTIC: [8] Array to string conversion D:\phpStudy\WWW\dbspapi.dbkan.com\Application\Mobile\Controller\AmigosController.class.php 第 315 行.
NOTIC: [8] Array to string conversion D:\phpStudy\WWW\dbspapi.dbkan.com\Application\Mobile\Controller\AmigosController.class.php 第 315 行.
NOTIC: [8] Array to string conversion D:\phpStudy\WWW\dbspapi.dbkan.com\Application\Mobile\Controller\AmigosController.class.php 第 315 行.

[ 2017-11-03T18:00:05+08:00 ] 127.0.0.1 /index.php/mobile/amigos/matching
INFO: [ app_init ] --START--
INFO: Run Behavior\BuildLiteBehavior [ RunTime:0.000000s ]
INFO: [ app_init ] --END-- [ RunTime:0.000000s ]
INFO: [ app_begin ] --START--
INFO: Run Behavior\ReadHtmlCacheBehavior [ RunTime:0.000000s ]
INFO: [ app_begin ] --END-- [ RunTime:0.000000s ]
NOTIC: [2048] Declaration of Mobile\Controller\AmigosController::show() should be compatible with Think\Controller::show($content, $charset = '', $contentType = '', $prefix = '') D:\phpStudy\WWW\dbspapi.dbkan.com\Application\Mobile\Controller\AmigosController.class.php 第 325 行.
SQL: SHOW COLUMNS FROM `relation` [ RunTime:0.0030s ]
SQL: SELECT `mobile`,`id` FROM `relation` WHERE `user_id` = 85 AND `mobile` IN ('15068859103','13588835122','18679354419')  [ RunTime:0.0000s ]

