[ 2017-11-01T16:42:19+08:00 ] 127.0.0.1 /index.php/Mobile/Log/delLog
INFO: [ app_init ] --START--
INFO: Run Behavior\BuildLiteBehavior [ RunTime:0.000000s ]
INFO: [ app_init ] --END-- [ RunTime:0.001000s ]
INFO: [ app_begin ] --START--
INFO: Run Behavior\ReadHtmlCacheBehavior [ RunTime:0.001000s ]
INFO: [ app_begin ] --END-- [ RunTime:0.001000s ]
ERR: 非法操作:delLog

[ 2017-11-01T16:42:30+08:00 ] 127.0.0.1 /index.php/Mobile/Log/delLog
INFO: [ app_init ] --START--
INFO: Run Behavior\BuildLiteBehavior [ RunTime:0.000000s ]
INFO: [ app_init ] --END-- [ RunTime:0.000000s ]
INFO: [ app_begin ] --START--
INFO: Run Behavior\ReadHtmlCacheBehavior [ RunTime:0.000000s ]
INFO: [ app_begin ] --END-- [ RunTime:0.000000s ]
ERR: 非法操作:delLog

[ 2017-11-01T16:42:44+08:00 ] 127.0.0.1 /index.php/Mobile/Call/delLog
INFO: [ app_init ] --START--
INFO: Run Behavior\BuildLiteBehavior [ RunTime:0.000000s ]
INFO: [ app_init ] --END-- [ RunTime:0.000000s ]
INFO: [ app_begin ] --START--
INFO: Run Behavior\ReadHtmlCacheBehavior [ RunTime:0.001000s ]
INFO: [ app_begin ] --END-- [ RunTime:0.001000s ]
NOTIC: [8192] Function mcrypt_cbc() is deprecated D:\phpStudy\WWW\dbspapi.dbkan.com\Application\Common\Common\function.php 第 178 行.
SQL: SHOW COLUMNS FROM `call_log` [ RunTime:0.0010s ]
SQL: DELETE FROM `call_log` WHERE `relation_id` = 3 AND `id` = 0 LIMIT 1  [ RunTime:0.0050s ]
NOTIC: [8] Undefined index: user_id D:\phpStudy\WWW\dbspapi.dbkan.com\Application\Mobile\Controller\CallController.class.php 第 150 行.
NOTIC: [2] unlink(./Application/Runtime/Temp/dc1d71bbb5c4d2a5e936db79ef10c19f.php): No such file or directory D:\phpStudy\WWW\dbspapi.dbkan.com\ThinkPHP\Library\Think\Cache\Driver\File.class.php 第 157 行.

