[ 2017-11-13T09:47:22+08:00 ] 127.0.0.1 /index.php/mobile/amigos/lists
INFO: [ app_init ] --START--
INFO: Run Behavior\BuildLiteBehavior [ RunTime:0.000000s ]
INFO: [ app_init ] --END-- [ RunTime:0.001000s ]
INFO: [ app_begin ] --START--
INFO: Run Behavior\ReadHtmlCacheBehavior [ RunTime:0.001000s ]
INFO: [ app_begin ] --END-- [ RunTime:0.001000s ]
NOTIC: [8192] Function mcrypt_cbc() is deprecated D:\phpStudy\WWW\dbspapi.dbkan.com\Application\Common\Common\function.php 第 178 行.
NOTIC: [8192] Function mcrypt_cbc() is deprecated D:\phpStudy\WWW\dbspapi.dbkan.com\Application\Common\Common\function.php 第 178 行.
SQL: SELECT `user`.id, `user`.head_portrait, `user`.name as user_name, relation.name, relation.mobile, relation.id AS relation_id, count(*) as count FROM `user`
                LEFT JOIN `relation` ON relation.mobile = `user` .mobile
                WHERE `user_id` = 118 and relation.display = 1 GROUP BY relation.id ORDER BY count DESC [ RunTime:0.0010s ]

[ 2017-11-13T09:52:02+08:00 ] 127.0.0.1 /index.php/mobile/amigos/lists
INFO: [ app_init ] --START--
INFO: Run Behavior\BuildLiteBehavior [ RunTime:0.000000s ]
INFO: [ app_init ] --END-- [ RunTime:0.000000s ]
INFO: [ app_begin ] --START--
INFO: Run Behavior\ReadHtmlCacheBehavior [ RunTime:0.000000s ]
INFO: [ app_begin ] --END-- [ RunTime:0.000000s ]
NOTIC: [8192] Function mcrypt_cbc() is deprecated D:\phpStudy\WWW\dbspapi.dbkan.com\Application\Common\Common\function.php 第 178 行.
NOTIC: [8192] Function mcrypt_cbc() is deprecated D:\phpStudy\WWW\dbspapi.dbkan.com\Application\Common\Common\function.php 第 178 行.
SQL: SELECT `user`.id, `user`.head_portrait, `user`.name as user_name, relation.name, relation.mobile, relation.id AS relation_id, count(*) as count FROM `user`
                LEFT JOIN `relation` ON relation.mobile = `user` .mobile
                WHERE `user_id` = 118 and relation.display = 1 GROUP BY relation.id ORDER BY count DESC [ RunTime:0.0000s ]

[ 2017-11-13T11:56:41+08:00 ] 127.0.0.1 /index.php/mobile/amigos/add
INFO: [ app_init ] --START--
INFO: Run Behavior\BuildLiteBehavior [ RunTime:0.000000s ]
INFO: [ app_init ] --END-- [ RunTime:0.001000s ]
INFO: [ app_begin ] --START--
INFO: Run Behavior\ReadHtmlCacheBehavior [ RunTime:0.001000s ]
INFO: [ app_begin ] --END-- [ RunTime:0.001000s ]
NOTIC: [8192] Function mcrypt_cbc() is deprecated D:\phpStudy\WWW\dbspapi.dbkan.com\Application\Common\Common\function.php 第 178 行.
SQL: SHOW COLUMNS FROM `user` [ RunTime:0.0020s ]
SQL: SELECT * FROM `user` WHERE `id` = 118 LIMIT 1   [ RunTime:0.0010s ]
SQL: SELECT * FROM `user` WHERE `mobile` = '18679354419' LIMIT 1   [ RunTime:0.0000s ]
SQL: SHOW COLUMNS FROM `relation` [ RunTime:0.0020s ]
SQL: SELECT * FROM `relation` WHERE `user_id` = 118 AND `mobile` = '18679354419' LIMIT 1   [ RunTime:0.0000s ]
SQL: INSERT INTO `relation` (`user_id`,`mobile`,`display`,`name`) VALUES ('115','15757946011','2','') [ RunTime:0.0000s ]
SQL: INSERT INTO `relation` (`user_id`,`mobile`,`name`,`display`) VALUES ('118','18679354419','','1') [ RunTime:0.0020s ]
SQL: SELECT * FROM `user` WHERE `id` = 118 LIMIT 1   [ RunTime:0.0020s ]
NOTIC: [8] Undefined index: name D:\phpStudy\WWW\dbspapi.dbkan.com\Application\Mobile\Controller\AmigosController.class.php 第 105 行.

[ 2017-11-13T12:05:16+08:00 ] 127.0.0.1 /index.php/mobile/Amigos/add
INFO: [ app_init ] --START--
INFO: Run Behavior\BuildLiteBehavior [ RunTime:0.000000s ]
INFO: [ app_init ] --END-- [ RunTime:0.000000s ]
INFO: [ app_begin ] --START--
INFO: Run Behavior\ReadHtmlCacheBehavior [ RunTime:0.001000s ]
INFO: [ app_begin ] --END-- [ RunTime:0.001000s ]
NOTIC: [8192] Function mcrypt_cbc() is deprecated D:\phpStudy\WWW\dbspapi.dbkan.com\Application\Common\Common\function.php 第 178 行.
SQL: SHOW COLUMNS FROM `user` [ RunTime:0.0010s ]
SQL: SELECT * FROM `user` WHERE `id` = 109 LIMIT 1   [ RunTime:0.0000s ]
SQL: SELECT * FROM `user` WHERE `mobile` = '15884326000' LIMIT 1   [ RunTime:0.0010s ]
SQL: SHOW COLUMNS FROM `relation` [ RunTime:0.0010s ]
SQL: SELECT * FROM `relation` WHERE `user_id` = 109 AND `mobile` = '15884326000' LIMIT 1   [ RunTime:0.0000s ]
SQL: INSERT INTO `relation` (`user_id`,`mobile`,`display`,`name`) VALUES ('116','15757946019','2','') [ RunTime:0.0010s ]
SQL: INSERT INTO `relation` (`user_id`,`mobile`,`name`,`display`) VALUES ('109','15884326000','','1') [ RunTime:0.0000s ]
SQL: SELECT * FROM `user` WHERE `id` = 109 LIMIT 1   [ RunTime:0.0000s ]

[ 2017-11-13T12:05:29+08:00 ] 127.0.0.1 /index.php/mobile/Amigos/add
INFO: [ app_init ] --START--
INFO: Run Behavior\BuildLiteBehavior [ RunTime:0.000000s ]
INFO: [ app_init ] --END-- [ RunTime:0.001000s ]
INFO: [ app_begin ] --START--
INFO: Run Behavior\ReadHtmlCacheBehavior [ RunTime:0.000000s ]
INFO: [ app_begin ] --END-- [ RunTime:0.000000s ]
NOTIC: [8192] Function mcrypt_cbc() is deprecated D:\phpStudy\WWW\dbspapi.dbkan.com\Application\Common\Common\function.php 第 178 行.
SQL: SHOW COLUMNS FROM `user` [ RunTime:0.0010s ]
SQL: SELECT * FROM `user` WHERE `id` = 109 LIMIT 1   [ RunTime:0.0000s ]
SQL: SELECT * FROM `user` WHERE `mobile` = '15884326000' LIMIT 1   [ RunTime:0.0000s ]
SQL: SHOW COLUMNS FROM `relation` [ RunTime:0.0020s ]
SQL: SELECT * FROM `relation` WHERE `user_id` = 109 AND `mobile` = '15884326000' LIMIT 1   [ RunTime:0.0000s ]

[ 2017-11-13T12:05:29+08:00 ] 127.0.0.1 /index.php/mobile/Amigos/add
INFO: [ app_init ] --START--
INFO: Run Behavior\BuildLiteBehavior [ RunTime:0.000000s ]
INFO: [ app_init ] --END-- [ RunTime:0.000000s ]
INFO: [ app_begin ] --START--
INFO: Run Behavior\ReadHtmlCacheBehavior [ RunTime:0.000000s ]
INFO: [ app_begin ] --END-- [ RunTime:0.000000s ]
NOTIC: [8192] Function mcrypt_cbc() is deprecated D:\phpStudy\WWW\dbspapi.dbkan.com\Application\Common\Common\function.php 第 178 行.
SQL: SHOW COLUMNS FROM `user` [ RunTime:0.0050s ]
SQL: SELECT * FROM `user` WHERE `id` = 109 LIMIT 1   [ RunTime:0.0000s ]
SQL: SELECT * FROM `user` WHERE `mobile` = '15884326000' LIMIT 1   [ RunTime:0.0000s ]
SQL: SHOW COLUMNS FROM `relation` [ RunTime:0.0010s ]
SQL: SELECT * FROM `relation` WHERE `user_id` = 109 AND `mobile` = '15884326000' LIMIT 1   [ RunTime:0.0000s ]

[ 2017-11-13T12:05:52+08:00 ] 127.0.0.1 /index.php/mobile/Amigos/add
INFO: [ app_init ] --START--
INFO: Run Behavior\BuildLiteBehavior [ RunTime:0.000000s ]
INFO: [ app_init ] --END-- [ RunTime:0.001000s ]
INFO: [ app_begin ] --START--
INFO: Run Behavior\ReadHtmlCacheBehavior [ RunTime:0.000000s ]
INFO: [ app_begin ] --END-- [ RunTime:0.000000s ]
NOTIC: [8192] Function mcrypt_cbc() is deprecated D:\phpStudy\WWW\dbspapi.dbkan.com\Application\Common\Common\function.php 第 178 行.
SQL: SHOW COLUMNS FROM `user` [ RunTime:0.0020s ]
SQL: SELECT * FROM `user` WHERE `id` = 109 LIMIT 1   [ RunTime:0.0000s ]
SQL: SELECT * FROM `user` WHERE `mobile` = '15884326000' LIMIT 1   [ RunTime:0.0000s ]
SQL: SHOW COLUMNS FROM `relation` [ RunTime:0.0010s ]
SQL: SELECT * FROM `relation` WHERE `user_id` = 109 AND `mobile` = '15884326000' LIMIT 1   [ RunTime:0.0000s ]

[ 2017-11-13T12:05:53+08:00 ] 127.0.0.1 /index.php/mobile/Amigos/add
INFO: [ app_init ] --START--
INFO: Run Behavior\BuildLiteBehavior [ RunTime:0.000000s ]
INFO: [ app_init ] --END-- [ RunTime:0.000000s ]
INFO: [ app_begin ] --START--
INFO: Run Behavior\ReadHtmlCacheBehavior [ RunTime:0.001000s ]
INFO: [ app_begin ] --END-- [ RunTime:0.001000s ]
NOTIC: [8192] Function mcrypt_cbc() is deprecated D:\phpStudy\WWW\dbspapi.dbkan.com\Application\Common\Common\function.php 第 178 行.
SQL: SHOW COLUMNS FROM `user` [ RunTime:0.0010s ]
SQL: SELECT * FROM `user` WHERE `id` = 109 LIMIT 1   [ RunTime:0.0010s ]
SQL: SELECT * FROM `user` WHERE `mobile` = '15884326000' LIMIT 1   [ RunTime:0.0000s ]
SQL: SHOW COLUMNS FROM `relation` [ RunTime:0.0010s ]
SQL: SELECT * FROM `relation` WHERE `user_id` = 109 AND `mobile` = '15884326000' LIMIT 1   [ RunTime:0.0000s ]

[ 2017-11-13T14:42:56+08:00 ] 127.0.0.1 /index.php/mobile/amigos/add
INFO: [ app_init ] --START--
INFO: Run Behavior\BuildLiteBehavior [ RunTime:0.000000s ]
INFO: [ app_init ] --END-- [ RunTime:0.000000s ]
INFO: [ app_begin ] --START--
INFO: Run Behavior\ReadHtmlCacheBehavior [ RunTime:0.002000s ]
INFO: [ app_begin ] --END-- [ RunTime:0.002000s ]
NOTIC: [8192] Function mcrypt_cbc() is deprecated D:\phpStudy\WWW\dbspapi.dbkan.com\Application\Common\Common\function.php 第 178 行.
SQL: SHOW COLUMNS FROM `user` [ RunTime:0.0020s ]
SQL: SELECT * FROM `user` WHERE `id` = 115 LIMIT 1   [ RunTime:0.0000s ]
SQL: SELECT * FROM `user` WHERE `mobile` = '15754946019' LIMIT 1   [ RunTime:0.0010s ]
SQL: SHOW COLUMNS FROM `relation` [ RunTime:0.0010s ]
SQL: SELECT * FROM `relation` WHERE `user_id` = 115 AND `mobile` = '15754946019' LIMIT 1   [ RunTime:0.0000s ]
SQL: INSERT INTO `relation` (`user_id`,`mobile`,`display`,`name`) VALUES ('139','18679354419','2','') [ RunTime:0.0000s ]
SQL: INSERT INTO `relation` (`user_id`,`mobile`,`name`,`display`) VALUES ('115','15754946019','','1') [ RunTime:0.0000s ]

[ 2017-11-13T14:43:26+08:00 ] 127.0.0.1 /index.php/mobile/amigos/add
INFO: [ app_init ] --START--
INFO: Run Behavior\BuildLiteBehavior [ RunTime:0.000000s ]
INFO: [ app_init ] --END-- [ RunTime:0.001000s ]
INFO: [ app_begin ] --START--
INFO: Run Behavior\ReadHtmlCacheBehavior [ RunTime:0.000000s ]
INFO: [ app_begin ] --END-- [ RunTime:0.001000s ]
NOTIC: [8192] Function mcrypt_cbc() is deprecated D:\phpStudy\WWW\dbspapi.dbkan.com\Application\Common\Common\function.php 第 178 行.
SQL: SHOW COLUMNS FROM `user` [ RunTime:0.0050s ]
SQL: SELECT * FROM `user` WHERE `id` = 115 LIMIT 1   [ RunTime:0.0010s ]
SQL: SELECT * FROM `user` WHERE `mobile` = '18679354419' LIMIT 1   [ RunTime:0.0000s ]

[ 2017-11-13T14:43:42+08:00 ] 127.0.0.1 /index.php/mobile/amigos/add
INFO: [ app_init ] --START--
INFO: Run Behavior\BuildLiteBehavior [ RunTime:0.000000s ]
INFO: [ app_init ] --END-- [ RunTime:0.000000s ]
INFO: [ app_begin ] --START--
INFO: Run Behavior\ReadHtmlCacheBehavior [ RunTime:0.000000s ]
INFO: [ app_begin ] --END-- [ RunTime:0.000000s ]
NOTIC: [8192] Function mcrypt_cbc() is deprecated D:\phpStudy\WWW\dbspapi.dbkan.com\Application\Common\Common\function.php 第 178 行.
SQL: SHOW COLUMNS FROM `user` [ RunTime:0.0050s ]
SQL: SELECT * FROM `user` WHERE `id` = 115 LIMIT 1   [ RunTime:0.0000s ]
SQL: SELECT * FROM `user` WHERE `mobile` = '18679354419' LIMIT 1   [ RunTime:0.0000s ]

[ 2017-11-13T14:43:48+08:00 ] 127.0.0.1 /index.php/mobile/amigos/add
INFO: [ app_init ] --START--
INFO: Run Behavior\BuildLiteBehavior [ RunTime:0.000000s ]
INFO: [ app_init ] --END-- [ RunTime:0.001000s ]
INFO: [ app_begin ] --START--
INFO: Run Behavior\ReadHtmlCacheBehavior [ RunTime:0.000000s ]
INFO: [ app_begin ] --END-- [ RunTime:0.000000s ]
NOTIC: [8192] Function mcrypt_cbc() is deprecated D:\phpStudy\WWW\dbspapi.dbkan.com\Application\Common\Common\function.php 第 178 行.
SQL: SHOW COLUMNS FROM `user` [ RunTime:0.0070s ]
SQL: SELECT * FROM `user` WHERE `id` = 115 LIMIT 1   [ RunTime:0.0010s ]
SQL: SELECT * FROM `user` WHERE `mobile` = '15120010537' LIMIT 1   [ RunTime:0.0010s ]
SQL: SHOW COLUMNS FROM `relation` [ RunTime:0.0010s ]
SQL: SELECT * FROM `relation` WHERE `user_id` = 115 AND `mobile` = '15120010537' LIMIT 1   [ RunTime:0.0010s ]
SQL: INSERT INTO `relation` (`user_id`,`mobile`,`display`,`name`) VALUES ('119','18679354419','2','') [ RunTime:0.0000s ]
SQL: INSERT INTO `relation` (`user_id`,`mobile`,`name`,`display`) VALUES ('115','15120010537','','1') [ RunTime:0.0000s ]

[ 2017-11-13T14:44:56+08:00 ] 127.0.0.1 /index.php/mobile/amigos/add
INFO: [ app_init ] --START--
INFO: Run Behavior\BuildLiteBehavior [ RunTime:0.000000s ]
INFO: [ app_init ] --END-- [ RunTime:0.000000s ]
INFO: [ app_begin ] --START--
INFO: Run Behavior\ReadHtmlCacheBehavior [ RunTime:0.000000s ]
INFO: [ app_begin ] --END-- [ RunTime:0.000000s ]
NOTIC: [8192] Function mcrypt_cbc() is deprecated D:\phpStudy\WWW\dbspapi.dbkan.com\Application\Common\Common\function.php 第 178 行.
SQL: SHOW COLUMNS FROM `user` [ RunTime:0.0030s ]
SQL: SELECT * FROM `user` WHERE `id` = 115 LIMIT 1   [ RunTime:0.0010s ]
SQL: SELECT * FROM `user` WHERE `mobile` = '15120010537' LIMIT 1   [ RunTime:0.0010s ]
SQL: SHOW COLUMNS FROM `relation` [ RunTime:0.0030s ]
SQL: SELECT * FROM `relation` WHERE `user_id` = 115 AND `mobile` = '15120010537' LIMIT 1   [ RunTime:0.0010s ]
SQL: INSERT INTO `relation` (`user_id`,`mobile`,`display`,`name`) VALUES ('119','18679354419','2','') [ RunTime:0.0010s ]
SQL: INSERT INTO `relation` (`user_id`,`mobile`,`name`,`display`) VALUES ('115','15120010537','','1') [ RunTime:0.0000s ]

[ 2017-11-13T14:45:14+08:00 ] 127.0.0.1 /index.php/mobile/amigos/add
INFO: [ app_init ] --START--
INFO: Run Behavior\BuildLiteBehavior [ RunTime:0.000000s ]
INFO: [ app_init ] --END-- [ RunTime:0.000000s ]
INFO: [ app_begin ] --START--
INFO: Run Behavior\ReadHtmlCacheBehavior [ RunTime:0.000000s ]
INFO: [ app_begin ] --END-- [ RunTime:0.000000s ]
NOTIC: [8192] Function mcrypt_cbc() is deprecated D:\phpStudy\WWW\dbspapi.dbkan.com\Application\Common\Common\function.php 第 178 行.
SQL: SHOW COLUMNS FROM `user` [ RunTime:0.0070s ]
SQL: SELECT * FROM `user` WHERE `id` = 115 LIMIT 1   [ RunTime:0.0000s ]
SQL: SELECT * FROM `user` WHERE `mobile` = '15120010537' LIMIT 1   [ RunTime:0.0000s ]
SQL: SHOW COLUMNS FROM `relation` [ RunTime:0.0010s ]
SQL: SELECT * FROM `relation` WHERE `user_id` = 115 AND `mobile` = '15120010537' LIMIT 1   [ RunTime:0.0000s ]
SQL: INSERT INTO `relation` (`user_id`,`mobile`,`display`,`name`) VALUES ('119','18679354419','2','') [ RunTime:0.0000s ]
SQL: INSERT INTO `relation` (`user_id`,`mobile`,`name`,`display`) VALUES ('115','15120010537','','1') [ RunTime:0.0000s ]

[ 2017-11-13T14:45:55+08:00 ] 127.0.0.1 /index.php/mobile/amigos/add
INFO: [ app_init ] --START--
INFO: Run Behavior\BuildLiteBehavior [ RunTime:0.000000s ]
INFO: [ app_init ] --END-- [ RunTime:0.000000s ]
INFO: [ app_begin ] --START--
INFO: Run Behavior\ReadHtmlCacheBehavior [ RunTime:0.000000s ]
INFO: [ app_begin ] --END-- [ RunTime:0.000000s ]
NOTIC: [8192] Function mcrypt_cbc() is deprecated D:\phpStudy\WWW\dbspapi.dbkan.com\Application\Common\Common\function.php 第 178 行.
SQL: SHOW COLUMNS FROM `user` [ RunTime:0.0040s ]
SQL: SELECT * FROM `user` WHERE `id` = 115 LIMIT 1   [ RunTime:0.0010s ]
SQL: SELECT * FROM `user` WHERE `mobile` = '15120010537' LIMIT 1   [ RunTime:0.0000s ]
SQL: SHOW COLUMNS FROM `relation` [ RunTime:0.0020s ]
SQL: SELECT * FROM `relation` WHERE `user_id` = 115 AND `mobile` = '15120010537' LIMIT 1   [ RunTime:0.0000s ]
SQL: INSERT INTO `relation` (`user_id`,`mobile`,`display`,`name`) VALUES ('119','18679354419','2','') [ RunTime:0.0000s ]
SQL: INSERT INTO `relation` (`user_id`,`mobile`,`name`,`display`) VALUES ('115','15120010537','','1') [ RunTime:0.0000s ]
SQL: SELECT * FROM `user` WHERE `id` = 115 LIMIT 1   [ RunTime:0.0000s ]
NOTIC: [8] Undefined index: name D:\phpStudy\WWW\dbspapi.dbkan.com\Application\Mobile\Controller\AmigosController.class.php 第 122 行.
ERR: Push Fail:Http Code : 400-code : 1011-Error Message : cannot find user by this audience-Response JSON : {"msg_id": 2211633307, "error": {"message": "cannot find user by this audience", "code": 1011}}-rateLimitLimit : 600-rateLimitRemaining : 599-rateLimitReset : 60

[ 2017-11-13T14:47:44+08:00 ] 127.0.0.1 /index.php/mobile/amigos/add
INFO: [ app_init ] --START--
INFO: Run Behavior\BuildLiteBehavior [ RunTime:0.000000s ]
INFO: [ app_init ] --END-- [ RunTime:0.000000s ]
INFO: [ app_begin ] --START--
INFO: Run Behavior\ReadHtmlCacheBehavior [ RunTime:0.000000s ]
INFO: [ app_begin ] --END-- [ RunTime:0.000000s ]
NOTIC: [8192] Function mcrypt_cbc() is deprecated D:\phpStudy\WWW\dbspapi.dbkan.com\Application\Common\Common\function.php 第 178 行.
SQL: SHOW COLUMNS FROM `user` [ RunTime:0.0060s ]
SQL: SELECT * FROM `user` WHERE `id` = 115 LIMIT 1   [ RunTime:0.0010s ]
SQL: SELECT * FROM `user` WHERE `mobile` = '15120010537' LIMIT 1   [ RunTime:0.0010s ]
SQL: SHOW COLUMNS FROM `relation` [ RunTime:0.0080s ]
SQL: SELECT * FROM `relation` WHERE `user_id` = 115 AND `mobile` = '15120010537' LIMIT 1   [ RunTime:0.0010s ]

[ 2017-11-13T14:47:52+08:00 ] 127.0.0.1 /index.php/mobile/amigos/add
INFO: [ app_init ] --START--
INFO: Run Behavior\BuildLiteBehavior [ RunTime:0.001000s ]
INFO: [ app_init ] --END-- [ RunTime:0.001000s ]
INFO: [ app_begin ] --START--
INFO: Run Behavior\ReadHtmlCacheBehavior [ RunTime:0.002000s ]
INFO: [ app_begin ] --END-- [ RunTime:0.002000s ]
NOTIC: [8192] Function mcrypt_cbc() is deprecated D:\phpStudy\WWW\dbspapi.dbkan.com\Application\Common\Common\function.php 第 178 行.
SQL: SHOW COLUMNS FROM `user` [ RunTime:0.0040s ]
SQL: SELECT * FROM `user` WHERE `id` = 115 LIMIT 1   [ RunTime:0.0000s ]
SQL: SELECT * FROM `user` WHERE `mobile` = '15120010537' LIMIT 1   [ RunTime:0.0010s ]
SQL: SHOW COLUMNS FROM `relation` [ RunTime:0.0080s ]
SQL: SELECT * FROM `relation` WHERE `user_id` = 115 AND `mobile` = '15120010537' LIMIT 1   [ RunTime:0.0000s ]
SQL: INSERT INTO `relation` (`user_id`,`mobile`,`display`,`name`) VALUES ('119','18679354419','2','') [ RunTime:0.0010s ]
SQL: INSERT INTO `relation` (`user_id`,`mobile`,`name`,`display`) VALUES ('115','15120010537','','1') [ RunTime:0.0000s ]
SQL: SELECT * FROM `user` WHERE `id` = 115 LIMIT 1   [ RunTime:0.0010s ]
NOTIC: [8] Undefined index: name D:\phpStudy\WWW\dbspapi.dbkan.com\Application\Mobile\Controller\AmigosController.class.php 第 122 行.
ERR: Push Fail:Http Code : 400-code : 1011-Error Message : cannot find user by this audience-Response JSON : {"msg_id": 2215487053, "error": {"message": "cannot find user by this audience", "code": 1011}}-rateLimitLimit : 600-rateLimitRemaining : 599-rateLimitReset : 60

[ 2017-11-13T14:49:40+08:00 ] 127.0.0.1 /index.php/mobile/amigos/add
INFO: [ app_init ] --START--
INFO: Run Behavior\BuildLiteBehavior [ RunTime:0.000000s ]
INFO: [ app_init ] --END-- [ RunTime:0.002000s ]
INFO: [ app_begin ] --START--
INFO: Run Behavior\ReadHtmlCacheBehavior [ RunTime:0.001000s ]
INFO: [ app_begin ] --END-- [ RunTime:0.001000s ]
NOTIC: [8192] Function mcrypt_cbc() is deprecated D:\phpStudy\WWW\dbspapi.dbkan.com\Application\Common\Common\function.php 第 178 行.
SQL: SHOW COLUMNS FROM `user` [ RunTime:0.0050s ]
SQL: SELECT * FROM `user` WHERE `id` = 115 LIMIT 1   [ RunTime:0.0000s ]
SQL: SELECT * FROM `user` WHERE `mobile` = '15120010537' LIMIT 1   [ RunTime:0.0010s ]
SQL: SHOW COLUMNS FROM `relation` [ RunTime:0.0050s ]
SQL: SELECT * FROM `relation` WHERE `user_id` = 115 AND `mobile` = '15120010537' LIMIT 1   [ RunTime:0.0020s ]
SQL: INSERT INTO `relation` (`user_id`,`mobile`,`display`,`name`) VALUES ('119','18679354419','2','') [ RunTime:0.0010s ]
SQL: INSERT INTO `relation` (`user_id`,`mobile`,`name`,`display`) VALUES ('115','15120010537','','1') [ RunTime:0.0000s ]
SQL: SELECT * FROM `user` WHERE `id` = 115 LIMIT 1   [ RunTime:0.0010s ]
NOTIC: [8] Undefined index: name D:\phpStudy\WWW\dbspapi.dbkan.com\Application\Mobile\Controller\AmigosController.class.php 第 122 行.
ERR: Push Fail:Http Code : 400-code : 1011-Error Message : cannot find user by this audience-Response JSON : {"msg_id": 2216587667, "error": {"message": "cannot find user by this audience", "code": 1011}}-rateLimitLimit : 600-rateLimitRemaining : 599-rateLimitReset : 60

