[ 2017-11-17T11:11:05+08:00 ] 127.0.0.1 /index.php/mobile/log/index
INFO: [ app_init ] --START--
INFO: Run Behavior\BuildLiteBehavior [ RunTime:0.000000s ]
INFO: [ app_init ] --END-- [ RunTime:0.000000s ]
INFO: [ app_begin ] --START--
INFO: Run Behavior\ReadHtmlCacheBehavior [ RunTime:0.001000s ]
INFO: [ app_begin ] --END-- [ RunTime:0.001000s ]
NOTIC: [8192] Function mcrypt_cbc() is deprecated D:\phpStudy\WWW\dbspapi.dbkan.com\Application\Common\Common\function.php 第 178 行.
SQL: SHOW COLUMNS FROM `user` [ RunTime:0.0050s ]
NOTIC: [8] Undefined index: code D:\phpStudy\WWW\dbspapi.dbkan.com\Application\Mobile\Controller\LogController.class.php 第 33 行.
NOTIC: [8] Use of undefined constant YUNXIN_APPKey - assumed 'YUNXIN_APPKey' D:\phpStudy\WWW\dbspapi.dbkan.com\Application\Mobile\Controller\LogController.class.php 第 38 行.
NOTIC: [8] Use of undefined constant YUNXIN_AppSecret - assumed 'YUNXIN_AppSecret' D:\phpStudy\WWW\dbspapi.dbkan.com\Application\Mobile\Controller\LogController.class.php 第 38 行.
SQL: SELECT * FROM `user` WHERE `mobile` = '15158069795' LIMIT 1   [ RunTime:0.0010s ]
SQL: UPDATE `user` SET `create_time`='1510888265',`deviceid_mobile`='867689026009078',`token`='97a93df97d7e4ca18d40c7d0afc1d51d' WHERE `mobile` = '15158069795' [ RunTime:0.0000s ]

[ 2017-11-17T17:21:45+08:00 ] 127.0.0.1 /index.php/mobile/user/edit
INFO: [ app_init ] --START--
INFO: Run Behavior\BuildLiteBehavior [ RunTime:0.000000s ]
INFO: [ app_init ] --END-- [ RunTime:0.001000s ]
INFO: [ app_begin ] --START--
INFO: Run Behavior\ReadHtmlCacheBehavior [ RunTime:0.001000s ]
INFO: [ app_begin ] --END-- [ RunTime:0.001000s ]
NOTIC: [8192] Function mcrypt_cbc() is deprecated D:\phpStudy\WWW\dbspapi.dbkan.com\Application\Common\Common\function.php 第 178 行.
SQL: SHOW COLUMNS FROM `dbsp_user` [ RunTime:0.0040s ]
SQL: SELECT * FROM `dbsp_user` WHERE `id` = 114 LIMIT 1   [ RunTime:0.0010s ]
NOTIC: [8] Undefined index: name D:\phpStudy\WWW\dbspapi.dbkan.com\Application\Mobile\Controller\UserController.class.php 第 71 行.

[ 2017-11-17T17:23:46+08:00 ] 127.0.0.1 /index.php/mobile/user/edit
INFO: [ app_init ] --START--
INFO: Run Behavior\BuildLiteBehavior [ RunTime:0.000000s ]
INFO: [ app_init ] --END-- [ RunTime:0.001000s ]
INFO: [ app_begin ] --START--
INFO: Run Behavior\ReadHtmlCacheBehavior [ RunTime:0.000000s ]
INFO: [ app_begin ] --END-- [ RunTime:0.000000s ]
NOTIC: [8192] Function mcrypt_cbc() is deprecated D:\phpStudy\WWW\dbspapi.dbkan.com\Application\Common\Common\function.php 第 178 行.
SQL: SHOW COLUMNS FROM `dbsp_user` [ RunTime:0.0030s ]
SQL: SELECT * FROM `dbsp_user` WHERE `id` = 114 LIMIT 1   [ RunTime:0.0010s ]
NOTIC: [8] Undefined index: name D:\phpStudy\WWW\dbspapi.dbkan.com\Application\Mobile\Controller\UserController.class.php 第 71 行.
NOTIC: [8] Undefined index: head_portrait D:\phpStudy\WWW\dbspapi.dbkan.com\Application\Mobile\Controller\UserController.class.php 第 79 行.
SQL: UPDATE `dbsp_user` SET `name`='钓鱼',`mobile`='15888825484',`deviceid_tv`='9253afc66021a712',`last_time`='1510038611',`create_time`='1510815577',`head_portrait`='',`token`='99229acca056711d8804577011010cba',`deviceid_mobile`='' WHERE `id` = 114 [ RunTime:0.0000s ]
NOTIC: [8] Undefined index: name D:\phpStudy\WWW\dbspapi.dbkan.com\Application\Mobile\Controller\UserController.class.php 第 88 行.
NOTIC: [8] Undefined variable: img D:\phpStudy\WWW\dbspapi.dbkan.com\Application\Mobile\Controller\UserController.class.php 第 89 行.

[ 2017-11-17T17:23:47+08:00 ] 127.0.0.1 /index.php/mobile/user/edit
INFO: [ app_init ] --START--
INFO: Run Behavior\BuildLiteBehavior [ RunTime:0.000000s ]
INFO: [ app_init ] --END-- [ RunTime:0.000000s ]
INFO: [ app_begin ] --START--
INFO: Run Behavior\ReadHtmlCacheBehavior [ RunTime:0.000000s ]
INFO: [ app_begin ] --END-- [ RunTime:0.000000s ]
NOTIC: [8192] Function mcrypt_cbc() is deprecated D:\phpStudy\WWW\dbspapi.dbkan.com\Application\Common\Common\function.php 第 178 行.
SQL: SHOW COLUMNS FROM `dbsp_user` [ RunTime:0.0050s ]
SQL: SELECT * FROM `dbsp_user` WHERE `id` = 114 LIMIT 1   [ RunTime:0.0000s ]
NOTIC: [8] Undefined index: name D:\phpStudy\WWW\dbspapi.dbkan.com\Application\Mobile\Controller\UserController.class.php 第 71 行.
NOTIC: [8] Undefined index: head_portrait D:\phpStudy\WWW\dbspapi.dbkan.com\Application\Mobile\Controller\UserController.class.php 第 79 行.
SQL: UPDATE `dbsp_user` SET `name`='钓鱼',`mobile`='15888825484',`deviceid_tv`='9253afc66021a712',`last_time`='1510038611',`create_time`='1510815577',`head_portrait`='',`token`='99229acca056711d8804577011010cba',`deviceid_mobile`='' WHERE `id` = 114 [ RunTime:0.0000s ]
NOTIC: [8] Undefined index: name D:\phpStudy\WWW\dbspapi.dbkan.com\Application\Mobile\Controller\UserController.class.php 第 88 行.
NOTIC: [8] Undefined variable: img D:\phpStudy\WWW\dbspapi.dbkan.com\Application\Mobile\Controller\UserController.class.php 第 89 行.

[ 2017-11-17T17:24:04+08:00 ] 127.0.0.1 /index.php/mobile/user/edit
INFO: [ app_init ] --START--
INFO: Run Behavior\BuildLiteBehavior [ RunTime:0.000000s ]
INFO: [ app_init ] --END-- [ RunTime:0.000000s ]
INFO: [ app_begin ] --START--
INFO: Run Behavior\ReadHtmlCacheBehavior [ RunTime:0.000000s ]
INFO: [ app_begin ] --END-- [ RunTime:0.000000s ]
NOTIC: [8192] Function mcrypt_cbc() is deprecated D:\phpStudy\WWW\dbspapi.dbkan.com\Application\Common\Common\function.php 第 178 行.
SQL: SHOW COLUMNS FROM `dbsp_user` [ RunTime:0.0030s ]
SQL: SELECT * FROM `dbsp_user` WHERE `id` = 114 LIMIT 1   [ RunTime:0.0000s ]
NOTIC: [8] Undefined index: name D:\phpStudy\WWW\dbspapi.dbkan.com\Application\Mobile\Controller\UserController.class.php 第 71 行.
NOTIC: [8] Undefined index: head_portrait D:\phpStudy\WWW\dbspapi.dbkan.com\Application\Mobile\Controller\UserController.class.php 第 81 行.
SQL: UPDATE `dbsp_user` SET `name`='钓鱼',`mobile`='15888825484',`deviceid_tv`='9253afc66021a712',`last_time`='1510038611',`create_time`='1510815577',`head_portrait`='',`token`='99229acca056711d8804577011010cba',`deviceid_mobile`='' WHERE `id` = 114 [ RunTime:0.0000s ]
NOTIC: [8] Undefined index: name D:\phpStudy\WWW\dbspapi.dbkan.com\Application\Mobile\Controller\UserController.class.php 第 90 行.
NOTIC: [8] Undefined variable: img D:\phpStudy\WWW\dbspapi.dbkan.com\Application\Mobile\Controller\UserController.class.php 第 91 行.

[ 2017-11-17T17:35:05+08:00 ] 127.0.0.1 /index.php/mobile/user/edit
INFO: [ app_init ] --START--
INFO: Run Behavior\BuildLiteBehavior [ RunTime:0.000000s ]
INFO: [ app_init ] --END-- [ RunTime:0.001000s ]
INFO: [ app_begin ] --START--
INFO: Run Behavior\ReadHtmlCacheBehavior [ RunTime:0.000000s ]
INFO: [ app_begin ] --END-- [ RunTime:0.000000s ]
NOTIC: [8192] Function mcrypt_cbc() is deprecated D:\phpStudy\WWW\dbspapi.dbkan.com\Application\Common\Common\function.php 第 178 行.
SQL: SHOW COLUMNS FROM `dbsp_user` [ RunTime:0.0040s ]
SQL: SELECT * FROM `dbsp_user` WHERE `id` = 114 LIMIT 1   [ RunTime:0.0000s ]
NOTIC: [8] Undefined index: name D:\phpStudy\WWW\dbspapi.dbkan.com\Application\Mobile\Controller\UserController.class.php 第 71 行.
NOTIC: [8] Undefined index: head_portrait D:\phpStudy\WWW\dbspapi.dbkan.com\Application\Mobile\Controller\UserController.class.php 第 81 行.

[ 2017-11-17T17:35:39+08:00 ] 127.0.0.1 /index.php/mobile/user/edit
INFO: [ app_init ] --START--
INFO: Run Behavior\BuildLiteBehavior [ RunTime:0.000000s ]
INFO: [ app_init ] --END-- [ RunTime:0.000000s ]
INFO: [ app_begin ] --START--
INFO: Run Behavior\ReadHtmlCacheBehavior [ RunTime:0.000000s ]
INFO: [ app_begin ] --END-- [ RunTime:0.000000s ]
NOTIC: [8192] Function mcrypt_cbc() is deprecated D:\phpStudy\WWW\dbspapi.dbkan.com\Application\Common\Common\function.php 第 178 行.
SQL: SHOW COLUMNS FROM `dbsp_user` [ RunTime:0.0020s ]
SQL: SELECT * FROM `dbsp_user` WHERE `id` = 114 LIMIT 1   [ RunTime:0.0000s ]
NOTIC: [8] Undefined index: name D:\phpStudy\WWW\dbspapi.dbkan.com\Application\Mobile\Controller\UserController.class.php 第 71 行.
NOTIC: [8] Undefined index: head_portrait D:\phpStudy\WWW\dbspapi.dbkan.com\Application\Mobile\Controller\UserController.class.php 第 81 行.

[ 2017-11-17T17:35:40+08:00 ] 127.0.0.1 /index.php/mobile/user/edit
INFO: [ app_init ] --START--
INFO: Run Behavior\BuildLiteBehavior [ RunTime:0.000000s ]
INFO: [ app_init ] --END-- [ RunTime:0.000000s ]
INFO: [ app_begin ] --START--
INFO: Run Behavior\ReadHtmlCacheBehavior [ RunTime:0.001000s ]
INFO: [ app_begin ] --END-- [ RunTime:0.001000s ]
NOTIC: [8192] Function mcrypt_cbc() is deprecated D:\phpStudy\WWW\dbspapi.dbkan.com\Application\Common\Common\function.php 第 178 行.
SQL: SHOW COLUMNS FROM `dbsp_user` [ RunTime:0.0010s ]
SQL: SELECT * FROM `dbsp_user` WHERE `id` = 114 LIMIT 1   [ RunTime:0.0000s ]
NOTIC: [8] Undefined index: name D:\phpStudy\WWW\dbspapi.dbkan.com\Application\Mobile\Controller\UserController.class.php 第 71 行.
NOTIC: [8] Undefined index: head_portrait D:\phpStudy\WWW\dbspapi.dbkan.com\Application\Mobile\Controller\UserController.class.php 第 81 行.

[ 2017-11-17T17:35:40+08:00 ] 127.0.0.1 /index.php/mobile/user/edit
INFO: [ app_init ] --START--
INFO: Run Behavior\BuildLiteBehavior [ RunTime:0.000000s ]
INFO: [ app_init ] --END-- [ RunTime:0.000000s ]
INFO: [ app_begin ] --START--
INFO: Run Behavior\ReadHtmlCacheBehavior [ RunTime:0.000000s ]
INFO: [ app_begin ] --END-- [ RunTime:0.000000s ]
NOTIC: [8192] Function mcrypt_cbc() is deprecated D:\phpStudy\WWW\dbspapi.dbkan.com\Application\Common\Common\function.php 第 178 行.
SQL: SHOW COLUMNS FROM `dbsp_user` [ RunTime:0.0010s ]
SQL: SELECT * FROM `dbsp_user` WHERE `id` = 114 LIMIT 1   [ RunTime:0.0000s ]
NOTIC: [8] Undefined index: name D:\phpStudy\WWW\dbspapi.dbkan.com\Application\Mobile\Controller\UserController.class.php 第 71 行.
NOTIC: [8] Undefined index: head_portrait D:\phpStudy\WWW\dbspapi.dbkan.com\Application\Mobile\Controller\UserController.class.php 第 81 行.

[ 2017-11-17T17:36:10+08:00 ] 127.0.0.1 /index.php/mobile/user/edit
INFO: [ app_init ] --START--
INFO: Run Behavior\BuildLiteBehavior [ RunTime:0.000000s ]
INFO: [ app_init ] --END-- [ RunTime:0.000000s ]
INFO: [ app_begin ] --START--
INFO: Run Behavior\ReadHtmlCacheBehavior [ RunTime:0.000000s ]
INFO: [ app_begin ] --END-- [ RunTime:0.000000s ]
NOTIC: [8192] Function mcrypt_cbc() is deprecated D:\phpStudy\WWW\dbspapi.dbkan.com\Application\Common\Common\function.php 第 178 行.
SQL: SHOW COLUMNS FROM `dbsp_user` [ RunTime:0.0030s ]
SQL: SELECT * FROM `dbsp_user` WHERE `id` = 114 LIMIT 1   [ RunTime:0.0010s ]
NOTIC: [8] Undefined index: name D:\phpStudy\WWW\dbspapi.dbkan.com\Application\Mobile\Controller\UserController.class.php 第 71 行.
NOTIC: [8] Undefined index: head_portrait D:\phpStudy\WWW\dbspapi.dbkan.com\Application\Mobile\Controller\UserController.class.php 第 81 行.

[ 2017-11-17T17:36:11+08:00 ] 127.0.0.1 /index.php/mobile/user/edit
INFO: [ app_init ] --START--
INFO: Run Behavior\BuildLiteBehavior [ RunTime:0.000000s ]
INFO: [ app_init ] --END-- [ RunTime:0.000000s ]
INFO: [ app_begin ] --START--
INFO: Run Behavior\ReadHtmlCacheBehavior [ RunTime:0.000000s ]
INFO: [ app_begin ] --END-- [ RunTime:0.000000s ]
NOTIC: [8192] Function mcrypt_cbc() is deprecated D:\phpStudy\WWW\dbspapi.dbkan.com\Application\Common\Common\function.php 第 178 行.
SQL: SHOW COLUMNS FROM `dbsp_user` [ RunTime:0.0040s ]
SQL: SELECT * FROM `dbsp_user` WHERE `id` = 114 LIMIT 1   [ RunTime:0.0000s ]
NOTIC: [8] Undefined index: name D:\phpStudy\WWW\dbspapi.dbkan.com\Application\Mobile\Controller\UserController.class.php 第 71 行.
NOTIC: [8] Undefined index: head_portrait D:\phpStudy\WWW\dbspapi.dbkan.com\Application\Mobile\Controller\UserController.class.php 第 81 行.

[ 2017-11-17T17:36:11+08:00 ] 127.0.0.1 /index.php/mobile/user/edit
INFO: [ app_init ] --START--
INFO: Run Behavior\BuildLiteBehavior [ RunTime:0.000000s ]
INFO: [ app_init ] --END-- [ RunTime:0.000000s ]
INFO: [ app_begin ] --START--
INFO: Run Behavior\ReadHtmlCacheBehavior [ RunTime:0.001000s ]
INFO: [ app_begin ] --END-- [ RunTime:0.001000s ]
NOTIC: [8192] Function mcrypt_cbc() is deprecated D:\phpStudy\WWW\dbspapi.dbkan.com\Application\Common\Common\function.php 第 178 行.
SQL: SHOW COLUMNS FROM `dbsp_user` [ RunTime:0.0020s ]
SQL: SELECT * FROM `dbsp_user` WHERE `id` = 114 LIMIT 1   [ RunTime:0.0000s ]
NOTIC: [8] Undefined index: name D:\phpStudy\WWW\dbspapi.dbkan.com\Application\Mobile\Controller\UserController.class.php 第 71 行.
NOTIC: [8] Undefined index: head_portrait D:\phpStudy\WWW\dbspapi.dbkan.com\Application\Mobile\Controller\UserController.class.php 第 81 行.

[ 2017-11-17T17:36:12+08:00 ] 127.0.0.1 /index.php/mobile/user/edit
INFO: [ app_init ] --START--
INFO: Run Behavior\BuildLiteBehavior [ RunTime:0.000000s ]
INFO: [ app_init ] --END-- [ RunTime:0.000000s ]
INFO: [ app_begin ] --START--
INFO: Run Behavior\ReadHtmlCacheBehavior [ RunTime:0.000000s ]
INFO: [ app_begin ] --END-- [ RunTime:0.000000s ]
NOTIC: [8192] Function mcrypt_cbc() is deprecated D:\phpStudy\WWW\dbspapi.dbkan.com\Application\Common\Common\function.php 第 178 行.
SQL: SHOW COLUMNS FROM `dbsp_user` [ RunTime:0.0040s ]
SQL: SELECT * FROM `dbsp_user` WHERE `id` = 114 LIMIT 1   [ RunTime:0.0000s ]
NOTIC: [8] Undefined index: name D:\phpStudy\WWW\dbspapi.dbkan.com\Application\Mobile\Controller\UserController.class.php 第 71 行.
NOTIC: [8] Undefined index: head_portrait D:\phpStudy\WWW\dbspapi.dbkan.com\Application\Mobile\Controller\UserController.class.php 第 81 行.

[ 2017-11-17T17:36:12+08:00 ] 127.0.0.1 /index.php/mobile/user/edit
INFO: [ app_init ] --START--
INFO: Run Behavior\BuildLiteBehavior [ RunTime:0.000000s ]
INFO: [ app_init ] --END-- [ RunTime:0.000000s ]
INFO: [ app_begin ] --START--
INFO: Run Behavior\ReadHtmlCacheBehavior [ RunTime:0.000000s ]
INFO: [ app_begin ] --END-- [ RunTime:0.000000s ]
NOTIC: [8192] Function mcrypt_cbc() is deprecated D:\phpStudy\WWW\dbspapi.dbkan.com\Application\Common\Common\function.php 第 178 行.
SQL: SHOW COLUMNS FROM `dbsp_user` [ RunTime:0.0030s ]
SQL: SELECT * FROM `dbsp_user` WHERE `id` = 114 LIMIT 1   [ RunTime:0.0010s ]
NOTIC: [8] Undefined index: name D:\phpStudy\WWW\dbspapi.dbkan.com\Application\Mobile\Controller\UserController.class.php 第 71 行.
NOTIC: [8] Undefined index: head_portrait D:\phpStudy\WWW\dbspapi.dbkan.com\Application\Mobile\Controller\UserController.class.php 第 81 行.

[ 2017-11-17T17:37:28+08:00 ] 127.0.0.1 /index.php/mobile/user/edit
INFO: [ app_init ] --START--
INFO: Run Behavior\BuildLiteBehavior [ RunTime:0.000000s ]
INFO: [ app_init ] --END-- [ RunTime:0.000000s ]
INFO: [ app_begin ] --START--
INFO: Run Behavior\ReadHtmlCacheBehavior [ RunTime:0.000000s ]
INFO: [ app_begin ] --END-- [ RunTime:0.000000s ]
NOTIC: [8192] Function mcrypt_cbc() is deprecated D:\phpStudy\WWW\dbspapi.dbkan.com\Application\Common\Common\function.php 第 178 行.
SQL: SHOW COLUMNS FROM `dbsp_user` [ RunTime:0.0040s ]
SQL: SELECT * FROM `dbsp_user` WHERE `id` = 114 LIMIT 1   [ RunTime:0.0000s ]
NOTIC: [8] Undefined index: name D:\phpStudy\WWW\dbspapi.dbkan.com\Application\Mobile\Controller\UserController.class.php 第 71 行.
SQL: UPDATE `dbsp_user` SET `name`='钓鱼',`mobile`='15888825484',`deviceid_tv`='9253afc66021a712',`last_time`='1510038611',`create_time`='1510815577',`head_portrait`='',`token`='99229acca056711d8804577011010cba',`deviceid_mobile`='' WHERE `id` = 114 [ RunTime:0.0000s ]
NOTIC: [8] Undefined index: name D:\phpStudy\WWW\dbspapi.dbkan.com\Application\Mobile\Controller\UserController.class.php 第 86 行.
NOTIC: [8] Undefined variable: img D:\phpStudy\WWW\dbspapi.dbkan.com\Application\Mobile\Controller\UserController.class.php 第 87 行.

