[ 2017-10-24T11:00:01+08:00 ] 127.0.0.1 /index.php/home/log/test
INFO: [ app_init ] --START--
INFO: Run Behavior\BuildLiteBehavior [ RunTime:0.000000s ]
INFO: [ app_init ] --END-- [ RunTime:0.000000s ]
INFO: [ app_begin ] --START--
INFO: Run Behavior\ReadHtmlCacheBehavior [ RunTime:0.001000s ]
INFO: [ app_begin ] --END-- [ RunTime:0.001000s ]

[ 2017-10-24T11:00:07+08:00 ] 127.0.0.1 /index.php/home/log/test
INFO: [ app_init ] --START--
INFO: Run Behavior\BuildLiteBehavior [ RunTime:0.000000s ]
INFO: [ app_init ] --END-- [ RunTime:0.000000s ]
INFO: [ app_begin ] --START--
INFO: Run Behavior\ReadHtmlCacheBehavior [ RunTime:0.000000s ]
INFO: [ app_begin ] --END-- [ RunTime:0.000000s ]
NOTIC: [8192] Function mcrypt_cbc() is deprecated D:\phpStudy\WWW\dbspapi.dbkan.com\Application\Common\Common\function.php 第 135 行.

[ 2017-10-24T11:29:55+08:00 ] 127.0.0.1 /index.php/home/log/index1
INFO: [ app_init ] --START--
INFO: Run Behavior\BuildLiteBehavior [ RunTime:0.000000s ]
INFO: [ app_init ] --END-- [ RunTime:0.000000s ]
INFO: [ app_begin ] --START--
INFO: Run Behavior\ReadHtmlCacheBehavior [ RunTime:0.000000s ]
INFO: [ app_begin ] --END-- [ RunTime:0.000000s ]
SQL: SHOW COLUMNS FROM `user` [ RunTime:0.0110s ]
NOTIC: [8192] Function mcrypt_cbc() is deprecated D:\phpStudy\WWW\dbspapi.dbkan.com\Application\Common\Common\function.php 第 135 行.

[ 2017-10-24T11:30:26+08:00 ] 127.0.0.1 /index.php/home/log/index1
INFO: [ app_init ] --START--
INFO: Run Behavior\BuildLiteBehavior [ RunTime:0.000000s ]
INFO: [ app_init ] --END-- [ RunTime:0.000000s ]
INFO: [ app_begin ] --START--
INFO: Run Behavior\ReadHtmlCacheBehavior [ RunTime:0.000000s ]
INFO: [ app_begin ] --END-- [ RunTime:0.000000s ]
SQL: SHOW COLUMNS FROM `user` [ RunTime:0.0050s ]
NOTIC: [8] Undefined index: mobile D:\phpStudy\WWW\dbspapi.dbkan.com\Application\Home\Controller\LogController.class.php 第 193 行.
NOTIC: [8] Undefined index: code D:\phpStudy\WWW\dbspapi.dbkan.com\Application\Home\Controller\LogController.class.php 第 193 行.
NOTIC: [8] Use of undefined constant YUNXIN_APPKey - assumed 'YUNXIN_APPKey' D:\phpStudy\WWW\dbspapi.dbkan.com\Application\Home\Controller\LogController.class.php 第 198 行.
NOTIC: [8] Use of undefined constant YUNXIN_AppSecret - assumed 'YUNXIN_AppSecret' D:\phpStudy\WWW\dbspapi.dbkan.com\Application\Home\Controller\LogController.class.php 第 198 行.
NOTIC: [8] Undefined index: mobile D:\phpStudy\WWW\dbspapi.dbkan.com\Application\Home\Controller\LogController.class.php 第 200 行.
SQL: SELECT * FROM `user` WHERE `mobile` = null LIMIT 1   [ RunTime:0.0010s ]
NOTIC: [8] Undefined index: mobile D:\phpStudy\WWW\dbspapi.dbkan.com\Application\Home\Controller\LogController.class.php 第 210 行.
NOTIC: [8] Undefined index: deviceid D:\phpStudy\WWW\dbspapi.dbkan.com\Application\Home\Controller\LogController.class.php 第 212 行.
SQL: INSERT INTO `user` (`mobile`,`name`,`deviceid`,`last_time`,`create_time`,`head_portrait`) VALUES (NULL,'我自己',NULL,'1508815826','1508815826','https://ss1.baidu.com/6ONXsjip0QIZ8tyhnq/it/u=2431793134,2450266062&fm=58&u_exp_0=1864759519,2116960652&fm_exp_0=86&bpow=353&bpoh=373') [ RunTime:0.0020s ]
NOTIC: [8] Undefined index: mobile D:\phpStudy\WWW\dbspapi.dbkan.com\Application\Home\Controller\LogController.class.php 第 220 行.
NOTIC: [8] Undefined index: mobile D:\phpStudy\WWW\dbspapi.dbkan.com\Application\Home\Controller\LogController.class.php 第 232 行.
NOTIC: [8] Undefined index: deviceid D:\phpStudy\WWW\dbspapi.dbkan.com\Application\Home\Controller\LogController.class.php 第 233 行.
NOTIC: [8] Undefined index: mobile D:\phpStudy\WWW\dbspapi.dbkan.com\Application\Home\Controller\LogController.class.php 第 235 行.
NOTIC: [2] unlink(./Application/Runtime/Temp/c13367945d5d4c91047b3b50234aa7ab.php): No such file or directory D:\phpStudy\WWW\dbspapi.dbkan.com\ThinkPHP\Library\Think\Cache\Driver\File.class.php 第 157 行.
NOTIC: [8] Undefined index: deviceid D:\phpStudy\WWW\dbspapi.dbkan.com\Application\Home\Controller\LogController.class.php 第 239 行.
NOTIC: [8] Undefined index: mobile D:\phpStudy\WWW\dbspapi.dbkan.com\Application\Home\Controller\LogController.class.php 第 243 行.
SQL: UPDATE `user` SET `create_time`='1508815826',`deviceid`=NULL,`token`='873100a9522ca3a547fa0d61acef82d4' WHERE `mobile` = null [ RunTime:0.0010s ]
NOTIC: [8] Undefined index: mobile D:\phpStudy\WWW\dbspapi.dbkan.com\Application\Home\Controller\LogController.class.php 第 249 行.
NOTIC: [8] Array to string conversion D:\phpStudy\WWW\dbspapi.dbkan.com\Application\Common\Common\function.php 第 104 行.
INFO: [ app_end ] --START--
INFO: Run Behavior\ShowPageTraceBehavior [ RunTime:0.000000s ]
INFO: [ app_end ] --END-- [ RunTime:0.000000s ]

[ 2017-10-24T11:30:27+08:00 ] 127.0.0.1 /index.php/home/log/index1
INFO: [ app_init ] --START--
INFO: Run Behavior\BuildLiteBehavior [ RunTime:0.000000s ]
INFO: [ app_init ] --END-- [ RunTime:0.000000s ]
INFO: [ app_begin ] --START--
INFO: Run Behavior\ReadHtmlCacheBehavior [ RunTime:0.001000s ]
INFO: [ app_begin ] --END-- [ RunTime:0.001000s ]
SQL: SHOW COLUMNS FROM `user` [ RunTime:0.0010s ]
NOTIC: [8] Undefined index: mobile D:\phpStudy\WWW\dbspapi.dbkan.com\Application\Home\Controller\LogController.class.php 第 193 行.
NOTIC: [8] Undefined index: code D:\phpStudy\WWW\dbspapi.dbkan.com\Application\Home\Controller\LogController.class.php 第 193 行.
NOTIC: [8] Use of undefined constant YUNXIN_APPKey - assumed 'YUNXIN_APPKey' D:\phpStudy\WWW\dbspapi.dbkan.com\Application\Home\Controller\LogController.class.php 第 198 行.
NOTIC: [8] Use of undefined constant YUNXIN_AppSecret - assumed 'YUNXIN_AppSecret' D:\phpStudy\WWW\dbspapi.dbkan.com\Application\Home\Controller\LogController.class.php 第 198 行.
NOTIC: [8] Undefined index: mobile D:\phpStudy\WWW\dbspapi.dbkan.com\Application\Home\Controller\LogController.class.php 第 200 行.
SQL: SELECT * FROM `user` WHERE `mobile` = null LIMIT 1   [ RunTime:0.0010s ]
NOTIC: [8] Undefined index: mobile D:\phpStudy\WWW\dbspapi.dbkan.com\Application\Home\Controller\LogController.class.php 第 210 行.
NOTIC: [8] Undefined index: deviceid D:\phpStudy\WWW\dbspapi.dbkan.com\Application\Home\Controller\LogController.class.php 第 212 行.
SQL: INSERT INTO `user` (`mobile`,`name`,`deviceid`,`last_time`,`create_time`,`head_portrait`) VALUES (NULL,'我自己',NULL,'1508815827','1508815827','https://ss1.baidu.com/6ONXsjip0QIZ8tyhnq/it/u=2431793134,2450266062&fm=58&u_exp_0=1864759519,2116960652&fm_exp_0=86&bpow=353&bpoh=373') [ RunTime:0.0000s ]
NOTIC: [8] Undefined index: mobile D:\phpStudy\WWW\dbspapi.dbkan.com\Application\Home\Controller\LogController.class.php 第 220 行.
NOTIC: [8] Undefined index: mobile D:\phpStudy\WWW\dbspapi.dbkan.com\Application\Home\Controller\LogController.class.php 第 232 行.
NOTIC: [8] Undefined index: deviceid D:\phpStudy\WWW\dbspapi.dbkan.com\Application\Home\Controller\LogController.class.php 第 233 行.
NOTIC: [8] Undefined index: mobile D:\phpStudy\WWW\dbspapi.dbkan.com\Application\Home\Controller\LogController.class.php 第 235 行.
NOTIC: [2] unlink(./Application/Runtime/Temp/c13367945d5d4c91047b3b50234aa7ab.php): No such file or directory D:\phpStudy\WWW\dbspapi.dbkan.com\ThinkPHP\Library\Think\Cache\Driver\File.class.php 第 157 行.
NOTIC: [8] Undefined index: deviceid D:\phpStudy\WWW\dbspapi.dbkan.com\Application\Home\Controller\LogController.class.php 第 239 行.
NOTIC: [8] Undefined index: mobile D:\phpStudy\WWW\dbspapi.dbkan.com\Application\Home\Controller\LogController.class.php 第 243 行.
SQL: UPDATE `user` SET `create_time`='1508815827',`deviceid`=NULL,`token`='90a866fb9960b969b59b5533a628a030' WHERE `mobile` = null [ RunTime:0.0010s ]
NOTIC: [8] Undefined index: mobile D:\phpStudy\WWW\dbspapi.dbkan.com\Application\Home\Controller\LogController.class.php 第 249 行.
NOTIC: [8] Array to string conversion D:\phpStudy\WWW\dbspapi.dbkan.com\Application\Common\Common\function.php 第 104 行.
INFO: [ app_end ] --START--
INFO: Run Behavior\ShowPageTraceBehavior [ RunTime:0.000000s ]
INFO: [ app_end ] --END-- [ RunTime:0.000000s ]

[ 2017-10-24T11:30:38+08:00 ] 127.0.0.1 /index.php/home/log/index1
INFO: [ app_init ] --START--
INFO: Run Behavior\BuildLiteBehavior [ RunTime:0.000000s ]
INFO: [ app_init ] --END-- [ RunTime:0.000000s ]
INFO: [ app_begin ] --START--
INFO: Run Behavior\ReadHtmlCacheBehavior [ RunTime:0.000000s ]
INFO: [ app_begin ] --END-- [ RunTime:0.000000s ]
SQL: SHOW COLUMNS FROM `user` [ RunTime:0.0010s ]
NOTIC: [8] Undefined index: mobile D:\phpStudy\WWW\dbspapi.dbkan.com\Application\Home\Controller\LogController.class.php 第 193 行.
NOTIC: [8] Undefined index: code D:\phpStudy\WWW\dbspapi.dbkan.com\Application\Home\Controller\LogController.class.php 第 193 行.
NOTIC: [8] Use of undefined constant YUNXIN_APPKey - assumed 'YUNXIN_APPKey' D:\phpStudy\WWW\dbspapi.dbkan.com\Application\Home\Controller\LogController.class.php 第 198 行.
NOTIC: [8] Use of undefined constant YUNXIN_AppSecret - assumed 'YUNXIN_AppSecret' D:\phpStudy\WWW\dbspapi.dbkan.com\Application\Home\Controller\LogController.class.php 第 198 行.
NOTIC: [8] Undefined index: mobile D:\phpStudy\WWW\dbspapi.dbkan.com\Application\Home\Controller\LogController.class.php 第 200 行.
SQL: SELECT * FROM `user` WHERE `mobile` = null LIMIT 1   [ RunTime:0.0000s ]
NOTIC: [8] Undefined index: mobile D:\phpStudy\WWW\dbspapi.dbkan.com\Application\Home\Controller\LogController.class.php 第 210 行.
NOTIC: [8] Undefined index: deviceid D:\phpStudy\WWW\dbspapi.dbkan.com\Application\Home\Controller\LogController.class.php 第 212 行.
SQL: INSERT INTO `user` (`mobile`,`name`,`deviceid`,`last_time`,`create_time`,`head_portrait`) VALUES (NULL,'我自己',NULL,'1508815838','1508815838','https://ss1.baidu.com/6ONXsjip0QIZ8tyhnq/it/u=2431793134,2450266062&fm=58&u_exp_0=1864759519,2116960652&fm_exp_0=86&bpow=353&bpoh=373') [ RunTime:0.0000s ]
NOTIC: [8] Undefined index: mobile D:\phpStudy\WWW\dbspapi.dbkan.com\Application\Home\Controller\LogController.class.php 第 220 行.
NOTIC: [8] Undefined index: mobile D:\phpStudy\WWW\dbspapi.dbkan.com\Application\Home\Controller\LogController.class.php 第 232 行.
NOTIC: [8] Undefined index: deviceid D:\phpStudy\WWW\dbspapi.dbkan.com\Application\Home\Controller\LogController.class.php 第 233 行.
NOTIC: [8] Undefined index: mobile D:\phpStudy\WWW\dbspapi.dbkan.com\Application\Home\Controller\LogController.class.php 第 235 行.
NOTIC: [2] unlink(./Application/Runtime/Temp/c13367945d5d4c91047b3b50234aa7ab.php): No such file or directory D:\phpStudy\WWW\dbspapi.dbkan.com\ThinkPHP\Library\Think\Cache\Driver\File.class.php 第 157 行.
NOTIC: [8] Undefined index: deviceid D:\phpStudy\WWW\dbspapi.dbkan.com\Application\Home\Controller\LogController.class.php 第 239 行.
NOTIC: [8] Undefined index: mobile D:\phpStudy\WWW\dbspapi.dbkan.com\Application\Home\Controller\LogController.class.php 第 243 行.
SQL: UPDATE `user` SET `create_time`='1508815838',`deviceid`=NULL,`token`='d14d5a5d9fd5f0cd3ba880a7691976b4' WHERE `mobile` = null [ RunTime:0.0000s ]
NOTIC: [8] Undefined index: mobile D:\phpStudy\WWW\dbspapi.dbkan.com\Application\Home\Controller\LogController.class.php 第 249 行.
INFO: [ app_end ] --START--
INFO: Run Behavior\ShowPageTraceBehavior [ RunTime:0.001000s ]
INFO: [ app_end ] --END-- [ RunTime:0.001000s ]

[ 2017-10-24T11:31:06+08:00 ] 127.0.0.1 /index.php/home/log/index1
INFO: [ app_init ] --START--
INFO: Run Behavior\BuildLiteBehavior [ RunTime:0.000000s ]
INFO: [ app_init ] --END-- [ RunTime:0.001000s ]
INFO: [ app_begin ] --START--
INFO: Run Behavior\ReadHtmlCacheBehavior [ RunTime:0.000000s ]
INFO: [ app_begin ] --END-- [ RunTime:0.000000s ]
SQL: SHOW COLUMNS FROM `user` [ RunTime:0.0020s ]
NOTIC: [8] Undefined index: mobile D:\phpStudy\WWW\dbspapi.dbkan.com\Application\Home\Controller\LogController.class.php 第 193 行.
NOTIC: [8] Undefined index: code D:\phpStudy\WWW\dbspapi.dbkan.com\Application\Home\Controller\LogController.class.php 第 193 行.
NOTIC: [8] Use of undefined constant YUNXIN_APPKey - assumed 'YUNXIN_APPKey' D:\phpStudy\WWW\dbspapi.dbkan.com\Application\Home\Controller\LogController.class.php 第 198 行.
NOTIC: [8] Use of undefined constant YUNXIN_AppSecret - assumed 'YUNXIN_AppSecret' D:\phpStudy\WWW\dbspapi.dbkan.com\Application\Home\Controller\LogController.class.php 第 198 行.
NOTIC: [8] Undefined index: mobile D:\phpStudy\WWW\dbspapi.dbkan.com\Application\Home\Controller\LogController.class.php 第 202 行.
SQL: SELECT * FROM `user` WHERE `mobile` = null LIMIT 1   [ RunTime:0.0020s ]
NOTIC: [8] Undefined index: mobile D:\phpStudy\WWW\dbspapi.dbkan.com\Application\Home\Controller\LogController.class.php 第 212 行.
NOTIC: [8] Undefined index: deviceid D:\phpStudy\WWW\dbspapi.dbkan.com\Application\Home\Controller\LogController.class.php 第 214 行.
SQL: INSERT INTO `user` (`mobile`,`name`,`deviceid`,`last_time`,`create_time`,`head_portrait`) VALUES (NULL,'我自己',NULL,'1508815866','1508815866','https://ss1.baidu.com/6ONXsjip0QIZ8tyhnq/it/u=2431793134,2450266062&fm=58&u_exp_0=1864759519,2116960652&fm_exp_0=86&bpow=353&bpoh=373') [ RunTime:0.0020s ]
NOTIC: [8] Undefined index: mobile D:\phpStudy\WWW\dbspapi.dbkan.com\Application\Home\Controller\LogController.class.php 第 222 行.
NOTIC: [8] Undefined index: mobile D:\phpStudy\WWW\dbspapi.dbkan.com\Application\Home\Controller\LogController.class.php 第 234 行.
NOTIC: [8] Undefined index: deviceid D:\phpStudy\WWW\dbspapi.dbkan.com\Application\Home\Controller\LogController.class.php 第 235 行.
NOTIC: [8] Undefined index: mobile D:\phpStudy\WWW\dbspapi.dbkan.com\Application\Home\Controller\LogController.class.php 第 237 行.
NOTIC: [2] unlink(./Application/Runtime/Temp/c13367945d5d4c91047b3b50234aa7ab.php): No such file or directory D:\phpStudy\WWW\dbspapi.dbkan.com\ThinkPHP\Library\Think\Cache\Driver\File.class.php 第 157 行.
NOTIC: [8] Undefined index: deviceid D:\phpStudy\WWW\dbspapi.dbkan.com\Application\Home\Controller\LogController.class.php 第 241 行.
NOTIC: [8] Undefined index: mobile D:\phpStudy\WWW\dbspapi.dbkan.com\Application\Home\Controller\LogController.class.php 第 245 行.
SQL: UPDATE `user` SET `create_time`='1508815866',`deviceid`=NULL,`token`='b4f07ef1eebb0c0ccd756d1eef801e38' WHERE `mobile` = null [ RunTime:0.0010s ]
NOTIC: [8] Undefined index: mobile D:\phpStudy\WWW\dbspapi.dbkan.com\Application\Home\Controller\LogController.class.php 第 251 行.
INFO: [ app_end ] --START--
INFO: Run Behavior\ShowPageTraceBehavior [ RunTime:0.000000s ]
INFO: [ app_end ] --END-- [ RunTime:0.000000s ]

[ 2017-10-24T12:59:43+08:00 ] 127.0.0.1 /
INFO: [ app_init ] --START--
INFO: Run Behavior\BuildLiteBehavior [ RunTime:0.000000s ]
INFO: [ app_init ] --END-- [ RunTime:0.000000s ]
INFO: [ app_begin ] --START--
INFO: Run Behavior\ReadHtmlCacheBehavior [ RunTime:0.000000s ]
INFO: [ app_begin ] --END-- [ RunTime:0.000000s ]
ERR: 无法加载控制器:Index

[ 2017-10-24T16:23:18+08:00 ] 127.0.0.1 /
INFO: [ app_init ] --START--
INFO: Run Behavior\BuildLiteBehavior [ RunTime:0.000000s ]
INFO: [ app_init ] --END-- [ RunTime:0.000000s ]
INFO: [ app_begin ] --START--
INFO: Run Behavior\ReadHtmlCacheBehavior [ RunTime:0.000000s ]
INFO: [ app_begin ] --END-- [ RunTime:0.000000s ]
ERR: 无法加载控制器:Index

[ 2017-10-24T16:23:27+08:00 ] 127.0.0.1 /index.php/home/log/test
INFO: [ app_init ] --START--
INFO: Run Behavior\BuildLiteBehavior [ RunTime:0.000000s ]
INFO: [ app_init ] --END-- [ RunTime:0.000000s ]
INFO: [ app_begin ] --START--
INFO: Run Behavior\ReadHtmlCacheBehavior [ RunTime:0.000000s ]
INFO: [ app_begin ] --END-- [ RunTime:0.000000s ]
ERR: 非法操作:test

[ 2017-10-24T16:23:31+08:00 ] 127.0.0.1 /index.php/home/log/
INFO: [ app_init ] --START--
INFO: Run Behavior\BuildLiteBehavior [ RunTime:0.000000s ]
INFO: [ app_init ] --END-- [ RunTime:0.000000s ]
INFO: [ app_begin ] --START--
INFO: Run Behavior\ReadHtmlCacheBehavior [ RunTime:0.001000s ]
INFO: [ app_begin ] --END-- [ RunTime:0.001000s ]
NOTIC: [8192] Function mcrypt_cbc() is deprecated D:\phpStudy\WWW\dbspapi.dbkan.com\Application\Common\Common\function.php 第 153 行.
SQL: SHOW COLUMNS FROM `user` [ RunTime:0.0060s ]
NOTIC: [8192] Function mcrypt_cbc() is deprecated D:\phpStudy\WWW\dbspapi.dbkan.com\Application\Common\Common\function.php 第 135 行.

