[ 2017-12-15T11:39:33+08:00 ] 127.0.0.1 /
INFO: [ app_init ] --START--
INFO: Run Behavior\BuildLiteBehavior [ RunTime:0.000035s ]
INFO: [ app_init ] --END-- [ RunTime:0.002881s ]
NOTIC: [8] Constant NOFILE_CD already defined F:\tool\phpstudy\WWW\dbspapi.dbkan.com\Application\Common\Conf\messagecd.php 第 31 行.
NOTIC: [8] Constant NOFILE_MSG already defined F:\tool\phpstudy\WWW\dbspapi.dbkan.com\Application\Common\Conf\messagecd.php 第 32 行.
INFO: [ app_begin ] --START--
INFO: Run Behavior\ReadHtmlCacheBehavior [ RunTime:0.001125s ]
INFO: [ app_begin ] --END-- [ RunTime:0.001245s ]
NOTIC: [2048] Declaration of Home\Controller\BaseController::error() should be compatible with Think\Controller::error($message = '', $jumpUrl = '', $ajax = false) F:\tool\phpstudy\WWW\dbspapi.dbkan.com\Application\Home\Controller\BaseController.class.php 第 38 行.
SQL: SHOW COLUMNS FROM `config` [ RunTime:0.0313s ]
SQL: SELECT * FROM `config` WHERE `key` = 'price' LIMIT 1   [ RunTime:0.0008s ]
SQL: UPDATE `config` SET `value`='{\"time\":1513309173,\"price\":\"17563.08\"}' WHERE `key` = 'price' [ RunTime:0.0028s ]
INFO: [ view_parse ] --START--
INFO: [ template_filter ] --START--
INFO: Run Behavior\ContentReplaceBehavior [ RunTime:0.012165s ]
INFO: [ template_filter ] --END-- [ RunTime:0.012296s ]
INFO: Run Behavior\ParseTemplateBehavior [ RunTime:0.116925s ]
INFO: [ view_parse ] --END-- [ RunTime:0.117118s ]
INFO: [ view_filter ] --START--
INFO: Run Behavior\WriteHtmlCacheBehavior [ RunTime:0.009865s ]
INFO: [ view_filter ] --END-- [ RunTime:0.010021s ]
INFO: [ app_end ] --START--
INFO: Run Behavior\ShowPageTraceBehavior [ RunTime:0.002536s ]
INFO: [ app_end ] --END-- [ RunTime:0.002826s ]

