[ 2017-11-16T11:29:39+08:00 ] 127.0.0.1 /index.php/home/Amigos/lists
INFO: [ app_init ] --START--
INFO: Run Behavior\BuildLiteBehavior [ RunTime:0.000000s ]
INFO: [ app_init ] --END-- [ RunTime:0.000000s ]
INFO: [ app_begin ] --START--
INFO: Run Behavior\ReadHtmlCacheBehavior [ RunTime:0.000000s ]
INFO: [ app_begin ] --END-- [ RunTime:0.000000s ]
NOTIC: [2048] Declaration of Home\Controller\AmigosController::show() should be compatible with Think\Controller::show($content, $charset = '', $contentType = '', $prefix = '') D:\phpStudy\WWW\dbspapi.dbkan.com\Application\Home\Controller\AmigosController.class.php 第 360 行.
NOTIC: [8192] Function mcrypt_cbc() is deprecated D:\phpStudy\WWW\dbspapi.dbkan.com\Application\Common\Common\function.php 第 178 行.
NOTIC: [8192] Function mcrypt_cbc() is deprecated D:\phpStudy\WWW\dbspapi.dbkan.com\Application\Common\Common\function.php 第 178 行.

[ 2017-11-16T11:31:52+08:00 ] 127.0.0.1 /index.php/home/Amigos/lists
INFO: [ app_init ] --START--
INFO: Run Behavior\BuildLiteBehavior [ RunTime:0.000000s ]
INFO: [ app_init ] --END-- [ RunTime:0.000000s ]
INFO: [ app_begin ] --START--
INFO: Run Behavior\ReadHtmlCacheBehavior [ RunTime:0.001000s ]
INFO: [ app_begin ] --END-- [ RunTime:0.002000s ]
NOTIC: [2048] Declaration of Home\Controller\AmigosController::show() should be compatible with Think\Controller::show($content, $charset = '', $contentType = '', $prefix = '') D:\phpStudy\WWW\dbspapi.dbkan.com\Application\Home\Controller\AmigosController.class.php 第 360 行.
NOTIC: [8192] Function mcrypt_cbc() is deprecated D:\phpStudy\WWW\dbspapi.dbkan.com\Application\Common\Common\function.php 第 178 行.
NOTIC: [8192] Function mcrypt_cbc() is deprecated D:\phpStudy\WWW\dbspapi.dbkan.com\Application\Common\Common\function.php 第 178 行.
ERR: 1054:Unknown column 'relation.num' in 'field list'
 [ SQL语句 ] : SELECT `user`.id,  `user`.head_portrait, user.name, last_call_time as call_time, last_hours_length as hours_length, 
                last_answer as answer, last_receive as receive, relation.name as user_name,relation.mobile, relation.id AS relation_id, relation.num FROM `relation`
                LEFT JOIN `user` ON relation.mobile = `user` .mobile
               /* LEFT JOIN `call_log` ON relation_id = relation.id*/
                WHERE `user_id` = 110 and relation.display = 1 GROUP BY relation.id ORDER BY num DESC
ERR: 1054:Unknown column 'relation.num' in 'field list'
 [ SQL语句 ] : SELECT `user`.id,  `user`.head_portrait, user.name, last_call_time as call_time, last_hours_length as hours_length, 
                last_answer as answer, last_receive as receive, relation.name as user_name,relation.mobile, relation.id AS relation_id, relation.num FROM `relation`
                LEFT JOIN `user` ON relation.mobile = `user` .mobile
               /* LEFT JOIN `call_log` ON relation_id = relation.id*/
                WHERE `user_id` = 110 and relation.display = 1 GROUP BY relation.id ORDER BY num DESC

[ 2017-11-16T11:31:53+08:00 ] 127.0.0.1 /index.php/home/Amigos/lists
INFO: [ app_init ] --START--
INFO: Run Behavior\BuildLiteBehavior [ RunTime:0.000000s ]
INFO: [ app_init ] --END-- [ RunTime:0.000000s ]
INFO: [ app_begin ] --START--
INFO: Run Behavior\ReadHtmlCacheBehavior [ RunTime:0.000000s ]
INFO: [ app_begin ] --END-- [ RunTime:0.000000s ]
NOTIC: [2048] Declaration of Home\Controller\AmigosController::show() should be compatible with Think\Controller::show($content, $charset = '', $contentType = '', $prefix = '') D:\phpStudy\WWW\dbspapi.dbkan.com\Application\Home\Controller\AmigosController.class.php 第 360 行.
NOTIC: [8192] Function mcrypt_cbc() is deprecated D:\phpStudy\WWW\dbspapi.dbkan.com\Application\Common\Common\function.php 第 178 行.
NOTIC: [8192] Function mcrypt_cbc() is deprecated D:\phpStudy\WWW\dbspapi.dbkan.com\Application\Common\Common\function.php 第 178 行.
ERR: 1054:Unknown column 'relation.num' in 'field list'
 [ SQL语句 ] : SELECT `user`.id,  `user`.head_portrait, user.name, last_call_time as call_time, last_hours_length as hours_length, 
                last_answer as answer, last_receive as receive, relation.name as user_name,relation.mobile, relation.id AS relation_id, relation.num FROM `relation`
                LEFT JOIN `user` ON relation.mobile = `user` .mobile
               /* LEFT JOIN `call_log` ON relation_id = relation.id*/
                WHERE `user_id` = 110 and relation.display = 1 GROUP BY relation.id ORDER BY num DESC
ERR: 1054:Unknown column 'relation.num' in 'field list'
 [ SQL语句 ] : SELECT `user`.id,  `user`.head_portrait, user.name, last_call_time as call_time, last_hours_length as hours_length, 
                last_answer as answer, last_receive as receive, relation.name as user_name,relation.mobile, relation.id AS relation_id, relation.num FROM `relation`
                LEFT JOIN `user` ON relation.mobile = `user` .mobile
               /* LEFT JOIN `call_log` ON relation_id = relation.id*/
                WHERE `user_id` = 110 and relation.display = 1 GROUP BY relation.id ORDER BY num DESC

[ 2017-11-16T11:31:59+08:00 ] 127.0.0.1 /index.php/home/Amigos/lists
INFO: [ app_init ] --START--
INFO: Run Behavior\BuildLiteBehavior [ RunTime:0.000000s ]
INFO: [ app_init ] --END-- [ RunTime:0.000000s ]
INFO: [ app_begin ] --START--
INFO: Run Behavior\ReadHtmlCacheBehavior [ RunTime:0.000000s ]
INFO: [ app_begin ] --END-- [ RunTime:0.000000s ]
NOTIC: [2048] Declaration of Home\Controller\AmigosController::show() should be compatible with Think\Controller::show($content, $charset = '', $contentType = '', $prefix = '') D:\phpStudy\WWW\dbspapi.dbkan.com\Application\Home\Controller\AmigosController.class.php 第 360 行.
NOTIC: [8192] Function mcrypt_cbc() is deprecated D:\phpStudy\WWW\dbspapi.dbkan.com\Application\Common\Common\function.php 第 178 行.
NOTIC: [8192] Function mcrypt_cbc() is deprecated D:\phpStudy\WWW\dbspapi.dbkan.com\Application\Common\Common\function.php 第 178 行.
ERR: 1054:Unknown column 'relation.num' in 'field list'
 [ SQL语句 ] : SELECT `user`.id,  `user`.head_portrait, user.name, last_call_time as call_time, last_hours_length as hours_length, 
                last_answer as answer, last_receive as receive, relation.name as user_name,relation.mobile, relation.id AS relation_id, relation.num FROM `relation`
                LEFT JOIN `user` ON relation.mobile = `user` .mobile
               /* LEFT JOIN `call_log` ON relation_id = relation.id*/
                WHERE `user_id` = 110 and relation.display = 1 GROUP BY relation.id ORDER BY num DESC
ERR: 1054:Unknown column 'relation.num' in 'field list'
 [ SQL语句 ] : SELECT `user`.id,  `user`.head_portrait, user.name, last_call_time as call_time, last_hours_length as hours_length, 
                last_answer as answer, last_receive as receive, relation.name as user_name,relation.mobile, relation.id AS relation_id, relation.num FROM `relation`
                LEFT JOIN `user` ON relation.mobile = `user` .mobile
               /* LEFT JOIN `call_log` ON relation_id = relation.id*/
                WHERE `user_id` = 110 and relation.display = 1 GROUP BY relation.id ORDER BY num DESC

[ 2017-11-16T11:32:00+08:00 ] 127.0.0.1 /index.php/home/Amigos/lists
INFO: [ app_init ] --START--
INFO: Run Behavior\BuildLiteBehavior [ RunTime:0.000000s ]
INFO: [ app_init ] --END-- [ RunTime:0.000000s ]
INFO: [ app_begin ] --START--
INFO: Run Behavior\ReadHtmlCacheBehavior [ RunTime:0.000000s ]
INFO: [ app_begin ] --END-- [ RunTime:0.000000s ]
NOTIC: [2048] Declaration of Home\Controller\AmigosController::show() should be compatible with Think\Controller::show($content, $charset = '', $contentType = '', $prefix = '') D:\phpStudy\WWW\dbspapi.dbkan.com\Application\Home\Controller\AmigosController.class.php 第 360 行.
NOTIC: [8192] Function mcrypt_cbc() is deprecated D:\phpStudy\WWW\dbspapi.dbkan.com\Application\Common\Common\function.php 第 178 行.
NOTIC: [8192] Function mcrypt_cbc() is deprecated D:\phpStudy\WWW\dbspapi.dbkan.com\Application\Common\Common\function.php 第 178 行.
ERR: 1054:Unknown column 'relation.num' in 'field list'
 [ SQL语句 ] : SELECT `user`.id,  `user`.head_portrait, user.name, last_call_time as call_time, last_hours_length as hours_length, 
                last_answer as answer, last_receive as receive, relation.name as user_name,relation.mobile, relation.id AS relation_id, relation.num FROM `relation`
                LEFT JOIN `user` ON relation.mobile = `user` .mobile
               /* LEFT JOIN `call_log` ON relation_id = relation.id*/
                WHERE `user_id` = 110 and relation.display = 1 GROUP BY relation.id ORDER BY num DESC
ERR: 1054:Unknown column 'relation.num' in 'field list'
 [ SQL语句 ] : SELECT `user`.id,  `user`.head_portrait, user.name, last_call_time as call_time, last_hours_length as hours_length, 
                last_answer as answer, last_receive as receive, relation.name as user_name,relation.mobile, relation.id AS relation_id, relation.num FROM `relation`
                LEFT JOIN `user` ON relation.mobile = `user` .mobile
               /* LEFT JOIN `call_log` ON relation_id = relation.id*/
                WHERE `user_id` = 110 and relation.display = 1 GROUP BY relation.id ORDER BY num DESC

[ 2017-11-16T11:32:00+08:00 ] 127.0.0.1 /index.php/home/Amigos/lists
INFO: [ app_init ] --START--
INFO: Run Behavior\BuildLiteBehavior [ RunTime:0.000000s ]
INFO: [ app_init ] --END-- [ RunTime:0.000000s ]
INFO: [ app_begin ] --START--
INFO: Run Behavior\ReadHtmlCacheBehavior [ RunTime:0.001000s ]
INFO: [ app_begin ] --END-- [ RunTime:0.001000s ]
NOTIC: [2048] Declaration of Home\Controller\AmigosController::show() should be compatible with Think\Controller::show($content, $charset = '', $contentType = '', $prefix = '') D:\phpStudy\WWW\dbspapi.dbkan.com\Application\Home\Controller\AmigosController.class.php 第 360 行.
NOTIC: [8192] Function mcrypt_cbc() is deprecated D:\phpStudy\WWW\dbspapi.dbkan.com\Application\Common\Common\function.php 第 178 行.
NOTIC: [8192] Function mcrypt_cbc() is deprecated D:\phpStudy\WWW\dbspapi.dbkan.com\Application\Common\Common\function.php 第 178 行.
ERR: 1054:Unknown column 'relation.num' in 'field list'
 [ SQL语句 ] : SELECT `user`.id,  `user`.head_portrait, user.name, last_call_time as call_time, last_hours_length as hours_length, 
                last_answer as answer, last_receive as receive, relation.name as user_name,relation.mobile, relation.id AS relation_id, relation.num FROM `relation`
                LEFT JOIN `user` ON relation.mobile = `user` .mobile
               /* LEFT JOIN `call_log` ON relation_id = relation.id*/
                WHERE `user_id` = 110 and relation.display = 1 GROUP BY relation.id ORDER BY num DESC
ERR: 1054:Unknown column 'relation.num' in 'field list'
 [ SQL语句 ] : SELECT `user`.id,  `user`.head_portrait, user.name, last_call_time as call_time, last_hours_length as hours_length, 
                last_answer as answer, last_receive as receive, relation.name as user_name,relation.mobile, relation.id AS relation_id, relation.num FROM `relation`
                LEFT JOIN `user` ON relation.mobile = `user` .mobile
               /* LEFT JOIN `call_log` ON relation_id = relation.id*/
                WHERE `user_id` = 110 and relation.display = 1 GROUP BY relation.id ORDER BY num DESC

[ 2017-11-16T11:32:00+08:00 ] 127.0.0.1 /index.php/home/Amigos/lists
INFO: [ app_init ] --START--
INFO: Run Behavior\BuildLiteBehavior [ RunTime:0.000000s ]
INFO: [ app_init ] --END-- [ RunTime:0.000000s ]
INFO: [ app_begin ] --START--
INFO: Run Behavior\ReadHtmlCacheBehavior [ RunTime:0.000000s ]
INFO: [ app_begin ] --END-- [ RunTime:0.000000s ]
NOTIC: [2048] Declaration of Home\Controller\AmigosController::show() should be compatible with Think\Controller::show($content, $charset = '', $contentType = '', $prefix = '') D:\phpStudy\WWW\dbspapi.dbkan.com\Application\Home\Controller\AmigosController.class.php 第 360 行.
NOTIC: [8192] Function mcrypt_cbc() is deprecated D:\phpStudy\WWW\dbspapi.dbkan.com\Application\Common\Common\function.php 第 178 行.
NOTIC: [8192] Function mcrypt_cbc() is deprecated D:\phpStudy\WWW\dbspapi.dbkan.com\Application\Common\Common\function.php 第 178 行.
ERR: 1054:Unknown column 'relation.num' in 'field list'
 [ SQL语句 ] : SELECT `user`.id,  `user`.head_portrait, user.name, last_call_time as call_time, last_hours_length as hours_length, 
                last_answer as answer, last_receive as receive, relation.name as user_name,relation.mobile, relation.id AS relation_id, relation.num FROM `relation`
                LEFT JOIN `user` ON relation.mobile = `user` .mobile
               /* LEFT JOIN `call_log` ON relation_id = relation.id*/
                WHERE `user_id` = 110 and relation.display = 1 GROUP BY relation.id ORDER BY num DESC
ERR: 1054:Unknown column 'relation.num' in 'field list'
 [ SQL语句 ] : SELECT `user`.id,  `user`.head_portrait, user.name, last_call_time as call_time, last_hours_length as hours_length, 
                last_answer as answer, last_receive as receive, relation.name as user_name,relation.mobile, relation.id AS relation_id, relation.num FROM `relation`
                LEFT JOIN `user` ON relation.mobile = `user` .mobile
               /* LEFT JOIN `call_log` ON relation_id = relation.id*/
                WHERE `user_id` = 110 and relation.display = 1 GROUP BY relation.id ORDER BY num DESC

