[ 2017-11-09T14:44:50+08:00 ] 127.0.0.1 /index.php/home/log/test
INFO: [ app_init ] --START--
INFO: Run Behavior\BuildLiteBehavior [ RunTime:0.000000s ]
INFO: [ app_init ] --END-- [ RunTime:0.001000s ]
INFO: [ app_begin ] --START--
INFO: Run Behavior\ReadHtmlCacheBehavior [ RunTime:0.001000s ]
INFO: [ app_begin ] --END-- [ RunTime:0.001000s ]
NOTIC: [2] Redis::connect() expects parameter 2 to be long, string given D:\phpStudy\WWW\dbspapi.dbkan.com\Application\Home\Controller\LogController.class.php 第 242 行.
ERR: Redis server went away

[ 2017-11-09T14:44:53+08:00 ] 127.0.0.1 /index.php/home/log/test
INFO: [ app_init ] --START--
INFO: Run Behavior\BuildLiteBehavior [ RunTime:0.000000s ]
INFO: [ app_init ] --END-- [ RunTime:0.001000s ]
INFO: [ app_begin ] --START--
INFO: Run Behavior\ReadHtmlCacheBehavior [ RunTime:0.000000s ]
INFO: [ app_begin ] --END-- [ RunTime:0.000000s ]
NOTIC: [2] Redis::connect() expects parameter 2 to be long, string given D:\phpStudy\WWW\dbspapi.dbkan.com\Application\Home\Controller\LogController.class.php 第 242 行.
ERR: Redis server went away

[ 2017-11-09T14:58:33+08:00 ] 127.0.0.1 /index.php/home/log/test
INFO: [ app_init ] --START--
INFO: Run Behavior\BuildLiteBehavior [ RunTime:0.000000s ]
INFO: [ app_init ] --END-- [ RunTime:0.000000s ]
INFO: [ app_begin ] --START--
INFO: Run Behavior\ReadHtmlCacheBehavior [ RunTime:0.000000s ]
INFO: [ app_begin ] --END-- [ RunTime:0.000000s ]
NOTIC: [2] Redis::connect() expects parameter 2 to be long, string given D:\phpStudy\WWW\dbspapi.dbkan.com\Application\Home\Controller\LogController.class.php 第 242 行.
ERR: Redis server went away

[ 2017-11-09T14:58:33+08:00 ] 127.0.0.1 /index.php/home/log/test
INFO: [ app_init ] --START--
INFO: Run Behavior\BuildLiteBehavior [ RunTime:0.000000s ]
INFO: [ app_init ] --END-- [ RunTime:0.000000s ]
INFO: [ app_begin ] --START--
INFO: Run Behavior\ReadHtmlCacheBehavior [ RunTime:0.000000s ]
INFO: [ app_begin ] --END-- [ RunTime:0.000000s ]
NOTIC: [2] Redis::connect() expects parameter 2 to be long, string given D:\phpStudy\WWW\dbspapi.dbkan.com\Application\Home\Controller\LogController.class.php 第 242 行.
ERR: Redis server went away

[ 2017-11-09T14:58:33+08:00 ] 127.0.0.1 /index.php/home/log/test
INFO: [ app_init ] --START--
INFO: Run Behavior\BuildLiteBehavior [ RunTime:0.000000s ]
INFO: [ app_init ] --END-- [ RunTime:0.000000s ]
INFO: [ app_begin ] --START--
INFO: Run Behavior\ReadHtmlCacheBehavior [ RunTime:0.000000s ]
INFO: [ app_begin ] --END-- [ RunTime:0.000000s ]
NOTIC: [2] Redis::connect() expects parameter 2 to be long, string given D:\phpStudy\WWW\dbspapi.dbkan.com\Application\Home\Controller\LogController.class.php 第 242 行.
ERR: Redis server went away

[ 2017-11-09T14:58:37+08:00 ] 127.0.0.1 /index.php/home/log/test
INFO: [ app_init ] --START--
INFO: Run Behavior\BuildLiteBehavior [ RunTime:0.000000s ]
INFO: [ app_init ] --END-- [ RunTime:0.000000s ]
INFO: [ app_begin ] --START--
INFO: Run Behavior\ReadHtmlCacheBehavior [ RunTime:0.000000s ]
INFO: [ app_begin ] --END-- [ RunTime:0.000000s ]
NOTIC: [2] Redis::connect() expects parameter 2 to be long, string given D:\phpStudy\WWW\dbspapi.dbkan.com\Application\Home\Controller\LogController.class.php 第 242 行.
ERR: Redis server went away

[ 2017-11-09T14:58:37+08:00 ] 127.0.0.1 /index.php/home/log/test
INFO: [ app_init ] --START--
INFO: Run Behavior\BuildLiteBehavior [ RunTime:0.000000s ]
INFO: [ app_init ] --END-- [ RunTime:0.001000s ]
INFO: [ app_begin ] --START--
INFO: Run Behavior\ReadHtmlCacheBehavior [ RunTime:0.000000s ]
INFO: [ app_begin ] --END-- [ RunTime:0.000000s ]
NOTIC: [2] Redis::connect() expects parameter 2 to be long, string given D:\phpStudy\WWW\dbspapi.dbkan.com\Application\Home\Controller\LogController.class.php 第 242 行.
ERR: Redis server went away

[ 2017-11-09T14:58:37+08:00 ] 127.0.0.1 /index.php/home/log/test
INFO: [ app_init ] --START--
INFO: Run Behavior\BuildLiteBehavior [ RunTime:0.000000s ]
INFO: [ app_init ] --END-- [ RunTime:0.000000s ]
INFO: [ app_begin ] --START--
INFO: Run Behavior\ReadHtmlCacheBehavior [ RunTime:0.001000s ]
INFO: [ app_begin ] --END-- [ RunTime:0.001000s ]
NOTIC: [2] Redis::connect() expects parameter 2 to be long, string given D:\phpStudy\WWW\dbspapi.dbkan.com\Application\Home\Controller\LogController.class.php 第 242 行.
ERR: Redis server went away

[ 2017-11-09T14:58:37+08:00 ] 127.0.0.1 /index.php/home/log/test
INFO: [ app_init ] --START--
INFO: Run Behavior\BuildLiteBehavior [ RunTime:0.000000s ]
INFO: [ app_init ] --END-- [ RunTime:0.001000s ]
INFO: [ app_begin ] --START--
INFO: Run Behavior\ReadHtmlCacheBehavior [ RunTime:0.001000s ]
INFO: [ app_begin ] --END-- [ RunTime:0.001000s ]
NOTIC: [2] Redis::connect() expects parameter 2 to be long, string given D:\phpStudy\WWW\dbspapi.dbkan.com\Application\Home\Controller\LogController.class.php 第 242 行.
ERR: Redis server went away

[ 2017-11-09T14:58:38+08:00 ] 127.0.0.1 /index.php/home/log/test
INFO: [ app_init ] --START--
INFO: Run Behavior\BuildLiteBehavior [ RunTime:0.000000s ]
INFO: [ app_init ] --END-- [ RunTime:0.000000s ]
INFO: [ app_begin ] --START--
INFO: Run Behavior\ReadHtmlCacheBehavior [ RunTime:0.001000s ]
INFO: [ app_begin ] --END-- [ RunTime:0.001000s ]
NOTIC: [2] Redis::connect() expects parameter 2 to be long, string given D:\phpStudy\WWW\dbspapi.dbkan.com\Application\Home\Controller\LogController.class.php 第 242 行.
ERR: Redis server went away

[ 2017-11-09T14:58:38+08:00 ] 127.0.0.1 /index.php/home/log/test
INFO: [ app_init ] --START--
INFO: Run Behavior\BuildLiteBehavior [ RunTime:0.000000s ]
INFO: [ app_init ] --END-- [ RunTime:0.001000s ]
INFO: [ app_begin ] --START--
INFO: Run Behavior\ReadHtmlCacheBehavior [ RunTime:0.000000s ]
INFO: [ app_begin ] --END-- [ RunTime:0.001000s ]
NOTIC: [2] Redis::connect() expects parameter 2 to be long, string given D:\phpStudy\WWW\dbspapi.dbkan.com\Application\Home\Controller\LogController.class.php 第 242 行.
ERR: Redis server went away

[ 2017-11-09T14:58:38+08:00 ] 127.0.0.1 /index.php/home/log/test
INFO: [ app_init ] --START--
INFO: Run Behavior\BuildLiteBehavior [ RunTime:0.000000s ]
INFO: [ app_init ] --END-- [ RunTime:0.001000s ]
INFO: [ app_begin ] --START--
INFO: Run Behavior\ReadHtmlCacheBehavior [ RunTime:0.000000s ]
INFO: [ app_begin ] --END-- [ RunTime:0.000000s ]
NOTIC: [2] Redis::connect() expects parameter 2 to be long, string given D:\phpStudy\WWW\dbspapi.dbkan.com\Application\Home\Controller\LogController.class.php 第 242 行.
ERR: Redis server went away

[ 2017-11-09T15:34:47+08:00 ] 127.0.0.1 /index.php/home/log/test
INFO: [ app_init ] --START--
INFO: Run Behavior\BuildLiteBehavior [ RunTime:0.000000s ]
INFO: [ app_init ] --END-- [ RunTime:0.003000s ]
INFO: [ app_begin ] --START--
INFO: Run Behavior\ReadHtmlCacheBehavior [ RunTime:0.001000s ]
INFO: [ app_begin ] --END-- [ RunTime:0.001000s ]
NOTIC: [2] Redis::connect() expects parameter 2 to be long, string given D:\phpStudy\WWW\dbspapi.dbkan.com\Application\Home\Controller\LogController.class.php 第 242 行.
ERR: Redis server went away

[ 2017-11-09T15:36:38+08:00 ] 127.0.0.1 /index.php/home/log/test
INFO: [ app_init ] --START--
INFO: Run Behavior\BuildLiteBehavior [ RunTime:0.000000s ]
INFO: [ app_init ] --END-- [ RunTime:0.001000s ]
INFO: [ app_begin ] --START--
INFO: Run Behavior\ReadHtmlCacheBehavior [ RunTime:0.000000s ]
INFO: [ app_begin ] --END-- [ RunTime:0.000000s ]
NOTIC: [2] Redis::connect() expects parameter 2 to be long, string given D:\phpStudy\WWW\dbspapi.dbkan.com\Application\Home\Controller\LogController.class.php 第 242 行.
ERR: Redis server went away

[ 2017-11-09T15:40:16+08:00 ] 127.0.0.1 /index.php/home/log/test
INFO: [ app_init ] --START--
INFO: Run Behavior\BuildLiteBehavior [ RunTime:0.000000s ]
INFO: [ app_init ] --END-- [ RunTime:0.000000s ]
INFO: [ app_begin ] --START--
INFO: Run Behavior\ReadHtmlCacheBehavior [ RunTime:0.000000s ]
INFO: [ app_begin ] --END-- [ RunTime:0.001000s ]
NOTIC: [2] Redis::connect() expects parameter 2 to be long, string given D:\phpStudy\WWW\dbspapi.dbkan.com\Application\Home\Controller\LogController.class.php 第 242 行.
ERR: Redis server went away

[ 2017-11-09T15:40:18+08:00 ] 127.0.0.1 /index.php/home/log/test
INFO: [ app_init ] --START--
INFO: Run Behavior\BuildLiteBehavior [ RunTime:0.000000s ]
INFO: [ app_init ] --END-- [ RunTime:0.000000s ]
INFO: [ app_begin ] --START--
INFO: Run Behavior\ReadHtmlCacheBehavior [ RunTime:0.001000s ]
INFO: [ app_begin ] --END-- [ RunTime:0.001000s ]
NOTIC: [2] Redis::connect() expects parameter 2 to be long, string given D:\phpStudy\WWW\dbspapi.dbkan.com\Application\Home\Controller\LogController.class.php 第 242 行.
ERR: Redis server went away

[ 2017-11-09T15:40:40+08:00 ] 127.0.0.1 /index.php/home/log/test
INFO: [ app_init ] --START--
INFO: Run Behavior\BuildLiteBehavior [ RunTime:0.000000s ]
INFO: [ app_init ] --END-- [ RunTime:0.000000s ]
INFO: [ app_begin ] --START--
INFO: Run Behavior\ReadHtmlCacheBehavior [ RunTime:0.001000s ]
INFO: [ app_begin ] --END-- [ RunTime:0.001000s ]
INFO: [ app_end ] --START--
INFO: Run Behavior\ShowPageTraceBehavior [ RunTime:0.001000s ]
INFO: [ app_end ] --END-- [ RunTime:0.001000s ]

[ 2017-11-09T15:55:00+08:00 ] 127.0.0.1 /index.php/home/log/test
INFO: [ app_init ] --START--
INFO: Run Behavior\BuildLiteBehavior [ RunTime:0.000000s ]
INFO: [ app_init ] --END-- [ RunTime:0.000000s ]
INFO: [ app_begin ] --START--
INFO: Run Behavior\ReadHtmlCacheBehavior [ RunTime:0.001000s ]
INFO: [ app_begin ] --END-- [ RunTime:0.001000s ]
INFO: [ app_end ] --START--
INFO: Run Behavior\ShowPageTraceBehavior [ RunTime:0.000000s ]
INFO: [ app_end ] --END-- [ RunTime:0.001000s ]

[ 2017-11-09T15:55:16+08:00 ] 127.0.0.1 /index.php/home/log/test
INFO: [ app_init ] --START--
INFO: Run Behavior\BuildLiteBehavior [ RunTime:0.000000s ]
INFO: [ app_init ] --END-- [ RunTime:0.000000s ]
INFO: [ app_begin ] --START--
INFO: Run Behavior\ReadHtmlCacheBehavior [ RunTime:0.000000s ]
INFO: [ app_begin ] --END-- [ RunTime:0.000000s ]
INFO: [ app_end ] --START--
INFO: Run Behavior\ShowPageTraceBehavior [ RunTime:0.000000s ]
INFO: [ app_end ] --END-- [ RunTime:0.000000s ]

[ 2017-11-09T19:04:07+08:00 ] 127.0.0.1 /index.php/home/log/test
INFO: [ app_init ] --START--
INFO: Run Behavior\BuildLiteBehavior [ RunTime:0.000000s ]
INFO: [ app_init ] --END-- [ RunTime:0.001000s ]
INFO: [ app_begin ] --START--
INFO: Run Behavior\ReadHtmlCacheBehavior [ RunTime:0.002000s ]
INFO: [ app_begin ] --END-- [ RunTime:0.002000s ]
ERR: 非法操作:test

