[ 2017-12-18T17:37:14+08:00 ] 127.0.0.1 /
INFO: [ app_init ] --START--
INFO: Run Behavior\BuildLiteBehavior [ RunTime:0.000036s ]
INFO: [ app_init ] --END-- [ RunTime:0.008231s ]
NOTIC: [8] Constant NOFILE_CD already defined F:\tool\phpstudy\WWW\dbspapi.dbkan.com\Application\Common\Conf\messagecd.php 第 31 行.
NOTIC: [8] Constant NOFILE_MSG already defined F:\tool\phpstudy\WWW\dbspapi.dbkan.com\Application\Common\Conf\messagecd.php 第 32 行.
INFO: [ app_begin ] --START--
INFO: Run Behavior\ReadHtmlCacheBehavior [ RunTime:0.000987s ]
INFO: [ app_begin ] --END-- [ RunTime:0.001161s ]
NOTIC: [2048] Declaration of Home\Controller\BaseController::error() should be compatible with Think\Controller::error($message = '', $jumpUrl = '', $ajax = false) F:\tool\phpstudy\WWW\dbspapi.dbkan.com\Application\Home\Controller\BaseController.class.php 第 38 行.
SQL: SHOW COLUMNS FROM `config` [ RunTime:0.0444s ]
SQL: SELECT * FROM `config` WHERE `key` = 'price' LIMIT 1   [ RunTime:0.0010s ]
INFO: [ view_parse ] --START--
INFO: [ template_filter ] --START--
INFO: Run Behavior\ContentReplaceBehavior [ RunTime:0.003368s ]
INFO: [ template_filter ] --END-- [ RunTime:0.003526s ]
INFO: Run Behavior\ParseTemplateBehavior [ RunTime:0.058988s ]
INFO: [ view_parse ] --END-- [ RunTime:0.059373s ]
INFO: [ view_filter ] --START--
INFO: Run Behavior\WriteHtmlCacheBehavior [ RunTime:0.011778s ]
INFO: [ view_filter ] --END-- [ RunTime:0.011978s ]
INFO: [ app_end ] --START--
INFO: Run Behavior\ShowPageTraceBehavior [ RunTime:0.000956s ]
INFO: [ app_end ] --END-- [ RunTime:0.001081s ]

[ 2017-12-18T17:37:14+08:00 ] 127.0.0.1 /Home/Index/vcode.html
INFO: [ app_init ] --START--
INFO: Run Behavior\BuildLiteBehavior [ RunTime:0.000024s ]
INFO: [ app_init ] --END-- [ RunTime:0.000419s ]
NOTIC: [8] Constant NOFILE_CD already defined F:\tool\phpstudy\WWW\dbspapi.dbkan.com\Application\Common\Conf\messagecd.php 第 31 行.
NOTIC: [8] Constant NOFILE_MSG already defined F:\tool\phpstudy\WWW\dbspapi.dbkan.com\Application\Common\Conf\messagecd.php 第 32 行.
INFO: [ app_begin ] --START--
INFO: Run Behavior\ReadHtmlCacheBehavior [ RunTime:0.000462s ]
INFO: [ app_begin ] --END-- [ RunTime:0.000577s ]
NOTIC: [2048] Declaration of Home\Controller\BaseController::error() should be compatible with Think\Controller::error($message = '', $jumpUrl = '', $ajax = false) F:\tool\phpstudy\WWW\dbspapi.dbkan.com\Application\Home\Controller\BaseController.class.php 第 38 行.
INFO: [ app_end ] --START--
INFO: Run Behavior\ShowPageTraceBehavior [ RunTime:0.001404s ]
INFO: [ app_end ] --END-- [ RunTime:0.001624s ]

[ 2017-12-18T17:37:19+08:00 ] 127.0.0.1 /Home/Index/findOrder.html
INFO: [ app_init ] --START--
INFO: Run Behavior\BuildLiteBehavior [ RunTime:0.000026s ]
INFO: [ app_init ] --END-- [ RunTime:0.000555s ]
NOTIC: [8] Constant NOFILE_CD already defined F:\tool\phpstudy\WWW\dbspapi.dbkan.com\Application\Common\Conf\messagecd.php 第 31 行.
NOTIC: [8] Constant NOFILE_MSG already defined F:\tool\phpstudy\WWW\dbspapi.dbkan.com\Application\Common\Conf\messagecd.php 第 32 行.
INFO: [ app_begin ] --START--
INFO: Run Behavior\ReadHtmlCacheBehavior [ RunTime:0.000955s ]
INFO: [ app_begin ] --END-- [ RunTime:0.001173s ]
NOTIC: [2048] Declaration of Home\Controller\BaseController::error() should be compatible with Think\Controller::error($message = '', $jumpUrl = '', $ajax = false) F:\tool\phpstudy\WWW\dbspapi.dbkan.com\Application\Home\Controller\BaseController.class.php 第 38 行.
SQL: SHOW COLUMNS FROM `order` [ RunTime:0.0422s ]
SQL: SELECT * FROM `order` WHERE `order_number` = 'sfsdfdsgfdg' LIMIT 1   [ RunTime:0.0113s ]
NOTIC: [8] Undefined index: email F:\tool\phpstudy\WWW\dbspapi.dbkan.com\Application\Home\Controller\IndexController.class.php 第 253 行.
NOTIC: [8] Undefined index: num F:\tool\phpstudy\WWW\dbspapi.dbkan.com\Application\Home\Controller\IndexController.class.php 第 254 行.
NOTIC: [8] Undefined index: creation_time F:\tool\phpstudy\WWW\dbspapi.dbkan.com\Application\Home\Controller\IndexController.class.php 第 255 行.
NOTIC: [8] Undefined index: price F:\tool\phpstudy\WWW\dbspapi.dbkan.com\Application\Home\Controller\IndexController.class.php 第 256 行.
NOTIC: [8] Undefined index: receive_address F:\tool\phpstudy\WWW\dbspapi.dbkan.com\Application\Home\Controller\IndexController.class.php 第 257 行.
NOTIC: [8] Undefined index: total_price F:\tool\phpstudy\WWW\dbspapi.dbkan.com\Application\Home\Controller\IndexController.class.php 第 258 行.
NOTIC: [8] Undefined index: card F:\tool\phpstudy\WWW\dbspapi.dbkan.com\Application\Home\Controller\IndexController.class.php 第 259 行.
NOTIC: [8] Undefined index: name F:\tool\phpstudy\WWW\dbspapi.dbkan.com\Application\Home\Controller\IndexController.class.php 第 260 行.
NOTIC: [8] Undefined index: type F:\tool\phpstudy\WWW\dbspapi.dbkan.com\Application\Home\Controller\IndexController.class.php 第 261 行.
NOTIC: [8] Undefined index: amount F:\tool\phpstudy\WWW\dbspapi.dbkan.com\Application\Home\Controller\IndexController.class.php 第 262 行.
NOTIC: [8] Undefined index: bank F:\tool\phpstudy\WWW\dbspapi.dbkan.com\Application\Home\Controller\IndexController.class.php 第 263 行.
NOTIC: [8] Undefined index: order_number F:\tool\phpstudy\WWW\dbspapi.dbkan.com\Application\Home\Controller\IndexController.class.php 第 265 行.
INFO: [ view_parse ] --START--
INFO: [ template_filter ] --START--
INFO: Run Behavior\ContentReplaceBehavior [ RunTime:0.000135s ]
INFO: [ template_filter ] --END-- [ RunTime:0.000323s ]
INFO: Run Behavior\ParseTemplateBehavior [ RunTime:0.019821s ]
INFO: [ view_parse ] --END-- [ RunTime:0.020001s ]
INFO: [ view_filter ] --START--
INFO: Run Behavior\WriteHtmlCacheBehavior [ RunTime:0.000674s ]
INFO: [ view_filter ] --END-- [ RunTime:0.000850s ]
INFO: [ app_end ] --START--
INFO: Run Behavior\ShowPageTraceBehavior [ RunTime:0.000737s ]
INFO: [ app_end ] --END-- [ RunTime:0.000946s ]

[ 2017-12-18T17:37:19+08:00 ] 127.0.0.1 /Home/Index/js/bootstrap.min.js
INFO: [ app_init ] --START--
INFO: Run Behavior\BuildLiteBehavior [ RunTime:0.000040s ]
INFO: [ app_init ] --END-- [ RunTime:0.000757s ]
NOTIC: [8] Constant NOFILE_CD already defined F:\tool\phpstudy\WWW\dbspapi.dbkan.com\Application\Common\Conf\messagecd.php 第 31 行.
NOTIC: [8] Constant NOFILE_MSG already defined F:\tool\phpstudy\WWW\dbspapi.dbkan.com\Application\Common\Conf\messagecd.php 第 32 行.
INFO: [ app_begin ] --START--
INFO: Run Behavior\ReadHtmlCacheBehavior [ RunTime:0.000795s ]
INFO: [ app_begin ] --END-- [ RunTime:0.000998s ]
NOTIC: [2048] Declaration of Home\Controller\BaseController::error() should be compatible with Think\Controller::error($message = '', $jumpUrl = '', $ajax = false) F:\tool\phpstudy\WWW\dbspapi.dbkan.com\Application\Home\Controller\BaseController.class.php 第 38 行.
ERR: 非法操作:js

[ 2017-12-18T17:37:19+08:00 ] 127.0.0.1 /Home/Index/js/bootstrap.min.js
INFO: [ app_init ] --START--
INFO: Run Behavior\BuildLiteBehavior [ RunTime:0.000045s ]
INFO: [ app_init ] --END-- [ RunTime:0.000737s ]
NOTIC: [8] Constant NOFILE_CD already defined F:\tool\phpstudy\WWW\dbspapi.dbkan.com\Application\Common\Conf\messagecd.php 第 31 行.
NOTIC: [8] Constant NOFILE_MSG already defined F:\tool\phpstudy\WWW\dbspapi.dbkan.com\Application\Common\Conf\messagecd.php 第 32 行.
INFO: [ app_begin ] --START--
INFO: Run Behavior\ReadHtmlCacheBehavior [ RunTime:0.000875s ]
INFO: [ app_begin ] --END-- [ RunTime:0.001091s ]
NOTIC: [2048] Declaration of Home\Controller\BaseController::error() should be compatible with Think\Controller::error($message = '', $jumpUrl = '', $ajax = false) F:\tool\phpstudy\WWW\dbspapi.dbkan.com\Application\Home\Controller\BaseController.class.php 第 38 行.
ERR: 非法操作:js

[ 2017-12-18T17:37:23+08:00 ] 127.0.0.1 /
INFO: [ app_init ] --START--
INFO: Run Behavior\BuildLiteBehavior [ RunTime:0.000024s ]
INFO: [ app_init ] --END-- [ RunTime:0.000732s ]
NOTIC: [8] Constant NOFILE_CD already defined F:\tool\phpstudy\WWW\dbspapi.dbkan.com\Application\Common\Conf\messagecd.php 第 31 行.
NOTIC: [8] Constant NOFILE_MSG already defined F:\tool\phpstudy\WWW\dbspapi.dbkan.com\Application\Common\Conf\messagecd.php 第 32 行.
INFO: [ app_begin ] --START--
INFO: Run Behavior\ReadHtmlCacheBehavior [ RunTime:0.000503s ]
INFO: [ app_begin ] --END-- [ RunTime:0.000623s ]
NOTIC: [2048] Declaration of Home\Controller\BaseController::error() should be compatible with Think\Controller::error($message = '', $jumpUrl = '', $ajax = false) F:\tool\phpstudy\WWW\dbspapi.dbkan.com\Application\Home\Controller\BaseController.class.php 第 38 行.
SQL: SHOW COLUMNS FROM `config` [ RunTime:0.0060s ]
SQL: SELECT * FROM `config` WHERE `key` = 'price' LIMIT 1   [ RunTime:0.0003s ]
INFO: [ view_parse ] --START--
INFO: [ template_filter ] --START--
INFO: Run Behavior\ContentReplaceBehavior [ RunTime:0.000165s ]
INFO: [ template_filter ] --END-- [ RunTime:0.000294s ]
INFO: Run Behavior\ParseTemplateBehavior [ RunTime:0.011410s ]
INFO: [ view_parse ] --END-- [ RunTime:0.011526s ]
INFO: [ view_filter ] --START--
INFO: Run Behavior\WriteHtmlCacheBehavior [ RunTime:0.000817s ]
INFO: [ view_filter ] --END-- [ RunTime:0.000937s ]
INFO: [ app_end ] --START--
INFO: Run Behavior\ShowPageTraceBehavior [ RunTime:0.001373s ]
INFO: [ app_end ] --END-- [ RunTime:0.001564s ]

[ 2017-12-18T17:37:23+08:00 ] 127.0.0.1 /Home/Index/vcode.html
INFO: [ app_init ] --START--
INFO: Run Behavior\BuildLiteBehavior [ RunTime:0.000026s ]
INFO: [ app_init ] --END-- [ RunTime:0.000497s ]
NOTIC: [8] Constant NOFILE_CD already defined F:\tool\phpstudy\WWW\dbspapi.dbkan.com\Application\Common\Conf\messagecd.php 第 31 行.
NOTIC: [8] Constant NOFILE_MSG already defined F:\tool\phpstudy\WWW\dbspapi.dbkan.com\Application\Common\Conf\messagecd.php 第 32 行.
INFO: [ app_begin ] --START--
INFO: Run Behavior\ReadHtmlCacheBehavior [ RunTime:0.000463s ]
INFO: [ app_begin ] --END-- [ RunTime:0.000602s ]
NOTIC: [2048] Declaration of Home\Controller\BaseController::error() should be compatible with Think\Controller::error($message = '', $jumpUrl = '', $ajax = false) F:\tool\phpstudy\WWW\dbspapi.dbkan.com\Application\Home\Controller\BaseController.class.php 第 38 行.
INFO: [ app_end ] --START--
INFO: Run Behavior\ShowPageTraceBehavior [ RunTime:0.001099s ]
INFO: [ app_end ] --END-- [ RunTime:0.001316s ]

[ 2017-12-18T17:37:25+08:00 ] 127.0.0.1 /Home/Index/findOrder.html
INFO: [ app_init ] --START--
INFO: Run Behavior\BuildLiteBehavior [ RunTime:0.000024s ]
INFO: [ app_init ] --END-- [ RunTime:0.000504s ]
NOTIC: [8] Constant NOFILE_CD already defined F:\tool\phpstudy\WWW\dbspapi.dbkan.com\Application\Common\Conf\messagecd.php 第 31 行.
NOTIC: [8] Constant NOFILE_MSG already defined F:\tool\phpstudy\WWW\dbspapi.dbkan.com\Application\Common\Conf\messagecd.php 第 32 行.
INFO: [ app_begin ] --START--
INFO: Run Behavior\ReadHtmlCacheBehavior [ RunTime:0.000486s ]
INFO: [ app_begin ] --END-- [ RunTime:0.000594s ]
NOTIC: [2048] Declaration of Home\Controller\BaseController::error() should be compatible with Think\Controller::error($message = '', $jumpUrl = '', $ajax = false) F:\tool\phpstudy\WWW\dbspapi.dbkan.com\Application\Home\Controller\BaseController.class.php 第 38 行.
SQL: SHOW COLUMNS FROM `order` [ RunTime:0.0038s ]
SQL: SELECT * FROM `order` WHERE `order_number` = 'sdfdsgfdgdfg' LIMIT 1   [ RunTime:0.0009s ]
NOTIC: [8] Undefined index: email F:\tool\phpstudy\WWW\dbspapi.dbkan.com\Application\Home\Controller\IndexController.class.php 第 253 行.
NOTIC: [8] Undefined index: num F:\tool\phpstudy\WWW\dbspapi.dbkan.com\Application\Home\Controller\IndexController.class.php 第 254 行.
NOTIC: [8] Undefined index: creation_time F:\tool\phpstudy\WWW\dbspapi.dbkan.com\Application\Home\Controller\IndexController.class.php 第 255 行.
NOTIC: [8] Undefined index: price F:\tool\phpstudy\WWW\dbspapi.dbkan.com\Application\Home\Controller\IndexController.class.php 第 256 行.
NOTIC: [8] Undefined index: receive_address F:\tool\phpstudy\WWW\dbspapi.dbkan.com\Application\Home\Controller\IndexController.class.php 第 257 行.
NOTIC: [8] Undefined index: total_price F:\tool\phpstudy\WWW\dbspapi.dbkan.com\Application\Home\Controller\IndexController.class.php 第 258 行.
NOTIC: [8] Undefined index: card F:\tool\phpstudy\WWW\dbspapi.dbkan.com\Application\Home\Controller\IndexController.class.php 第 259 行.
NOTIC: [8] Undefined index: name F:\tool\phpstudy\WWW\dbspapi.dbkan.com\Application\Home\Controller\IndexController.class.php 第 260 行.
NOTIC: [8] Undefined index: type F:\tool\phpstudy\WWW\dbspapi.dbkan.com\Application\Home\Controller\IndexController.class.php 第 261 行.
NOTIC: [8] Undefined index: amount F:\tool\phpstudy\WWW\dbspapi.dbkan.com\Application\Home\Controller\IndexController.class.php 第 262 行.
NOTIC: [8] Undefined index: bank F:\tool\phpstudy\WWW\dbspapi.dbkan.com\Application\Home\Controller\IndexController.class.php 第 263 行.
NOTIC: [8] Undefined index: order_number F:\tool\phpstudy\WWW\dbspapi.dbkan.com\Application\Home\Controller\IndexController.class.php 第 265 行.
INFO: [ view_parse ] --START--
INFO: [ template_filter ] --START--
INFO: Run Behavior\ContentReplaceBehavior [ RunTime:0.000071s ]
INFO: [ template_filter ] --END-- [ RunTime:0.000196s ]
INFO: Run Behavior\ParseTemplateBehavior [ RunTime:0.007792s ]
INFO: [ view_parse ] --END-- [ RunTime:0.007968s ]
INFO: [ view_filter ] --START--
INFO: Run Behavior\WriteHtmlCacheBehavior [ RunTime:0.000517s ]
INFO: [ view_filter ] --END-- [ RunTime:0.000672s ]
INFO: [ app_end ] --START--
INFO: Run Behavior\ShowPageTraceBehavior [ RunTime:0.000726s ]
INFO: [ app_end ] --END-- [ RunTime:0.000860s ]

[ 2017-12-18T17:37:25+08:00 ] 127.0.0.1 /Home/Index/js/bootstrap.min.js
INFO: [ app_init ] --START--
INFO: Run Behavior\BuildLiteBehavior [ RunTime:0.000042s ]
INFO: [ app_init ] --END-- [ RunTime:0.000728s ]
NOTIC: [8] Constant NOFILE_CD already defined F:\tool\phpstudy\WWW\dbspapi.dbkan.com\Application\Common\Conf\messagecd.php 第 31 行.
NOTIC: [8] Constant NOFILE_MSG already defined F:\tool\phpstudy\WWW\dbspapi.dbkan.com\Application\Common\Conf\messagecd.php 第 32 行.
INFO: [ app_begin ] --START--
INFO: Run Behavior\ReadHtmlCacheBehavior [ RunTime:0.000441s ]
INFO: [ app_begin ] --END-- [ RunTime:0.000574s ]
NOTIC: [2048] Declaration of Home\Controller\BaseController::error() should be compatible with Think\Controller::error($message = '', $jumpUrl = '', $ajax = false) F:\tool\phpstudy\WWW\dbspapi.dbkan.com\Application\Home\Controller\BaseController.class.php 第 38 行.
ERR: 非法操作:js

[ 2017-12-18T17:37:26+08:00 ] 127.0.0.1 /Home/Index/js/bootstrap.min.js
INFO: [ app_init ] --START--
INFO: Run Behavior\BuildLiteBehavior [ RunTime:0.000028s ]
INFO: [ app_init ] --END-- [ RunTime:0.000693s ]
NOTIC: [8] Constant NOFILE_CD already defined F:\tool\phpstudy\WWW\dbspapi.dbkan.com\Application\Common\Conf\messagecd.php 第 31 行.
NOTIC: [8] Constant NOFILE_MSG already defined F:\tool\phpstudy\WWW\dbspapi.dbkan.com\Application\Common\Conf\messagecd.php 第 32 行.
INFO: [ app_begin ] --START--
INFO: Run Behavior\ReadHtmlCacheBehavior [ RunTime:0.000653s ]
INFO: [ app_begin ] --END-- [ RunTime:0.000823s ]
NOTIC: [2048] Declaration of Home\Controller\BaseController::error() should be compatible with Think\Controller::error($message = '', $jumpUrl = '', $ajax = false) F:\tool\phpstudy\WWW\dbspapi.dbkan.com\Application\Home\Controller\BaseController.class.php 第 38 行.
ERR: 非法操作:js

[ 2017-12-18T17:37:28+08:00 ] 127.0.0.1 /
INFO: [ app_init ] --START--
INFO: Run Behavior\BuildLiteBehavior [ RunTime:0.000026s ]
INFO: [ app_init ] --END-- [ RunTime:0.000584s ]
NOTIC: [8] Constant NOFILE_CD already defined F:\tool\phpstudy\WWW\dbspapi.dbkan.com\Application\Common\Conf\messagecd.php 第 31 行.
NOTIC: [8] Constant NOFILE_MSG already defined F:\tool\phpstudy\WWW\dbspapi.dbkan.com\Application\Common\Conf\messagecd.php 第 32 行.
INFO: [ app_begin ] --START--
INFO: Run Behavior\ReadHtmlCacheBehavior [ RunTime:0.000559s ]
INFO: [ app_begin ] --END-- [ RunTime:0.000695s ]
NOTIC: [2048] Declaration of Home\Controller\BaseController::error() should be compatible with Think\Controller::error($message = '', $jumpUrl = '', $ajax = false) F:\tool\phpstudy\WWW\dbspapi.dbkan.com\Application\Home\Controller\BaseController.class.php 第 38 行.
SQL: SHOW COLUMNS FROM `config` [ RunTime:0.0036s ]
SQL: SELECT * FROM `config` WHERE `key` = 'price' LIMIT 1   [ RunTime:0.0003s ]
INFO: [ view_parse ] --START--
INFO: [ template_filter ] --START--
INFO: Run Behavior\ContentReplaceBehavior [ RunTime:0.000198s ]
INFO: [ template_filter ] --END-- [ RunTime:0.000355s ]
INFO: Run Behavior\ParseTemplateBehavior [ RunTime:0.014170s ]
INFO: [ view_parse ] --END-- [ RunTime:0.014336s ]
INFO: [ view_filter ] --START--
INFO: Run Behavior\WriteHtmlCacheBehavior [ RunTime:0.000612s ]
INFO: [ view_filter ] --END-- [ RunTime:0.000720s ]
INFO: [ app_end ] --START--
INFO: Run Behavior\ShowPageTraceBehavior [ RunTime:0.000736s ]
INFO: [ app_end ] --END-- [ RunTime:0.000888s ]

[ 2017-12-18T17:37:28+08:00 ] 127.0.0.1 /Home/Index/vcode.html
INFO: [ app_init ] --START--
INFO: Run Behavior\BuildLiteBehavior [ RunTime:0.000034s ]
INFO: [ app_init ] --END-- [ RunTime:0.000423s ]
NOTIC: [8] Constant NOFILE_CD already defined F:\tool\phpstudy\WWW\dbspapi.dbkan.com\Application\Common\Conf\messagecd.php 第 31 行.
NOTIC: [8] Constant NOFILE_MSG already defined F:\tool\phpstudy\WWW\dbspapi.dbkan.com\Application\Common\Conf\messagecd.php 第 32 行.
INFO: [ app_begin ] --START--
INFO: Run Behavior\ReadHtmlCacheBehavior [ RunTime:0.000842s ]
INFO: [ app_begin ] --END-- [ RunTime:0.001027s ]
NOTIC: [2048] Declaration of Home\Controller\BaseController::error() should be compatible with Think\Controller::error($message = '', $jumpUrl = '', $ajax = false) F:\tool\phpstudy\WWW\dbspapi.dbkan.com\Application\Home\Controller\BaseController.class.php 第 38 行.
INFO: [ app_end ] --START--
INFO: Run Behavior\ShowPageTraceBehavior [ RunTime:0.001010s ]
INFO: [ app_end ] --END-- [ RunTime:0.001214s ]

