[ 2017-11-04T14:03:46+08:00 ] 127.0.0.1 /index.php/home/log/send
INFO: [ app_init ] --START--
INFO: Run Behavior\BuildLiteBehavior [ RunTime:0.000000s ]
INFO: [ app_init ] --END-- [ RunTime:0.000000s ]
INFO: [ app_begin ] --START--
INFO: Run Behavior\ReadHtmlCacheBehavior [ RunTime:0.001000s ]
INFO: [ app_begin ] --END-- [ RunTime:0.001000s ]
NOTIC: [8192] Function mcrypt_cbc() is deprecated D:\phpStudy\WWW\dbspapi.dbkan.com\Application\Common\Common\function.php 第 177 行.
NOTIC: [8192] Function mcrypt_cbc() is deprecated D:\phpStudy\WWW\dbspapi.dbkan.com\Application\Common\Common\function.php 第 159 行.

[ 2017-11-04T14:04:01+08:00 ] 127.0.0.1 /index.php/home/log/send
INFO: [ app_init ] --START--
INFO: Run Behavior\BuildLiteBehavior [ RunTime:0.000000s ]
INFO: [ app_init ] --END-- [ RunTime:0.000000s ]
INFO: [ app_begin ] --START--
INFO: Run Behavior\ReadHtmlCacheBehavior [ RunTime:0.000000s ]
INFO: [ app_begin ] --END-- [ RunTime:0.000000s ]
NOTIC: [8192] Function mcrypt_cbc() is deprecated D:\phpStudy\WWW\dbspapi.dbkan.com\Application\Common\Common\function.php 第 177 行.
NOTIC: [8192] Function mcrypt_cbc() is deprecated D:\phpStudy\WWW\dbspapi.dbkan.com\Application\Common\Common\function.php 第 159 行.

[ 2017-11-04T14:04:02+08:00 ] 127.0.0.1 /index.php/home/log/send
INFO: [ app_init ] --START--
INFO: Run Behavior\BuildLiteBehavior [ RunTime:0.000000s ]
INFO: [ app_init ] --END-- [ RunTime:0.000000s ]
INFO: [ app_begin ] --START--
INFO: Run Behavior\ReadHtmlCacheBehavior [ RunTime:0.000000s ]
INFO: [ app_begin ] --END-- [ RunTime:0.000000s ]
NOTIC: [8192] Function mcrypt_cbc() is deprecated D:\phpStudy\WWW\dbspapi.dbkan.com\Application\Common\Common\function.php 第 177 行.
NOTIC: [8192] Function mcrypt_cbc() is deprecated D:\phpStudy\WWW\dbspapi.dbkan.com\Application\Common\Common\function.php 第 159 行.

[ 2017-11-04T14:04:02+08:00 ] 127.0.0.1 /index.php/home/log/send
INFO: [ app_init ] --START--
INFO: Run Behavior\BuildLiteBehavior [ RunTime:0.000000s ]
INFO: [ app_init ] --END-- [ RunTime:0.000000s ]
INFO: [ app_begin ] --START--
INFO: Run Behavior\ReadHtmlCacheBehavior [ RunTime:0.000000s ]
INFO: [ app_begin ] --END-- [ RunTime:0.000000s ]
NOTIC: [8192] Function mcrypt_cbc() is deprecated D:\phpStudy\WWW\dbspapi.dbkan.com\Application\Common\Common\function.php 第 177 行.
NOTIC: [8192] Function mcrypt_cbc() is deprecated D:\phpStudy\WWW\dbspapi.dbkan.com\Application\Common\Common\function.php 第 159 行.

[ 2017-11-04T14:04:02+08:00 ] 127.0.0.1 /index.php/home/log/send
INFO: [ app_init ] --START--
INFO: Run Behavior\BuildLiteBehavior [ RunTime:0.000000s ]
INFO: [ app_init ] --END-- [ RunTime:0.000000s ]
INFO: [ app_begin ] --START--
INFO: Run Behavior\ReadHtmlCacheBehavior [ RunTime:0.000000s ]
INFO: [ app_begin ] --END-- [ RunTime:0.000000s ]
NOTIC: [8192] Function mcrypt_cbc() is deprecated D:\phpStudy\WWW\dbspapi.dbkan.com\Application\Common\Common\function.php 第 177 行.
NOTIC: [8192] Function mcrypt_cbc() is deprecated D:\phpStudy\WWW\dbspapi.dbkan.com\Application\Common\Common\function.php 第 159 行.

[ 2017-11-04T14:04:19+08:00 ] 127.0.0.1 /index.php/home/log/send
INFO: [ app_init ] --START--
INFO: Run Behavior\BuildLiteBehavior [ RunTime:0.000000s ]
INFO: [ app_init ] --END-- [ RunTime:0.000000s ]
INFO: [ app_begin ] --START--
INFO: Run Behavior\ReadHtmlCacheBehavior [ RunTime:0.000000s ]
INFO: [ app_begin ] --END-- [ RunTime:0.000000s ]
NOTIC: [8192] Function mcrypt_cbc() is deprecated D:\phpStudy\WWW\dbspapi.dbkan.com\Application\Common\Common\function.php 第 177 行.
NOTIC: [8192] Function mcrypt_cbc() is deprecated D:\phpStudy\WWW\dbspapi.dbkan.com\Application\Common\Common\function.php 第 159 行.

[ 2017-11-04T14:04:19+08:00 ] 127.0.0.1 /index.php/home/log/send
INFO: [ app_init ] --START--
INFO: Run Behavior\BuildLiteBehavior [ RunTime:0.000000s ]
INFO: [ app_init ] --END-- [ RunTime:0.000000s ]
INFO: [ app_begin ] --START--
INFO: Run Behavior\ReadHtmlCacheBehavior [ RunTime:0.000000s ]
INFO: [ app_begin ] --END-- [ RunTime:0.000000s ]
NOTIC: [8192] Function mcrypt_cbc() is deprecated D:\phpStudy\WWW\dbspapi.dbkan.com\Application\Common\Common\function.php 第 177 行.
NOTIC: [8192] Function mcrypt_cbc() is deprecated D:\phpStudy\WWW\dbspapi.dbkan.com\Application\Common\Common\function.php 第 159 行.

[ 2017-11-04T14:04:20+08:00 ] 127.0.0.1 /index.php/home/log/send
INFO: [ app_init ] --START--
INFO: Run Behavior\BuildLiteBehavior [ RunTime:0.000000s ]
INFO: [ app_init ] --END-- [ RunTime:0.000000s ]
INFO: [ app_begin ] --START--
INFO: Run Behavior\ReadHtmlCacheBehavior [ RunTime:0.000000s ]
INFO: [ app_begin ] --END-- [ RunTime:0.000000s ]
NOTIC: [8192] Function mcrypt_cbc() is deprecated D:\phpStudy\WWW\dbspapi.dbkan.com\Application\Common\Common\function.php 第 177 行.
NOTIC: [8192] Function mcrypt_cbc() is deprecated D:\phpStudy\WWW\dbspapi.dbkan.com\Application\Common\Common\function.php 第 159 行.

[ 2017-11-04T14:05:02+08:00 ] 127.0.0.1 /index.php/home/log/send
INFO: [ app_init ] --START--
INFO: Run Behavior\BuildLiteBehavior [ RunTime:0.000000s ]
INFO: [ app_init ] --END-- [ RunTime:0.001000s ]
INFO: [ app_begin ] --START--
INFO: Run Behavior\ReadHtmlCacheBehavior [ RunTime:0.000000s ]
INFO: [ app_begin ] --END-- [ RunTime:0.000000s ]
NOTIC: [8192] Function mcrypt_cbc() is deprecated D:\phpStudy\WWW\dbspapi.dbkan.com\Application\Common\Common\function.php 第 177 行.

[ 2017-11-04T14:05:13+08:00 ] 127.0.0.1 /index.php/home/log/send
INFO: [ app_init ] --START--
INFO: Run Behavior\BuildLiteBehavior [ RunTime:0.000000s ]
INFO: [ app_init ] --END-- [ RunTime:0.001000s ]
INFO: [ app_begin ] --START--
INFO: Run Behavior\ReadHtmlCacheBehavior [ RunTime:0.000000s ]
INFO: [ app_begin ] --END-- [ RunTime:0.000000s ]
NOTIC: [8192] Function mcrypt_cbc() is deprecated D:\phpStudy\WWW\dbspapi.dbkan.com\Application\Common\Common\function.php 第 177 行.
NOTIC: [8192] Function mcrypt_cbc() is deprecated D:\phpStudy\WWW\dbspapi.dbkan.com\Application\Common\Common\function.php 第 159 行.

[ 2017-11-04T14:05:31+08:00 ] 127.0.0.1 /index.php/home/log/send
INFO: [ app_init ] --START--
INFO: Run Behavior\BuildLiteBehavior [ RunTime:0.000000s ]
INFO: [ app_init ] --END-- [ RunTime:0.000000s ]
INFO: [ app_begin ] --START--
INFO: Run Behavior\ReadHtmlCacheBehavior [ RunTime:0.000000s ]
INFO: [ app_begin ] --END-- [ RunTime:0.001000s ]
NOTIC: [8192] Function mcrypt_cbc() is deprecated D:\phpStudy\WWW\dbspapi.dbkan.com\Application\Common\Common\function.php 第 177 行.
NOTIC: [8192] Function mcrypt_cbc() is deprecated D:\phpStudy\WWW\dbspapi.dbkan.com\Application\Common\Common\function.php 第 159 行.

[ 2017-11-04T14:08:53+08:00 ] 127.0.0.1 /index.php/home/log/send
INFO: [ app_init ] --START--
INFO: Run Behavior\BuildLiteBehavior [ RunTime:0.000000s ]
INFO: [ app_init ] --END-- [ RunTime:0.002000s ]
INFO: [ app_begin ] --START--
INFO: Run Behavior\ReadHtmlCacheBehavior [ RunTime:0.001000s ]
INFO: [ app_begin ] --END-- [ RunTime:0.001000s ]
NOTIC: [8192] Function mcrypt_cbc() is deprecated D:\phpStudy\WWW\dbspapi.dbkan.com\Application\Common\Common\function.php 第 177 行.
NOTIC: [8192] Function mcrypt_cbc() is deprecated D:\phpStudy\WWW\dbspapi.dbkan.com\Application\Common\Common\function.php 第 159 行.

[ 2017-11-04T14:09:00+08:00 ] 127.0.0.1 /index.php/home/log/send
INFO: [ app_init ] --START--
INFO: Run Behavior\BuildLiteBehavior [ RunTime:0.000000s ]
INFO: [ app_init ] --END-- [ RunTime:0.000000s ]
INFO: [ app_begin ] --START--
INFO: Run Behavior\ReadHtmlCacheBehavior [ RunTime:0.001000s ]
INFO: [ app_begin ] --END-- [ RunTime:0.001000s ]
NOTIC: [8192] Function mcrypt_cbc() is deprecated D:\phpStudy\WWW\dbspapi.dbkan.com\Application\Common\Common\function.php 第 177 行.
NOTIC: [8192] Function mcrypt_cbc() is deprecated D:\phpStudy\WWW\dbspapi.dbkan.com\Application\Common\Common\function.php 第 159 行.

[ 2017-11-04T14:09:15+08:00 ] 127.0.0.1 /index.php/home/log/send
INFO: [ app_init ] --START--
INFO: Run Behavior\BuildLiteBehavior [ RunTime:0.000000s ]
INFO: [ app_init ] --END-- [ RunTime:0.000000s ]
INFO: [ app_begin ] --START--
INFO: Run Behavior\ReadHtmlCacheBehavior [ RunTime:0.001000s ]
INFO: [ app_begin ] --END-- [ RunTime:0.001000s ]
NOTIC: [8192] Function mcrypt_cbc() is deprecated D:\phpStudy\WWW\dbspapi.dbkan.com\Application\Common\Common\function.php 第 177 行.
NOTIC: [8192] Function mcrypt_cbc() is deprecated D:\phpStudy\WWW\dbspapi.dbkan.com\Application\Common\Common\function.php 第 159 行.

[ 2017-11-04T14:57:11+08:00 ] 127.0.0.1 /index.php/home/log/index
INFO: [ app_init ] --START--
INFO: Run Behavior\BuildLiteBehavior [ RunTime:0.000000s ]
INFO: [ app_init ] --END-- [ RunTime:0.000000s ]
INFO: [ app_begin ] --START--
INFO: Run Behavior\ReadHtmlCacheBehavior [ RunTime:0.000000s ]
INFO: [ app_begin ] --END-- [ RunTime:0.000000s ]
NOTIC: [8192] Function mcrypt_cbc() is deprecated D:\phpStudy\WWW\dbspapi.dbkan.com\Application\Common\Common\function.php 第 177 行.
SQL: SHOW COLUMNS FROM `user` [ RunTime:0.0030s ]
NOTIC: [8] Undefined index: code D:\phpStudy\WWW\dbspapi.dbkan.com\Application\Home\Controller\LogController.class.php 第 33 行.
NOTIC: [8] Use of undefined constant YUNXIN_APPKey - assumed 'YUNXIN_APPKey' D:\phpStudy\WWW\dbspapi.dbkan.com\Application\Home\Controller\LogController.class.php 第 38 行.
NOTIC: [8] Use of undefined constant YUNXIN_AppSecret - assumed 'YUNXIN_AppSecret' D:\phpStudy\WWW\dbspapi.dbkan.com\Application\Home\Controller\LogController.class.php 第 38 行.
SQL: SELECT * FROM `user` WHERE `mobile` = '18679354419' LIMIT 1   [ RunTime:0.0010s ]
NOTIC: [8] Undefined index: deviceid D:\phpStudy\WWW\dbspapi.dbkan.com\Application\Home\Controller\LogController.class.php 第 52 行.
SQL: INSERT INTO `user` (`mobile`,`name`,`last_time`,`create_time`,`head_portrait`) VALUES ('18679354419','我自己','1509778630','1509778630','/Public/static/headportrait/Faces_grandpa.png') [ RunTime:0.0000s ]
NOTIC: [8] Undefined index: deviceid D:\phpStudy\WWW\dbspapi.dbkan.com\Application\Home\Controller\LogController.class.php 第 85 行.
NOTIC: [2] unlink(./Application/Runtime/Temp/f1394a14da802414673fd527642f0c89.php): No such file or directory D:\phpStudy\WWW\dbspapi.dbkan.com\ThinkPHP\Library\Think\Cache\Driver\File.class.php 第 157 行.
NOTIC: [8] Undefined index: deviceid D:\phpStudy\WWW\dbspapi.dbkan.com\Application\Home\Controller\LogController.class.php 第 91 行.
NOTIC: [8] Undefined index: info D:\phpStudy\WWW\dbspapi.dbkan.com\Application\Home\Controller\LogController.class.php 第 92 行.
NOTIC: [8] Undefined index: info D:\phpStudy\WWW\dbspapi.dbkan.com\Application\Home\Controller\LogController.class.php 第 93 行.
SQL: UPDATE `user` SET `create_time`='1509778631',`deviceid_tv`=NULL,`token`=NULL WHERE `mobile` = '18679354419' [ RunTime:0.0010s ]
NOTIC: [8] Undefined index: info D:\phpStudy\WWW\dbspapi.dbkan.com\Application\Home\Controller\LogController.class.php 第 97 行.
NOTIC: [8192] Function mcrypt_cbc() is deprecated D:\phpStudy\WWW\dbspapi.dbkan.com\Application\Common\Common\function.php 第 159 行.

[ 2017-11-04T14:57:24+08:00 ] 127.0.0.1 /index.php/home/log/index
INFO: [ app_init ] --START--
INFO: Run Behavior\BuildLiteBehavior [ RunTime:0.000000s ]
INFO: [ app_init ] --END-- [ RunTime:0.001000s ]
INFO: [ app_begin ] --START--
INFO: Run Behavior\ReadHtmlCacheBehavior [ RunTime:0.000000s ]
INFO: [ app_begin ] --END-- [ RunTime:0.000000s ]
NOTIC: [8192] Function mcrypt_cbc() is deprecated D:\phpStudy\WWW\dbspapi.dbkan.com\Application\Common\Common\function.php 第 177 行.
SQL: SHOW COLUMNS FROM `user` [ RunTime:0.0040s ]
NOTIC: [8] Undefined index: code D:\phpStudy\WWW\dbspapi.dbkan.com\Application\Home\Controller\LogController.class.php 第 33 行.
NOTIC: [8] Use of undefined constant YUNXIN_APPKey - assumed 'YUNXIN_APPKey' D:\phpStudy\WWW\dbspapi.dbkan.com\Application\Home\Controller\LogController.class.php 第 38 行.
NOTIC: [8] Use of undefined constant YUNXIN_AppSecret - assumed 'YUNXIN_AppSecret' D:\phpStudy\WWW\dbspapi.dbkan.com\Application\Home\Controller\LogController.class.php 第 38 行.
SQL: SELECT * FROM `user` WHERE `mobile` = '18679354419' LIMIT 1   [ RunTime:0.0000s ]

[ 2017-11-04T15:33:48+08:00 ] 127.0.0.1 /index.php/home/Amigos/matching
INFO: [ app_init ] --START--
INFO: Run Behavior\BuildLiteBehavior [ RunTime:0.000000s ]
INFO: [ app_init ] --END-- [ RunTime:0.000000s ]
INFO: [ app_begin ] --START--
INFO: Run Behavior\ReadHtmlCacheBehavior [ RunTime:0.000000s ]
INFO: [ app_begin ] --END-- [ RunTime:0.000000s ]
NOTIC: [2048] Declaration of Home\Controller\AmigosController::show() should be compatible with Think\Controller::show($content, $charset = '', $contentType = '', $prefix = '') D:\phpStudy\WWW\dbspapi.dbkan.com\Application\Home\Controller\AmigosController.class.php 第 290 行.
ERR: 非法操作:matching

[ 2017-11-04T17:09:18+08:00 ] 127.0.0.1 /index.php/home/call/callTime
INFO: [ app_init ] --START--
INFO: Run Behavior\BuildLiteBehavior [ RunTime:0.000000s ]
INFO: [ app_init ] --END-- [ RunTime:0.000000s ]
INFO: [ app_begin ] --START--
INFO: Run Behavior\ReadHtmlCacheBehavior [ RunTime:0.000000s ]
INFO: [ app_begin ] --END-- [ RunTime:0.000000s ]
NOTIC: [8192] Function mcrypt_cbc() is deprecated D:\phpStudy\WWW\dbspapi.dbkan.com\Application\Common\Common\function.php 第 177 行.
NOTIC: [8192] Function mcrypt_cbc() is deprecated D:\phpStudy\WWW\dbspapi.dbkan.com\Application\Common\Common\function.php 第 177 行.
NOTIC: [8] Undefined index: receive] D:\phpStudy\WWW\dbspapi.dbkan.com\Application\Home\Controller\CallController.class.php 第 34 行.

[ 2017-11-04T17:09:37+08:00 ] 127.0.0.1 /index.php/home/call/callTime
INFO: [ app_init ] --START--
INFO: Run Behavior\BuildLiteBehavior [ RunTime:0.000000s ]
INFO: [ app_init ] --END-- [ RunTime:0.000000s ]
INFO: [ app_begin ] --START--
INFO: Run Behavior\ReadHtmlCacheBehavior [ RunTime:0.000000s ]
INFO: [ app_begin ] --END-- [ RunTime:0.000000s ]
NOTIC: [8192] Function mcrypt_cbc() is deprecated D:\phpStudy\WWW\dbspapi.dbkan.com\Application\Common\Common\function.php 第 177 行.
NOTIC: [8192] Function mcrypt_cbc() is deprecated D:\phpStudy\WWW\dbspapi.dbkan.com\Application\Common\Common\function.php 第 177 行.
NOTIC: [8] Undefined index: receive] D:\phpStudy\WWW\dbspapi.dbkan.com\Application\Home\Controller\CallController.class.php 第 34 行.

[ 2017-11-04T17:09:38+08:00 ] 127.0.0.1 /index.php/home/call/callTime
INFO: [ app_init ] --START--
INFO: Run Behavior\BuildLiteBehavior [ RunTime:0.000000s ]
INFO: [ app_init ] --END-- [ RunTime:0.000000s ]
INFO: [ app_begin ] --START--
INFO: Run Behavior\ReadHtmlCacheBehavior [ RunTime:0.001000s ]
INFO: [ app_begin ] --END-- [ RunTime:0.001000s ]
NOTIC: [8192] Function mcrypt_cbc() is deprecated D:\phpStudy\WWW\dbspapi.dbkan.com\Application\Common\Common\function.php 第 177 行.
NOTIC: [8192] Function mcrypt_cbc() is deprecated D:\phpStudy\WWW\dbspapi.dbkan.com\Application\Common\Common\function.php 第 177 行.
NOTIC: [8] Undefined index: receive] D:\phpStudy\WWW\dbspapi.dbkan.com\Application\Home\Controller\CallController.class.php 第 34 行.

[ 2017-11-04T17:09:38+08:00 ] 127.0.0.1 /index.php/home/call/callTime
INFO: [ app_init ] --START--
INFO: Run Behavior\BuildLiteBehavior [ RunTime:0.000000s ]
INFO: [ app_init ] --END-- [ RunTime:0.000000s ]
INFO: [ app_begin ] --START--
INFO: Run Behavior\ReadHtmlCacheBehavior [ RunTime:0.000000s ]
INFO: [ app_begin ] --END-- [ RunTime:0.000000s ]
NOTIC: [8192] Function mcrypt_cbc() is deprecated D:\phpStudy\WWW\dbspapi.dbkan.com\Application\Common\Common\function.php 第 177 行.
NOTIC: [8192] Function mcrypt_cbc() is deprecated D:\phpStudy\WWW\dbspapi.dbkan.com\Application\Common\Common\function.php 第 177 行.
NOTIC: [8] Undefined index: receive] D:\phpStudy\WWW\dbspapi.dbkan.com\Application\Home\Controller\CallController.class.php 第 34 行.

[ 2017-11-04T17:09:46+08:00 ] 127.0.0.1 /index.php/home/call/callTime
INFO: [ app_init ] --START--
INFO: Run Behavior\BuildLiteBehavior [ RunTime:0.000000s ]
INFO: [ app_init ] --END-- [ RunTime:0.000000s ]
INFO: [ app_begin ] --START--
INFO: Run Behavior\ReadHtmlCacheBehavior [ RunTime:0.000000s ]
INFO: [ app_begin ] --END-- [ RunTime:0.000000s ]
NOTIC: [8192] Function mcrypt_cbc() is deprecated D:\phpStudy\WWW\dbspapi.dbkan.com\Application\Common\Common\function.php 第 177 行.
NOTIC: [8192] Function mcrypt_cbc() is deprecated D:\phpStudy\WWW\dbspapi.dbkan.com\Application\Common\Common\function.php 第 177 行.
NOTIC: [8] Undefined index: receive] D:\phpStudy\WWW\dbspapi.dbkan.com\Application\Home\Controller\CallController.class.php 第 34 行.

[ 2017-11-04T17:09:47+08:00 ] 127.0.0.1 /index.php/home/call/callTime
INFO: [ app_init ] --START--
INFO: Run Behavior\BuildLiteBehavior [ RunTime:0.000000s ]
INFO: [ app_init ] --END-- [ RunTime:0.000000s ]
INFO: [ app_begin ] --START--
INFO: Run Behavior\ReadHtmlCacheBehavior [ RunTime:0.000000s ]
INFO: [ app_begin ] --END-- [ RunTime:0.000000s ]
NOTIC: [8192] Function mcrypt_cbc() is deprecated D:\phpStudy\WWW\dbspapi.dbkan.com\Application\Common\Common\function.php 第 177 行.
NOTIC: [8192] Function mcrypt_cbc() is deprecated D:\phpStudy\WWW\dbspapi.dbkan.com\Application\Common\Common\function.php 第 177 行.
NOTIC: [8] Undefined index: receive] D:\phpStudy\WWW\dbspapi.dbkan.com\Application\Home\Controller\CallController.class.php 第 34 行.

[ 2017-11-04T17:09:47+08:00 ] 127.0.0.1 /index.php/home/call/callTime
INFO: [ app_init ] --START--
INFO: Run Behavior\BuildLiteBehavior [ RunTime:0.000000s ]
INFO: [ app_init ] --END-- [ RunTime:0.000000s ]
INFO: [ app_begin ] --START--
INFO: Run Behavior\ReadHtmlCacheBehavior [ RunTime:0.000000s ]
INFO: [ app_begin ] --END-- [ RunTime:0.000000s ]
NOTIC: [8192] Function mcrypt_cbc() is deprecated D:\phpStudy\WWW\dbspapi.dbkan.com\Application\Common\Common\function.php 第 177 行.
NOTIC: [8192] Function mcrypt_cbc() is deprecated D:\phpStudy\WWW\dbspapi.dbkan.com\Application\Common\Common\function.php 第 177 行.
NOTIC: [8] Undefined index: receive] D:\phpStudy\WWW\dbspapi.dbkan.com\Application\Home\Controller\CallController.class.php 第 34 行.

[ 2017-11-04T17:09:47+08:00 ] 127.0.0.1 /index.php/home/call/callTime
INFO: [ app_init ] --START--
INFO: Run Behavior\BuildLiteBehavior [ RunTime:0.000000s ]
INFO: [ app_init ] --END-- [ RunTime:0.000000s ]
INFO: [ app_begin ] --START--
INFO: Run Behavior\ReadHtmlCacheBehavior [ RunTime:0.001000s ]
INFO: [ app_begin ] --END-- [ RunTime:0.001000s ]
NOTIC: [8192] Function mcrypt_cbc() is deprecated D:\phpStudy\WWW\dbspapi.dbkan.com\Application\Common\Common\function.php 第 177 行.
NOTIC: [8192] Function mcrypt_cbc() is deprecated D:\phpStudy\WWW\dbspapi.dbkan.com\Application\Common\Common\function.php 第 177 行.
NOTIC: [8] Undefined index: receive] D:\phpStudy\WWW\dbspapi.dbkan.com\Application\Home\Controller\CallController.class.php 第 34 行.

[ 2017-11-04T17:09:50+08:00 ] 127.0.0.1 /index.php/home/call/callTime
INFO: [ app_init ] --START--
INFO: Run Behavior\BuildLiteBehavior [ RunTime:0.000000s ]
INFO: [ app_init ] --END-- [ RunTime:0.000000s ]
INFO: [ app_begin ] --START--
INFO: Run Behavior\ReadHtmlCacheBehavior [ RunTime:0.000000s ]
INFO: [ app_begin ] --END-- [ RunTime:0.001000s ]
NOTIC: [8192] Function mcrypt_cbc() is deprecated D:\phpStudy\WWW\dbspapi.dbkan.com\Application\Common\Common\function.php 第 177 行.
NOTIC: [8192] Function mcrypt_cbc() is deprecated D:\phpStudy\WWW\dbspapi.dbkan.com\Application\Common\Common\function.php 第 177 行.
NOTIC: [8] Undefined index: receive] D:\phpStudy\WWW\dbspapi.dbkan.com\Application\Home\Controller\CallController.class.php 第 34 行.

[ 2017-11-04T17:09:51+08:00 ] 127.0.0.1 /index.php/home/call/callTime
INFO: [ app_init ] --START--
INFO: Run Behavior\BuildLiteBehavior [ RunTime:0.000000s ]
INFO: [ app_init ] --END-- [ RunTime:0.001000s ]
INFO: [ app_begin ] --START--
INFO: Run Behavior\ReadHtmlCacheBehavior [ RunTime:0.000000s ]
INFO: [ app_begin ] --END-- [ RunTime:0.000000s ]
NOTIC: [8192] Function mcrypt_cbc() is deprecated D:\phpStudy\WWW\dbspapi.dbkan.com\Application\Common\Common\function.php 第 177 行.
NOTIC: [8192] Function mcrypt_cbc() is deprecated D:\phpStudy\WWW\dbspapi.dbkan.com\Application\Common\Common\function.php 第 177 行.
NOTIC: [8] Undefined index: receive] D:\phpStudy\WWW\dbspapi.dbkan.com\Application\Home\Controller\CallController.class.php 第 34 行.

[ 2017-11-04T17:09:51+08:00 ] 127.0.0.1 /index.php/home/call/callTime
INFO: [ app_init ] --START--
INFO: Run Behavior\BuildLiteBehavior [ RunTime:0.000000s ]
INFO: [ app_init ] --END-- [ RunTime:0.000000s ]
INFO: [ app_begin ] --START--
INFO: Run Behavior\ReadHtmlCacheBehavior [ RunTime:0.001000s ]
INFO: [ app_begin ] --END-- [ RunTime:0.001000s ]
NOTIC: [8192] Function mcrypt_cbc() is deprecated D:\phpStudy\WWW\dbspapi.dbkan.com\Application\Common\Common\function.php 第 177 行.
NOTIC: [8192] Function mcrypt_cbc() is deprecated D:\phpStudy\WWW\dbspapi.dbkan.com\Application\Common\Common\function.php 第 177 行.
NOTIC: [8] Undefined index: receive] D:\phpStudy\WWW\dbspapi.dbkan.com\Application\Home\Controller\CallController.class.php 第 34 行.

[ 2017-11-04T17:09:51+08:00 ] 127.0.0.1 /index.php/home/call/callTime
INFO: [ app_init ] --START--
INFO: Run Behavior\BuildLiteBehavior [ RunTime:0.000000s ]
INFO: [ app_init ] --END-- [ RunTime:0.000000s ]
INFO: [ app_begin ] --START--
INFO: Run Behavior\ReadHtmlCacheBehavior [ RunTime:0.000000s ]
INFO: [ app_begin ] --END-- [ RunTime:0.000000s ]
NOTIC: [8192] Function mcrypt_cbc() is deprecated D:\phpStudy\WWW\dbspapi.dbkan.com\Application\Common\Common\function.php 第 177 行.
NOTIC: [8192] Function mcrypt_cbc() is deprecated D:\phpStudy\WWW\dbspapi.dbkan.com\Application\Common\Common\function.php 第 177 行.
NOTIC: [8] Undefined index: receive] D:\phpStudy\WWW\dbspapi.dbkan.com\Application\Home\Controller\CallController.class.php 第 34 行.

[ 2017-11-04T17:10:27+08:00 ] 127.0.0.1 /index.php/home/call/callTime
INFO: [ app_init ] --START--
INFO: Run Behavior\BuildLiteBehavior [ RunTime:0.000000s ]
INFO: [ app_init ] --END-- [ RunTime:0.000000s ]
INFO: [ app_begin ] --START--
INFO: Run Behavior\ReadHtmlCacheBehavior [ RunTime:0.000000s ]
INFO: [ app_begin ] --END-- [ RunTime:0.000000s ]
NOTIC: [8192] Function mcrypt_cbc() is deprecated D:\phpStudy\WWW\dbspapi.dbkan.com\Application\Common\Common\function.php 第 177 行.
NOTIC: [8192] Function mcrypt_cbc() is deprecated D:\phpStudy\WWW\dbspapi.dbkan.com\Application\Common\Common\function.php 第 177 行.

[ 2017-11-04T17:10:58+08:00 ] 127.0.0.1 /index.php/home/call/callTime
INFO: [ app_init ] --START--
INFO: Run Behavior\BuildLiteBehavior [ RunTime:0.000000s ]
INFO: [ app_init ] --END-- [ RunTime:0.000000s ]
INFO: [ app_begin ] --START--
INFO: Run Behavior\ReadHtmlCacheBehavior [ RunTime:0.001000s ]
INFO: [ app_begin ] --END-- [ RunTime:0.001000s ]
NOTIC: [8192] Function mcrypt_cbc() is deprecated D:\phpStudy\WWW\dbspapi.dbkan.com\Application\Common\Common\function.php 第 177 行.
NOTIC: [8192] Function mcrypt_cbc() is deprecated D:\phpStudy\WWW\dbspapi.dbkan.com\Application\Common\Common\function.php 第 177 行.
SQL: SHOW COLUMNS FROM `call_log` [ RunTime:0.0040s ]
SQL: INSERT INTO `call_log` (`relation_id`,`hours_length`,`call_time`,`receive`,`answer`) VALUES ('112','0','1509784923','12','1') [ RunTime:0.0000s ]
NOTIC: [8] Undefined index: user_id D:\phpStudy\WWW\dbspapi.dbkan.com\Application\Home\Controller\CallController.class.php 第 34 行.
NOTIC: [2] unlink(./Application/Runtime/Temp/bd5b905f0465030f0cc4f24416e320b5.php): No such file or directory D:\phpStudy\WWW\dbspapi.dbkan.com\ThinkPHP\Library\Think\Cache\Driver\File.class.php 第 157 行.
NOTIC: [8192] Function mcrypt_cbc() is deprecated D:\phpStudy\WWW\dbspapi.dbkan.com\Application\Common\Common\function.php 第 159 行.

[ 2017-11-04T17:11:05+08:00 ] 127.0.0.1 /index.php/home/call/callTime
INFO: [ app_init ] --START--
INFO: Run Behavior\BuildLiteBehavior [ RunTime:0.000000s ]
INFO: [ app_init ] --END-- [ RunTime:0.001000s ]
INFO: [ app_begin ] --START--
INFO: Run Behavior\ReadHtmlCacheBehavior [ RunTime:0.000000s ]
INFO: [ app_begin ] --END-- [ RunTime:0.000000s ]
NOTIC: [8192] Function mcrypt_cbc() is deprecated D:\phpStudy\WWW\dbspapi.dbkan.com\Application\Common\Common\function.php 第 177 行.
NOTIC: [8192] Function mcrypt_cbc() is deprecated D:\phpStudy\WWW\dbspapi.dbkan.com\Application\Common\Common\function.php 第 177 行.
SQL: SHOW COLUMNS FROM `call_log` [ RunTime:0.0030s ]
SQL: INSERT INTO `call_log` (`relation_id`,`hours_length`,`call_time`,`receive`,`answer`) VALUES ('112','0','1509784923','12','1') [ RunTime:0.0000s ]
NOTIC: [8] Undefined index: user_id D:\phpStudy\WWW\dbspapi.dbkan.com\Application\Home\Controller\CallController.class.php 第 34 行.
NOTIC: [2] unlink(./Application/Runtime/Temp/bd5b905f0465030f0cc4f24416e320b5.php): No such file or directory D:\phpStudy\WWW\dbspapi.dbkan.com\ThinkPHP\Library\Think\Cache\Driver\File.class.php 第 157 行.
NOTIC: [8192] Function mcrypt_cbc() is deprecated D:\phpStudy\WWW\dbspapi.dbkan.com\Application\Common\Common\function.php 第 159 行.

