[ 2017-10-12T16:40:42+08:00 ] 127.0.0.1 /
INFO: [ app_init ] --START--
INFO: Run Behavior\BuildLiteBehavior [ RunTime:0.000000s ]
INFO: [ app_init ] --END-- [ RunTime:0.002000s ]
INFO: [ app_begin ] --START--
INFO: Run Behavior\ReadHtmlCacheBehavior [ RunTime:0.001000s ]
INFO: [ app_begin ] --END-- [ RunTime:0.001000s ]
NOTIC: [8192] Function mcrypt_cbc() is deprecated D:\phpStudy\WWW\videocall\Application\Common\Common\function.php 第 135 行.

[ 2017-10-12T16:40:49+08:00 ] 127.0.0.1 /
INFO: [ app_init ] --START--
INFO: Run Behavior\BuildLiteBehavior [ RunTime:0.000000s ]
INFO: [ app_init ] --END-- [ RunTime:0.000000s ]
INFO: [ app_begin ] --START--
INFO: Run Behavior\ReadHtmlCacheBehavior [ RunTime:0.000000s ]
INFO: [ app_begin ] --END-- [ RunTime:0.000000s ]
NOTIC: [8192] Function mcrypt_cbc() is deprecated D:\phpStudy\WWW\videocall\Application\Common\Common\function.php 第 135 行.

[ 2017-10-12T16:45:05+08:00 ] 127.0.0.1 /home/log/send
INFO: [ app_init ] --START--
INFO: Run Behavior\BuildLiteBehavior [ RunTime:0.000000s ]
INFO: [ app_init ] --END-- [ RunTime:0.001000s ]
INFO: [ app_begin ] --START--
INFO: Run Behavior\ReadHtmlCacheBehavior [ RunTime:0.001000s ]
INFO: [ app_begin ] --END-- [ RunTime:0.001000s ]
NOTIC: [8192] Function mcrypt_cbc() is deprecated D:\phpStudy\WWW\videocall\Application\Common\Common\function.php 第 153 行.
NOTIC: [8192] Function mcrypt_cbc() is deprecated D:\phpStudy\WWW\videocall\Application\Common\Common\function.php 第 135 行.

[ 2017-10-12T16:46:44+08:00 ] 127.0.0.1 /home/log/send
INFO: [ app_init ] --START--
INFO: Run Behavior\BuildLiteBehavior [ RunTime:0.000000s ]
INFO: [ app_init ] --END-- [ RunTime:0.000000s ]
INFO: [ app_begin ] --START--
INFO: Run Behavior\ReadHtmlCacheBehavior [ RunTime:0.001000s ]
INFO: [ app_begin ] --END-- [ RunTime:0.001000s ]
NOTIC: [8192] Function mcrypt_cbc() is deprecated D:\phpStudy\WWW\videocall\Application\Common\Common\function.php 第 153 行.
NOTIC: [8192] Function mcrypt_cbc() is deprecated D:\phpStudy\WWW\videocall\Application\Common\Common\function.php 第 135 行.

[ 2017-10-12T16:47:01+08:00 ] 127.0.0.1 /home/log/send
INFO: [ app_init ] --START--
INFO: Run Behavior\BuildLiteBehavior [ RunTime:0.000000s ]
INFO: [ app_init ] --END-- [ RunTime:0.001000s ]
INFO: [ app_begin ] --START--
INFO: Run Behavior\ReadHtmlCacheBehavior [ RunTime:0.000000s ]
INFO: [ app_begin ] --END-- [ RunTime:0.000000s ]
NOTIC: [8192] Function mcrypt_cbc() is deprecated D:\phpStudy\WWW\videocall\Application\Common\Common\function.php 第 153 行.
NOTIC: [8192] Function mcrypt_cbc() is deprecated D:\phpStudy\WWW\videocall\Application\Common\Common\function.php 第 135 行.

[ 2017-10-12T16:50:13+08:00 ] 127.0.0.1 /home/log/send
INFO: [ app_init ] --START--
INFO: Run Behavior\BuildLiteBehavior [ RunTime:0.000000s ]
INFO: [ app_init ] --END-- [ RunTime:0.001000s ]
INFO: [ app_begin ] --START--
INFO: Run Behavior\ReadHtmlCacheBehavior [ RunTime:0.000000s ]
INFO: [ app_begin ] --END-- [ RunTime:0.000000s ]
NOTIC: [8192] Function mcrypt_cbc() is deprecated D:\phpStudy\WWW\videocall\Application\Common\Common\function.php 第 153 行.
NOTIC: [8192] Function mcrypt_cbc() is deprecated D:\phpStudy\WWW\videocall\Application\Common\Common\function.php 第 135 行.

[ 2017-10-12T16:51:30+08:00 ] 127.0.0.1 /home/log/index
INFO: [ app_init ] --START--
INFO: Run Behavior\BuildLiteBehavior [ RunTime:0.000000s ]
INFO: [ app_init ] --END-- [ RunTime:0.000000s ]
INFO: [ app_begin ] --START--
INFO: Run Behavior\ReadHtmlCacheBehavior [ RunTime:0.000000s ]
INFO: [ app_begin ] --END-- [ RunTime:0.000000s ]
NOTIC: [8192] Function mcrypt_cbc() is deprecated D:\phpStudy\WWW\videocall\Application\Common\Common\function.php 第 153 行.
SQL: SHOW COLUMNS FROM `user` [ RunTime:0.0090s ]
NOTIC: [8192] Function mcrypt_cbc() is deprecated D:\phpStudy\WWW\videocall\Application\Common\Common\function.php 第 135 行.

[ 2017-10-12T17:36:56+08:00 ] 127.0.0.1 /home/log/index
INFO: [ app_init ] --START--
INFO: Run Behavior\BuildLiteBehavior [ RunTime:0.000000s ]
INFO: [ app_init ] --END-- [ RunTime:0.000000s ]
INFO: [ app_begin ] --START--
INFO: Run Behavior\ReadHtmlCacheBehavior [ RunTime:0.000000s ]
INFO: [ app_begin ] --END-- [ RunTime:0.000000s ]
SQL: SHOW COLUMNS FROM `user` [ RunTime:0.0020s ]
SQL: SELECT * FROM `user` WHERE `mobile` = '196454554' LIMIT 1   [ RunTime:0.0010s ]
SQL: INSERT INTO `user` (`mobile`,`name`,`receiver`,`last_time`,`create_time`) VALUES ('196454554','N32','234434234','1507801016','1507801016') [ RunTime:0.0000s ]
NOTIC: [8] Use of undefined constant YUNXIN_APPKey - assumed 'YUNXIN_APPKey' D:\phpStudy\WWW\dbspapi.dbkan.com\Application\Home\Controller\LogController.class.php 第 47 行.
NOTIC: [8] Use of undefined constant YUNXIN_AppSecret - assumed 'YUNXIN_AppSecret' D:\phpStudy\WWW\dbspapi.dbkan.com\Application\Home\Controller\LogController.class.php 第 47 行.
NOTIC: [8192] Function mcrypt_cbc() is deprecated D:\phpStudy\WWW\dbspapi.dbkan.com\Application\Common\Common\function.php 第 135 行.

[ 2017-10-12T17:39:37+08:00 ] 127.0.0.1 /home/log/index
INFO: [ app_init ] --START--
INFO: Run Behavior\BuildLiteBehavior [ RunTime:0.000000s ]
INFO: [ app_init ] --END-- [ RunTime:0.000000s ]
INFO: [ app_begin ] --START--
INFO: Run Behavior\ReadHtmlCacheBehavior [ RunTime:0.000000s ]
INFO: [ app_begin ] --END-- [ RunTime:0.000000s ]
SQL: SHOW COLUMNS FROM `user` [ RunTime:0.0030s ]
SQL: SELECT * FROM `user` WHERE `mobile` = '196454554' LIMIT 1   [ RunTime:0.0000s ]
NOTIC: [2] unlink(./Application/Runtime/Temp/2d406d4873ec37591a3120fca0bd8206.php): No such file or directory D:\phpStudy\WWW\dbspapi.dbkan.com\ThinkPHP\Library\Think\Cache\Driver\File.class.php 第 157 行.
SQL: UPDATE `user` SET `create_time`='1507801177',`receiver`='234434234' WHERE `mobile` = '196454554' [ RunTime:0.0010s ]
NOTIC: [8192] Function mcrypt_cbc() is deprecated D:\phpStudy\WWW\dbspapi.dbkan.com\Application\Common\Common\function.php 第 135 行.

[ 2017-10-12T17:39:52+08:00 ] 127.0.0.1 /home/log/index
INFO: [ app_init ] --START--
INFO: Run Behavior\BuildLiteBehavior [ RunTime:0.000000s ]
INFO: [ app_init ] --END-- [ RunTime:0.000000s ]
INFO: [ app_begin ] --START--
INFO: Run Behavior\ReadHtmlCacheBehavior [ RunTime:0.001000s ]
INFO: [ app_begin ] --END-- [ RunTime:0.001000s ]
SQL: SHOW COLUMNS FROM `user` [ RunTime:0.0040s ]
SQL: SELECT * FROM `user` WHERE `mobile` = '196454554' LIMIT 1   [ RunTime:0.0000s ]
NOTIC: [2] unlink(./Application/Runtime/Temp/2d406d4873ec37591a3120fca0bd8206.php): No such file or directory D:\phpStudy\WWW\dbspapi.dbkan.com\ThinkPHP\Library\Think\Cache\Driver\File.class.php 第 157 行.
SQL: UPDATE `user` SET `create_time`='1507801192',`receiver`='234434234' WHERE `mobile` = '196454554' [ RunTime:0.0000s ]
NOTIC: [8192] Function mcrypt_cbc() is deprecated D:\phpStudy\WWW\dbspapi.dbkan.com\Application\Common\Common\function.php 第 135 行.

[ 2017-10-12T17:40:11+08:00 ] 127.0.0.1 /home/log/index
INFO: [ app_init ] --START--
INFO: Run Behavior\BuildLiteBehavior [ RunTime:0.000000s ]
INFO: [ app_init ] --END-- [ RunTime:0.001000s ]
INFO: [ app_begin ] --START--
INFO: Run Behavior\ReadHtmlCacheBehavior [ RunTime:0.000000s ]
INFO: [ app_begin ] --END-- [ RunTime:0.000000s ]

[ 2017-10-12T17:40:29+08:00 ] 127.0.0.1 /home/log/index
INFO: [ app_init ] --START--
INFO: Run Behavior\BuildLiteBehavior [ RunTime:0.000000s ]
INFO: [ app_init ] --END-- [ RunTime:0.001000s ]
INFO: [ app_begin ] --START--
INFO: Run Behavior\ReadHtmlCacheBehavior [ RunTime:0.000000s ]
INFO: [ app_begin ] --END-- [ RunTime:0.000000s ]

[ 2017-10-12T17:40:36+08:00 ] 127.0.0.1 /home/log/index
INFO: [ app_init ] --START--
INFO: Run Behavior\BuildLiteBehavior [ RunTime:0.000000s ]
INFO: [ app_init ] --END-- [ RunTime:0.000000s ]
INFO: [ app_begin ] --START--
INFO: Run Behavior\ReadHtmlCacheBehavior [ RunTime:0.001000s ]
INFO: [ app_begin ] --END-- [ RunTime:0.001000s ]

[ 2017-10-12T17:41:10+08:00 ] 127.0.0.1 /home/log/index
INFO: [ app_init ] --START--
INFO: Run Behavior\BuildLiteBehavior [ RunTime:0.000000s ]
INFO: [ app_init ] --END-- [ RunTime:0.000000s ]
INFO: [ app_begin ] --START--
INFO: Run Behavior\ReadHtmlCacheBehavior [ RunTime:0.001000s ]
INFO: [ app_begin ] --END-- [ RunTime:0.001000s ]
SQL: SHOW COLUMNS FROM `user` [ RunTime:0.0030s ]
SQL: SELECT * FROM `user` WHERE `mobile` = '196454554' LIMIT 1   [ RunTime:0.0000s ]
NOTIC: [2] unlink(./Application/Runtime/Temp/2d406d4873ec37591a3120fca0bd8206.php): No such file or directory D:\phpStudy\WWW\dbspapi.dbkan.com\ThinkPHP\Library\Think\Cache\Driver\File.class.php 第 157 行.
SQL: UPDATE `user` SET `create_time`='1507801270',`receiver`='234434234' WHERE `mobile` = '196454554' [ RunTime:0.0000s ]
NOTIC: [8192] Function mcrypt_cbc() is deprecated D:\phpStudy\WWW\dbspapi.dbkan.com\Application\Common\Common\function.php 第 135 行.

[ 2017-10-12T17:41:24+08:00 ] 127.0.0.1 /home/log/index
INFO: [ app_init ] --START--
INFO: Run Behavior\BuildLiteBehavior [ RunTime:0.000000s ]
INFO: [ app_init ] --END-- [ RunTime:0.001000s ]
INFO: [ app_begin ] --START--
INFO: Run Behavior\ReadHtmlCacheBehavior [ RunTime:0.000000s ]
INFO: [ app_begin ] --END-- [ RunTime:0.000000s ]
SQL: SHOW COLUMNS FROM `user` [ RunTime:0.0020s ]
SQL: SELECT * FROM `user` WHERE `mobile` = '196454554' LIMIT 1   [ RunTime:0.0010s ]
NOTIC: [2] unlink(./Application/Runtime/Temp/2d406d4873ec37591a3120fca0bd8206.php): No such file or directory D:\phpStudy\WWW\dbspapi.dbkan.com\ThinkPHP\Library\Think\Cache\Driver\File.class.php 第 157 行.
SQL: UPDATE `user` SET `create_time`='1507801284',`receiver`='234434234' WHERE `mobile` = '196454554' [ RunTime:0.0000s ]
NOTIC: [8192] Function mcrypt_cbc() is deprecated D:\phpStudy\WWW\dbspapi.dbkan.com\Application\Common\Common\function.php 第 135 行.

[ 2017-10-12T17:42:28+08:00 ] 127.0.0.1 /home/log/index
INFO: [ app_init ] --START--
INFO: Run Behavior\BuildLiteBehavior [ RunTime:0.001000s ]
INFO: [ app_init ] --END-- [ RunTime:0.001000s ]
INFO: [ app_begin ] --START--
INFO: Run Behavior\ReadHtmlCacheBehavior [ RunTime:0.000000s ]
INFO: [ app_begin ] --END-- [ RunTime:0.000000s ]
SQL: SHOW COLUMNS FROM `user` [ RunTime:0.0030s ]
SQL: SELECT * FROM `user` WHERE `mobile` = '196454554' LIMIT 1   [ RunTime:0.0000s ]
SQL: INSERT INTO `user` (`mobile`,`name`,`receiver`,`last_time`,`create_time`) VALUES ('196454554','N32','234434234','1507801348','1507801348') [ RunTime:0.0000s ]
NOTIC: [8] Use of undefined constant YUNXIN_APPKey - assumed 'YUNXIN_APPKey' D:\phpStudy\WWW\dbspapi.dbkan.com\Application\Home\Controller\LogController.class.php 第 48 行.
NOTIC: [8] Use of undefined constant YUNXIN_AppSecret - assumed 'YUNXIN_AppSecret' D:\phpStudy\WWW\dbspapi.dbkan.com\Application\Home\Controller\LogController.class.php 第 48 行.
NOTIC: [2] Illegal string offset 'id' D:\phpStudy\WWW\dbspapi.dbkan.com\Application\Home\Controller\LogController.class.php 第 61 行.
NOTIC: [2] unlink(./Application/Runtime/Temp/2d406d4873ec37591a3120fca0bd8206.php): No such file or directory D:\phpStudy\WWW\dbspapi.dbkan.com\ThinkPHP\Library\Think\Cache\Driver\File.class.php 第 157 行.
SQL: UPDATE `user` SET `create_time`='1507801348',`receiver`='234434234' WHERE `mobile` = '196454554' [ RunTime:0.0000s ]
NOTIC: [8192] Function mcrypt_cbc() is deprecated D:\phpStudy\WWW\dbspapi.dbkan.com\Application\Common\Common\function.php 第 135 行.

[ 2017-10-12T17:43:49+08:00 ] 127.0.0.1 /home/log/index
INFO: [ app_init ] --START--
INFO: Run Behavior\BuildLiteBehavior [ RunTime:0.000000s ]
INFO: [ app_init ] --END-- [ RunTime:0.000000s ]
INFO: [ app_begin ] --START--
INFO: Run Behavior\ReadHtmlCacheBehavior [ RunTime:0.000000s ]
INFO: [ app_begin ] --END-- [ RunTime:0.000000s ]
SQL: SHOW COLUMNS FROM `user` [ RunTime:0.0030s ]
SQL: SELECT * FROM `user` WHERE `mobile` = '196454554' LIMIT 1   [ RunTime:0.0010s ]
SQL: INSERT INTO `user` (`mobile`,`name`,`receiver`,`last_time`,`create_time`) VALUES ('196454554','N32','234434234','1507801429','1507801429') [ RunTime:0.0000s ]
NOTIC: [8] Use of undefined constant YUNXIN_APPKey - assumed 'YUNXIN_APPKey' D:\phpStudy\WWW\dbspapi.dbkan.com\Application\Home\Controller\LogController.class.php 第 48 行.
NOTIC: [8] Use of undefined constant YUNXIN_AppSecret - assumed 'YUNXIN_AppSecret' D:\phpStudy\WWW\dbspapi.dbkan.com\Application\Home\Controller\LogController.class.php 第 48 行.
NOTIC: [2] Illegal string offset 'id' D:\phpStudy\WWW\dbspapi.dbkan.com\Application\Home\Controller\LogController.class.php 第 61 行.
NOTIC: [2] unlink(./Application/Runtime/Temp/2d406d4873ec37591a3120fca0bd8206.php): No such file or directory D:\phpStudy\WWW\dbspapi.dbkan.com\ThinkPHP\Library\Think\Cache\Driver\File.class.php 第 157 行.
SQL: UPDATE `user` SET `create_time`='1507801429',`receiver`='234434234' WHERE `mobile` = '196454554' [ RunTime:0.0010s ]
NOTIC: [8192] Function mcrypt_cbc() is deprecated D:\phpStudy\WWW\dbspapi.dbkan.com\Application\Common\Common\function.php 第 135 行.

[ 2017-10-12T17:55:24+08:00 ] 127.0.0.1 /home/log/send
INFO: [ app_init ] --START--
INFO: Run Behavior\BuildLiteBehavior [ RunTime:0.000000s ]
INFO: [ app_init ] --END-- [ RunTime:0.000000s ]
INFO: [ app_begin ] --START--
INFO: Run Behavior\ReadHtmlCacheBehavior [ RunTime:0.000000s ]
INFO: [ app_begin ] --END-- [ RunTime:0.000000s ]
NOTIC: [8192] Function mcrypt_cbc() is deprecated D:\phpStudy\WWW\dbspapi.dbkan.com\Application\Common\Common\function.php 第 153 行.
NOTIC: [8192] Function mcrypt_cbc() is deprecated D:\phpStudy\WWW\dbspapi.dbkan.com\Application\Common\Common\function.php 第 135 行.

[ 2017-10-12T17:56:02+08:00 ] 127.0.0.1 /home/log/index
INFO: [ app_init ] --START--
INFO: Run Behavior\BuildLiteBehavior [ RunTime:0.000000s ]
INFO: [ app_init ] --END-- [ RunTime:0.001000s ]
INFO: [ app_begin ] --START--
INFO: Run Behavior\ReadHtmlCacheBehavior [ RunTime:0.000000s ]
INFO: [ app_begin ] --END-- [ RunTime:0.000000s ]
SQL: SHOW COLUMNS FROM `user` [ RunTime:0.0020s ]
NOTIC: [8192] Function mcrypt_cbc() is deprecated D:\phpStudy\WWW\dbspapi.dbkan.com\Application\Common\Common\function.php 第 135 行.

[ 2017-10-12T17:56:13+08:00 ] 127.0.0.1 /home/log/index
INFO: [ app_init ] --START--
INFO: Run Behavior\BuildLiteBehavior [ RunTime:0.000000s ]
INFO: [ app_init ] --END-- [ RunTime:0.000000s ]
INFO: [ app_begin ] --START--
INFO: Run Behavior\ReadHtmlCacheBehavior [ RunTime:0.001000s ]
INFO: [ app_begin ] --END-- [ RunTime:0.001000s ]
SQL: SHOW COLUMNS FROM `user` [ RunTime:0.0020s ]
NOTIC: [8192] Function mcrypt_cbc() is deprecated D:\phpStudy\WWW\dbspapi.dbkan.com\Application\Common\Common\function.php 第 135 行.

[ 2017-10-12T17:56:22+08:00 ] 127.0.0.1 /home/log/index
INFO: [ app_init ] --START--
INFO: Run Behavior\BuildLiteBehavior [ RunTime:0.000000s ]
INFO: [ app_init ] --END-- [ RunTime:0.001000s ]
INFO: [ app_begin ] --START--
INFO: Run Behavior\ReadHtmlCacheBehavior [ RunTime:0.000000s ]
INFO: [ app_begin ] --END-- [ RunTime:0.000000s ]
SQL: SHOW COLUMNS FROM `user` [ RunTime:0.0030s ]
NOTIC: [8192] Function mcrypt_cbc() is deprecated D:\phpStudy\WWW\dbspapi.dbkan.com\Application\Common\Common\function.php 第 135 行.

[ 2017-10-12T17:56:30+08:00 ] 127.0.0.1 /home/log/index
INFO: [ app_init ] --START--
INFO: Run Behavior\BuildLiteBehavior [ RunTime:0.000000s ]
INFO: [ app_init ] --END-- [ RunTime:0.000000s ]
INFO: [ app_begin ] --START--
INFO: Run Behavior\ReadHtmlCacheBehavior [ RunTime:0.000000s ]
INFO: [ app_begin ] --END-- [ RunTime:0.001000s ]
SQL: SHOW COLUMNS FROM `user` [ RunTime:0.0020s ]
NOTIC: [8192] Function mcrypt_cbc() is deprecated D:\phpStudy\WWW\dbspapi.dbkan.com\Application\Common\Common\function.php 第 135 行.

[ 2017-10-12T17:59:07+08:00 ] 127.0.0.1 /home/log/index
INFO: [ app_init ] --START--
INFO: Run Behavior\BuildLiteBehavior [ RunTime:0.000000s ]
INFO: [ app_init ] --END-- [ RunTime:0.000000s ]
INFO: [ app_begin ] --START--
INFO: Run Behavior\ReadHtmlCacheBehavior [ RunTime:0.000000s ]
INFO: [ app_begin ] --END-- [ RunTime:0.000000s ]
SQL: SHOW COLUMNS FROM `user` [ RunTime:0.0020s ]
NOTIC: [8192] Function mcrypt_cbc() is deprecated D:\phpStudy\WWW\dbspapi.dbkan.com\Application\Common\Common\function.php 第 135 行.

[ 2017-10-12T18:00:57+08:00 ] 127.0.0.1 /home/log/index
INFO: [ app_init ] --START--
INFO: Run Behavior\BuildLiteBehavior [ RunTime:0.000000s ]
INFO: [ app_init ] --END-- [ RunTime:0.000000s ]
INFO: [ app_begin ] --START--
INFO: Run Behavior\ReadHtmlCacheBehavior [ RunTime:0.000000s ]
INFO: [ app_begin ] --END-- [ RunTime:0.000000s ]
SQL: SHOW COLUMNS FROM `user` [ RunTime:0.0040s ]
SQL: SELECT * FROM `user` WHERE `mobile` = '196454554' LIMIT 1   [ RunTime:0.0000s ]
NOTIC: [2] unlink(./Application/Runtime/Temp/2d406d4873ec37591a3120fca0bd8206.php): No such file or directory D:\phpStudy\WWW\dbspapi.dbkan.com\ThinkPHP\Library\Think\Cache\Driver\File.class.php 第 157 行.
SQL: UPDATE `user` SET `create_time`='1507802457',`receiver`='234434234' WHERE `mobile` = '196454554' [ RunTime:0.0010s ]
NOTIC: [8192] Function mcrypt_cbc() is deprecated D:\phpStudy\WWW\dbspapi.dbkan.com\Application\Common\Common\function.php 第 135 行.

[ 2017-10-12T18:01:05+08:00 ] 127.0.0.1 /home/log/index
INFO: [ app_init ] --START--
INFO: Run Behavior\BuildLiteBehavior [ RunTime:0.000000s ]
INFO: [ app_init ] --END-- [ RunTime:0.000000s ]
INFO: [ app_begin ] --START--
INFO: Run Behavior\ReadHtmlCacheBehavior [ RunTime:0.001000s ]
INFO: [ app_begin ] --END-- [ RunTime:0.001000s ]
SQL: SHOW COLUMNS FROM `user` [ RunTime:0.0030s ]
SQL: SELECT * FROM `user` WHERE `mobile` = '196454554' LIMIT 1   [ RunTime:0.0010s ]
SQL: INSERT INTO `user` (`mobile`,`name`,`receiver`,`last_time`,`create_time`) VALUES ('196454554','N32','234434234','1507802465','1507802465') [ RunTime:0.0000s ]
NOTIC: [2] Illegal string offset 'id' D:\phpStudy\WWW\dbspapi.dbkan.com\Application\Home\Controller\LogController.class.php 第 60 行.
NOTIC: [2] unlink(./Application/Runtime/Temp/2d406d4873ec37591a3120fca0bd8206.php): No such file or directory D:\phpStudy\WWW\dbspapi.dbkan.com\ThinkPHP\Library\Think\Cache\Driver\File.class.php 第 157 行.
SQL: UPDATE `user` SET `create_time`='1507802465',`receiver`='234434234' WHERE `mobile` = '196454554' [ RunTime:0.0010s ]
NOTIC: [8192] Function mcrypt_cbc() is deprecated D:\phpStudy\WWW\dbspapi.dbkan.com\Application\Common\Common\function.php 第 135 行.

