[ 2017-12-16T18:37:13+08:00 ] 127.0.0.1 /
INFO: [ app_init ] --START--
INFO: Run Behavior\BuildLiteBehavior [ RunTime:0.000043s ]
INFO: [ app_init ] --END-- [ RunTime:0.001006s ]
NOTIC: [8] Constant NOFILE_CD already defined F:\tool\phpstudy\WWW\dbspapi.dbkan.com\Application\Common\Conf\messagecd.php 第 31 行.
NOTIC: [8] Constant NOFILE_MSG already defined F:\tool\phpstudy\WWW\dbspapi.dbkan.com\Application\Common\Conf\messagecd.php 第 32 行.
INFO: [ app_begin ] --START--
INFO: Run Behavior\ReadHtmlCacheBehavior [ RunTime:0.001880s ]
INFO: [ app_begin ] --END-- [ RunTime:0.002273s ]
NOTIC: [2048] Declaration of Home\Controller\BaseController::error() should be compatible with Think\Controller::error($message = '', $jumpUrl = '', $ajax = false) F:\tool\phpstudy\WWW\dbspapi.dbkan.com\Application\Home\Controller\BaseController.class.php 第 38 行.
SQL: SHOW COLUMNS FROM `config` [ RunTime:0.0220s ]
SQL: SELECT * FROM `config` WHERE `key` = 'price' LIMIT 1   [ RunTime:0.0007s ]
INFO: [ view_parse ] --START--
INFO: [ template_filter ] --START--
INFO: Run Behavior\ContentReplaceBehavior [ RunTime:0.000922s ]
INFO: [ template_filter ] --END-- [ RunTime:0.001499s ]
INFO: Run Behavior\ParseTemplateBehavior [ RunTime:0.058707s ]
INFO: [ view_parse ] --END-- [ RunTime:0.058960s ]
INFO: [ view_filter ] --START--
INFO: Run Behavior\WriteHtmlCacheBehavior [ RunTime:0.000873s ]
INFO: [ view_filter ] --END-- [ RunTime:0.001106s ]
INFO: [ app_end ] --START--
INFO: Run Behavior\ShowPageTraceBehavior [ RunTime:0.001337s ]
INFO: [ app_end ] --END-- [ RunTime:0.001605s ]

[ 2017-12-16T19:40:52+08:00 ] 127.0.0.1 /
INFO: [ app_init ] --START--
INFO: Run Behavior\BuildLiteBehavior [ RunTime:0.000049s ]
INFO: [ app_init ] --END-- [ RunTime:0.001763s ]
NOTIC: [8] Constant NOFILE_CD already defined F:\tool\phpstudy\WWW\dbspapi.dbkan.com\Application\Common\Conf\messagecd.php 第 31 行.
NOTIC: [8] Constant NOFILE_MSG already defined F:\tool\phpstudy\WWW\dbspapi.dbkan.com\Application\Common\Conf\messagecd.php 第 32 行.
INFO: [ app_begin ] --START--
INFO: Run Behavior\ReadHtmlCacheBehavior [ RunTime:0.000873s ]
INFO: [ app_begin ] --END-- [ RunTime:0.001114s ]
NOTIC: [2048] Declaration of Home\Controller\BaseController::error() should be compatible with Think\Controller::error($message = '', $jumpUrl = '', $ajax = false) F:\tool\phpstudy\WWW\dbspapi.dbkan.com\Application\Home\Controller\BaseController.class.php 第 38 行.
SQL: SHOW COLUMNS FROM `config` [ RunTime:0.0067s ]
SQL: SELECT * FROM `config` WHERE `key` = 'price' LIMIT 1   [ RunTime:0.0016s ]
INFO: [ view_parse ] --START--
INFO: [ template_filter ] --START--
INFO: Run Behavior\ContentReplaceBehavior [ RunTime:0.000485s ]
INFO: [ template_filter ] --END-- [ RunTime:0.000850s ]
INFO: Run Behavior\ParseTemplateBehavior [ RunTime:0.019441s ]
INFO: [ view_parse ] --END-- [ RunTime:0.019630s ]
INFO: [ view_filter ] --START--
INFO: Run Behavior\WriteHtmlCacheBehavior [ RunTime:0.000625s ]
INFO: [ view_filter ] --END-- [ RunTime:0.000748s ]
INFO: [ app_end ] --START--
INFO: Run Behavior\ShowPageTraceBehavior [ RunTime:0.000674s ]
INFO: [ app_end ] --END-- [ RunTime:0.000816s ]

[ 2017-12-16T19:43:41+08:00 ] 127.0.0.1 /
INFO: [ app_init ] --START--
INFO: Run Behavior\BuildLiteBehavior [ RunTime:0.000067s ]
INFO: [ app_init ] --END-- [ RunTime:0.001377s ]
NOTIC: [8] Constant NOFILE_CD already defined F:\tool\phpstudy\WWW\dbspapi.dbkan.com\Application\Common\Conf\messagecd.php 第 31 行.
NOTIC: [8] Constant NOFILE_MSG already defined F:\tool\phpstudy\WWW\dbspapi.dbkan.com\Application\Common\Conf\messagecd.php 第 32 行.
INFO: [ app_begin ] --START--
INFO: Run Behavior\ReadHtmlCacheBehavior [ RunTime:0.001468s ]
INFO: [ app_begin ] --END-- [ RunTime:0.002062s ]
NOTIC: [2048] Declaration of Home\Controller\BaseController::error() should be compatible with Think\Controller::error($message = '', $jumpUrl = '', $ajax = false) F:\tool\phpstudy\WWW\dbspapi.dbkan.com\Application\Home\Controller\BaseController.class.php 第 38 行.
SQL: SHOW COLUMNS FROM `config` [ RunTime:0.0090s ]
SQL: SELECT * FROM `config` WHERE `key` = 'price' LIMIT 1   [ RunTime:0.0004s ]
INFO: [ view_parse ] --START--
INFO: [ template_filter ] --START--
INFO: Run Behavior\ContentReplaceBehavior [ RunTime:0.000288s ]
INFO: [ template_filter ] --END-- [ RunTime:0.000531s ]
INFO: Run Behavior\ParseTemplateBehavior [ RunTime:0.023168s ]
INFO: [ view_parse ] --END-- [ RunTime:0.023437s ]
INFO: [ view_filter ] --START--
INFO: Run Behavior\WriteHtmlCacheBehavior [ RunTime:0.001571s ]
INFO: [ view_filter ] --END-- [ RunTime:0.001815s ]
INFO: [ app_end ] --START--
INFO: Run Behavior\ShowPageTraceBehavior [ RunTime:0.001439s ]
INFO: [ app_end ] --END-- [ RunTime:0.001722s ]

[ 2017-12-16T19:43:41+08:00 ] 127.0.0.1 /Home/Index/vcode.html
INFO: [ app_init ] --START--
INFO: Run Behavior\BuildLiteBehavior [ RunTime:0.000046s ]
INFO: [ app_init ] --END-- [ RunTime:0.000873s ]
NOTIC: [8] Constant NOFILE_CD already defined F:\tool\phpstudy\WWW\dbspapi.dbkan.com\Application\Common\Conf\messagecd.php 第 31 行.
NOTIC: [8] Constant NOFILE_MSG already defined F:\tool\phpstudy\WWW\dbspapi.dbkan.com\Application\Common\Conf\messagecd.php 第 32 行.
INFO: [ app_begin ] --START--
INFO: Run Behavior\ReadHtmlCacheBehavior [ RunTime:0.001007s ]
INFO: [ app_begin ] --END-- [ RunTime:0.001264s ]
NOTIC: [2048] Declaration of Home\Controller\BaseController::error() should be compatible with Think\Controller::error($message = '', $jumpUrl = '', $ajax = false) F:\tool\phpstudy\WWW\dbspapi.dbkan.com\Application\Home\Controller\BaseController.class.php 第 38 行.
INFO: [ app_end ] --START--
INFO: Run Behavior\ShowPageTraceBehavior [ RunTime:0.001280s ]
INFO: [ app_end ] --END-- [ RunTime:0.001540s ]

[ 2017-12-16T19:43:49+08:00 ] 127.0.0.1 /Home/Index/check.html
INFO: [ app_init ] --START--
INFO: Run Behavior\BuildLiteBehavior [ RunTime:0.000054s ]
INFO: [ app_init ] --END-- [ RunTime:0.001010s ]
NOTIC: [8] Constant NOFILE_CD already defined F:\tool\phpstudy\WWW\dbspapi.dbkan.com\Application\Common\Conf\messagecd.php 第 31 行.
NOTIC: [8] Constant NOFILE_MSG already defined F:\tool\phpstudy\WWW\dbspapi.dbkan.com\Application\Common\Conf\messagecd.php 第 32 行.
INFO: [ app_begin ] --START--
INFO: Run Behavior\ReadHtmlCacheBehavior [ RunTime:0.000779s ]
INFO: [ app_begin ] --END-- [ RunTime:0.000932s ]
NOTIC: [2048] Declaration of Home\Controller\BaseController::error() should be compatible with Think\Controller::error($message = '', $jumpUrl = '', $ajax = false) F:\tool\phpstudy\WWW\dbspapi.dbkan.com\Application\Home\Controller\BaseController.class.php 第 38 行.
NOTIC: [8] Undefined index: receive_address F:\tool\phpstudy\WWW\dbspapi.dbkan.com\Application\Home\Controller\IndexController.class.php 第 117 行.
NOTIC: [8] Undefined index: bank F:\tool\phpstudy\WWW\dbspapi.dbkan.com\Application\Home\Controller\IndexController.class.php 第 120 行.
INFO: [ view_parse ] --START--
INFO: [ template_filter ] --START--
INFO: Run Behavior\ContentReplaceBehavior [ RunTime:0.000239s ]
INFO: [ template_filter ] --END-- [ RunTime:0.000562s ]
INFO: Run Behavior\ParseTemplateBehavior [ RunTime:0.056612s ]
INFO: [ view_parse ] --END-- [ RunTime:0.056747s ]
INFO: [ view_filter ] --START--
INFO: Run Behavior\WriteHtmlCacheBehavior [ RunTime:0.000590s ]
INFO: [ view_filter ] --END-- [ RunTime:0.000728s ]
INFO: [ app_end ] --START--
INFO: Run Behavior\ShowPageTraceBehavior [ RunTime:0.000680s ]
INFO: [ app_end ] --END-- [ RunTime:0.000801s ]

[ 2017-12-16T19:43:49+08:00 ] 127.0.0.1 /Home/Index/vcode.html
INFO: [ app_init ] --START--
INFO: Run Behavior\BuildLiteBehavior [ RunTime:0.000047s ]
INFO: [ app_init ] --END-- [ RunTime:0.000795s ]
NOTIC: [8] Constant NOFILE_CD already defined F:\tool\phpstudy\WWW\dbspapi.dbkan.com\Application\Common\Conf\messagecd.php 第 31 行.
NOTIC: [8] Constant NOFILE_MSG already defined F:\tool\phpstudy\WWW\dbspapi.dbkan.com\Application\Common\Conf\messagecd.php 第 32 行.
INFO: [ app_begin ] --START--
INFO: Run Behavior\ReadHtmlCacheBehavior [ RunTime:0.002129s ]
INFO: [ app_begin ] --END-- [ RunTime:0.002431s ]
NOTIC: [2048] Declaration of Home\Controller\BaseController::error() should be compatible with Think\Controller::error($message = '', $jumpUrl = '', $ajax = false) F:\tool\phpstudy\WWW\dbspapi.dbkan.com\Application\Home\Controller\BaseController.class.php 第 38 行.
INFO: [ app_end ] --START--
INFO: Run Behavior\ShowPageTraceBehavior [ RunTime:0.001265s ]
INFO: [ app_end ] --END-- [ RunTime:0.001547s ]

[ 2017-12-16T19:44:19+08:00 ] 127.0.0.1 /Home/Index/check.html
INFO: [ app_init ] --START--
INFO: Run Behavior\BuildLiteBehavior [ RunTime:0.000044s ]
INFO: [ app_init ] --END-- [ RunTime:0.000845s ]
NOTIC: [8] Constant NOFILE_CD already defined F:\tool\phpstudy\WWW\dbspapi.dbkan.com\Application\Common\Conf\messagecd.php 第 31 行.
NOTIC: [8] Constant NOFILE_MSG already defined F:\tool\phpstudy\WWW\dbspapi.dbkan.com\Application\Common\Conf\messagecd.php 第 32 行.
INFO: [ app_begin ] --START--
INFO: Run Behavior\ReadHtmlCacheBehavior [ RunTime:0.000968s ]
INFO: [ app_begin ] --END-- [ RunTime:0.001516s ]
NOTIC: [2048] Declaration of Home\Controller\BaseController::error() should be compatible with Think\Controller::error($message = '', $jumpUrl = '', $ajax = false) F:\tool\phpstudy\WWW\dbspapi.dbkan.com\Application\Home\Controller\BaseController.class.php 第 38 行.
NOTIC: [8] Undefined index: receive_address F:\tool\phpstudy\WWW\dbspapi.dbkan.com\Application\Home\Controller\IndexController.class.php 第 117 行.
NOTIC: [8] Undefined index: bank F:\tool\phpstudy\WWW\dbspapi.dbkan.com\Application\Home\Controller\IndexController.class.php 第 120 行.
INFO: [ view_parse ] --START--
INFO: [ template_filter ] --START--
INFO: Run Behavior\ContentReplaceBehavior [ RunTime:0.000094s ]
INFO: [ template_filter ] --END-- [ RunTime:0.000235s ]
INFO: Run Behavior\ParseTemplateBehavior [ RunTime:0.016157s ]
INFO: [ view_parse ] --END-- [ RunTime:0.016354s ]
INFO: [ view_filter ] --START--
INFO: Run Behavior\WriteHtmlCacheBehavior [ RunTime:0.000670s ]
INFO: [ view_filter ] --END-- [ RunTime:0.000833s ]
INFO: [ app_end ] --START--
INFO: Run Behavior\ShowPageTraceBehavior [ RunTime:0.000617s ]
INFO: [ app_end ] --END-- [ RunTime:0.000742s ]

[ 2017-12-16T19:44:19+08:00 ] 127.0.0.1 /Home/Index/vcode.html
INFO: [ app_init ] --START--
INFO: Run Behavior\BuildLiteBehavior [ RunTime:0.000087s ]
INFO: [ app_init ] --END-- [ RunTime:0.001593s ]
NOTIC: [8] Constant NOFILE_CD already defined F:\tool\phpstudy\WWW\dbspapi.dbkan.com\Application\Common\Conf\messagecd.php 第 31 行.
NOTIC: [8] Constant NOFILE_MSG already defined F:\tool\phpstudy\WWW\dbspapi.dbkan.com\Application\Common\Conf\messagecd.php 第 32 行.
INFO: [ app_begin ] --START--
INFO: Run Behavior\ReadHtmlCacheBehavior [ RunTime:0.000827s ]
INFO: [ app_begin ] --END-- [ RunTime:0.001062s ]
NOTIC: [2048] Declaration of Home\Controller\BaseController::error() should be compatible with Think\Controller::error($message = '', $jumpUrl = '', $ajax = false) F:\tool\phpstudy\WWW\dbspapi.dbkan.com\Application\Home\Controller\BaseController.class.php 第 38 行.
INFO: [ app_end ] --START--
INFO: Run Behavior\ShowPageTraceBehavior [ RunTime:0.000992s ]
INFO: [ app_end ] --END-- [ RunTime:0.001243s ]

[ 2017-12-16T19:45:45+08:00 ] 127.0.0.1 /
INFO: [ app_init ] --START--
INFO: Run Behavior\BuildLiteBehavior [ RunTime:0.000028s ]
INFO: [ app_init ] --END-- [ RunTime:0.000547s ]
NOTIC: [8] Constant NOFILE_CD already defined F:\tool\phpstudy\WWW\dbspapi.dbkan.com\Application\Common\Conf\messagecd.php 第 31 行.
NOTIC: [8] Constant NOFILE_MSG already defined F:\tool\phpstudy\WWW\dbspapi.dbkan.com\Application\Common\Conf\messagecd.php 第 32 行.
INFO: [ app_begin ] --START--
INFO: Run Behavior\ReadHtmlCacheBehavior [ RunTime:0.000963s ]
INFO: [ app_begin ] --END-- [ RunTime:0.001196s ]
NOTIC: [2048] Declaration of Home\Controller\BaseController::error() should be compatible with Think\Controller::error($message = '', $jumpUrl = '', $ajax = false) F:\tool\phpstudy\WWW\dbspapi.dbkan.com\Application\Home\Controller\BaseController.class.php 第 38 行.
SQL: SHOW COLUMNS FROM `config` [ RunTime:0.0092s ]
SQL: SELECT * FROM `config` WHERE `key` = 'price' LIMIT 1   [ RunTime:0.0004s ]
INFO: [ view_parse ] --START--
INFO: [ template_filter ] --START--
INFO: Run Behavior\ContentReplaceBehavior [ RunTime:0.000249s ]
INFO: [ template_filter ] --END-- [ RunTime:0.000458s ]
INFO: Run Behavior\ParseTemplateBehavior [ RunTime:0.015954s ]
INFO: [ view_parse ] --END-- [ RunTime:0.016126s ]
INFO: [ view_filter ] --START--
INFO: Run Behavior\WriteHtmlCacheBehavior [ RunTime:0.000657s ]
INFO: [ view_filter ] --END-- [ RunTime:0.000838s ]
INFO: [ app_end ] --START--
INFO: Run Behavior\ShowPageTraceBehavior [ RunTime:0.000891s ]
INFO: [ app_end ] --END-- [ RunTime:0.001093s ]

[ 2017-12-16T19:45:45+08:00 ] 127.0.0.1 /Home/Index/vcode.html
INFO: [ app_init ] --START--
INFO: Run Behavior\BuildLiteBehavior [ RunTime:0.000058s ]
INFO: [ app_init ] --END-- [ RunTime:0.000932s ]
NOTIC: [8] Constant NOFILE_CD already defined F:\tool\phpstudy\WWW\dbspapi.dbkan.com\Application\Common\Conf\messagecd.php 第 31 行.
NOTIC: [8] Constant NOFILE_MSG already defined F:\tool\phpstudy\WWW\dbspapi.dbkan.com\Application\Common\Conf\messagecd.php 第 32 行.
INFO: [ app_begin ] --START--
INFO: Run Behavior\ReadHtmlCacheBehavior [ RunTime:0.000871s ]
INFO: [ app_begin ] --END-- [ RunTime:0.001112s ]
NOTIC: [2048] Declaration of Home\Controller\BaseController::error() should be compatible with Think\Controller::error($message = '', $jumpUrl = '', $ajax = false) F:\tool\phpstudy\WWW\dbspapi.dbkan.com\Application\Home\Controller\BaseController.class.php 第 38 行.
INFO: [ app_end ] --START--
INFO: Run Behavior\ShowPageTraceBehavior [ RunTime:0.001608s ]
INFO: [ app_end ] --END-- [ RunTime:0.002446s ]

[ 2017-12-16T19:46:25+08:00 ] 127.0.0.1 /Home/Index/check.html
INFO: [ app_init ] --START--
INFO: Run Behavior\BuildLiteBehavior [ RunTime:0.000046s ]
INFO: [ app_init ] --END-- [ RunTime:0.000808s ]
NOTIC: [8] Constant NOFILE_CD already defined F:\tool\phpstudy\WWW\dbspapi.dbkan.com\Application\Common\Conf\messagecd.php 第 31 行.
NOTIC: [8] Constant NOFILE_MSG already defined F:\tool\phpstudy\WWW\dbspapi.dbkan.com\Application\Common\Conf\messagecd.php 第 32 行.
INFO: [ app_begin ] --START--
INFO: Run Behavior\ReadHtmlCacheBehavior [ RunTime:0.000619s ]
INFO: [ app_begin ] --END-- [ RunTime:0.000763s ]
NOTIC: [2048] Declaration of Home\Controller\BaseController::error() should be compatible with Think\Controller::error($message = '', $jumpUrl = '', $ajax = false) F:\tool\phpstudy\WWW\dbspapi.dbkan.com\Application\Home\Controller\BaseController.class.php 第 38 行.

[ 2017-12-16T19:46:35+08:00 ] 127.0.0.1 /Home/Index/check.html
INFO: [ app_init ] --START--
INFO: Run Behavior\BuildLiteBehavior [ RunTime:0.000047s ]
INFO: [ app_init ] --END-- [ RunTime:0.000837s ]
NOTIC: [8] Constant NOFILE_CD already defined F:\tool\phpstudy\WWW\dbspapi.dbkan.com\Application\Common\Conf\messagecd.php 第 31 行.
NOTIC: [8] Constant NOFILE_MSG already defined F:\tool\phpstudy\WWW\dbspapi.dbkan.com\Application\Common\Conf\messagecd.php 第 32 行.
INFO: [ app_begin ] --START--
INFO: Run Behavior\ReadHtmlCacheBehavior [ RunTime:0.000903s ]
INFO: [ app_begin ] --END-- [ RunTime:0.001160s ]
NOTIC: [2048] Declaration of Home\Controller\BaseController::error() should be compatible with Think\Controller::error($message = '', $jumpUrl = '', $ajax = false) F:\tool\phpstudy\WWW\dbspapi.dbkan.com\Application\Home\Controller\BaseController.class.php 第 38 行.
NOTIC: [8] Undefined index: receive_address F:\tool\phpstudy\WWW\dbspapi.dbkan.com\Application\Home\Controller\IndexController.class.php 第 119 行.
NOTIC: [8] Undefined index: bank F:\tool\phpstudy\WWW\dbspapi.dbkan.com\Application\Home\Controller\IndexController.class.php 第 122 行.
INFO: [ view_parse ] --START--
INFO: [ template_filter ] --START--
INFO: Run Behavior\ContentReplaceBehavior [ RunTime:0.000238s ]
INFO: [ template_filter ] --END-- [ RunTime:0.000457s ]
INFO: Run Behavior\ParseTemplateBehavior [ RunTime:0.015828s ]
INFO: [ view_parse ] --END-- [ RunTime:0.015955s ]
INFO: [ view_filter ] --START--
INFO: Run Behavior\WriteHtmlCacheBehavior [ RunTime:0.000403s ]
INFO: [ view_filter ] --END-- [ RunTime:0.000512s ]
INFO: [ app_end ] --START--
INFO: Run Behavior\ShowPageTraceBehavior [ RunTime:0.000530s ]
INFO: [ app_end ] --END-- [ RunTime:0.000641s ]

[ 2017-12-16T19:46:35+08:00 ] 127.0.0.1 /Home/Index/vcode.html
INFO: [ app_init ] --START--
INFO: Run Behavior\BuildLiteBehavior [ RunTime:0.000051s ]
INFO: [ app_init ] --END-- [ RunTime:0.000892s ]
NOTIC: [8] Constant NOFILE_CD already defined F:\tool\phpstudy\WWW\dbspapi.dbkan.com\Application\Common\Conf\messagecd.php 第 31 行.
NOTIC: [8] Constant NOFILE_MSG already defined F:\tool\phpstudy\WWW\dbspapi.dbkan.com\Application\Common\Conf\messagecd.php 第 32 行.
INFO: [ app_begin ] --START--
INFO: Run Behavior\ReadHtmlCacheBehavior [ RunTime:0.000787s ]
INFO: [ app_begin ] --END-- [ RunTime:0.001008s ]
NOTIC: [2048] Declaration of Home\Controller\BaseController::error() should be compatible with Think\Controller::error($message = '', $jumpUrl = '', $ajax = false) F:\tool\phpstudy\WWW\dbspapi.dbkan.com\Application\Home\Controller\BaseController.class.php 第 38 行.
INFO: [ app_end ] --START--
INFO: Run Behavior\ShowPageTraceBehavior [ RunTime:0.000948s ]
INFO: [ app_end ] --END-- [ RunTime:0.001211s ]

[ 2017-12-16T19:47:34+08:00 ] 127.0.0.1 /Home/Index/check.html
INFO: [ app_init ] --START--
INFO: Run Behavior\BuildLiteBehavior [ RunTime:0.000044s ]
INFO: [ app_init ] --END-- [ RunTime:0.000796s ]
NOTIC: [8] Constant NOFILE_CD already defined F:\tool\phpstudy\WWW\dbspapi.dbkan.com\Application\Common\Conf\messagecd.php 第 31 行.
NOTIC: [8] Constant NOFILE_MSG already defined F:\tool\phpstudy\WWW\dbspapi.dbkan.com\Application\Common\Conf\messagecd.php 第 32 行.
INFO: [ app_begin ] --START--
INFO: Run Behavior\ReadHtmlCacheBehavior [ RunTime:0.001877s ]
INFO: [ app_begin ] --END-- [ RunTime:0.002370s ]
NOTIC: [2048] Declaration of Home\Controller\BaseController::error() should be compatible with Think\Controller::error($message = '', $jumpUrl = '', $ajax = false) F:\tool\phpstudy\WWW\dbspapi.dbkan.com\Application\Home\Controller\BaseController.class.php 第 38 行.
NOTIC: [8] Undefined index: receive_address F:\tool\phpstudy\WWW\dbspapi.dbkan.com\Application\Home\Controller\IndexController.class.php 第 119 行.
NOTIC: [8] Undefined index: bank F:\tool\phpstudy\WWW\dbspapi.dbkan.com\Application\Home\Controller\IndexController.class.php 第 122 行.
INFO: [ view_parse ] --START--
INFO: [ template_filter ] --START--
INFO: Run Behavior\ContentReplaceBehavior [ RunTime:0.000088s ]
INFO: [ template_filter ] --END-- [ RunTime:0.000217s ]
INFO: Run Behavior\ParseTemplateBehavior [ RunTime:0.008971s ]
INFO: [ view_parse ] --END-- [ RunTime:0.009239s ]
INFO: [ view_filter ] --START--
INFO: Run Behavior\WriteHtmlCacheBehavior [ RunTime:0.002256s ]
INFO: [ view_filter ] --END-- [ RunTime:0.002495s ]
INFO: [ app_end ] --START--
INFO: Run Behavior\ShowPageTraceBehavior [ RunTime:0.001695s ]
INFO: [ app_end ] --END-- [ RunTime:0.001887s ]

[ 2017-12-16T19:47:34+08:00 ] 127.0.0.1 /Home/Index/vcode.html
INFO: [ app_init ] --START--
INFO: Run Behavior\BuildLiteBehavior [ RunTime:0.000052s ]
INFO: [ app_init ] --END-- [ RunTime:0.000760s ]
NOTIC: [8] Constant NOFILE_CD already defined F:\tool\phpstudy\WWW\dbspapi.dbkan.com\Application\Common\Conf\messagecd.php 第 31 行.
NOTIC: [8] Constant NOFILE_MSG already defined F:\tool\phpstudy\WWW\dbspapi.dbkan.com\Application\Common\Conf\messagecd.php 第 32 行.
INFO: [ app_begin ] --START--
INFO: Run Behavior\ReadHtmlCacheBehavior [ RunTime:0.000952s ]
INFO: [ app_begin ] --END-- [ RunTime:0.001319s ]
NOTIC: [2048] Declaration of Home\Controller\BaseController::error() should be compatible with Think\Controller::error($message = '', $jumpUrl = '', $ajax = false) F:\tool\phpstudy\WWW\dbspapi.dbkan.com\Application\Home\Controller\BaseController.class.php 第 38 行.
INFO: [ app_end ] --START--
INFO: Run Behavior\ShowPageTraceBehavior [ RunTime:0.001067s ]
INFO: [ app_end ] --END-- [ RunTime:0.001344s ]

[ 2017-12-16T19:48:15+08:00 ] 127.0.0.1 /Home/Index/check.html
INFO: [ app_init ] --START--
INFO: Run Behavior\BuildLiteBehavior [ RunTime:0.000047s ]
INFO: [ app_init ] --END-- [ RunTime:0.000783s ]
NOTIC: [8] Constant NOFILE_CD already defined F:\tool\phpstudy\WWW\dbspapi.dbkan.com\Application\Common\Conf\messagecd.php 第 31 行.
NOTIC: [8] Constant NOFILE_MSG already defined F:\tool\phpstudy\WWW\dbspapi.dbkan.com\Application\Common\Conf\messagecd.php 第 32 行.
INFO: [ app_begin ] --START--
INFO: Run Behavior\ReadHtmlCacheBehavior [ RunTime:0.000862s ]
INFO: [ app_begin ] --END-- [ RunTime:0.001084s ]
NOTIC: [2048] Declaration of Home\Controller\BaseController::error() should be compatible with Think\Controller::error($message = '', $jumpUrl = '', $ajax = false) F:\tool\phpstudy\WWW\dbspapi.dbkan.com\Application\Home\Controller\BaseController.class.php 第 38 行.
NOTIC: [8] Undefined index: yhk_bank F:\tool\phpstudy\WWW\dbspapi.dbkan.com\Application\Home\Controller\IndexController.class.php 第 66 行.
NOTIC: [8] Undefined index: zfb_card F:\tool\phpstudy\WWW\dbspapi.dbkan.com\Application\Home\Controller\IndexController.class.php 第 71 行.
NOTIC: [8] Undefined index: wxzf_card F:\tool\phpstudy\WWW\dbspapi.dbkan.com\Application\Home\Controller\IndexController.class.php 第 77 行.
NOTIC: [8] Undefined index: bank F:\tool\phpstudy\WWW\dbspapi.dbkan.com\Application\Home\Controller\IndexController.class.php 第 122 行.
INFO: [ view_parse ] --START--
INFO: [ template_filter ] --START--
INFO: Run Behavior\ContentReplaceBehavior [ RunTime:0.000277s ]
INFO: [ template_filter ] --END-- [ RunTime:0.000639s ]
INFO: Run Behavior\ParseTemplateBehavior [ RunTime:0.014266s ]
INFO: [ view_parse ] --END-- [ RunTime:0.014448s ]
INFO: [ view_filter ] --START--
INFO: Run Behavior\WriteHtmlCacheBehavior [ RunTime:0.000745s ]
INFO: [ view_filter ] --END-- [ RunTime:0.000914s ]
INFO: [ app_end ] --START--
INFO: Run Behavior\ShowPageTraceBehavior [ RunTime:0.000747s ]
INFO: [ app_end ] --END-- [ RunTime:0.000907s ]

[ 2017-12-16T19:48:16+08:00 ] 127.0.0.1 /Home/Index/vcode.html
INFO: [ app_init ] --START--
INFO: Run Behavior\BuildLiteBehavior [ RunTime:0.000048s ]
INFO: [ app_init ] --END-- [ RunTime:0.000804s ]
NOTIC: [8] Constant NOFILE_CD already defined F:\tool\phpstudy\WWW\dbspapi.dbkan.com\Application\Common\Conf\messagecd.php 第 31 行.
NOTIC: [8] Constant NOFILE_MSG already defined F:\tool\phpstudy\WWW\dbspapi.dbkan.com\Application\Common\Conf\messagecd.php 第 32 行.
INFO: [ app_begin ] --START--
INFO: Run Behavior\ReadHtmlCacheBehavior [ RunTime:0.000889s ]
INFO: [ app_begin ] --END-- [ RunTime:0.001124s ]
NOTIC: [2048] Declaration of Home\Controller\BaseController::error() should be compatible with Think\Controller::error($message = '', $jumpUrl = '', $ajax = false) F:\tool\phpstudy\WWW\dbspapi.dbkan.com\Application\Home\Controller\BaseController.class.php 第 38 行.
INFO: [ app_end ] --START--
INFO: Run Behavior\ShowPageTraceBehavior [ RunTime:0.002565s ]
INFO: [ app_end ] --END-- [ RunTime:0.003006s ]

[ 2017-12-16T19:48:29+08:00 ] 127.0.0.1 /Home/Index/findOrder.html
INFO: [ app_init ] --START--
INFO: Run Behavior\BuildLiteBehavior [ RunTime:0.000051s ]
INFO: [ app_init ] --END-- [ RunTime:0.000970s ]
NOTIC: [8] Constant NOFILE_CD already defined F:\tool\phpstudy\WWW\dbspapi.dbkan.com\Application\Common\Conf\messagecd.php 第 31 行.
NOTIC: [8] Constant NOFILE_MSG already defined F:\tool\phpstudy\WWW\dbspapi.dbkan.com\Application\Common\Conf\messagecd.php 第 32 行.
INFO: [ app_begin ] --START--
INFO: Run Behavior\ReadHtmlCacheBehavior [ RunTime:0.001054s ]
INFO: [ app_begin ] --END-- [ RunTime:0.001308s ]
NOTIC: [2048] Declaration of Home\Controller\BaseController::error() should be compatible with Think\Controller::error($message = '', $jumpUrl = '', $ajax = false) F:\tool\phpstudy\WWW\dbspapi.dbkan.com\Application\Home\Controller\BaseController.class.php 第 38 行.
SQL: SHOW COLUMNS FROM `order` [ RunTime:0.0732s ]
SQL: SELECT * FROM `order` WHERE `order_number` = 'sadsafdsfsdf' LIMIT 1   [ RunTime:0.0078s ]
NOTIC: [8] Undefined index: email F:\tool\phpstudy\WWW\dbspapi.dbkan.com\Application\Home\Controller\IndexController.class.php 第 253 行.
NOTIC: [8] Undefined index: num F:\tool\phpstudy\WWW\dbspapi.dbkan.com\Application\Home\Controller\IndexController.class.php 第 254 行.
NOTIC: [8] Undefined index: creation_time F:\tool\phpstudy\WWW\dbspapi.dbkan.com\Application\Home\Controller\IndexController.class.php 第 255 行.
NOTIC: [8] Undefined index: price F:\tool\phpstudy\WWW\dbspapi.dbkan.com\Application\Home\Controller\IndexController.class.php 第 256 行.
NOTIC: [8] Undefined index: receive_address F:\tool\phpstudy\WWW\dbspapi.dbkan.com\Application\Home\Controller\IndexController.class.php 第 257 行.
NOTIC: [8] Undefined index: total_price F:\tool\phpstudy\WWW\dbspapi.dbkan.com\Application\Home\Controller\IndexController.class.php 第 258 行.
NOTIC: [8] Undefined index: card F:\tool\phpstudy\WWW\dbspapi.dbkan.com\Application\Home\Controller\IndexController.class.php 第 259 行.
NOTIC: [8] Undefined index: name F:\tool\phpstudy\WWW\dbspapi.dbkan.com\Application\Home\Controller\IndexController.class.php 第 260 行.
NOTIC: [8] Undefined index: type F:\tool\phpstudy\WWW\dbspapi.dbkan.com\Application\Home\Controller\IndexController.class.php 第 261 行.
NOTIC: [8] Undefined index: amount F:\tool\phpstudy\WWW\dbspapi.dbkan.com\Application\Home\Controller\IndexController.class.php 第 262 行.
NOTIC: [8] Undefined index: bank F:\tool\phpstudy\WWW\dbspapi.dbkan.com\Application\Home\Controller\IndexController.class.php 第 263 行.
NOTIC: [8] Undefined index: order_number F:\tool\phpstudy\WWW\dbspapi.dbkan.com\Application\Home\Controller\IndexController.class.php 第 265 行.
INFO: [ view_parse ] --START--
INFO: [ template_filter ] --START--
INFO: Run Behavior\ContentReplaceBehavior [ RunTime:0.000083s ]
INFO: [ template_filter ] --END-- [ RunTime:0.000218s ]
INFO: Run Behavior\ParseTemplateBehavior [ RunTime:0.030662s ]
INFO: [ view_parse ] --END-- [ RunTime:0.030857s ]
INFO: [ view_filter ] --START--
INFO: Run Behavior\WriteHtmlCacheBehavior [ RunTime:0.000420s ]
INFO: [ view_filter ] --END-- [ RunTime:0.000585s ]
INFO: [ app_end ] --START--
INFO: Run Behavior\ShowPageTraceBehavior [ RunTime:0.000585s ]
INFO: [ app_end ] --END-- [ RunTime:0.000698s ]

[ 2017-12-16T19:48:29+08:00 ] 127.0.0.1 /Home/Index/js/bootstrap.min.js
INFO: [ app_init ] --START--
INFO: Run Behavior\BuildLiteBehavior [ RunTime:0.000049s ]
INFO: [ app_init ] --END-- [ RunTime:0.000808s ]
NOTIC: [8] Constant NOFILE_CD already defined F:\tool\phpstudy\WWW\dbspapi.dbkan.com\Application\Common\Conf\messagecd.php 第 31 行.
NOTIC: [8] Constant NOFILE_MSG already defined F:\tool\phpstudy\WWW\dbspapi.dbkan.com\Application\Common\Conf\messagecd.php 第 32 行.
INFO: [ app_begin ] --START--
INFO: Run Behavior\ReadHtmlCacheBehavior [ RunTime:0.002326s ]
INFO: [ app_begin ] --END-- [ RunTime:0.002682s ]
NOTIC: [2048] Declaration of Home\Controller\BaseController::error() should be compatible with Think\Controller::error($message = '', $jumpUrl = '', $ajax = false) F:\tool\phpstudy\WWW\dbspapi.dbkan.com\Application\Home\Controller\BaseController.class.php 第 38 行.
ERR: 非法操作:js

[ 2017-12-16T19:48:29+08:00 ] 127.0.0.1 /Home/Index/js/bootstrap.min.js
INFO: [ app_init ] --START--
INFO: Run Behavior\BuildLiteBehavior [ RunTime:0.000030s ]
INFO: [ app_init ] --END-- [ RunTime:0.000525s ]
NOTIC: [8] Constant NOFILE_CD already defined F:\tool\phpstudy\WWW\dbspapi.dbkan.com\Application\Common\Conf\messagecd.php 第 31 行.
NOTIC: [8] Constant NOFILE_MSG already defined F:\tool\phpstudy\WWW\dbspapi.dbkan.com\Application\Common\Conf\messagecd.php 第 32 行.
INFO: [ app_begin ] --START--
INFO: Run Behavior\ReadHtmlCacheBehavior [ RunTime:0.000935s ]
INFO: [ app_begin ] --END-- [ RunTime:0.001181s ]
NOTIC: [2048] Declaration of Home\Controller\BaseController::error() should be compatible with Think\Controller::error($message = '', $jumpUrl = '', $ajax = false) F:\tool\phpstudy\WWW\dbspapi.dbkan.com\Application\Home\Controller\BaseController.class.php 第 38 行.
ERR: 非法操作:js

[ 2017-12-16T19:48:34+08:00 ] 127.0.0.1 /Home/Index/findOrder.html
INFO: [ app_init ] --START--
INFO: Run Behavior\BuildLiteBehavior [ RunTime:0.000050s ]
INFO: [ app_init ] --END-- [ RunTime:0.000893s ]
NOTIC: [8] Constant NOFILE_CD already defined F:\tool\phpstudy\WWW\dbspapi.dbkan.com\Application\Common\Conf\messagecd.php 第 31 行.
NOTIC: [8] Constant NOFILE_MSG already defined F:\tool\phpstudy\WWW\dbspapi.dbkan.com\Application\Common\Conf\messagecd.php 第 32 行.
INFO: [ app_begin ] --START--
INFO: Run Behavior\ReadHtmlCacheBehavior [ RunTime:0.000815s ]
INFO: [ app_begin ] --END-- [ RunTime:0.001057s ]
NOTIC: [2048] Declaration of Home\Controller\BaseController::error() should be compatible with Think\Controller::error($message = '', $jumpUrl = '', $ajax = false) F:\tool\phpstudy\WWW\dbspapi.dbkan.com\Application\Home\Controller\BaseController.class.php 第 38 行.
SQL: SHOW COLUMNS FROM `order` [ RunTime:0.0066s ]
SQL: SELECT * FROM `order` WHERE `order_number` = 'sadsafdsfsdfsad' LIMIT 1   [ RunTime:0.0005s ]
NOTIC: [8] Undefined index: email F:\tool\phpstudy\WWW\dbspapi.dbkan.com\Application\Home\Controller\IndexController.class.php 第 253 行.
NOTIC: [8] Undefined index: num F:\tool\phpstudy\WWW\dbspapi.dbkan.com\Application\Home\Controller\IndexController.class.php 第 254 行.
NOTIC: [8] Undefined index: creation_time F:\tool\phpstudy\WWW\dbspapi.dbkan.com\Application\Home\Controller\IndexController.class.php 第 255 行.
NOTIC: [8] Undefined index: price F:\tool\phpstudy\WWW\dbspapi.dbkan.com\Application\Home\Controller\IndexController.class.php 第 256 行.
NOTIC: [8] Undefined index: receive_address F:\tool\phpstudy\WWW\dbspapi.dbkan.com\Application\Home\Controller\IndexController.class.php 第 257 行.
NOTIC: [8] Undefined index: total_price F:\tool\phpstudy\WWW\dbspapi.dbkan.com\Application\Home\Controller\IndexController.class.php 第 258 行.
NOTIC: [8] Undefined index: card F:\tool\phpstudy\WWW\dbspapi.dbkan.com\Application\Home\Controller\IndexController.class.php 第 259 行.
NOTIC: [8] Undefined index: name F:\tool\phpstudy\WWW\dbspapi.dbkan.com\Application\Home\Controller\IndexController.class.php 第 260 行.
NOTIC: [8] Undefined index: type F:\tool\phpstudy\WWW\dbspapi.dbkan.com\Application\Home\Controller\IndexController.class.php 第 261 行.
NOTIC: [8] Undefined index: amount F:\tool\phpstudy\WWW\dbspapi.dbkan.com\Application\Home\Controller\IndexController.class.php 第 262 行.
NOTIC: [8] Undefined index: bank F:\tool\phpstudy\WWW\dbspapi.dbkan.com\Application\Home\Controller\IndexController.class.php 第 263 行.
NOTIC: [8] Undefined index: order_number F:\tool\phpstudy\WWW\dbspapi.dbkan.com\Application\Home\Controller\IndexController.class.php 第 265 行.
INFO: [ view_parse ] --START--
INFO: [ template_filter ] --START--
INFO: Run Behavior\ContentReplaceBehavior [ RunTime:0.000099s ]
INFO: [ template_filter ] --END-- [ RunTime:0.000242s ]
INFO: Run Behavior\ParseTemplateBehavior [ RunTime:0.012274s ]
INFO: [ view_parse ] --END-- [ RunTime:0.012453s ]
INFO: [ view_filter ] --START--
INFO: Run Behavior\WriteHtmlCacheBehavior [ RunTime:0.000552s ]
INFO: [ view_filter ] --END-- [ RunTime:0.000746s ]
INFO: [ app_end ] --START--
INFO: Run Behavior\ShowPageTraceBehavior [ RunTime:0.000915s ]
INFO: [ app_end ] --END-- [ RunTime:0.001112s ]

[ 2017-12-16T19:48:34+08:00 ] 127.0.0.1 /Home/Index/js/bootstrap.min.js
INFO: [ app_init ] --START--
INFO: Run Behavior\BuildLiteBehavior [ RunTime:0.000049s ]
INFO: [ app_init ] --END-- [ RunTime:0.000777s ]
NOTIC: [8] Constant NOFILE_CD already defined F:\tool\phpstudy\WWW\dbspapi.dbkan.com\Application\Common\Conf\messagecd.php 第 31 行.
NOTIC: [8] Constant NOFILE_MSG already defined F:\tool\phpstudy\WWW\dbspapi.dbkan.com\Application\Common\Conf\messagecd.php 第 32 行.
INFO: [ app_begin ] --START--
INFO: Run Behavior\ReadHtmlCacheBehavior [ RunTime:0.001096s ]
INFO: [ app_begin ] --END-- [ RunTime:0.001372s ]
NOTIC: [2048] Declaration of Home\Controller\BaseController::error() should be compatible with Think\Controller::error($message = '', $jumpUrl = '', $ajax = false) F:\tool\phpstudy\WWW\dbspapi.dbkan.com\Application\Home\Controller\BaseController.class.php 第 38 行.
ERR: 非法操作:js

[ 2017-12-16T19:48:34+08:00 ] 127.0.0.1 /Home/Index/js/bootstrap.min.js
INFO: [ app_init ] --START--
INFO: Run Behavior\BuildLiteBehavior [ RunTime:0.000046s ]
INFO: [ app_init ] --END-- [ RunTime:0.000831s ]
NOTIC: [8] Constant NOFILE_CD already defined F:\tool\phpstudy\WWW\dbspapi.dbkan.com\Application\Common\Conf\messagecd.php 第 31 行.
NOTIC: [8] Constant NOFILE_MSG already defined F:\tool\phpstudy\WWW\dbspapi.dbkan.com\Application\Common\Conf\messagecd.php 第 32 行.
INFO: [ app_begin ] --START--
INFO: Run Behavior\ReadHtmlCacheBehavior [ RunTime:0.000928s ]
INFO: [ app_begin ] --END-- [ RunTime:0.001180s ]
NOTIC: [2048] Declaration of Home\Controller\BaseController::error() should be compatible with Think\Controller::error($message = '', $jumpUrl = '', $ajax = false) F:\tool\phpstudy\WWW\dbspapi.dbkan.com\Application\Home\Controller\BaseController.class.php 第 38 行.
ERR: 非法操作:js

[ 2017-12-16T19:48:37+08:00 ] 127.0.0.1 /Home/Index/findOrder.html
INFO: [ app_init ] --START--
INFO: Run Behavior\BuildLiteBehavior [ RunTime:0.000048s ]
INFO: [ app_init ] --END-- [ RunTime:0.000815s ]
NOTIC: [8] Constant NOFILE_CD already defined F:\tool\phpstudy\WWW\dbspapi.dbkan.com\Application\Common\Conf\messagecd.php 第 31 行.
NOTIC: [8] Constant NOFILE_MSG already defined F:\tool\phpstudy\WWW\dbspapi.dbkan.com\Application\Common\Conf\messagecd.php 第 32 行.
INFO: [ app_begin ] --START--
INFO: Run Behavior\ReadHtmlCacheBehavior [ RunTime:0.001386s ]
INFO: [ app_begin ] --END-- [ RunTime:0.001711s ]
NOTIC: [2048] Declaration of Home\Controller\BaseController::error() should be compatible with Think\Controller::error($message = '', $jumpUrl = '', $ajax = false) F:\tool\phpstudy\WWW\dbspapi.dbkan.com\Application\Home\Controller\BaseController.class.php 第 38 行.
INFO: [ view_parse ] --START--
INFO: [ template_filter ] --START--
INFO: Run Behavior\ContentReplaceBehavior [ RunTime:0.000121s ]
INFO: [ template_filter ] --END-- [ RunTime:0.000342s ]
INFO: Run Behavior\ParseTemplateBehavior [ RunTime:0.037089s ]
INFO: [ view_parse ] --END-- [ RunTime:0.037633s ]
INFO: [ view_filter ] --START--
INFO: Run Behavior\WriteHtmlCacheBehavior [ RunTime:0.002326s ]
INFO: [ view_filter ] --END-- [ RunTime:0.003250s ]
SQL: SHOW COLUMNS FROM `order` [ RunTime:0.0074s ]
SQL: SELECT * FROM `order` WHERE `order_number` = 'sadsafdsfsdfsad' LIMIT 1   [ RunTime:0.0021s ]
NOTIC: [8] Undefined index: email F:\tool\phpstudy\WWW\dbspapi.dbkan.com\Application\Home\Controller\IndexController.class.php 第 253 行.
NOTIC: [8] Undefined index: num F:\tool\phpstudy\WWW\dbspapi.dbkan.com\Application\Home\Controller\IndexController.class.php 第 254 行.
NOTIC: [8] Undefined index: creation_time F:\tool\phpstudy\WWW\dbspapi.dbkan.com\Application\Home\Controller\IndexController.class.php 第 255 行.
NOTIC: [8] Undefined index: price F:\tool\phpstudy\WWW\dbspapi.dbkan.com\Application\Home\Controller\IndexController.class.php 第 256 行.
NOTIC: [8] Undefined index: receive_address F:\tool\phpstudy\WWW\dbspapi.dbkan.com\Application\Home\Controller\IndexController.class.php 第 257 行.
NOTIC: [8] Undefined index: total_price F:\tool\phpstudy\WWW\dbspapi.dbkan.com\Application\Home\Controller\IndexController.class.php 第 258 行.
NOTIC: [8] Undefined index: card F:\tool\phpstudy\WWW\dbspapi.dbkan.com\Application\Home\Controller\IndexController.class.php 第 259 行.
NOTIC: [8] Undefined index: name F:\tool\phpstudy\WWW\dbspapi.dbkan.com\Application\Home\Controller\IndexController.class.php 第 260 行.
NOTIC: [8] Undefined index: type F:\tool\phpstudy\WWW\dbspapi.dbkan.com\Application\Home\Controller\IndexController.class.php 第 261 行.
NOTIC: [8] Undefined index: amount F:\tool\phpstudy\WWW\dbspapi.dbkan.com\Application\Home\Controller\IndexController.class.php 第 262 行.
NOTIC: [8] Undefined index: bank F:\tool\phpstudy\WWW\dbspapi.dbkan.com\Application\Home\Controller\IndexController.class.php 第 263 行.
NOTIC: [8] Undefined index: order_number F:\tool\phpstudy\WWW\dbspapi.dbkan.com\Application\Home\Controller\IndexController.class.php 第 265 行.
INFO: [ view_parse ] --START--
INFO: [ template_filter ] --START--
INFO: Run Behavior\ContentReplaceBehavior [ RunTime:0.000144s ]
INFO: [ template_filter ] --END-- [ RunTime:-0.046965s ]
INFO: Run Behavior\ParseTemplateBehavior [ RunTime:0.007456s ]
INFO: [ view_parse ] --END-- [ RunTime:-0.039022s ]
INFO: [ view_filter ] --START--
INFO: Run Behavior\WriteHtmlCacheBehavior [ RunTime:0.000054s ]
INFO: [ view_filter ] --END-- [ RunTime:-0.043045s ]
INFO: [ app_end ] --START--
INFO: Run Behavior\ShowPageTraceBehavior [ RunTime:0.001275s ]
INFO: [ app_end ] --END-- [ RunTime:0.001560s ]

[ 2017-12-16T19:48:37+08:00 ] 127.0.0.1 /Home/Index/js/bootstrap.min.js
INFO: [ app_init ] --START--
INFO: Run Behavior\BuildLiteBehavior [ RunTime:0.000048s ]
INFO: [ app_init ] --END-- [ RunTime:0.000793s ]
NOTIC: [8] Constant NOFILE_CD already defined F:\tool\phpstudy\WWW\dbspapi.dbkan.com\Application\Common\Conf\messagecd.php 第 31 行.
NOTIC: [8] Constant NOFILE_MSG already defined F:\tool\phpstudy\WWW\dbspapi.dbkan.com\Application\Common\Conf\messagecd.php 第 32 行.
INFO: [ app_begin ] --START--
INFO: Run Behavior\ReadHtmlCacheBehavior [ RunTime:0.002542s ]
INFO: [ app_begin ] --END-- [ RunTime:0.003840s ]
NOTIC: [2048] Declaration of Home\Controller\BaseController::error() should be compatible with Think\Controller::error($message = '', $jumpUrl = '', $ajax = false) F:\tool\phpstudy\WWW\dbspapi.dbkan.com\Application\Home\Controller\BaseController.class.php 第 38 行.
ERR: 非法操作:js

[ 2017-12-16T19:48:37+08:00 ] 127.0.0.1 /Home/Index/js/bootstrap.min.js
INFO: [ app_init ] --START--
INFO: Run Behavior\BuildLiteBehavior [ RunTime:0.000047s ]
INFO: [ app_init ] --END-- [ RunTime:0.000810s ]
NOTIC: [8] Constant NOFILE_CD already defined F:\tool\phpstudy\WWW\dbspapi.dbkan.com\Application\Common\Conf\messagecd.php 第 31 行.
NOTIC: [8] Constant NOFILE_MSG already defined F:\tool\phpstudy\WWW\dbspapi.dbkan.com\Application\Common\Conf\messagecd.php 第 32 行.
INFO: [ app_begin ] --START--
INFO: Run Behavior\ReadHtmlCacheBehavior [ RunTime:0.000894s ]
INFO: [ app_begin ] --END-- [ RunTime:0.001137s ]
NOTIC: [2048] Declaration of Home\Controller\BaseController::error() should be compatible with Think\Controller::error($message = '', $jumpUrl = '', $ajax = false) F:\tool\phpstudy\WWW\dbspapi.dbkan.com\Application\Home\Controller\BaseController.class.php 第 38 行.
ERR: 非法操作:js

[ 2017-12-16T19:48:39+08:00 ] 127.0.0.1 /Home/Index/findOrder.html
INFO: [ app_init ] --START--
INFO: Run Behavior\BuildLiteBehavior [ RunTime:0.000053s ]
INFO: [ app_init ] --END-- [ RunTime:0.000818s ]
NOTIC: [8] Constant NOFILE_CD already defined F:\tool\phpstudy\WWW\dbspapi.dbkan.com\Application\Common\Conf\messagecd.php 第 31 行.
NOTIC: [8] Constant NOFILE_MSG already defined F:\tool\phpstudy\WWW\dbspapi.dbkan.com\Application\Common\Conf\messagecd.php 第 32 行.
INFO: [ app_begin ] --START--
INFO: Run Behavior\ReadHtmlCacheBehavior [ RunTime:0.000815s ]
INFO: [ app_begin ] --END-- [ RunTime:0.001125s ]
NOTIC: [2048] Declaration of Home\Controller\BaseController::error() should be compatible with Think\Controller::error($message = '', $jumpUrl = '', $ajax = false) F:\tool\phpstudy\WWW\dbspapi.dbkan.com\Application\Home\Controller\BaseController.class.php 第 38 行.
INFO: [ view_parse ] --START--
INFO: [ template_filter ] --START--
INFO: Run Behavior\ContentReplaceBehavior [ RunTime:0.000135s ]
INFO: [ template_filter ] --END-- [ RunTime:0.000464s ]
INFO: Run Behavior\ParseTemplateBehavior [ RunTime:0.014105s ]
INFO: [ view_parse ] --END-- [ RunTime:0.014364s ]
INFO: [ view_filter ] --START--
INFO: Run Behavior\WriteHtmlCacheBehavior [ RunTime:0.000634s ]
INFO: [ view_filter ] --END-- [ RunTime:0.000851s ]
SQL: SHOW COLUMNS FROM `order` [ RunTime:0.0062s ]
SQL: SELECT * FROM `order` WHERE `order_number` = 'sadsafdsfsdfsad' LIMIT 1   [ RunTime:0.0006s ]
NOTIC: [8] Undefined index: email F:\tool\phpstudy\WWW\dbspapi.dbkan.com\Application\Home\Controller\IndexController.class.php 第 253 行.
NOTIC: [8] Undefined index: num F:\tool\phpstudy\WWW\dbspapi.dbkan.com\Application\Home\Controller\IndexController.class.php 第 254 行.
NOTIC: [8] Undefined index: creation_time F:\tool\phpstudy\WWW\dbspapi.dbkan.com\Application\Home\Controller\IndexController.class.php 第 255 行.
NOTIC: [8] Undefined index: price F:\tool\phpstudy\WWW\dbspapi.dbkan.com\Application\Home\Controller\IndexController.class.php 第 256 行.
NOTIC: [8] Undefined index: receive_address F:\tool\phpstudy\WWW\dbspapi.dbkan.com\Application\Home\Controller\IndexController.class.php 第 257 行.
NOTIC: [8] Undefined index: total_price F:\tool\phpstudy\WWW\dbspapi.dbkan.com\Application\Home\Controller\IndexController.class.php 第 258 行.
NOTIC: [8] Undefined index: card F:\tool\phpstudy\WWW\dbspapi.dbkan.com\Application\Home\Controller\IndexController.class.php 第 259 行.
NOTIC: [8] Undefined index: name F:\tool\phpstudy\WWW\dbspapi.dbkan.com\Application\Home\Controller\IndexController.class.php 第 260 行.
NOTIC: [8] Undefined index: type F:\tool\phpstudy\WWW\dbspapi.dbkan.com\Application\Home\Controller\IndexController.class.php 第 261 行.
NOTIC: [8] Undefined index: amount F:\tool\phpstudy\WWW\dbspapi.dbkan.com\Application\Home\Controller\IndexController.class.php 第 262 行.
NOTIC: [8] Undefined index: bank F:\tool\phpstudy\WWW\dbspapi.dbkan.com\Application\Home\Controller\IndexController.class.php 第 263 行.
NOTIC: [8] Undefined index: order_number F:\tool\phpstudy\WWW\dbspapi.dbkan.com\Application\Home\Controller\IndexController.class.php 第 265 行.
INFO: [ view_parse ] --START--
INFO: [ template_filter ] --START--
INFO: Run Behavior\ContentReplaceBehavior [ RunTime:0.000081s ]
INFO: [ template_filter ] --END-- [ RunTime:-0.032107s ]
INFO: Run Behavior\ParseTemplateBehavior [ RunTime:0.005987s ]
INFO: [ view_parse ] --END-- [ RunTime:-0.025736s ]
INFO: [ view_filter ] --START--
INFO: Run Behavior\WriteHtmlCacheBehavior [ RunTime:0.000035s ]
INFO: [ view_filter ] --END-- [ RunTime:-0.031235s ]
INFO: [ app_end ] --START--
INFO: Run Behavior\ShowPageTraceBehavior [ RunTime:0.000683s ]
INFO: [ app_end ] --END-- [ RunTime:0.000813s ]

[ 2017-12-16T19:48:39+08:00 ] 127.0.0.1 /Home/Index/js/bootstrap.min.js
INFO: [ app_init ] --START--
INFO: Run Behavior\BuildLiteBehavior [ RunTime:0.000049s ]
INFO: [ app_init ] --END-- [ RunTime:0.000881s ]
NOTIC: [8] Constant NOFILE_CD already defined F:\tool\phpstudy\WWW\dbspapi.dbkan.com\Application\Common\Conf\messagecd.php 第 31 行.
NOTIC: [8] Constant NOFILE_MSG already defined F:\tool\phpstudy\WWW\dbspapi.dbkan.com\Application\Common\Conf\messagecd.php 第 32 行.
INFO: [ app_begin ] --START--
INFO: Run Behavior\ReadHtmlCacheBehavior [ RunTime:0.002690s ]
INFO: [ app_begin ] --END-- [ RunTime:0.003590s ]
NOTIC: [2048] Declaration of Home\Controller\BaseController::error() should be compatible with Think\Controller::error($message = '', $jumpUrl = '', $ajax = false) F:\tool\phpstudy\WWW\dbspapi.dbkan.com\Application\Home\Controller\BaseController.class.php 第 38 行.
ERR: 非法操作:js

[ 2017-12-16T19:48:40+08:00 ] 127.0.0.1 /Home/Index/js/bootstrap.min.js
INFO: [ app_init ] --START--
INFO: Run Behavior\BuildLiteBehavior [ RunTime:0.000056s ]
INFO: [ app_init ] --END-- [ RunTime:0.000809s ]
NOTIC: [8] Constant NOFILE_CD already defined F:\tool\phpstudy\WWW\dbspapi.dbkan.com\Application\Common\Conf\messagecd.php 第 31 行.
NOTIC: [8] Constant NOFILE_MSG already defined F:\tool\phpstudy\WWW\dbspapi.dbkan.com\Application\Common\Conf\messagecd.php 第 32 行.
INFO: [ app_begin ] --START--
INFO: Run Behavior\ReadHtmlCacheBehavior [ RunTime:0.000905s ]
INFO: [ app_begin ] --END-- [ RunTime:0.001107s ]
NOTIC: [2048] Declaration of Home\Controller\BaseController::error() should be compatible with Think\Controller::error($message = '', $jumpUrl = '', $ajax = false) F:\tool\phpstudy\WWW\dbspapi.dbkan.com\Application\Home\Controller\BaseController.class.php 第 38 行.
ERR: 非法操作:js

[ 2017-12-16T19:48:42+08:00 ] 127.0.0.1 /Home/Index/findOrder.html
INFO: [ app_init ] --START--
INFO: Run Behavior\BuildLiteBehavior [ RunTime:0.000047s ]
INFO: [ app_init ] --END-- [ RunTime:0.000857s ]
NOTIC: [8] Constant NOFILE_CD already defined F:\tool\phpstudy\WWW\dbspapi.dbkan.com\Application\Common\Conf\messagecd.php 第 31 行.
NOTIC: [8] Constant NOFILE_MSG already defined F:\tool\phpstudy\WWW\dbspapi.dbkan.com\Application\Common\Conf\messagecd.php 第 32 行.
INFO: [ app_begin ] --START--
INFO: Run Behavior\ReadHtmlCacheBehavior [ RunTime:0.001245s ]
INFO: [ app_begin ] --END-- [ RunTime:0.001517s ]
NOTIC: [2048] Declaration of Home\Controller\BaseController::error() should be compatible with Think\Controller::error($message = '', $jumpUrl = '', $ajax = false) F:\tool\phpstudy\WWW\dbspapi.dbkan.com\Application\Home\Controller\BaseController.class.php 第 38 行.
INFO: [ view_parse ] --START--
INFO: [ template_filter ] --START--
INFO: Run Behavior\ContentReplaceBehavior [ RunTime:0.000128s ]
INFO: [ template_filter ] --END-- [ RunTime:0.000365s ]
INFO: Run Behavior\ParseTemplateBehavior [ RunTime:0.011226s ]
INFO: [ view_parse ] --END-- [ RunTime:0.012219s ]
INFO: [ view_filter ] --START--
INFO: Run Behavior\WriteHtmlCacheBehavior [ RunTime:0.003054s ]
INFO: [ view_filter ] --END-- [ RunTime:0.003330s ]
SQL: SHOW COLUMNS FROM `order` [ RunTime:0.0105s ]
SQL: SELECT * FROM `order` WHERE `order_number` = 'sadsafdsfsdfsad' LIMIT 1   [ RunTime:0.0008s ]
NOTIC: [8] Undefined index: email F:\tool\phpstudy\WWW\dbspapi.dbkan.com\Application\Home\Controller\IndexController.class.php 第 253 行.
NOTIC: [8] Undefined index: num F:\tool\phpstudy\WWW\dbspapi.dbkan.com\Application\Home\Controller\IndexController.class.php 第 254 行.
NOTIC: [8] Undefined index: creation_time F:\tool\phpstudy\WWW\dbspapi.dbkan.com\Application\Home\Controller\IndexController.class.php 第 255 行.
NOTIC: [8] Undefined index: price F:\tool\phpstudy\WWW\dbspapi.dbkan.com\Application\Home\Controller\IndexController.class.php 第 256 行.
NOTIC: [8] Undefined index: receive_address F:\tool\phpstudy\WWW\dbspapi.dbkan.com\Application\Home\Controller\IndexController.class.php 第 257 行.
NOTIC: [8] Undefined index: total_price F:\tool\phpstudy\WWW\dbspapi.dbkan.com\Application\Home\Controller\IndexController.class.php 第 258 行.
NOTIC: [8] Undefined index: card F:\tool\phpstudy\WWW\dbspapi.dbkan.com\Application\Home\Controller\IndexController.class.php 第 259 行.
NOTIC: [8] Undefined index: name F:\tool\phpstudy\WWW\dbspapi.dbkan.com\Application\Home\Controller\IndexController.class.php 第 260 行.
NOTIC: [8] Undefined index: type F:\tool\phpstudy\WWW\dbspapi.dbkan.com\Application\Home\Controller\IndexController.class.php 第 261 行.
NOTIC: [8] Undefined index: amount F:\tool\phpstudy\WWW\dbspapi.dbkan.com\Application\Home\Controller\IndexController.class.php 第 262 行.
NOTIC: [8] Undefined index: bank F:\tool\phpstudy\WWW\dbspapi.dbkan.com\Application\Home\Controller\IndexController.class.php 第 263 行.
NOTIC: [8] Undefined index: order_number F:\tool\phpstudy\WWW\dbspapi.dbkan.com\Application\Home\Controller\IndexController.class.php 第 265 行.
INFO: [ view_parse ] --START--
INFO: [ template_filter ] --START--
INFO: Run Behavior\ContentReplaceBehavior [ RunTime:0.000309s ]
INFO: [ template_filter ] --END-- [ RunTime:-0.038026s ]
INFO: Run Behavior\ParseTemplateBehavior [ RunTime:0.009209s ]
INFO: [ view_parse ] --END-- [ RunTime:-0.029418s ]
INFO: [ view_filter ] --START--
INFO: Run Behavior\WriteHtmlCacheBehavior [ RunTime:0.000034s ]
INFO: [ view_filter ] --END-- [ RunTime:-0.035317s ]
INFO: [ app_end ] --START--
INFO: Run Behavior\ShowPageTraceBehavior [ RunTime:0.000618s ]
INFO: [ app_end ] --END-- [ RunTime:0.000732s ]

[ 2017-12-16T19:48:42+08:00 ] 127.0.0.1 /Home/Index/js/bootstrap.min.js
INFO: [ app_init ] --START--
INFO: Run Behavior\BuildLiteBehavior [ RunTime:0.000046s ]
INFO: [ app_init ] --END-- [ RunTime:0.000774s ]
NOTIC: [8] Constant NOFILE_CD already defined F:\tool\phpstudy\WWW\dbspapi.dbkan.com\Application\Common\Conf\messagecd.php 第 31 行.
NOTIC: [8] Constant NOFILE_MSG already defined F:\tool\phpstudy\WWW\dbspapi.dbkan.com\Application\Common\Conf\messagecd.php 第 32 行.
INFO: [ app_begin ] --START--
INFO: Run Behavior\ReadHtmlCacheBehavior [ RunTime:0.000987s ]
INFO: [ app_begin ] --END-- [ RunTime:0.001224s ]
NOTIC: [2048] Declaration of Home\Controller\BaseController::error() should be compatible with Think\Controller::error($message = '', $jumpUrl = '', $ajax = false) F:\tool\phpstudy\WWW\dbspapi.dbkan.com\Application\Home\Controller\BaseController.class.php 第 38 行.
ERR: 非法操作:js

[ 2017-12-16T19:48:42+08:00 ] 127.0.0.1 /Home/Index/js/bootstrap.min.js
INFO: [ app_init ] --START--
INFO: Run Behavior\BuildLiteBehavior [ RunTime:0.000041s ]
INFO: [ app_init ] --END-- [ RunTime:0.000665s ]
NOTIC: [8] Constant NOFILE_CD already defined F:\tool\phpstudy\WWW\dbspapi.dbkan.com\Application\Common\Conf\messagecd.php 第 31 行.
NOTIC: [8] Constant NOFILE_MSG already defined F:\tool\phpstudy\WWW\dbspapi.dbkan.com\Application\Common\Conf\messagecd.php 第 32 行.
INFO: [ app_begin ] --START--
INFO: Run Behavior\ReadHtmlCacheBehavior [ RunTime:0.000804s ]
INFO: [ app_begin ] --END-- [ RunTime:0.001041s ]
NOTIC: [2048] Declaration of Home\Controller\BaseController::error() should be compatible with Think\Controller::error($message = '', $jumpUrl = '', $ajax = false) F:\tool\phpstudy\WWW\dbspapi.dbkan.com\Application\Home\Controller\BaseController.class.php 第 38 行.
ERR: 非法操作:js

[ 2017-12-16T19:51:08+08:00 ] 127.0.0.1 /Home/Index/findOrder.html
INFO: [ app_init ] --START--
INFO: Run Behavior\BuildLiteBehavior [ RunTime:0.000050s ]
INFO: [ app_init ] --END-- [ RunTime:0.000869s ]
NOTIC: [8] Constant NOFILE_CD already defined F:\tool\phpstudy\WWW\dbspapi.dbkan.com\Application\Common\Conf\messagecd.php 第 31 行.
NOTIC: [8] Constant NOFILE_MSG already defined F:\tool\phpstudy\WWW\dbspapi.dbkan.com\Application\Common\Conf\messagecd.php 第 32 行.
INFO: [ app_begin ] --START--
INFO: Run Behavior\ReadHtmlCacheBehavior [ RunTime:0.001080s ]
INFO: [ app_begin ] --END-- [ RunTime:0.001345s ]
NOTIC: [2048] Declaration of Home\Controller\BaseController::error() should be compatible with Think\Controller::error($message = '', $jumpUrl = '', $ajax = false) F:\tool\phpstudy\WWW\dbspapi.dbkan.com\Application\Home\Controller\BaseController.class.php 第 38 行.
INFO: [ view_parse ] --START--
INFO: [ template_filter ] --START--
INFO: Run Behavior\ContentReplaceBehavior [ RunTime:0.000122s ]
INFO: [ template_filter ] --END-- [ RunTime:0.000334s ]
INFO: Run Behavior\ParseTemplateBehavior [ RunTime:0.013478s ]
INFO: [ view_parse ] --END-- [ RunTime:0.013723s ]
INFO: [ view_filter ] --START--
INFO: Run Behavior\WriteHtmlCacheBehavior [ RunTime:0.000900s ]
INFO: [ view_filter ] --END-- [ RunTime:0.001098s ]
SQL: SHOW COLUMNS FROM `order` [ RunTime:0.0066s ]
SQL: SELECT * FROM `order` WHERE `order_number` = 'sadsafdsfsdfsad' LIMIT 1   [ RunTime:0.0005s ]
NOTIC: [8] Undefined index: email F:\tool\phpstudy\WWW\dbspapi.dbkan.com\Application\Home\Controller\IndexController.class.php 第 253 行.
NOTIC: [8] Undefined index: num F:\tool\phpstudy\WWW\dbspapi.dbkan.com\Application\Home\Controller\IndexController.class.php 第 254 行.
NOTIC: [8] Undefined index: creation_time F:\tool\phpstudy\WWW\dbspapi.dbkan.com\Application\Home\Controller\IndexController.class.php 第 255 行.
NOTIC: [8] Undefined index: price F:\tool\phpstudy\WWW\dbspapi.dbkan.com\Application\Home\Controller\IndexController.class.php 第 256 行.
NOTIC: [8] Undefined index: receive_address F:\tool\phpstudy\WWW\dbspapi.dbkan.com\Application\Home\Controller\IndexController.class.php 第 257 行.
NOTIC: [8] Undefined index: total_price F:\tool\phpstudy\WWW\dbspapi.dbkan.com\Application\Home\Controller\IndexController.class.php 第 258 行.
NOTIC: [8] Undefined index: card F:\tool\phpstudy\WWW\dbspapi.dbkan.com\Application\Home\Controller\IndexController.class.php 第 259 行.
NOTIC: [8] Undefined index: name F:\tool\phpstudy\WWW\dbspapi.dbkan.com\Application\Home\Controller\IndexController.class.php 第 260 行.
NOTIC: [8] Undefined index: type F:\tool\phpstudy\WWW\dbspapi.dbkan.com\Application\Home\Controller\IndexController.class.php 第 261 行.
NOTIC: [8] Undefined index: amount F:\tool\phpstudy\WWW\dbspapi.dbkan.com\Application\Home\Controller\IndexController.class.php 第 262 行.
NOTIC: [8] Undefined index: bank F:\tool\phpstudy\WWW\dbspapi.dbkan.com\Application\Home\Controller\IndexController.class.php 第 263 行.
NOTIC: [8] Undefined index: order_number F:\tool\phpstudy\WWW\dbspapi.dbkan.com\Application\Home\Controller\IndexController.class.php 第 265 行.
INFO: [ view_parse ] --START--
INFO: [ template_filter ] --START--
INFO: Run Behavior\ContentReplaceBehavior [ RunTime:0.000138s ]
INFO: [ template_filter ] --END-- [ RunTime:-0.037724s ]
INFO: Run Behavior\ParseTemplateBehavior [ RunTime:0.007929s ]
INFO: [ view_parse ] --END-- [ RunTime:-0.026816s ]
INFO: [ view_filter ] --START--
INFO: Run Behavior\WriteHtmlCacheBehavior [ RunTime:0.000055s ]
INFO: [ view_filter ] --END-- [ RunTime:-0.033817s ]
INFO: [ app_end ] --START--
INFO: Run Behavior\ShowPageTraceBehavior [ RunTime:0.001063s ]
INFO: [ app_end ] --END-- [ RunTime:0.001274s ]

[ 2017-12-16T19:51:08+08:00 ] 127.0.0.1 /Home/Index/js/bootstrap.min.js
INFO: [ app_init ] --START--
INFO: Run Behavior\BuildLiteBehavior [ RunTime:0.000050s ]
INFO: [ app_init ] --END-- [ RunTime:0.000887s ]
NOTIC: [8] Constant NOFILE_CD already defined F:\tool\phpstudy\WWW\dbspapi.dbkan.com\Application\Common\Conf\messagecd.php 第 31 行.
NOTIC: [8] Constant NOFILE_MSG already defined F:\tool\phpstudy\WWW\dbspapi.dbkan.com\Application\Common\Conf\messagecd.php 第 32 行.
INFO: [ app_begin ] --START--
INFO: Run Behavior\ReadHtmlCacheBehavior [ RunTime:0.000899s ]
INFO: [ app_begin ] --END-- [ RunTime:0.001154s ]
NOTIC: [2048] Declaration of Home\Controller\BaseController::error() should be compatible with Think\Controller::error($message = '', $jumpUrl = '', $ajax = false) F:\tool\phpstudy\WWW\dbspapi.dbkan.com\Application\Home\Controller\BaseController.class.php 第 38 行.
ERR: 非法操作:js

[ 2017-12-16T19:51:09+08:00 ] 127.0.0.1 /Home/Index/js/bootstrap.min.js
INFO: [ app_init ] --START--
INFO: Run Behavior\BuildLiteBehavior [ RunTime:0.000050s ]
INFO: [ app_init ] --END-- [ RunTime:0.000950s ]
NOTIC: [8] Constant NOFILE_CD already defined F:\tool\phpstudy\WWW\dbspapi.dbkan.com\Application\Common\Conf\messagecd.php 第 31 行.
NOTIC: [8] Constant NOFILE_MSG already defined F:\tool\phpstudy\WWW\dbspapi.dbkan.com\Application\Common\Conf\messagecd.php 第 32 行.
INFO: [ app_begin ] --START--
INFO: Run Behavior\ReadHtmlCacheBehavior [ RunTime:0.000891s ]
INFO: [ app_begin ] --END-- [ RunTime:0.001136s ]
NOTIC: [2048] Declaration of Home\Controller\BaseController::error() should be compatible with Think\Controller::error($message = '', $jumpUrl = '', $ajax = false) F:\tool\phpstudy\WWW\dbspapi.dbkan.com\Application\Home\Controller\BaseController.class.php 第 38 行.
ERR: 非法操作:js

[ 2017-12-16T19:51:16+08:00 ] 127.0.0.1 /
INFO: [ app_init ] --START--
INFO: Run Behavior\BuildLiteBehavior [ RunTime:0.000031s ]
INFO: [ app_init ] --END-- [ RunTime:0.000621s ]
NOTIC: [8] Constant NOFILE_CD already defined F:\tool\phpstudy\WWW\dbspapi.dbkan.com\Application\Common\Conf\messagecd.php 第 31 行.
NOTIC: [8] Constant NOFILE_MSG already defined F:\tool\phpstudy\WWW\dbspapi.dbkan.com\Application\Common\Conf\messagecd.php 第 32 行.
INFO: [ app_begin ] --START--
INFO: Run Behavior\ReadHtmlCacheBehavior [ RunTime:0.000717s ]
INFO: [ app_begin ] --END-- [ RunTime:0.000876s ]
NOTIC: [2048] Declaration of Home\Controller\BaseController::error() should be compatible with Think\Controller::error($message = '', $jumpUrl = '', $ajax = false) F:\tool\phpstudy\WWW\dbspapi.dbkan.com\Application\Home\Controller\BaseController.class.php 第 38 行.
SQL: SHOW COLUMNS FROM `config` [ RunTime:0.0097s ]
SQL: SELECT * FROM `config` WHERE `key` = 'price' LIMIT 1   [ RunTime:0.0005s ]
INFO: [ view_parse ] --START--
INFO: [ template_filter ] --START--
INFO: Run Behavior\ContentReplaceBehavior [ RunTime:0.000350s ]
INFO: [ template_filter ] --END-- [ RunTime:0.000693s ]
INFO: Run Behavior\ParseTemplateBehavior [ RunTime:0.018928s ]
INFO: [ view_parse ] --END-- [ RunTime:0.019118s ]
INFO: [ view_filter ] --START--
INFO: Run Behavior\WriteHtmlCacheBehavior [ RunTime:0.000939s ]
INFO: [ view_filter ] --END-- [ RunTime:0.001152s ]
INFO: [ app_end ] --START--
INFO: Run Behavior\ShowPageTraceBehavior [ RunTime:0.001177s ]
INFO: [ app_end ] --END-- [ RunTime:0.001359s ]

[ 2017-12-16T19:51:17+08:00 ] 127.0.0.1 /Home/Index/vcode.html
INFO: [ app_init ] --START--
INFO: Run Behavior\BuildLiteBehavior [ RunTime:0.000051s ]
INFO: [ app_init ] --END-- [ RunTime:0.000935s ]
NOTIC: [8] Constant NOFILE_CD already defined F:\tool\phpstudy\WWW\dbspapi.dbkan.com\Application\Common\Conf\messagecd.php 第 31 行.
NOTIC: [8] Constant NOFILE_MSG already defined F:\tool\phpstudy\WWW\dbspapi.dbkan.com\Application\Common\Conf\messagecd.php 第 32 行.
INFO: [ app_begin ] --START--
INFO: Run Behavior\ReadHtmlCacheBehavior [ RunTime:0.001276s ]
INFO: [ app_begin ] --END-- [ RunTime:0.001547s ]
NOTIC: [2048] Declaration of Home\Controller\BaseController::error() should be compatible with Think\Controller::error($message = '', $jumpUrl = '', $ajax = false) F:\tool\phpstudy\WWW\dbspapi.dbkan.com\Application\Home\Controller\BaseController.class.php 第 38 行.
INFO: [ app_end ] --START--
INFO: Run Behavior\ShowPageTraceBehavior [ RunTime:0.001427s ]
INFO: [ app_end ] --END-- [ RunTime:0.001687s ]

[ 2017-12-16T19:51:30+08:00 ] 127.0.0.1 /
INFO: [ app_init ] --START--
INFO: Run Behavior\BuildLiteBehavior [ RunTime:0.000053s ]
INFO: [ app_init ] --END-- [ RunTime:0.000986s ]
NOTIC: [8] Constant NOFILE_CD already defined F:\tool\phpstudy\WWW\dbspapi.dbkan.com\Application\Common\Conf\messagecd.php 第 31 行.
NOTIC: [8] Constant NOFILE_MSG already defined F:\tool\phpstudy\WWW\dbspapi.dbkan.com\Application\Common\Conf\messagecd.php 第 32 行.
INFO: [ app_begin ] --START--
INFO: Run Behavior\ReadHtmlCacheBehavior [ RunTime:0.001221s ]
INFO: [ app_begin ] --END-- [ RunTime:0.001479s ]
NOTIC: [2048] Declaration of Home\Controller\BaseController::error() should be compatible with Think\Controller::error($message = '', $jumpUrl = '', $ajax = false) F:\tool\phpstudy\WWW\dbspapi.dbkan.com\Application\Home\Controller\BaseController.class.php 第 38 行.
SQL: SHOW COLUMNS FROM `config` [ RunTime:0.0099s ]
SQL: SELECT * FROM `config` WHERE `key` = 'price' LIMIT 1   [ RunTime:0.0005s ]
INFO: [ view_parse ] --START--
INFO: [ template_filter ] --START--
INFO: Run Behavior\ContentReplaceBehavior [ RunTime:0.000268s ]
INFO: [ template_filter ] --END-- [ RunTime:0.000484s ]
INFO: Run Behavior\ParseTemplateBehavior [ RunTime:0.022128s ]
INFO: [ view_parse ] --END-- [ RunTime:0.022349s ]
INFO: [ view_filter ] --START--
INFO: Run Behavior\WriteHtmlCacheBehavior [ RunTime:0.000916s ]
INFO: [ view_filter ] --END-- [ RunTime:0.001183s ]
INFO: [ app_end ] --START--
INFO: Run Behavior\ShowPageTraceBehavior [ RunTime:0.001648s ]
INFO: [ app_end ] --END-- [ RunTime:0.002037s ]

[ 2017-12-16T19:51:30+08:00 ] 127.0.0.1 /Home/Index/vcode.html
INFO: [ app_init ] --START--
INFO: Run Behavior\BuildLiteBehavior [ RunTime:0.000047s ]
INFO: [ app_init ] --END-- [ RunTime:0.000938s ]
NOTIC: [8] Constant NOFILE_CD already defined F:\tool\phpstudy\WWW\dbspapi.dbkan.com\Application\Common\Conf\messagecd.php 第 31 行.
NOTIC: [8] Constant NOFILE_MSG already defined F:\tool\phpstudy\WWW\dbspapi.dbkan.com\Application\Common\Conf\messagecd.php 第 32 行.
INFO: [ app_begin ] --START--
INFO: Run Behavior\ReadHtmlCacheBehavior [ RunTime:0.001167s ]
INFO: [ app_begin ] --END-- [ RunTime:0.001412s ]
NOTIC: [2048] Declaration of Home\Controller\BaseController::error() should be compatible with Think\Controller::error($message = '', $jumpUrl = '', $ajax = false) F:\tool\phpstudy\WWW\dbspapi.dbkan.com\Application\Home\Controller\BaseController.class.php 第 38 行.
INFO: [ app_end ] --START--
INFO: Run Behavior\ShowPageTraceBehavior [ RunTime:0.002325s ]
INFO: [ app_end ] --END-- [ RunTime:0.002620s ]

[ 2017-12-16T19:56:04+08:00 ] 127.0.0.1 /
INFO: [ app_init ] --START--
INFO: Run Behavior\BuildLiteBehavior [ RunTime:0.000030s ]
INFO: [ app_init ] --END-- [ RunTime:0.000539s ]
NOTIC: [8] Constant NOFILE_CD already defined F:\tool\phpstudy\WWW\dbspapi.dbkan.com\Application\Common\Conf\messagecd.php 第 31 行.
NOTIC: [8] Constant NOFILE_MSG already defined F:\tool\phpstudy\WWW\dbspapi.dbkan.com\Application\Common\Conf\messagecd.php 第 32 行.
INFO: [ app_begin ] --START--
INFO: Run Behavior\ReadHtmlCacheBehavior [ RunTime:0.000569s ]
INFO: [ app_begin ] --END-- [ RunTime:0.000698s ]
NOTIC: [2048] Declaration of Home\Controller\BaseController::error() should be compatible with Think\Controller::error($message = '', $jumpUrl = '', $ajax = false) F:\tool\phpstudy\WWW\dbspapi.dbkan.com\Application\Home\Controller\BaseController.class.php 第 38 行.
SQL: SHOW COLUMNS FROM `config` [ RunTime:0.0077s ]
SQL: SELECT * FROM `config` WHERE `key` = 'price' LIMIT 1   [ RunTime:0.0008s ]
INFO: [ view_parse ] --START--
INFO: [ template_filter ] --START--
INFO: Run Behavior\ContentReplaceBehavior [ RunTime:0.000188s ]
INFO: [ template_filter ] --END-- [ RunTime:0.000335s ]
INFO: Run Behavior\ParseTemplateBehavior [ RunTime:0.015109s ]
INFO: [ view_parse ] --END-- [ RunTime:0.015353s ]
INFO: [ view_filter ] --START--
INFO: Run Behavior\WriteHtmlCacheBehavior [ RunTime:0.001170s ]
INFO: [ view_filter ] --END-- [ RunTime:0.001428s ]
INFO: [ app_end ] --START--
INFO: Run Behavior\ShowPageTraceBehavior [ RunTime:0.001141s ]
INFO: [ app_end ] --END-- [ RunTime:0.001417s ]

[ 2017-12-16T19:56:04+08:00 ] 127.0.0.1 /Home/Index/vcode.html
INFO: [ app_init ] --START--
INFO: Run Behavior\BuildLiteBehavior [ RunTime:0.000050s ]
INFO: [ app_init ] --END-- [ RunTime:0.000839s ]
NOTIC: [8] Constant NOFILE_CD already defined F:\tool\phpstudy\WWW\dbspapi.dbkan.com\Application\Common\Conf\messagecd.php 第 31 行.
NOTIC: [8] Constant NOFILE_MSG already defined F:\tool\phpstudy\WWW\dbspapi.dbkan.com\Application\Common\Conf\messagecd.php 第 32 行.
INFO: [ app_begin ] --START--
INFO: Run Behavior\ReadHtmlCacheBehavior [ RunTime:0.001023s ]
INFO: [ app_begin ] --END-- [ RunTime:0.001298s ]
NOTIC: [2048] Declaration of Home\Controller\BaseController::error() should be compatible with Think\Controller::error($message = '', $jumpUrl = '', $ajax = false) F:\tool\phpstudy\WWW\dbspapi.dbkan.com\Application\Home\Controller\BaseController.class.php 第 38 行.
INFO: [ app_end ] --START--
INFO: Run Behavior\ShowPageTraceBehavior [ RunTime:0.001242s ]
INFO: [ app_end ] --END-- [ RunTime:0.001512s ]

[ 2017-12-16T19:56:12+08:00 ] 127.0.0.1 /Home/Index/findOrder.html
INFO: [ app_init ] --START--
INFO: Run Behavior\BuildLiteBehavior [ RunTime:0.000048s ]
INFO: [ app_init ] --END-- [ RunTime:0.001021s ]
NOTIC: [8] Constant NOFILE_CD already defined F:\tool\phpstudy\WWW\dbspapi.dbkan.com\Application\Common\Conf\messagecd.php 第 31 行.
NOTIC: [8] Constant NOFILE_MSG already defined F:\tool\phpstudy\WWW\dbspapi.dbkan.com\Application\Common\Conf\messagecd.php 第 32 行.
INFO: [ app_begin ] --START--
INFO: Run Behavior\ReadHtmlCacheBehavior [ RunTime:0.001137s ]
INFO: [ app_begin ] --END-- [ RunTime:0.001438s ]
NOTIC: [2048] Declaration of Home\Controller\BaseController::error() should be compatible with Think\Controller::error($message = '', $jumpUrl = '', $ajax = false) F:\tool\phpstudy\WWW\dbspapi.dbkan.com\Application\Home\Controller\BaseController.class.php 第 38 行.
SQL: SHOW COLUMNS FROM `order` [ RunTime:0.0101s ]
SQL: SELECT * FROM `order` WHERE `order_number` = '' LIMIT 1   [ RunTime:0.0007s ]
NOTIC: [8] Undefined index: email F:\tool\phpstudy\WWW\dbspapi.dbkan.com\Application\Home\Controller\IndexController.class.php 第 253 行.
NOTIC: [8] Undefined index: num F:\tool\phpstudy\WWW\dbspapi.dbkan.com\Application\Home\Controller\IndexController.class.php 第 254 行.
NOTIC: [8] Undefined index: creation_time F:\tool\phpstudy\WWW\dbspapi.dbkan.com\Application\Home\Controller\IndexController.class.php 第 255 行.
NOTIC: [8] Undefined index: price F:\tool\phpstudy\WWW\dbspapi.dbkan.com\Application\Home\Controller\IndexController.class.php 第 256 行.
NOTIC: [8] Undefined index: receive_address F:\tool\phpstudy\WWW\dbspapi.dbkan.com\Application\Home\Controller\IndexController.class.php 第 257 行.
NOTIC: [8] Undefined index: total_price F:\tool\phpstudy\WWW\dbspapi.dbkan.com\Application\Home\Controller\IndexController.class.php 第 258 行.
NOTIC: [8] Undefined index: card F:\tool\phpstudy\WWW\dbspapi.dbkan.com\Application\Home\Controller\IndexController.class.php 第 259 行.
NOTIC: [8] Undefined index: name F:\tool\phpstudy\WWW\dbspapi.dbkan.com\Application\Home\Controller\IndexController.class.php 第 260 行.
NOTIC: [8] Undefined index: type F:\tool\phpstudy\WWW\dbspapi.dbkan.com\Application\Home\Controller\IndexController.class.php 第 261 行.
NOTIC: [8] Undefined index: amount F:\tool\phpstudy\WWW\dbspapi.dbkan.com\Application\Home\Controller\IndexController.class.php 第 262 行.
NOTIC: [8] Undefined index: bank F:\tool\phpstudy\WWW\dbspapi.dbkan.com\Application\Home\Controller\IndexController.class.php 第 263 行.
NOTIC: [8] Undefined index: order_number F:\tool\phpstudy\WWW\dbspapi.dbkan.com\Application\Home\Controller\IndexController.class.php 第 265 行.
INFO: [ view_parse ] --START--
INFO: [ template_filter ] --START--
INFO: Run Behavior\ContentReplaceBehavior [ RunTime:0.000140s ]
INFO: [ template_filter ] --END-- [ RunTime:0.000366s ]
INFO: Run Behavior\ParseTemplateBehavior [ RunTime:0.013628s ]
INFO: [ view_parse ] --END-- [ RunTime:0.013868s ]
INFO: [ view_filter ] --START--
INFO: Run Behavior\WriteHtmlCacheBehavior [ RunTime:0.000802s ]
INFO: [ view_filter ] --END-- [ RunTime:0.001003s ]
INFO: [ app_end ] --START--
INFO: Run Behavior\ShowPageTraceBehavior [ RunTime:0.001143s ]
INFO: [ app_end ] --END-- [ RunTime:0.001375s ]

[ 2017-12-16T19:56:12+08:00 ] 127.0.0.1 /Home/Index/js/bootstrap.min.js
INFO: [ app_init ] --START--
INFO: Run Behavior\BuildLiteBehavior [ RunTime:0.000053s ]
INFO: [ app_init ] --END-- [ RunTime:0.000898s ]
NOTIC: [8] Constant NOFILE_CD already defined F:\tool\phpstudy\WWW\dbspapi.dbkan.com\Application\Common\Conf\messagecd.php 第 31 行.
NOTIC: [8] Constant NOFILE_MSG already defined F:\tool\phpstudy\WWW\dbspapi.dbkan.com\Application\Common\Conf\messagecd.php 第 32 行.
INFO: [ app_begin ] --START--
INFO: Run Behavior\ReadHtmlCacheBehavior [ RunTime:0.000906s ]
INFO: [ app_begin ] --END-- [ RunTime:0.001146s ]
NOTIC: [2048] Declaration of Home\Controller\BaseController::error() should be compatible with Think\Controller::error($message = '', $jumpUrl = '', $ajax = false) F:\tool\phpstudy\WWW\dbspapi.dbkan.com\Application\Home\Controller\BaseController.class.php 第 38 行.
ERR: 非法操作:js

[ 2017-12-16T19:56:12+08:00 ] 127.0.0.1 /Home/Index/js/bootstrap.min.js
INFO: [ app_init ] --START--
INFO: Run Behavior\BuildLiteBehavior [ RunTime:0.000052s ]
INFO: [ app_init ] --END-- [ RunTime:0.000892s ]
NOTIC: [8] Constant NOFILE_CD already defined F:\tool\phpstudy\WWW\dbspapi.dbkan.com\Application\Common\Conf\messagecd.php 第 31 行.
NOTIC: [8] Constant NOFILE_MSG already defined F:\tool\phpstudy\WWW\dbspapi.dbkan.com\Application\Common\Conf\messagecd.php 第 32 行.
INFO: [ app_begin ] --START--
INFO: Run Behavior\ReadHtmlCacheBehavior [ RunTime:0.000865s ]
INFO: [ app_begin ] --END-- [ RunTime:0.001109s ]
NOTIC: [2048] Declaration of Home\Controller\BaseController::error() should be compatible with Think\Controller::error($message = '', $jumpUrl = '', $ajax = false) F:\tool\phpstudy\WWW\dbspapi.dbkan.com\Application\Home\Controller\BaseController.class.php 第 38 行.
ERR: 非法操作:js

[ 2017-12-16T19:56:16+08:00 ] 127.0.0.1 /Home/Index/findOrder.html
INFO: [ app_init ] --START--
INFO: Run Behavior\BuildLiteBehavior [ RunTime:0.000049s ]
INFO: [ app_init ] --END-- [ RunTime:0.000829s ]
NOTIC: [8] Constant NOFILE_CD already defined F:\tool\phpstudy\WWW\dbspapi.dbkan.com\Application\Common\Conf\messagecd.php 第 31 行.
NOTIC: [8] Constant NOFILE_MSG already defined F:\tool\phpstudy\WWW\dbspapi.dbkan.com\Application\Common\Conf\messagecd.php 第 32 行.
INFO: [ app_begin ] --START--
INFO: Run Behavior\ReadHtmlCacheBehavior [ RunTime:0.000898s ]
INFO: [ app_begin ] --END-- [ RunTime:0.001139s ]
NOTIC: [2048] Declaration of Home\Controller\BaseController::error() should be compatible with Think\Controller::error($message = '', $jumpUrl = '', $ajax = false) F:\tool\phpstudy\WWW\dbspapi.dbkan.com\Application\Home\Controller\BaseController.class.php 第 38 行.
SQL: SHOW COLUMNS FROM `order` [ RunTime:0.0076s ]
SQL: SELECT * FROM `order` WHERE `order_number` = 'sadsadasd' LIMIT 1   [ RunTime:0.0007s ]
NOTIC: [8] Undefined index: email F:\tool\phpstudy\WWW\dbspapi.dbkan.com\Application\Home\Controller\IndexController.class.php 第 253 行.
NOTIC: [8] Undefined index: num F:\tool\phpstudy\WWW\dbspapi.dbkan.com\Application\Home\Controller\IndexController.class.php 第 254 行.
NOTIC: [8] Undefined index: creation_time F:\tool\phpstudy\WWW\dbspapi.dbkan.com\Application\Home\Controller\IndexController.class.php 第 255 行.
NOTIC: [8] Undefined index: price F:\tool\phpstudy\WWW\dbspapi.dbkan.com\Application\Home\Controller\IndexController.class.php 第 256 行.
NOTIC: [8] Undefined index: receive_address F:\tool\phpstudy\WWW\dbspapi.dbkan.com\Application\Home\Controller\IndexController.class.php 第 257 行.
NOTIC: [8] Undefined index: total_price F:\tool\phpstudy\WWW\dbspapi.dbkan.com\Application\Home\Controller\IndexController.class.php 第 258 行.
NOTIC: [8] Undefined index: card F:\tool\phpstudy\WWW\dbspapi.dbkan.com\Application\Home\Controller\IndexController.class.php 第 259 行.
NOTIC: [8] Undefined index: name F:\tool\phpstudy\WWW\dbspapi.dbkan.com\Application\Home\Controller\IndexController.class.php 第 260 行.
NOTIC: [8] Undefined index: type F:\tool\phpstudy\WWW\dbspapi.dbkan.com\Application\Home\Controller\IndexController.class.php 第 261 行.
NOTIC: [8] Undefined index: amount F:\tool\phpstudy\WWW\dbspapi.dbkan.com\Application\Home\Controller\IndexController.class.php 第 262 行.
NOTIC: [8] Undefined index: bank F:\tool\phpstudy\WWW\dbspapi.dbkan.com\Application\Home\Controller\IndexController.class.php 第 263 行.
NOTIC: [8] Undefined index: order_number F:\tool\phpstudy\WWW\dbspapi.dbkan.com\Application\Home\Controller\IndexController.class.php 第 265 行.
INFO: [ view_parse ] --START--
INFO: [ template_filter ] --START--
INFO: Run Behavior\ContentReplaceBehavior [ RunTime:0.000130s ]
INFO: [ template_filter ] --END-- [ RunTime:0.000346s ]
INFO: Run Behavior\ParseTemplateBehavior [ RunTime:0.011325s ]
INFO: [ view_parse ] --END-- [ RunTime:0.011562s ]
INFO: [ view_filter ] --START--
INFO: Run Behavior\WriteHtmlCacheBehavior [ RunTime:0.000527s ]
INFO: [ view_filter ] --END-- [ RunTime:0.000740s ]
INFO: [ app_end ] --START--
INFO: Run Behavior\ShowPageTraceBehavior [ RunTime:0.000774s ]
INFO: [ app_end ] --END-- [ RunTime:0.000988s ]

[ 2017-12-16T19:56:16+08:00 ] 127.0.0.1 /Home/Index/js/bootstrap.min.js
INFO: [ app_init ] --START--
INFO: Run Behavior\BuildLiteBehavior [ RunTime:0.000060s ]
INFO: [ app_init ] --END-- [ RunTime:0.001038s ]
NOTIC: [8] Constant NOFILE_CD already defined F:\tool\phpstudy\WWW\dbspapi.dbkan.com\Application\Common\Conf\messagecd.php 第 31 行.
NOTIC: [8] Constant NOFILE_MSG already defined F:\tool\phpstudy\WWW\dbspapi.dbkan.com\Application\Common\Conf\messagecd.php 第 32 行.
INFO: [ app_begin ] --START--
INFO: Run Behavior\ReadHtmlCacheBehavior [ RunTime:0.000987s ]
INFO: [ app_begin ] --END-- [ RunTime:0.001235s ]
NOTIC: [2048] Declaration of Home\Controller\BaseController::error() should be compatible with Think\Controller::error($message = '', $jumpUrl = '', $ajax = false) F:\tool\phpstudy\WWW\dbspapi.dbkan.com\Application\Home\Controller\BaseController.class.php 第 38 行.
ERR: 非法操作:js

[ 2017-12-16T19:56:16+08:00 ] 127.0.0.1 /Home/Index/js/bootstrap.min.js
INFO: [ app_init ] --START--
INFO: Run Behavior\BuildLiteBehavior [ RunTime:0.000048s ]
INFO: [ app_init ] --END-- [ RunTime:0.000895s ]
NOTIC: [8] Constant NOFILE_CD already defined F:\tool\phpstudy\WWW\dbspapi.dbkan.com\Application\Common\Conf\messagecd.php 第 31 行.
NOTIC: [8] Constant NOFILE_MSG already defined F:\tool\phpstudy\WWW\dbspapi.dbkan.com\Application\Common\Conf\messagecd.php 第 32 行.
INFO: [ app_begin ] --START--
INFO: Run Behavior\ReadHtmlCacheBehavior [ RunTime:0.001013s ]
INFO: [ app_begin ] --END-- [ RunTime:0.001288s ]
NOTIC: [2048] Declaration of Home\Controller\BaseController::error() should be compatible with Think\Controller::error($message = '', $jumpUrl = '', $ajax = false) F:\tool\phpstudy\WWW\dbspapi.dbkan.com\Application\Home\Controller\BaseController.class.php 第 38 行.
ERR: 非法操作:js

[ 2017-12-16T19:57:20+08:00 ] 127.0.0.1 /
INFO: [ app_init ] --START--
INFO: Run Behavior\BuildLiteBehavior [ RunTime:0.000041s ]
INFO: [ app_init ] --END-- [ RunTime:0.000714s ]
NOTIC: [8] Constant NOFILE_CD already defined F:\tool\phpstudy\WWW\dbspapi.dbkan.com\Application\Common\Conf\messagecd.php 第 31 行.
NOTIC: [8] Constant NOFILE_MSG already defined F:\tool\phpstudy\WWW\dbspapi.dbkan.com\Application\Common\Conf\messagecd.php 第 32 行.
INFO: [ app_begin ] --START--
INFO: Run Behavior\ReadHtmlCacheBehavior [ RunTime:0.001583s ]
INFO: [ app_begin ] --END-- [ RunTime:0.002035s ]
NOTIC: [2048] Declaration of Home\Controller\BaseController::error() should be compatible with Think\Controller::error($message = '', $jumpUrl = '', $ajax = false) F:\tool\phpstudy\WWW\dbspapi.dbkan.com\Application\Home\Controller\BaseController.class.php 第 38 行.
SQL: SHOW COLUMNS FROM `config` [ RunTime:0.0080s ]
SQL: SELECT * FROM `config` WHERE `key` = 'price' LIMIT 1   [ RunTime:0.0003s ]
INFO: [ view_parse ] --START--
INFO: [ template_filter ] --START--
INFO: Run Behavior\ContentReplaceBehavior [ RunTime:0.000165s ]
INFO: [ template_filter ] --END-- [ RunTime:0.000297s ]
INFO: Run Behavior\ParseTemplateBehavior [ RunTime:0.017520s ]
INFO: [ view_parse ] --END-- [ RunTime:0.017697s ]
INFO: [ view_filter ] --START--
INFO: Run Behavior\WriteHtmlCacheBehavior [ RunTime:0.000791s ]
INFO: [ view_filter ] --END-- [ RunTime:0.000990s ]
INFO: [ app_end ] --START--
INFO: Run Behavior\ShowPageTraceBehavior [ RunTime:0.001180s ]
INFO: [ app_end ] --END-- [ RunTime:0.001404s ]

[ 2017-12-16T19:57:20+08:00 ] 127.0.0.1 /Home/Index/vcode.html
INFO: [ app_init ] --START--
INFO: Run Behavior\BuildLiteBehavior [ RunTime:0.000082s ]
INFO: [ app_init ] --END-- [ RunTime:0.001721s ]
NOTIC: [8] Constant NOFILE_CD already defined F:\tool\phpstudy\WWW\dbspapi.dbkan.com\Application\Common\Conf\messagecd.php 第 31 行.
NOTIC: [8] Constant NOFILE_MSG already defined F:\tool\phpstudy\WWW\dbspapi.dbkan.com\Application\Common\Conf\messagecd.php 第 32 行.
INFO: [ app_begin ] --START--
INFO: Run Behavior\ReadHtmlCacheBehavior [ RunTime:0.000756s ]
INFO: [ app_begin ] --END-- [ RunTime:0.000962s ]
NOTIC: [2048] Declaration of Home\Controller\BaseController::error() should be compatible with Think\Controller::error($message = '', $jumpUrl = '', $ajax = false) F:\tool\phpstudy\WWW\dbspapi.dbkan.com\Application\Home\Controller\BaseController.class.php 第 38 行.
INFO: [ app_end ] --START--
INFO: Run Behavior\ShowPageTraceBehavior [ RunTime:0.001195s ]
INFO: [ app_end ] --END-- [ RunTime:0.001852s ]

[ 2017-12-16T19:57:57+08:00 ] 127.0.0.1 /
INFO: [ app_init ] --START--
INFO: Run Behavior\BuildLiteBehavior [ RunTime:0.000056s ]
INFO: [ app_init ] --END-- [ RunTime:0.000851s ]
NOTIC: [8] Constant NOFILE_CD already defined F:\tool\phpstudy\WWW\dbspapi.dbkan.com\Application\Common\Conf\messagecd.php 第 31 行.
NOTIC: [8] Constant NOFILE_MSG already defined F:\tool\phpstudy\WWW\dbspapi.dbkan.com\Application\Common\Conf\messagecd.php 第 32 行.
INFO: [ app_begin ] --START--
INFO: Run Behavior\ReadHtmlCacheBehavior [ RunTime:0.000973s ]
INFO: [ app_begin ] --END-- [ RunTime:0.001222s ]
NOTIC: [2048] Declaration of Home\Controller\BaseController::error() should be compatible with Think\Controller::error($message = '', $jumpUrl = '', $ajax = false) F:\tool\phpstudy\WWW\dbspapi.dbkan.com\Application\Home\Controller\BaseController.class.php 第 38 行.
SQL: SHOW COLUMNS FROM `config` [ RunTime:0.0050s ]
SQL: SELECT * FROM `config` WHERE `key` = 'price' LIMIT 1   [ RunTime:0.0004s ]
INFO: [ view_parse ] --START--
INFO: [ template_filter ] --START--
INFO: Run Behavior\ContentReplaceBehavior [ RunTime:0.000280s ]
INFO: [ template_filter ] --END-- [ RunTime:0.000576s ]
INFO: Run Behavior\ParseTemplateBehavior [ RunTime:0.016385s ]
INFO: [ view_parse ] --END-- [ RunTime:0.016548s ]
INFO: [ view_filter ] --START--
INFO: Run Behavior\WriteHtmlCacheBehavior [ RunTime:0.000486s ]
INFO: [ view_filter ] --END-- [ RunTime:0.000614s ]
INFO: [ app_end ] --START--
INFO: Run Behavior\ShowPageTraceBehavior [ RunTime:0.000644s ]
INFO: [ app_end ] --END-- [ RunTime:0.000774s ]

[ 2017-12-16T19:57:58+08:00 ] 127.0.0.1 /Home/Index/vcode.html
INFO: [ app_init ] --START--
INFO: Run Behavior\BuildLiteBehavior [ RunTime:0.000049s ]
INFO: [ app_init ] --END-- [ RunTime:0.000819s ]
NOTIC: [8] Constant NOFILE_CD already defined F:\tool\phpstudy\WWW\dbspapi.dbkan.com\Application\Common\Conf\messagecd.php 第 31 行.
NOTIC: [8] Constant NOFILE_MSG already defined F:\tool\phpstudy\WWW\dbspapi.dbkan.com\Application\Common\Conf\messagecd.php 第 32 行.
INFO: [ app_begin ] --START--
INFO: Run Behavior\ReadHtmlCacheBehavior [ RunTime:0.000897s ]
INFO: [ app_begin ] --END-- [ RunTime:0.001163s ]
NOTIC: [2048] Declaration of Home\Controller\BaseController::error() should be compatible with Think\Controller::error($message = '', $jumpUrl = '', $ajax = false) F:\tool\phpstudy\WWW\dbspapi.dbkan.com\Application\Home\Controller\BaseController.class.php 第 38 行.
INFO: [ app_end ] --START--
INFO: Run Behavior\ShowPageTraceBehavior [ RunTime:0.003724s ]
INFO: [ app_end ] --END-- [ RunTime:0.004077s ]

[ 2017-12-16T19:58:14+08:00 ] 127.0.0.1 /Home/Index/findOrder.html
INFO: [ app_init ] --START--
INFO: Run Behavior\BuildLiteBehavior [ RunTime:0.000034s ]
INFO: [ app_init ] --END-- [ RunTime:0.000608s ]
NOTIC: [8] Constant NOFILE_CD already defined F:\tool\phpstudy\WWW\dbspapi.dbkan.com\Application\Common\Conf\messagecd.php 第 31 行.
NOTIC: [8] Constant NOFILE_MSG already defined F:\tool\phpstudy\WWW\dbspapi.dbkan.com\Application\Common\Conf\messagecd.php 第 32 行.
INFO: [ app_begin ] --START--
INFO: Run Behavior\ReadHtmlCacheBehavior [ RunTime:0.000984s ]
INFO: [ app_begin ] --END-- [ RunTime:0.001198s ]
NOTIC: [2048] Declaration of Home\Controller\BaseController::error() should be compatible with Think\Controller::error($message = '', $jumpUrl = '', $ajax = false) F:\tool\phpstudy\WWW\dbspapi.dbkan.com\Application\Home\Controller\BaseController.class.php 第 38 行.
SQL: SHOW COLUMNS FROM `order` [ RunTime:0.0056s ]
SQL: SELECT * FROM `order` WHERE `order_number` = 'sadsafsdfdssdfsdf' LIMIT 1   [ RunTime:0.0004s ]
NOTIC: [8] Undefined index: email F:\tool\phpstudy\WWW\dbspapi.dbkan.com\Application\Home\Controller\IndexController.class.php 第 253 行.
NOTIC: [8] Undefined index: num F:\tool\phpstudy\WWW\dbspapi.dbkan.com\Application\Home\Controller\IndexController.class.php 第 254 行.
NOTIC: [8] Undefined index: creation_time F:\tool\phpstudy\WWW\dbspapi.dbkan.com\Application\Home\Controller\IndexController.class.php 第 255 行.
NOTIC: [8] Undefined index: price F:\tool\phpstudy\WWW\dbspapi.dbkan.com\Application\Home\Controller\IndexController.class.php 第 256 行.
NOTIC: [8] Undefined index: receive_address F:\tool\phpstudy\WWW\dbspapi.dbkan.com\Application\Home\Controller\IndexController.class.php 第 257 行.
NOTIC: [8] Undefined index: total_price F:\tool\phpstudy\WWW\dbspapi.dbkan.com\Application\Home\Controller\IndexController.class.php 第 258 行.
NOTIC: [8] Undefined index: card F:\tool\phpstudy\WWW\dbspapi.dbkan.com\Application\Home\Controller\IndexController.class.php 第 259 行.
NOTIC: [8] Undefined index: name F:\tool\phpstudy\WWW\dbspapi.dbkan.com\Application\Home\Controller\IndexController.class.php 第 260 行.
NOTIC: [8] Undefined index: type F:\tool\phpstudy\WWW\dbspapi.dbkan.com\Application\Home\Controller\IndexController.class.php 第 261 行.
NOTIC: [8] Undefined index: amount F:\tool\phpstudy\WWW\dbspapi.dbkan.com\Application\Home\Controller\IndexController.class.php 第 262 行.
NOTIC: [8] Undefined index: bank F:\tool\phpstudy\WWW\dbspapi.dbkan.com\Application\Home\Controller\IndexController.class.php 第 263 行.
NOTIC: [8] Undefined index: order_number F:\tool\phpstudy\WWW\dbspapi.dbkan.com\Application\Home\Controller\IndexController.class.php 第 265 行.
INFO: [ view_parse ] --START--
INFO: [ template_filter ] --START--
INFO: Run Behavior\ContentReplaceBehavior [ RunTime:0.000127s ]
INFO: [ template_filter ] --END-- [ RunTime:0.000338s ]
INFO: Run Behavior\ParseTemplateBehavior [ RunTime:0.012876s ]
INFO: [ view_parse ] --END-- [ RunTime:0.013052s ]
INFO: [ view_filter ] --START--
INFO: Run Behavior\WriteHtmlCacheBehavior [ RunTime:0.000554s ]
INFO: [ view_filter ] --END-- [ RunTime:0.000749s ]
INFO: [ app_end ] --START--
INFO: Run Behavior\ShowPageTraceBehavior [ RunTime:0.000849s ]
INFO: [ app_end ] --END-- [ RunTime:0.001046s ]

[ 2017-12-16T19:58:14+08:00 ] 127.0.0.1 /Home/Index/js/bootstrap.min.js
INFO: [ app_init ] --START--
INFO: Run Behavior\BuildLiteBehavior [ RunTime:0.000053s ]
INFO: [ app_init ] --END-- [ RunTime:0.000886s ]
NOTIC: [8] Constant NOFILE_CD already defined F:\tool\phpstudy\WWW\dbspapi.dbkan.com\Application\Common\Conf\messagecd.php 第 31 行.
NOTIC: [8] Constant NOFILE_MSG already defined F:\tool\phpstudy\WWW\dbspapi.dbkan.com\Application\Common\Conf\messagecd.php 第 32 行.
INFO: [ app_begin ] --START--
INFO: Run Behavior\ReadHtmlCacheBehavior [ RunTime:0.002227s ]
INFO: [ app_begin ] --END-- [ RunTime:0.002551s ]
NOTIC: [2048] Declaration of Home\Controller\BaseController::error() should be compatible with Think\Controller::error($message = '', $jumpUrl = '', $ajax = false) F:\tool\phpstudy\WWW\dbspapi.dbkan.com\Application\Home\Controller\BaseController.class.php 第 38 行.
ERR: 非法操作:js

[ 2017-12-16T19:58:15+08:00 ] 127.0.0.1 /Home/Index/js/bootstrap.min.js
INFO: [ app_init ] --START--
INFO: Run Behavior\BuildLiteBehavior [ RunTime:0.000052s ]
INFO: [ app_init ] --END-- [ RunTime:0.001035s ]
NOTIC: [8] Constant NOFILE_CD already defined F:\tool\phpstudy\WWW\dbspapi.dbkan.com\Application\Common\Conf\messagecd.php 第 31 行.
NOTIC: [8] Constant NOFILE_MSG already defined F:\tool\phpstudy\WWW\dbspapi.dbkan.com\Application\Common\Conf\messagecd.php 第 32 行.
INFO: [ app_begin ] --START--
INFO: Run Behavior\ReadHtmlCacheBehavior [ RunTime:0.000932s ]
INFO: [ app_begin ] --END-- [ RunTime:0.001176s ]
NOTIC: [2048] Declaration of Home\Controller\BaseController::error() should be compatible with Think\Controller::error($message = '', $jumpUrl = '', $ajax = false) F:\tool\phpstudy\WWW\dbspapi.dbkan.com\Application\Home\Controller\BaseController.class.php 第 38 行.
ERR: 非法操作:js

