[ 2018-01-08T14:31:57+08:00 ] 127.0.0.1 /
INFO: [ app_init ] --START--
INFO: Run Behavior\BuildLiteBehavior [ RunTime:0.000026s ]
INFO: [ app_init ] --END-- [ RunTime:0.010967s ]
INFO: [ app_begin ] --START--
INFO: Run Behavior\ReadHtmlCacheBehavior [ RunTime:0.000894s ]
INFO: [ app_begin ] --END-- [ RunTime:0.001022s ]
INFO: [ app_end ] --START--
INFO: Run Behavior\ShowPageTraceBehavior [ RunTime:0.000998s ]
INFO: [ app_end ] --END-- [ RunTime:0.001124s ]

[ 2018-01-08T14:31:57+08:00 ] 127.0.0.1 /
INFO: [ app_init ] --START--
INFO: Run Behavior\BuildLiteBehavior [ RunTime:0.000041s ]
INFO: [ app_init ] --END-- [ RunTime:0.000745s ]
INFO: [ app_begin ] --START--
INFO: Run Behavior\ReadHtmlCacheBehavior [ RunTime:0.000472s ]
INFO: [ app_begin ] --END-- [ RunTime:0.000591s ]
INFO: [ app_end ] --START--
INFO: Run Behavior\ShowPageTraceBehavior [ RunTime:0.000432s ]
INFO: [ app_end ] --END-- [ RunTime:0.000556s ]

[ 2018-01-08T14:31:58+08:00 ] 127.0.0.1 /
INFO: [ app_init ] --START--
INFO: Run Behavior\BuildLiteBehavior [ RunTime:0.000040s ]
INFO: [ app_init ] --END-- [ RunTime:0.000756s ]
INFO: [ app_begin ] --START--
INFO: Run Behavior\ReadHtmlCacheBehavior [ RunTime:0.000673s ]
INFO: [ app_begin ] --END-- [ RunTime:0.000856s ]
INFO: [ app_end ] --START--
INFO: Run Behavior\ShowPageTraceBehavior [ RunTime:0.000644s ]
INFO: [ app_end ] --END-- [ RunTime:0.000828s ]

[ 2018-01-08T14:31:59+08:00 ] 127.0.0.1 /
INFO: [ app_init ] --START--
INFO: Run Behavior\BuildLiteBehavior [ RunTime:0.000025s ]
INFO: [ app_init ] --END-- [ RunTime:0.000444s ]
INFO: [ app_begin ] --START--
INFO: Run Behavior\ReadHtmlCacheBehavior [ RunTime:0.000492s ]
INFO: [ app_begin ] --END-- [ RunTime:0.000615s ]
INFO: [ app_end ] --START--
INFO: Run Behavior\ShowPageTraceBehavior [ RunTime:0.000476s ]
INFO: [ app_end ] --END-- [ RunTime:0.000619s ]

[ 2018-01-08T14:31:59+08:00 ] 127.0.0.1 /
INFO: [ app_init ] --START--
INFO: Run Behavior\BuildLiteBehavior [ RunTime:0.000027s ]
INFO: [ app_init ] --END-- [ RunTime:0.000614s ]
INFO: [ app_begin ] --START--
INFO: Run Behavior\ReadHtmlCacheBehavior [ RunTime:0.000445s ]
INFO: [ app_begin ] --END-- [ RunTime:0.000558s ]
INFO: [ app_end ] --START--
INFO: Run Behavior\ShowPageTraceBehavior [ RunTime:0.000434s ]
INFO: [ app_end ] --END-- [ RunTime:0.000562s ]

[ 2018-01-08T14:32:17+08:00 ] 127.0.0.1 /index.php/home/Store/person
INFO: [ app_init ] --START--
INFO: Run Behavior\BuildLiteBehavior [ RunTime:0.000038s ]
INFO: [ app_init ] --END-- [ RunTime:0.000649s ]
INFO: [ app_begin ] --START--
INFO: Run Behavior\ReadHtmlCacheBehavior [ RunTime:0.000725s ]
INFO: [ app_begin ] --END-- [ RunTime:0.000930s ]
SQL: SHOW COLUMNS FROM `person` [ RunTime:0.0049s ]
SQL: SHOW COLUMNS FROM `person` [ RunTime:0.0051s ]
SQL: SELECT * FROM `person` WHERE `status` = 0  [ RunTime:0.0018s ]

[ 2018-01-08T16:08:49+08:00 ] 127.0.0.1 /index.php/home/Store/equipment
INFO: [ app_init ] --START--
INFO: Run Behavior\BuildLiteBehavior [ RunTime:0.000049s ]
INFO: [ app_init ] --END-- [ RunTime:0.000730s ]
INFO: [ app_begin ] --START--
INFO: Run Behavior\ReadHtmlCacheBehavior [ RunTime:0.001401s ]
INFO: [ app_begin ] --END-- [ RunTime:0.001629s ]
SQL: SHOW COLUMNS FROM `equipment` [ RunTime:0.0048s ]
SQL: SHOW COLUMNS FROM `equipment` [ RunTime:0.0040s ]
SQL: SELECT * FROM `equipment` WHERE `status` = 0  [ RunTime:0.0015s ]

[ 2018-01-08T16:08:57+08:00 ] 127.0.0.1 /index.php/home/Store/mediche
INFO: [ app_init ] --START--
INFO: Run Behavior\BuildLiteBehavior [ RunTime:0.000025s ]
INFO: [ app_init ] --END-- [ RunTime:0.000433s ]
INFO: [ app_begin ] --START--
INFO: Run Behavior\ReadHtmlCacheBehavior [ RunTime:0.000542s ]
INFO: [ app_begin ] --END-- [ RunTime:0.000698s ]
SQL: SHOW COLUMNS FROM `mediche` [ RunTime:0.0050s ]
SQL: SHOW COLUMNS FROM `mediche` [ RunTime:0.0038s ]
SQL: SELECT * FROM `mediche` WHERE `status` = 0  [ RunTime:0.0019s ]

[ 2018-01-08T16:09:15+08:00 ] 127.0.0.1 /index.php/home/bag/mediche
INFO: [ app_init ] --START--
INFO: Run Behavior\BuildLiteBehavior [ RunTime:0.000027s ]
INFO: [ app_init ] --END-- [ RunTime:0.000567s ]
INFO: [ app_begin ] --START--
INFO: Run Behavior\ReadHtmlCacheBehavior [ RunTime:0.000665s ]
INFO: [ app_begin ] --END-- [ RunTime:0.000834s ]
SQL: SHOW COLUMNS FROM `mediche` [ RunTime:0.0042s ]
SQL: SHOW COLUMNS FROM `mediche_bag` [ RunTime:0.0051s ]
ERR: 1054:Unknown column 'mediche.equipment_img' in 'field list'
 [ SQL语句 ] : SELECT mediche_bag.*,mediche.mediche_name,mediche.equipment_img,equipment.equipment_protect,`equipment_multiple`,`equipment_endurance` FROM `mediche_bag` left join mediche on mediche_bag.mediche_id = mediche.id  WHERE `user_id` = null 
ERR: 1054:Unknown column 'mediche.equipment_img' in 'field list'
 [ SQL语句 ] : SELECT mediche_bag.*,mediche.mediche_name,mediche.equipment_img,equipment.equipment_protect,`equipment_multiple`,`equipment_endurance` FROM `mediche_bag` left join mediche on mediche_bag.mediche_id = mediche.id  WHERE `user_id` = null 

[ 2018-01-08T16:11:40+08:00 ] 127.0.0.1 /index.php/home/user/register
INFO: [ app_init ] --START--
INFO: Run Behavior\BuildLiteBehavior [ RunTime:0.000027s ]
INFO: [ app_init ] --END-- [ RunTime:0.000618s ]
INFO: [ app_begin ] --START--
INFO: Run Behavior\ReadHtmlCacheBehavior [ RunTime:0.000563s ]
INFO: [ app_begin ] --END-- [ RunTime:0.000689s ]
SQL: SHOW COLUMNS FROM `user` [ RunTime:0.0045s ]
SQL: SELECT * FROM `user` WHERE `mobile` = '18679354419' LIMIT 1   [ RunTime:0.0023s ]
SQL: INSERT INTO `user` (`mobile`,`salt`,`password`,`create_time`,`last_login_time`,`last_login_ip`) VALUES ('18679354419','lFb8vsgfONAUZHdTJPMh5r@2m','898a85f6183f6cc906effc162e3cb9f5','1515399100','1515399100','127') [ RunTime:0.0020s ]
SQL: SHOW COLUMNS FROM `user_log` [ RunTime:0.0050s ]
ERR: 1048:Column 'user_id' cannot be null
 [ SQL语句 ] : INSERT INTO `user_log` (`user_id`,`time`,`msg`) VALUES (NULL,'1515399100','ip127.0.0.1注册成功!')
ERR: 1048:Column 'user_id' cannot be null
 [ SQL语句 ] : INSERT INTO `user_log` (`user_id`,`time`,`msg`) VALUES (NULL,'1515399100','ip127.0.0.1注册成功!')

[ 2018-01-08T16:17:11+08:00 ] 127.0.0.1 /index.php/home/user/register
INFO: [ app_init ] --START--
INFO: Run Behavior\BuildLiteBehavior [ RunTime:0.000033s ]
INFO: [ app_init ] --END-- [ RunTime:0.000577s ]
INFO: [ app_begin ] --START--
INFO: Run Behavior\ReadHtmlCacheBehavior [ RunTime:0.001654s ]
INFO: [ app_begin ] --END-- [ RunTime:0.002510s ]
SQL: SHOW COLUMNS FROM `user` [ RunTime:0.0044s ]
SQL: SELECT * FROM `user` WHERE `mobile` = '18679354419' LIMIT 1   [ RunTime:0.0015s ]

[ 2018-01-08T16:17:43+08:00 ] 127.0.0.1 /index.php/home/user/register
INFO: [ app_init ] --START--
INFO: Run Behavior\BuildLiteBehavior [ RunTime:0.000028s ]
INFO: [ app_init ] --END-- [ RunTime:0.000539s ]
INFO: [ app_begin ] --START--
INFO: Run Behavior\ReadHtmlCacheBehavior [ RunTime:0.000532s ]
INFO: [ app_begin ] --END-- [ RunTime:0.000659s ]
SQL: SHOW COLUMNS FROM `user` [ RunTime:0.0046s ]
SQL: SELECT * FROM `user` WHERE `mobile` = '18679354419' LIMIT 1   [ RunTime:0.0023s ]

[ 2018-01-08T16:17:46+08:00 ] 127.0.0.1 /index.php/home/user/register
INFO: [ app_init ] --START--
INFO: Run Behavior\BuildLiteBehavior [ RunTime:0.000036s ]
INFO: [ app_init ] --END-- [ RunTime:0.000742s ]
INFO: [ app_begin ] --START--
INFO: Run Behavior\ReadHtmlCacheBehavior [ RunTime:0.000509s ]
INFO: [ app_begin ] --END-- [ RunTime:0.000631s ]
SQL: SHOW COLUMNS FROM `user` [ RunTime:0.0043s ]
SQL: SELECT * FROM `user` WHERE `mobile` = '18679354419' LIMIT 1   [ RunTime:0.0020s ]

[ 2018-01-08T16:17:47+08:00 ] 127.0.0.1 /index.php/home/user/register
INFO: [ app_init ] --START--
INFO: Run Behavior\BuildLiteBehavior [ RunTime:0.000032s ]
INFO: [ app_init ] --END-- [ RunTime:0.000607s ]
INFO: [ app_begin ] --START--
INFO: Run Behavior\ReadHtmlCacheBehavior [ RunTime:0.000515s ]
INFO: [ app_begin ] --END-- [ RunTime:0.000659s ]
SQL: SHOW COLUMNS FROM `user` [ RunTime:0.0052s ]
SQL: SELECT * FROM `user` WHERE `mobile` = '18679354419' LIMIT 1   [ RunTime:0.0017s ]

[ 2018-01-08T16:17:47+08:00 ] 127.0.0.1 /index.php/home/user/register
INFO: [ app_init ] --START--
INFO: Run Behavior\BuildLiteBehavior [ RunTime:0.000361s ]
INFO: [ app_init ] --END-- [ RunTime:0.000972s ]
INFO: [ app_begin ] --START--
INFO: Run Behavior\ReadHtmlCacheBehavior [ RunTime:0.000552s ]
INFO: [ app_begin ] --END-- [ RunTime:0.000709s ]
SQL: SHOW COLUMNS FROM `user` [ RunTime:0.0047s ]
SQL: SELECT * FROM `user` WHERE `mobile` = '18679354419' LIMIT 1   [ RunTime:0.0027s ]

[ 2018-01-08T16:17:47+08:00 ] 127.0.0.1 /index.php/home/user/register
INFO: [ app_init ] --START--
INFO: Run Behavior\BuildLiteBehavior [ RunTime:0.000026s ]
INFO: [ app_init ] --END-- [ RunTime:0.000452s ]
INFO: [ app_begin ] --START--
INFO: Run Behavior\ReadHtmlCacheBehavior [ RunTime:0.000691s ]
INFO: [ app_begin ] --END-- [ RunTime:0.000871s ]
SQL: SHOW COLUMNS FROM `user` [ RunTime:0.0049s ]
SQL: SELECT * FROM `user` WHERE `mobile` = '18679354419' LIMIT 1   [ RunTime:0.0020s ]

[ 2018-01-08T16:17:57+08:00 ] 127.0.0.1 /index.php/home/user/register
INFO: [ app_init ] --START--
INFO: Run Behavior\BuildLiteBehavior [ RunTime:0.000026s ]
INFO: [ app_init ] --END-- [ RunTime:0.000498s ]
INFO: [ app_begin ] --START--
INFO: Run Behavior\ReadHtmlCacheBehavior [ RunTime:0.000552s ]
INFO: [ app_begin ] --END-- [ RunTime:0.000711s ]
SQL: SHOW COLUMNS FROM `user` [ RunTime:0.0052s ]
SQL: SELECT * FROM `user` WHERE `mobile` = '18679354419' LIMIT 1   [ RunTime:0.0023s ]
SQL: INSERT INTO `user` (`mobile`,`salt`,`password`,`create_time`,`last_login_time`,`last_login_ip`) VALUES ('18679354419','4T1*u#3wOrGUqSlC%72djHJ@Y','086300fcf83573db65c6872a9c7bd3b1','1515399477','1515399477','127') [ RunTime:0.0016s ]
SQL: SHOW COLUMNS FROM `user_log` [ RunTime:0.0038s ]
SQL: INSERT INTO `user_log` (`user_id`,`time`,`msg`) VALUES ('4','1515399477','ip127.0.0.1注册成功!') [ RunTime:0.0016s ]

[ 2018-01-08T16:18:08+08:00 ] 127.0.0.1 /index.php/home/bag/mediche
INFO: [ app_init ] --START--
INFO: Run Behavior\BuildLiteBehavior [ RunTime:0.000026s ]
INFO: [ app_init ] --END-- [ RunTime:0.000507s ]
INFO: [ app_begin ] --START--
INFO: Run Behavior\ReadHtmlCacheBehavior [ RunTime:0.001117s ]
INFO: [ app_begin ] --END-- [ RunTime:0.001399s ]
SQL: SHOW COLUMNS FROM `mediche` [ RunTime:0.0044s ]
SQL: SHOW COLUMNS FROM `mediche_bag` [ RunTime:0.0043s ]
ERR: 1054:Unknown column 'mediche.equipment_img' in 'field list'
 [ SQL语句 ] : SELECT mediche_bag.*,mediche.mediche_name,mediche.equipment_img,equipment.equipment_protect,`equipment_multiple`,`equipment_endurance` FROM `mediche_bag` left join mediche on mediche_bag.mediche_id = mediche.id  WHERE `user_id` = null 
ERR: 1054:Unknown column 'mediche.equipment_img' in 'field list'
 [ SQL语句 ] : SELECT mediche_bag.*,mediche.mediche_name,mediche.equipment_img,equipment.equipment_protect,`equipment_multiple`,`equipment_endurance` FROM `mediche_bag` left join mediche on mediche_bag.mediche_id = mediche.id  WHERE `user_id` = null 

[ 2018-01-08T16:18:10+08:00 ] 127.0.0.1 /index.php/home/bag/mediche
INFO: [ app_init ] --START--
INFO: Run Behavior\BuildLiteBehavior [ RunTime:0.000029s ]
INFO: [ app_init ] --END-- [ RunTime:0.000688s ]
INFO: [ app_begin ] --START--
INFO: Run Behavior\ReadHtmlCacheBehavior [ RunTime:0.000521s ]
INFO: [ app_begin ] --END-- [ RunTime:0.000672s ]
SQL: SHOW COLUMNS FROM `mediche` [ RunTime:0.0048s ]
SQL: SHOW COLUMNS FROM `mediche_bag` [ RunTime:0.0049s ]
ERR: 1054:Unknown column 'mediche.equipment_img' in 'field list'
 [ SQL语句 ] : SELECT mediche_bag.*,mediche.mediche_name,mediche.equipment_img,equipment.equipment_protect,`equipment_multiple`,`equipment_endurance` FROM `mediche_bag` left join mediche on mediche_bag.mediche_id = mediche.id  WHERE `user_id` = null 
ERR: 1054:Unknown column 'mediche.equipment_img' in 'field list'
 [ SQL语句 ] : SELECT mediche_bag.*,mediche.mediche_name,mediche.equipment_img,equipment.equipment_protect,`equipment_multiple`,`equipment_endurance` FROM `mediche_bag` left join mediche on mediche_bag.mediche_id = mediche.id  WHERE `user_id` = null 

[ 2018-01-08T16:18:11+08:00 ] 127.0.0.1 /index.php/home/bag/mediche
INFO: [ app_init ] --START--
INFO: Run Behavior\BuildLiteBehavior [ RunTime:0.000027s ]
INFO: [ app_init ] --END-- [ RunTime:0.000866s ]
INFO: [ app_begin ] --START--
INFO: Run Behavior\ReadHtmlCacheBehavior [ RunTime:0.000495s ]
INFO: [ app_begin ] --END-- [ RunTime:0.000624s ]
SQL: SHOW COLUMNS FROM `mediche` [ RunTime:0.0046s ]
SQL: SHOW COLUMNS FROM `mediche_bag` [ RunTime:0.0046s ]
ERR: 1054:Unknown column 'mediche.equipment_img' in 'field list'
 [ SQL语句 ] : SELECT mediche_bag.*,mediche.mediche_name,mediche.equipment_img,equipment.equipment_protect,`equipment_multiple`,`equipment_endurance` FROM `mediche_bag` left join mediche on mediche_bag.mediche_id = mediche.id  WHERE `user_id` = null 
ERR: 1054:Unknown column 'mediche.equipment_img' in 'field list'
 [ SQL语句 ] : SELECT mediche_bag.*,mediche.mediche_name,mediche.equipment_img,equipment.equipment_protect,`equipment_multiple`,`equipment_endurance` FROM `mediche_bag` left join mediche on mediche_bag.mediche_id = mediche.id  WHERE `user_id` = null 

[ 2018-01-08T16:18:11+08:00 ] 127.0.0.1 /index.php/home/bag/mediche
INFO: [ app_init ] --START--
INFO: Run Behavior\BuildLiteBehavior [ RunTime:0.000063s ]
INFO: [ app_init ] --END-- [ RunTime:0.000910s ]
INFO: [ app_begin ] --START--
INFO: Run Behavior\ReadHtmlCacheBehavior [ RunTime:0.000461s ]
INFO: [ app_begin ] --END-- [ RunTime:0.000584s ]
SQL: SHOW COLUMNS FROM `mediche` [ RunTime:0.0049s ]
SQL: SHOW COLUMNS FROM `mediche_bag` [ RunTime:0.0042s ]
ERR: 1054:Unknown column 'mediche.equipment_img' in 'field list'
 [ SQL语句 ] : SELECT mediche_bag.*,mediche.mediche_name,mediche.equipment_img,equipment.equipment_protect,`equipment_multiple`,`equipment_endurance` FROM `mediche_bag` left join mediche on mediche_bag.mediche_id = mediche.id  WHERE `user_id` = null 
ERR: 1054:Unknown column 'mediche.equipment_img' in 'field list'
 [ SQL语句 ] : SELECT mediche_bag.*,mediche.mediche_name,mediche.equipment_img,equipment.equipment_protect,`equipment_multiple`,`equipment_endurance` FROM `mediche_bag` left join mediche on mediche_bag.mediche_id = mediche.id  WHERE `user_id` = null 

[ 2018-01-08T16:18:11+08:00 ] 127.0.0.1 /index.php/home/bag/mediche
INFO: [ app_init ] --START--
INFO: Run Behavior\BuildLiteBehavior [ RunTime:0.000025s ]
INFO: [ app_init ] --END-- [ RunTime:0.000465s ]
INFO: [ app_begin ] --START--
INFO: Run Behavior\ReadHtmlCacheBehavior [ RunTime:0.000528s ]
INFO: [ app_begin ] --END-- [ RunTime:0.000655s ]
SQL: SHOW COLUMNS FROM `mediche` [ RunTime:0.0051s ]
SQL: SHOW COLUMNS FROM `mediche_bag` [ RunTime:0.0042s ]
ERR: 1054:Unknown column 'mediche.equipment_img' in 'field list'
 [ SQL语句 ] : SELECT mediche_bag.*,mediche.mediche_name,mediche.equipment_img,equipment.equipment_protect,`equipment_multiple`,`equipment_endurance` FROM `mediche_bag` left join mediche on mediche_bag.mediche_id = mediche.id  WHERE `user_id` = null 
ERR: 1054:Unknown column 'mediche.equipment_img' in 'field list'
 [ SQL语句 ] : SELECT mediche_bag.*,mediche.mediche_name,mediche.equipment_img,equipment.equipment_protect,`equipment_multiple`,`equipment_endurance` FROM `mediche_bag` left join mediche on mediche_bag.mediche_id = mediche.id  WHERE `user_id` = null 

[ 2018-01-08T16:18:11+08:00 ] 127.0.0.1 /index.php/home/bag/mediche
INFO: [ app_init ] --START--
INFO: Run Behavior\BuildLiteBehavior [ RunTime:0.000027s ]
INFO: [ app_init ] --END-- [ RunTime:0.000670s ]
INFO: [ app_begin ] --START--
INFO: Run Behavior\ReadHtmlCacheBehavior [ RunTime:0.000550s ]
INFO: [ app_begin ] --END-- [ RunTime:0.000709s ]
SQL: SHOW COLUMNS FROM `mediche` [ RunTime:0.0043s ]
SQL: SHOW COLUMNS FROM `mediche_bag` [ RunTime:0.0053s ]
ERR: 1054:Unknown column 'mediche.equipment_img' in 'field list'
 [ SQL语句 ] : SELECT mediche_bag.*,mediche.mediche_name,mediche.equipment_img,equipment.equipment_protect,`equipment_multiple`,`equipment_endurance` FROM `mediche_bag` left join mediche on mediche_bag.mediche_id = mediche.id  WHERE `user_id` = null 
ERR: 1054:Unknown column 'mediche.equipment_img' in 'field list'
 [ SQL语句 ] : SELECT mediche_bag.*,mediche.mediche_name,mediche.equipment_img,equipment.equipment_protect,`equipment_multiple`,`equipment_endurance` FROM `mediche_bag` left join mediche on mediche_bag.mediche_id = mediche.id  WHERE `user_id` = null 

[ 2018-01-08T16:18:11+08:00 ] 127.0.0.1 /index.php/home/bag/mediche
INFO: [ app_init ] --START--
INFO: Run Behavior\BuildLiteBehavior [ RunTime:0.000029s ]
INFO: [ app_init ] --END-- [ RunTime:0.000478s ]
INFO: [ app_begin ] --START--
INFO: Run Behavior\ReadHtmlCacheBehavior [ RunTime:0.001088s ]
INFO: [ app_begin ] --END-- [ RunTime:0.001226s ]
SQL: SHOW COLUMNS FROM `mediche` [ RunTime:0.0052s ]
SQL: SHOW COLUMNS FROM `mediche_bag` [ RunTime:0.0047s ]
ERR: 1054:Unknown column 'mediche.equipment_img' in 'field list'
 [ SQL语句 ] : SELECT mediche_bag.*,mediche.mediche_name,mediche.equipment_img,equipment.equipment_protect,`equipment_multiple`,`equipment_endurance` FROM `mediche_bag` left join mediche on mediche_bag.mediche_id = mediche.id  WHERE `user_id` = null 
ERR: 1054:Unknown column 'mediche.equipment_img' in 'field list'
 [ SQL语句 ] : SELECT mediche_bag.*,mediche.mediche_name,mediche.equipment_img,equipment.equipment_protect,`equipment_multiple`,`equipment_endurance` FROM `mediche_bag` left join mediche on mediche_bag.mediche_id = mediche.id  WHERE `user_id` = null 

[ 2018-01-08T16:18:12+08:00 ] 127.0.0.1 /index.php/home/bag/mediche
INFO: [ app_init ] --START--
INFO: Run Behavior\BuildLiteBehavior [ RunTime:0.000041s ]
INFO: [ app_init ] --END-- [ RunTime:0.000979s ]
INFO: [ app_begin ] --START--
INFO: Run Behavior\ReadHtmlCacheBehavior [ RunTime:0.000486s ]
INFO: [ app_begin ] --END-- [ RunTime:0.000610s ]
SQL: SHOW COLUMNS FROM `mediche` [ RunTime:0.0046s ]
SQL: SHOW COLUMNS FROM `mediche_bag` [ RunTime:0.0044s ]
ERR: 1054:Unknown column 'mediche.equipment_img' in 'field list'
 [ SQL语句 ] : SELECT mediche_bag.*,mediche.mediche_name,mediche.equipment_img,equipment.equipment_protect,`equipment_multiple`,`equipment_endurance` FROM `mediche_bag` left join mediche on mediche_bag.mediche_id = mediche.id  WHERE `user_id` = null 
ERR: 1054:Unknown column 'mediche.equipment_img' in 'field list'
 [ SQL语句 ] : SELECT mediche_bag.*,mediche.mediche_name,mediche.equipment_img,equipment.equipment_protect,`equipment_multiple`,`equipment_endurance` FROM `mediche_bag` left join mediche on mediche_bag.mediche_id = mediche.id  WHERE `user_id` = null 

[ 2018-01-08T16:18:12+08:00 ] 127.0.0.1 /index.php/home/bag/mediche
INFO: [ app_init ] --START--
INFO: Run Behavior\BuildLiteBehavior [ RunTime:0.000077s ]
INFO: [ app_init ] --END-- [ RunTime:0.001739s ]
INFO: [ app_begin ] --START--
INFO: Run Behavior\ReadHtmlCacheBehavior [ RunTime:0.000494s ]
INFO: [ app_begin ] --END-- [ RunTime:0.000631s ]
SQL: SHOW COLUMNS FROM `mediche` [ RunTime:0.0043s ]
SQL: SHOW COLUMNS FROM `mediche_bag` [ RunTime:0.0057s ]
ERR: 1054:Unknown column 'mediche.equipment_img' in 'field list'
 [ SQL语句 ] : SELECT mediche_bag.*,mediche.mediche_name,mediche.equipment_img,equipment.equipment_protect,`equipment_multiple`,`equipment_endurance` FROM `mediche_bag` left join mediche on mediche_bag.mediche_id = mediche.id  WHERE `user_id` = null 
ERR: 1054:Unknown column 'mediche.equipment_img' in 'field list'
 [ SQL语句 ] : SELECT mediche_bag.*,mediche.mediche_name,mediche.equipment_img,equipment.equipment_protect,`equipment_multiple`,`equipment_endurance` FROM `mediche_bag` left join mediche on mediche_bag.mediche_id = mediche.id  WHERE `user_id` = null 

[ 2018-01-08T16:18:12+08:00 ] 127.0.0.1 /index.php/home/bag/mediche
INFO: [ app_init ] --START--
INFO: Run Behavior\BuildLiteBehavior [ RunTime:0.000029s ]
INFO: [ app_init ] --END-- [ RunTime:0.000441s ]
INFO: [ app_begin ] --START--
INFO: Run Behavior\ReadHtmlCacheBehavior [ RunTime:0.000439s ]
INFO: [ app_begin ] --END-- [ RunTime:0.000558s ]
SQL: SHOW COLUMNS FROM `mediche` [ RunTime:0.0049s ]
SQL: SHOW COLUMNS FROM `mediche_bag` [ RunTime:0.0052s ]
ERR: 1054:Unknown column 'mediche.equipment_img' in 'field list'
 [ SQL语句 ] : SELECT mediche_bag.*,mediche.mediche_name,mediche.equipment_img,equipment.equipment_protect,`equipment_multiple`,`equipment_endurance` FROM `mediche_bag` left join mediche on mediche_bag.mediche_id = mediche.id  WHERE `user_id` = null 
ERR: 1054:Unknown column 'mediche.equipment_img' in 'field list'
 [ SQL语句 ] : SELECT mediche_bag.*,mediche.mediche_name,mediche.equipment_img,equipment.equipment_protect,`equipment_multiple`,`equipment_endurance` FROM `mediche_bag` left join mediche on mediche_bag.mediche_id = mediche.id  WHERE `user_id` = null 

[ 2018-01-08T16:18:12+08:00 ] 127.0.0.1 /index.php/home/bag/mediche
INFO: [ app_init ] --START--
INFO: Run Behavior\BuildLiteBehavior [ RunTime:0.000025s ]
INFO: [ app_init ] --END-- [ RunTime:0.000436s ]
INFO: [ app_begin ] --START--
INFO: Run Behavior\ReadHtmlCacheBehavior [ RunTime:0.000659s ]
INFO: [ app_begin ] --END-- [ RunTime:0.000826s ]
SQL: SHOW COLUMNS FROM `mediche` [ RunTime:0.0046s ]
SQL: SHOW COLUMNS FROM `mediche_bag` [ RunTime:0.0042s ]
ERR: 1054:Unknown column 'mediche.equipment_img' in 'field list'
 [ SQL语句 ] : SELECT mediche_bag.*,mediche.mediche_name,mediche.equipment_img,equipment.equipment_protect,`equipment_multiple`,`equipment_endurance` FROM `mediche_bag` left join mediche on mediche_bag.mediche_id = mediche.id  WHERE `user_id` = null 
ERR: 1054:Unknown column 'mediche.equipment_img' in 'field list'
 [ SQL语句 ] : SELECT mediche_bag.*,mediche.mediche_name,mediche.equipment_img,equipment.equipment_protect,`equipment_multiple`,`equipment_endurance` FROM `mediche_bag` left join mediche on mediche_bag.mediche_id = mediche.id  WHERE `user_id` = null 

[ 2018-01-08T16:18:12+08:00 ] 127.0.0.1 /index.php/home/bag/mediche
INFO: [ app_init ] --START--
INFO: Run Behavior\BuildLiteBehavior [ RunTime:0.000025s ]
INFO: [ app_init ] --END-- [ RunTime:0.000474s ]
INFO: [ app_begin ] --START--
INFO: Run Behavior\ReadHtmlCacheBehavior [ RunTime:0.000955s ]
INFO: [ app_begin ] --END-- [ RunTime:0.001266s ]
SQL: SHOW COLUMNS FROM `mediche` [ RunTime:0.0048s ]
SQL: SHOW COLUMNS FROM `mediche_bag` [ RunTime:0.0048s ]
ERR: 1054:Unknown column 'mediche.equipment_img' in 'field list'
 [ SQL语句 ] : SELECT mediche_bag.*,mediche.mediche_name,mediche.equipment_img,equipment.equipment_protect,`equipment_multiple`,`equipment_endurance` FROM `mediche_bag` left join mediche on mediche_bag.mediche_id = mediche.id  WHERE `user_id` = null 
ERR: 1054:Unknown column 'mediche.equipment_img' in 'field list'
 [ SQL语句 ] : SELECT mediche_bag.*,mediche.mediche_name,mediche.equipment_img,equipment.equipment_protect,`equipment_multiple`,`equipment_endurance` FROM `mediche_bag` left join mediche on mediche_bag.mediche_id = mediche.id  WHERE `user_id` = null 

[ 2018-01-08T16:18:13+08:00 ] 127.0.0.1 /index.php/home/bag/mediche
INFO: [ app_init ] --START--
INFO: Run Behavior\BuildLiteBehavior [ RunTime:0.000059s ]
INFO: [ app_init ] --END-- [ RunTime:0.000869s ]
INFO: [ app_begin ] --START--
INFO: Run Behavior\ReadHtmlCacheBehavior [ RunTime:0.000771s ]
INFO: [ app_begin ] --END-- [ RunTime:0.000981s ]
SQL: SHOW COLUMNS FROM `mediche` [ RunTime:0.0048s ]
SQL: SHOW COLUMNS FROM `mediche_bag` [ RunTime:0.0043s ]
ERR: 1054:Unknown column 'mediche.equipment_img' in 'field list'
 [ SQL语句 ] : SELECT mediche_bag.*,mediche.mediche_name,mediche.equipment_img,equipment.equipment_protect,`equipment_multiple`,`equipment_endurance` FROM `mediche_bag` left join mediche on mediche_bag.mediche_id = mediche.id  WHERE `user_id` = null 
ERR: 1054:Unknown column 'mediche.equipment_img' in 'field list'
 [ SQL语句 ] : SELECT mediche_bag.*,mediche.mediche_name,mediche.equipment_img,equipment.equipment_protect,`equipment_multiple`,`equipment_endurance` FROM `mediche_bag` left join mediche on mediche_bag.mediche_id = mediche.id  WHERE `user_id` = null 

[ 2018-01-08T16:18:24+08:00 ] 127.0.0.1 /index.php/home/user/login
INFO: [ app_init ] --START--
INFO: Run Behavior\BuildLiteBehavior [ RunTime:0.000026s ]
INFO: [ app_init ] --END-- [ RunTime:0.000420s ]
INFO: [ app_begin ] --START--
INFO: Run Behavior\ReadHtmlCacheBehavior [ RunTime:0.000446s ]
INFO: [ app_begin ] --END-- [ RunTime:0.000566s ]
SQL: SHOW COLUMNS FROM `user` [ RunTime:0.0050s ]
SQL: SELECT * FROM `user` WHERE `mobile` = '18679354419' LIMIT 1   [ RunTime:0.0017s ]
SQL: SELECT * FROM `user` WHERE `id` = 2 LIMIT 1   [ RunTime:0.0019s ]
NOTIC: [8] Undefined variable: user_id F:\tool\phpstudy\WWW\wkb\Application\Home\Controller\BaseController.class.php 第 30 行.

[ 2018-01-08T16:19:19+08:00 ] 127.0.0.1 /index.php/home/user/login
INFO: [ app_init ] --START--
INFO: Run Behavior\BuildLiteBehavior [ RunTime:0.000043s ]
INFO: [ app_init ] --END-- [ RunTime:0.000840s ]
INFO: [ app_begin ] --START--
INFO: Run Behavior\ReadHtmlCacheBehavior [ RunTime:0.000775s ]
INFO: [ app_begin ] --END-- [ RunTime:0.000933s ]
SQL: SHOW COLUMNS FROM `user` [ RunTime:0.0056s ]
SQL: SELECT * FROM `user` WHERE `mobile` = '18679354419' LIMIT 1   [ RunTime:0.0018s ]
SQL: SELECT * FROM `user` WHERE `id` = 2 LIMIT 1   [ RunTime:0.0016s ]
SQL: SHOW COLUMNS FROM `user_log` [ RunTime:0.0039s ]
SQL: INSERT INTO `user_log` (`user_id`,`time`,`msg`) VALUES ('2','1515399559','ip127.0.0.1登陆成功!') [ RunTime:0.0102s ]

[ 2018-01-08T16:19:22+08:00 ] 127.0.0.1 /index.php/home/bag/mediche
INFO: [ app_init ] --START--
INFO: Run Behavior\BuildLiteBehavior [ RunTime:0.000038s ]
INFO: [ app_init ] --END-- [ RunTime:0.000539s ]
INFO: [ app_begin ] --START--
INFO: Run Behavior\ReadHtmlCacheBehavior [ RunTime:0.002193s ]
INFO: [ app_begin ] --END-- [ RunTime:0.002460s ]
SQL: SHOW COLUMNS FROM `mediche` [ RunTime:0.0048s ]
SQL: SHOW COLUMNS FROM `mediche_bag` [ RunTime:0.0046s ]
ERR: 1054:Unknown column 'mediche.equipment_img' in 'field list'
 [ SQL语句 ] : SELECT mediche_bag.*,mediche.mediche_name,mediche.equipment_img,equipment.equipment_protect,`equipment_multiple`,`equipment_endurance` FROM `mediche_bag` left join mediche on mediche_bag.mediche_id = mediche.id  WHERE `user_id` = '2' 
ERR: 1054:Unknown column 'mediche.equipment_img' in 'field list'
 [ SQL语句 ] : SELECT mediche_bag.*,mediche.mediche_name,mediche.equipment_img,equipment.equipment_protect,`equipment_multiple`,`equipment_endurance` FROM `mediche_bag` left join mediche on mediche_bag.mediche_id = mediche.id  WHERE `user_id` = '2' 

[ 2018-01-08T16:21:48+08:00 ] 127.0.0.1 /index.php/home/bag/mediche
INFO: [ app_init ] --START--
INFO: Run Behavior\BuildLiteBehavior [ RunTime:0.000029s ]
INFO: [ app_init ] --END-- [ RunTime:0.000578s ]
INFO: [ app_begin ] --START--
INFO: Run Behavior\ReadHtmlCacheBehavior [ RunTime:0.001204s ]
INFO: [ app_begin ] --END-- [ RunTime:0.001471s ]
SQL: SHOW COLUMNS FROM `mediche` [ RunTime:0.0056s ]
SQL: SHOW COLUMNS FROM `mediche_bag` [ RunTime:0.0042s ]
SQL: SELECT mediche_bag.*,mediche.mediche_name,mediche.mediche_img,mediche.mediche_treat FROM `mediche_bag` left join mediche on mediche_bag.mediche_id = mediche.id  WHERE `user_id` = '2'  [ RunTime:0.0018s ]

[ 2018-01-08T16:26:15+08:00 ] 127.0.0.1 /index.php/home/bag/mediche
INFO: [ app_init ] --START--
INFO: Run Behavior\BuildLiteBehavior [ RunTime:0.000041s ]
INFO: [ app_init ] --END-- [ RunTime:0.000738s ]
INFO: [ app_begin ] --START--
INFO: Run Behavior\ReadHtmlCacheBehavior [ RunTime:0.001405s ]
INFO: [ app_begin ] --END-- [ RunTime:0.001629s ]
SQL: SHOW COLUMNS FROM `mediche` [ RunTime:0.0048s ]
SQL: SHOW COLUMNS FROM `mediche_bag` [ RunTime:0.0054s ]
SQL: SELECT mediche_bag.*,mediche.mediche_name,mediche.mediche_img,mediche.mediche_treat FROM `mediche_bag` left join mediche on mediche_bag.mediche_id = mediche.id  WHERE `user_id` = '2'  [ RunTime:0.0017s ]

[ 2018-01-08T16:28:38+08:00 ] 127.0.0.1 /index.php/home/bag/equipment
INFO: [ app_init ] --START--
INFO: Run Behavior\BuildLiteBehavior [ RunTime:0.000029s ]
INFO: [ app_init ] --END-- [ RunTime:0.000728s ]
INFO: [ app_begin ] --START--
INFO: Run Behavior\ReadHtmlCacheBehavior [ RunTime:0.000835s ]
INFO: [ app_begin ] --END-- [ RunTime:0.001044s ]
SQL: SHOW COLUMNS FROM `equipment` [ RunTime:0.0053s ]
SQL: SHOW COLUMNS FROM `equipment_bag` [ RunTime:0.0056s ]
SQL: SELECT equipment_bag.*,equipment.equipment_name,equipment.equipment_img,equipment.equipment_endurance,equipment.equipment_protect,`equipment_multiple` FROM `equipment_bag` left join equipment on equipment_bag.equipment_id = equipment.id  WHERE `user_id` = '2'  [ RunTime:0.0018s ]
NOTIC: [8] Undefined index: person_capacity F:\tool\phpstudy\WWW\wkb\Application\Home\Model\EquipmentModel.class.php 第 18 行.
NOTIC: [8] Undefined index: person_property F:\tool\phpstudy\WWW\wkb\Application\Home\Model\EquipmentModel.class.php 第 18 行.
NOTIC: [8] Undefined index: level F:\tool\phpstudy\WWW\wkb\Application\Home\Model\EquipmentModel.class.php 第 18 行.

[ 2018-01-08T16:59:18+08:00 ] 127.0.0.1 /index.php/home/user/login
INFO: [ app_init ] --START--
INFO: Run Behavior\BuildLiteBehavior [ RunTime:0.000026s ]
INFO: [ app_init ] --END-- [ RunTime:0.000509s ]
INFO: [ app_begin ] --START--
INFO: Run Behavior\ReadHtmlCacheBehavior [ RunTime:0.000595s ]
INFO: [ app_begin ] --END-- [ RunTime:0.000753s ]
SQL: SHOW COLUMNS FROM `user` [ RunTime:0.0047s ]
SQL: SELECT * FROM `user` WHERE `mobile` = '18679354419' LIMIT 1   [ RunTime:0.0014s ]
SQL: SELECT * FROM `user` WHERE `id` = 2 LIMIT 1   [ RunTime:0.0021s ]
SQL: SHOW COLUMNS FROM `user_log` [ RunTime:0.0067s ]
SQL: INSERT INTO `user_log` (`user_id`,`time`,`msg`) VALUES ('2','1515401958','ip127.0.0.1登陆成功!') [ RunTime:0.0030s ]

[ 2018-01-08T16:59:19+08:00 ] 127.0.0.1 /index.php/home/user/login
INFO: [ app_init ] --START--
INFO: Run Behavior\BuildLiteBehavior [ RunTime:0.000026s ]
INFO: [ app_init ] --END-- [ RunTime:0.000441s ]
INFO: [ app_begin ] --START--
INFO: Run Behavior\ReadHtmlCacheBehavior [ RunTime:0.000444s ]
INFO: [ app_begin ] --END-- [ RunTime:0.000561s ]
SQL: SHOW COLUMNS FROM `user` [ RunTime:0.0043s ]
SQL: SELECT * FROM `user` WHERE `mobile` = '18679354419' LIMIT 1   [ RunTime:0.0018s ]
SQL: SELECT * FROM `user` WHERE `id` = 2 LIMIT 1   [ RunTime:0.0016s ]
SQL: SHOW COLUMNS FROM `user_log` [ RunTime:0.0057s ]
SQL: INSERT INTO `user_log` (`user_id`,`time`,`msg`) VALUES ('2','1515401959','ip127.0.0.1登陆成功!') [ RunTime:0.0019s ]

[ 2018-01-08T17:35:30+08:00 ] 127.0.0.1 /index.php/home/user/login
INFO: [ app_init ] --START--
INFO: Run Behavior\BuildLiteBehavior [ RunTime:0.000028s ]
INFO: [ app_init ] --END-- [ RunTime:0.000501s ]
INFO: [ app_begin ] --START--
INFO: Run Behavior\ReadHtmlCacheBehavior [ RunTime:0.000518s ]
INFO: [ app_begin ] --END-- [ RunTime:0.000637s ]
SQL: SHOW COLUMNS FROM `user` [ RunTime:0.0062s ]
SQL: SELECT * FROM `user` WHERE `mobile` = '18679354419' LIMIT 1   [ RunTime:0.0021s ]
SQL: SELECT * FROM `user` WHERE `id` = 2 LIMIT 1   [ RunTime:0.0023s ]
ERR: 1146:Table 'wkb.log' doesn't exist
 [ SQL语句 ] : SHOW COLUMNS FROM `log`
ERR: 1146:Table 'wkb.log' doesn't exist
 [ SQL语句 ] : SHOW COLUMNS FROM `log`

[ 2018-01-08T17:36:44+08:00 ] 127.0.0.1 /index.php/home/user/login
INFO: [ app_init ] --START--
INFO: Run Behavior\BuildLiteBehavior [ RunTime:0.000027s ]
INFO: [ app_init ] --END-- [ RunTime:0.000610s ]
INFO: [ app_begin ] --START--
INFO: Run Behavior\ReadHtmlCacheBehavior [ RunTime:0.000573s ]
INFO: [ app_begin ] --END-- [ RunTime:0.000742s ]
SQL: SHOW COLUMNS FROM `user` [ RunTime:0.0045s ]
SQL: SELECT * FROM `user` WHERE `mobile` = '18679354419' LIMIT 1   [ RunTime:0.0015s ]
SQL: SELECT * FROM `user` WHERE `id` = 2 LIMIT 1   [ RunTime:0.0016s ]
ERR: 1146:Table 'wkb.log' doesn't exist
 [ SQL语句 ] : SHOW COLUMNS FROM `log`
ERR: 1146:Table 'wkb.log' doesn't exist
 [ SQL语句 ] : SHOW COLUMNS FROM `log`

[ 2018-01-08T17:36:45+08:00 ] 127.0.0.1 /index.php/home/user/login
INFO: [ app_init ] --START--
INFO: Run Behavior\BuildLiteBehavior [ RunTime:0.000041s ]
INFO: [ app_init ] --END-- [ RunTime:0.000605s ]
INFO: [ app_begin ] --START--
INFO: Run Behavior\ReadHtmlCacheBehavior [ RunTime:0.000518s ]
INFO: [ app_begin ] --END-- [ RunTime:0.000655s ]
SQL: SHOW COLUMNS FROM `user` [ RunTime:0.0048s ]
SQL: SELECT * FROM `user` WHERE `mobile` = '18679354419' LIMIT 1   [ RunTime:0.0018s ]
SQL: SELECT * FROM `user` WHERE `id` = 2 LIMIT 1   [ RunTime:0.0016s ]
ERR: 1146:Table 'wkb.log' doesn't exist
 [ SQL语句 ] : SHOW COLUMNS FROM `log`
ERR: 1146:Table 'wkb.log' doesn't exist
 [ SQL语句 ] : SHOW COLUMNS FROM `log`

[ 2018-01-08T17:36:45+08:00 ] 127.0.0.1 /index.php/home/user/login
INFO: [ app_init ] --START--
INFO: Run Behavior\BuildLiteBehavior [ RunTime:0.000040s ]
INFO: [ app_init ] --END-- [ RunTime:0.000666s ]
INFO: [ app_begin ] --START--
INFO: Run Behavior\ReadHtmlCacheBehavior [ RunTime:0.000803s ]
INFO: [ app_begin ] --END-- [ RunTime:0.000998s ]
SQL: SHOW COLUMNS FROM `user` [ RunTime:0.0040s ]
SQL: SELECT * FROM `user` WHERE `mobile` = '18679354419' LIMIT 1   [ RunTime:0.0017s ]
SQL: SELECT * FROM `user` WHERE `id` = 2 LIMIT 1   [ RunTime:0.0021s ]
ERR: 1146:Table 'wkb.log' doesn't exist
 [ SQL语句 ] : SHOW COLUMNS FROM `log`
ERR: 1146:Table 'wkb.log' doesn't exist
 [ SQL语句 ] : SHOW COLUMNS FROM `log`

[ 2018-01-08T17:39:04+08:00 ] 127.0.0.1 /index.php/home/user/login
INFO: [ app_init ] --START--
INFO: Run Behavior\BuildLiteBehavior [ RunTime:0.000034s ]
INFO: [ app_init ] --END-- [ RunTime:0.000707s ]
INFO: [ app_begin ] --START--
INFO: Run Behavior\ReadHtmlCacheBehavior [ RunTime:0.000525s ]
INFO: [ app_begin ] --END-- [ RunTime:0.000665s ]
SQL: SHOW COLUMNS FROM `user` [ RunTime:0.0046s ]
SQL: SELECT * FROM `user` WHERE `mobile` = '18679354419' LIMIT 1   [ RunTime:0.0021s ]
SQL: SELECT * FROM `user` WHERE `id` = 2 LIMIT 1   [ RunTime:0.0024s ]
ERR: 1146:Table 'wkb.log' doesn't exist
 [ SQL语句 ] : SHOW COLUMNS FROM `log`
ERR: 1146:Table 'wkb.log' doesn't exist
 [ SQL语句 ] : SHOW COLUMNS FROM `log`

[ 2018-01-08T17:39:43+08:00 ] 127.0.0.1 /index.php/home/user/login
INFO: [ app_init ] --START--
INFO: Run Behavior\BuildLiteBehavior [ RunTime:0.000040s ]
INFO: [ app_init ] --END-- [ RunTime:0.000630s ]
INFO: [ app_begin ] --START--
INFO: Run Behavior\ReadHtmlCacheBehavior [ RunTime:0.000753s ]
INFO: [ app_begin ] --END-- [ RunTime:0.000920s ]
SQL: SHOW COLUMNS FROM `user` [ RunTime:0.0050s ]
SQL: SELECT * FROM `user` WHERE `mobile` = '18679354419' LIMIT 1   [ RunTime:0.0018s ]
SQL: SELECT * FROM `user` WHERE `id` = 2 LIMIT 1   [ RunTime:0.0018s ]
ERR: 1146:Table 'wkb.log' doesn't exist
 [ SQL语句 ] : SHOW COLUMNS FROM `log`
ERR: 1146:Table 'wkb.log' doesn't exist
 [ SQL语句 ] : SHOW COLUMNS FROM `log`

[ 2018-01-08T17:39:44+08:00 ] 127.0.0.1 /index.php/home/user/login
INFO: [ app_init ] --START--
INFO: Run Behavior\BuildLiteBehavior [ RunTime:0.000026s ]
INFO: [ app_init ] --END-- [ RunTime:0.000469s ]
INFO: [ app_begin ] --START--
INFO: Run Behavior\ReadHtmlCacheBehavior [ RunTime:0.000518s ]
INFO: [ app_begin ] --END-- [ RunTime:0.000655s ]
SQL: SHOW COLUMNS FROM `user` [ RunTime:0.0069s ]
SQL: SELECT * FROM `user` WHERE `mobile` = '18679354419' LIMIT 1   [ RunTime:0.0031s ]
SQL: SELECT * FROM `user` WHERE `id` = 2 LIMIT 1   [ RunTime:0.0019s ]
ERR: 1146:Table 'wkb.log' doesn't exist
 [ SQL语句 ] : SHOW COLUMNS FROM `log`
ERR: 1146:Table 'wkb.log' doesn't exist
 [ SQL语句 ] : SHOW COLUMNS FROM `log`

[ 2018-01-08T17:39:45+08:00 ] 127.0.0.1 /index.php/home/user/login
INFO: [ app_init ] --START--
INFO: Run Behavior\BuildLiteBehavior [ RunTime:0.000039s ]
INFO: [ app_init ] --END-- [ RunTime:0.000666s ]
INFO: [ app_begin ] --START--
INFO: Run Behavior\ReadHtmlCacheBehavior [ RunTime:0.000679s ]
INFO: [ app_begin ] --END-- [ RunTime:0.000830s ]
SQL: SHOW COLUMNS FROM `user` [ RunTime:0.0058s ]
SQL: SELECT * FROM `user` WHERE `mobile` = '18679354419' LIMIT 1   [ RunTime:0.0022s ]
SQL: SELECT * FROM `user` WHERE `id` = 2 LIMIT 1   [ RunTime:0.0025s ]
ERR: 1146:Table 'wkb.log' doesn't exist
 [ SQL语句 ] : SHOW COLUMNS FROM `log`
ERR: 1146:Table 'wkb.log' doesn't exist
 [ SQL语句 ] : SHOW COLUMNS FROM `log`

[ 2018-01-08T17:39:45+08:00 ] 127.0.0.1 /index.php/home/user/login
INFO: [ app_init ] --START--
INFO: Run Behavior\BuildLiteBehavior [ RunTime:0.000025s ]
INFO: [ app_init ] --END-- [ RunTime:0.000483s ]
INFO: [ app_begin ] --START--
INFO: Run Behavior\ReadHtmlCacheBehavior [ RunTime:0.000549s ]
INFO: [ app_begin ] --END-- [ RunTime:0.000671s ]
SQL: SHOW COLUMNS FROM `user` [ RunTime:0.0041s ]
SQL: SELECT * FROM `user` WHERE `mobile` = '18679354419' LIMIT 1   [ RunTime:0.0017s ]
SQL: SELECT * FROM `user` WHERE `id` = 2 LIMIT 1   [ RunTime:0.0033s ]
ERR: 1146:Table 'wkb.log' doesn't exist
 [ SQL语句 ] : SHOW COLUMNS FROM `log`
ERR: 1146:Table 'wkb.log' doesn't exist
 [ SQL语句 ] : SHOW COLUMNS FROM `log`

[ 2018-01-08T17:39:45+08:00 ] 127.0.0.1 /index.php/home/user/login
INFO: [ app_init ] --START--
INFO: Run Behavior\BuildLiteBehavior [ RunTime:0.000031s ]
INFO: [ app_init ] --END-- [ RunTime:0.000573s ]
INFO: [ app_begin ] --START--
INFO: Run Behavior\ReadHtmlCacheBehavior [ RunTime:0.000459s ]
INFO: [ app_begin ] --END-- [ RunTime:0.000582s ]
SQL: SHOW COLUMNS FROM `user` [ RunTime:0.0049s ]
SQL: SELECT * FROM `user` WHERE `mobile` = '18679354419' LIMIT 1   [ RunTime:0.0015s ]
SQL: SELECT * FROM `user` WHERE `id` = 2 LIMIT 1   [ RunTime:0.0019s ]
ERR: 1146:Table 'wkb.log' doesn't exist
 [ SQL语句 ] : SHOW COLUMNS FROM `log`
ERR: 1146:Table 'wkb.log' doesn't exist
 [ SQL语句 ] : SHOW COLUMNS FROM `log`

[ 2018-01-08T17:43:31+08:00 ] 127.0.0.1 /index.php/home/user/login
INFO: [ app_init ] --START--
INFO: Run Behavior\BuildLiteBehavior [ RunTime:0.000026s ]
INFO: [ app_init ] --END-- [ RunTime:0.000477s ]
INFO: [ app_begin ] --START--
INFO: Run Behavior\ReadHtmlCacheBehavior [ RunTime:0.000701s ]
INFO: [ app_begin ] --END-- [ RunTime:0.000845s ]
SQL: SHOW COLUMNS FROM `user` [ RunTime:0.0050s ]
SQL: SELECT * FROM `user` WHERE `mobile` = '18679354419' LIMIT 1   [ RunTime:0.0025s ]
SQL: SELECT * FROM `user` WHERE `id` = 2 LIMIT 1   [ RunTime:0.0022s ]
SQL: SHOW COLUMNS FROM `user_log` [ RunTime:0.0049s ]
SQL: INSERT INTO `user_log` (`user_id`,`time`,`msg`) VALUES ('2','1515404611','ip127.0.0.1登陆成功!') [ RunTime:0.0021s ]

[ 2018-01-08T17:44:22+08:00 ] 127.0.0.1 /index.php/home/user/login
INFO: [ app_init ] --START--
INFO: Run Behavior\BuildLiteBehavior [ RunTime:0.000040s ]
INFO: [ app_init ] --END-- [ RunTime:0.000673s ]
INFO: [ app_begin ] --START--
INFO: Run Behavior\ReadHtmlCacheBehavior [ RunTime:0.000686s ]
INFO: [ app_begin ] --END-- [ RunTime:0.000875s ]
SQL: SHOW COLUMNS FROM `user` [ RunTime:0.0050s ]
SQL: SELECT * FROM `user` WHERE `mobile` = '18679354419' LIMIT 1   [ RunTime:0.0027s ]
SQL: SELECT * FROM `user` WHERE `id` = 2 LIMIT 1   [ RunTime:0.0018s ]
SQL: SHOW COLUMNS FROM `user_log` [ RunTime:0.0054s ]
SQL: INSERT INTO `user_log` (`user_id`,`time`,`msg`) VALUES ('2','1515404662','ip127.0.0.1登陆成功!') [ RunTime:0.0018s ]

[ 2018-01-08T17:50:19+08:00 ] 127.0.0.1 /index.php/home/Store/buyPerson
INFO: [ app_init ] --START--
INFO: Run Behavior\BuildLiteBehavior [ RunTime:0.000027s ]
INFO: [ app_init ] --END-- [ RunTime:0.000473s ]
INFO: [ app_begin ] --START--
INFO: Run Behavior\ReadHtmlCacheBehavior [ RunTime:0.000557s ]
INFO: [ app_begin ] --END-- [ RunTime:0.000690s ]
SQL: SHOW COLUMNS FROM `person` [ RunTime:0.0054s ]
SQL: SHOW COLUMNS FROM `person` [ RunTime:0.0046s ]
SQL: SELECT * FROM `person` WHERE `id` = 1 LIMIT 1   [ RunTime:0.0017s ]
SQL: SHOW COLUMNS FROM `person_bag` [ RunTime:0.0041s ]
SQL: INSERT INTO `person_bag` (`user_id`,`person_id`,`equipment_id`,`equipment_id_card`,`blood`,`level`,`yesterday_capacity`,`start_mining`) VALUES ('2','1','0','0','100','1','0','0') [ RunTime:0.0017s ]
SQL: SHOW COLUMNS FROM `user_log` [ RunTime:0.0052s ]
SQL: INSERT INTO `user_log` (`user_id`,`time`,`msg`) VALUES ('3','1515405019','ip127.0.0.1购买人物老人') [ RunTime:0.0016s ]

[ 2018-01-08T17:51:55+08:00 ] 127.0.0.1 /index.php/home/Store/buyPerson
INFO: [ app_init ] --START--
INFO: Run Behavior\BuildLiteBehavior [ RunTime:0.000031s ]
INFO: [ app_init ] --END-- [ RunTime:0.000454s ]
INFO: [ app_begin ] --START--
INFO: Run Behavior\ReadHtmlCacheBehavior [ RunTime:0.000503s ]
INFO: [ app_begin ] --END-- [ RunTime:0.000623s ]
SQL: SHOW COLUMNS FROM `person` [ RunTime:0.0044s ]
SQL: SHOW COLUMNS FROM `person` [ RunTime:0.0057s ]
SQL: SELECT * FROM `person` WHERE `id` = 1 LIMIT 1   [ RunTime:0.0015s ]
SQL: SHOW COLUMNS FROM `person_bag` [ RunTime:0.0037s ]
SQL: INSERT INTO `person_bag` (`user_id`,`person_id`,`equipment_id`,`equipment_id_card`,`blood`,`level`,`yesterday_capacity`,`start_mining`) VALUES ('2','1','0','0','100','1','0','0') [ RunTime:0.0016s ]
SQL: SHOW COLUMNS FROM `user_log` [ RunTime:0.0044s ]
SQL: INSERT INTO `user_log` (`user_id`,`time`,`msg`) VALUES ('4','1515405115','ip127.0.0.1购买人物老人, 价格为：0.00') [ RunTime:0.0018s ]

[ 2018-01-08T17:52:23+08:00 ] 127.0.0.1 /index.php/home/Store/buyPerson
INFO: [ app_init ] --START--
INFO: Run Behavior\BuildLiteBehavior [ RunTime:0.000027s ]
INFO: [ app_init ] --END-- [ RunTime:0.000521s ]
INFO: [ app_begin ] --START--
INFO: Run Behavior\ReadHtmlCacheBehavior [ RunTime:0.000523s ]
INFO: [ app_begin ] --END-- [ RunTime:0.000680s ]
SQL: SHOW COLUMNS FROM `person` [ RunTime:0.0047s ]
SQL: SHOW COLUMNS FROM `person` [ RunTime:0.0044s ]
SQL: SELECT * FROM `person` WHERE `id` = 1 LIMIT 1   [ RunTime:0.0021s ]
SQL: SHOW COLUMNS FROM `person_bag` [ RunTime:0.0052s ]
SQL: INSERT INTO `person_bag` (`user_id`,`person_id`,`equipment_id`,`equipment_id_card`,`blood`,`level`,`yesterday_capacity`,`start_mining`) VALUES ('2','1','0','0','100','1','0','0') [ RunTime:0.0021s ]
SQL: SHOW COLUMNS FROM `user_log` [ RunTime:0.0042s ]
SQL: INSERT INTO `user_log` (`user_id`,`time`,`msg`) VALUES ('5','1515405143','ip127.0.0.1购买人物老人, 价格为：1.00') [ RunTime:0.0016s ]

[ 2018-01-08T17:53:35+08:00 ] 127.0.0.1 /index.php/home/Store/buyPerson
INFO: [ app_init ] --START--
INFO: Run Behavior\BuildLiteBehavior [ RunTime:0.000029s ]
INFO: [ app_init ] --END-- [ RunTime:0.000534s ]
INFO: [ app_begin ] --START--
INFO: Run Behavior\ReadHtmlCacheBehavior [ RunTime:0.000459s ]
INFO: [ app_begin ] --END-- [ RunTime:0.000583s ]
SQL: SHOW COLUMNS FROM `person` [ RunTime:0.0044s ]
SQL: SHOW COLUMNS FROM `person` [ RunTime:0.0050s ]
SQL: SELECT * FROM `person` WHERE `id` = 1 LIMIT 1   [ RunTime:0.0016s ]
SQL: SHOW COLUMNS FROM `person_bag` [ RunTime:0.0045s ]
SQL: INSERT INTO `person_bag` (`user_id`,`person_id`,`equipment_id`,`equipment_id_card`,`blood`,`level`,`yesterday_capacity`,`start_mining`) VALUES ('2','1','0','0','100','1','0','0') [ RunTime:0.0018s ]
SQL: SHOW COLUMNS FROM `user_log` [ RunTime:0.0042s ]
SQL: INSERT INTO `user_log` (`user_id`,`time`,`msg`) VALUES ('6','1515405215','ip127.0.0.1购买人物老人, 价格为：1.00') [ RunTime:0.0019s ]

[ 2018-01-08T17:53:59+08:00 ] 127.0.0.1 /index.php/home/Store/buyPerson
INFO: [ app_init ] --START--
INFO: Run Behavior\BuildLiteBehavior [ RunTime:0.000069s ]
INFO: [ app_init ] --END-- [ RunTime:0.000852s ]
INFO: [ app_begin ] --START--
INFO: Run Behavior\ReadHtmlCacheBehavior [ RunTime:0.000649s ]
INFO: [ app_begin ] --END-- [ RunTime:0.000825s ]
SQL: SHOW COLUMNS FROM `person` [ RunTime:0.0058s ]
SQL: SHOW COLUMNS FROM `person` [ RunTime:0.0050s ]
SQL: SELECT * FROM `person` WHERE `id` = 1 LIMIT 1   [ RunTime:0.0019s ]
SQL: SHOW COLUMNS FROM `person_bag` [ RunTime:0.0046s ]
SQL: INSERT INTO `person_bag` (`user_id`,`person_id`,`equipment_id`,`equipment_id_card`,`blood`,`level`,`yesterday_capacity`,`start_mining`) VALUES ('2','1','0','0','100','1','0','0') [ RunTime:0.0021s ]
SQL: SHOW COLUMNS FROM `user_log` [ RunTime:0.0045s ]
SQL: INSERT INTO `user_log` (`user_id`,`time`,`msg`) VALUES ('7','1515405239','ip127.0.0.1购买人物老人, 价格为：1.00') [ RunTime:0.0017s ]

[ 2018-01-08T20:04:04+08:00 ] 127.0.0.1 /index.php/home/order/buyPerson
INFO: [ app_init ] --START--
INFO: Run Behavior\BuildLiteBehavior [ RunTime:0.000038s ]
INFO: [ app_init ] --END-- [ RunTime:0.000573s ]
INFO: [ app_begin ] --START--
INFO: Run Behavior\ReadHtmlCacheBehavior [ RunTime:0.000661s ]
INFO: [ app_begin ] --END-- [ RunTime:0.000855s ]
ERR: 无法加载控制器:Order

[ 2018-01-08T20:04:12+08:00 ] 127.0.0.1 /index.php/home/order/buyPerson
INFO: [ app_init ] --START--
INFO: Run Behavior\BuildLiteBehavior [ RunTime:0.000036s ]
INFO: [ app_init ] --END-- [ RunTime:0.000623s ]
INFO: [ app_begin ] --START--
INFO: Run Behavior\ReadHtmlCacheBehavior [ RunTime:0.000787s ]
INFO: [ app_begin ] --END-- [ RunTime:0.000996s ]
SQL: SHOW COLUMNS FROM `person` [ RunTime:0.0062s ]
SQL: SELECT * FROM `person` WHERE `id` = 1 LIMIT 1   [ RunTime:0.0021s ]
INFO: [ app_end ] --START--
INFO: Run Behavior\ShowPageTraceBehavior [ RunTime:0.000662s ]
INFO: [ app_end ] --END-- [ RunTime:0.000776s ]

[ 2018-01-08T20:04:53+08:00 ] 127.0.0.1 /index.php/home/order/buyPerson
INFO: [ app_init ] --START--
INFO: Run Behavior\BuildLiteBehavior [ RunTime:0.000041s ]
INFO: [ app_init ] --END-- [ RunTime:0.000755s ]
INFO: [ app_begin ] --START--
INFO: Run Behavior\ReadHtmlCacheBehavior [ RunTime:0.000503s ]
INFO: [ app_begin ] --END-- [ RunTime:0.000660s ]

[ 2018-01-08T20:05:15+08:00 ] 127.0.0.1 /index.php/home/order/buyPerson
INFO: [ app_init ] --START--
INFO: Run Behavior\BuildLiteBehavior [ RunTime:0.000039s ]
INFO: [ app_init ] --END-- [ RunTime:0.000749s ]
INFO: [ app_begin ] --START--
INFO: Run Behavior\ReadHtmlCacheBehavior [ RunTime:0.000681s ]
INFO: [ app_begin ] --END-- [ RunTime:0.000877s ]
SQL: SHOW COLUMNS FROM `person` [ RunTime:0.0053s ]
SQL: SELECT * FROM `person` WHERE `id` = 1 AND `status` = 0 LIMIT 1   [ RunTime:0.0026s ]
INFO: [ app_end ] --START--
INFO: Run Behavior\ShowPageTraceBehavior [ RunTime:0.000688s ]
INFO: [ app_end ] --END-- [ RunTime:0.000827s ]

[ 2018-01-08T20:06:05+08:00 ] 127.0.0.1 /index.php/home/order/buyPerson
INFO: [ app_init ] --START--
INFO: Run Behavior\BuildLiteBehavior [ RunTime:0.000048s ]
INFO: [ app_init ] --END-- [ RunTime:0.001259s ]
INFO: [ app_begin ] --START--
INFO: Run Behavior\ReadHtmlCacheBehavior [ RunTime:0.000617s ]
INFO: [ app_begin ] --END-- [ RunTime:0.000759s ]
SQL: SHOW COLUMNS FROM `person` [ RunTime:0.0042s ]
SQL: SELECT * FROM `person` WHERE `id` = 1 AND `status` = 0 LIMIT 1   [ RunTime:0.0015s ]
INFO: [ app_end ] --START--
INFO: Run Behavior\ShowPageTraceBehavior [ RunTime:0.000633s ]
INFO: [ app_end ] --END-- [ RunTime:0.000766s ]

[ 2018-01-08T20:06:11+08:00 ] 127.0.0.1 /index.php/home/order/buyPerson
INFO: [ app_init ] --START--
INFO: Run Behavior\BuildLiteBehavior [ RunTime:0.000049s ]
INFO: [ app_init ] --END-- [ RunTime:0.000949s ]
INFO: [ app_begin ] --START--
INFO: Run Behavior\ReadHtmlCacheBehavior [ RunTime:0.000648s ]
INFO: [ app_begin ] --END-- [ RunTime:0.000814s ]
NOTIC: [8] Undefined offset: 6 F:\tool\phpstudy\WWW\wkb\Application\Home\Controller\OrderController.class.php 第 29 行.
ERR: 1103:Incorrect table name ''
 [ SQL语句 ] : SELECT * FROM `` WHERE `id` = '1' AND `status` = 0 LIMIT 1  
ERR: 1103:Incorrect table name ''
 [ SQL语句 ] : SELECT * FROM `` WHERE `id` = '1' AND `status` = 0 LIMIT 1  

[ 2018-01-08T20:21:14+08:00 ] 127.0.0.1 /index.php/home/order/buyPerson
INFO: [ app_init ] --START--
INFO: Run Behavior\BuildLiteBehavior [ RunTime:0.000040s ]
INFO: [ app_init ] --END-- [ RunTime:0.000668s ]
INFO: [ app_begin ] --START--
INFO: Run Behavior\ReadHtmlCacheBehavior [ RunTime:0.000566s ]
INFO: [ app_begin ] --END-- [ RunTime:0.000708s ]
NOTIC: [8] Undefined offset: 6 F:\tool\phpstudy\WWW\wkb\Application\Home\Controller\OrderController.class.php 第 29 行.

[ 2018-01-08T20:21:22+08:00 ] 127.0.0.1 /index.php/home/order/buyPerson
INFO: [ app_init ] --START--
INFO: Run Behavior\BuildLiteBehavior [ RunTime:0.000042s ]
INFO: [ app_init ] --END-- [ RunTime:0.000735s ]
INFO: [ app_begin ] --START--
INFO: Run Behavior\ReadHtmlCacheBehavior [ RunTime:0.000723s ]
INFO: [ app_begin ] --END-- [ RunTime:0.000918s ]
SQL: SHOW COLUMNS FROM `person` [ RunTime:0.0056s ]
SQL: SELECT * FROM `person` WHERE `id` = 1 AND `status` = 0 LIMIT 1   [ RunTime:0.0017s ]
INFO: [ app_end ] --START--
INFO: Run Behavior\ShowPageTraceBehavior [ RunTime:0.000663s ]
INFO: [ app_end ] --END-- [ RunTime:0.000782s ]

[ 2018-01-08T20:28:14+08:00 ] 127.0.0.1 /index.php/home/order/buy
INFO: [ app_init ] --START--
INFO: Run Behavior\BuildLiteBehavior [ RunTime:0.000029s ]
INFO: [ app_init ] --END-- [ RunTime:0.000687s ]
INFO: [ app_begin ] --START--
INFO: Run Behavior\ReadHtmlCacheBehavior [ RunTime:0.000591s ]
INFO: [ app_begin ] --END-- [ RunTime:0.000745s ]
SQL: SHOW COLUMNS FROM `order` [ RunTime:0.0047s ]
ERR: Think\Model:buy方法不存在！

[ 2018-01-08T20:28:53+08:00 ] 127.0.0.1 /index.php/home/order/buy
INFO: [ app_init ] --START--
INFO: Run Behavior\BuildLiteBehavior [ RunTime:0.000046s ]
INFO: [ app_init ] --END-- [ RunTime:0.000865s ]
INFO: [ app_begin ] --START--
INFO: Run Behavior\ReadHtmlCacheBehavior [ RunTime:0.001689s ]
INFO: [ app_begin ] --END-- [ RunTime:0.002026s ]
SQL: SHOW COLUMNS FROM `order` [ RunTime:0.0057s ]
SQL: SHOW COLUMNS FROM `person` [ RunTime:0.0054s ]
SQL: SELECT * FROM `person` WHERE `id` = 1 AND `status` = 0 LIMIT 1   [ RunTime:0.0018s ]
SQL: SHOW COLUMNS FROM `order` [ RunTime:0.0058s ]
SQL: INSERT INTO `order` (`commodity_id`,`commodity_type`,`status`,`creation_time`,`user_id`) VALUES ('1','1','1','1515414533','2') [ RunTime:0.0038s ]
INFO: [ app_end ] --START--
INFO: Run Behavior\ShowPageTraceBehavior [ RunTime:0.000644s ]
INFO: [ app_end ] --END-- [ RunTime:0.000755s ]

[ 2018-01-08T20:30:37+08:00 ] 127.0.0.1 /index.php/home/order/buy
INFO: [ app_init ] --START--
INFO: Run Behavior\BuildLiteBehavior [ RunTime:0.000044s ]
INFO: [ app_init ] --END-- [ RunTime:0.001507s ]
INFO: [ app_begin ] --START--
INFO: Run Behavior\ReadHtmlCacheBehavior [ RunTime:0.000830s ]
INFO: [ app_begin ] --END-- [ RunTime:0.001029s ]
SQL: SHOW COLUMNS FROM `order` [ RunTime:0.0055s ]
SQL: SHOW COLUMNS FROM `person` [ RunTime:0.0050s ]
SQL: SELECT * FROM `person` WHERE `id` = 1 AND `status` = 0 LIMIT 1   [ RunTime:0.0014s ]
SQL: SHOW COLUMNS FROM `order` [ RunTime:0.0039s ]
SQL: INSERT INTO `order` (`commodity_id`,`commodity_type`,`status`,`creation_time`,`user_id`) VALUES ('1','1','1','1515414637','2') [ RunTime:0.0014s ]

[ 2018-01-08T20:30:39+08:00 ] 127.0.0.1 /index.php/home/order/buy
INFO: [ app_init ] --START--
INFO: Run Behavior\BuildLiteBehavior [ RunTime:0.000043s ]
INFO: [ app_init ] --END-- [ RunTime:0.000735s ]
INFO: [ app_begin ] --START--
INFO: Run Behavior\ReadHtmlCacheBehavior [ RunTime:0.000784s ]
INFO: [ app_begin ] --END-- [ RunTime:0.000996s ]
SQL: SHOW COLUMNS FROM `order` [ RunTime:0.0047s ]
SQL: SHOW COLUMNS FROM `person` [ RunTime:0.0058s ]
SQL: SELECT * FROM `person` WHERE `id` = 1 AND `status` = 0 LIMIT 1   [ RunTime:0.0019s ]
SQL: SHOW COLUMNS FROM `order` [ RunTime:0.0044s ]
SQL: INSERT INTO `order` (`commodity_id`,`commodity_type`,`status`,`creation_time`,`user_id`) VALUES ('1','1','1','1515414639','2') [ RunTime:0.0015s ]

[ 2018-01-08T20:30:39+08:00 ] 127.0.0.1 /index.php/home/order/buy
INFO: [ app_init ] --START--
INFO: Run Behavior\BuildLiteBehavior [ RunTime:0.000044s ]
INFO: [ app_init ] --END-- [ RunTime:0.000758s ]
INFO: [ app_begin ] --START--
INFO: Run Behavior\ReadHtmlCacheBehavior [ RunTime:0.000655s ]
INFO: [ app_begin ] --END-- [ RunTime:0.000849s ]
SQL: SHOW COLUMNS FROM `order` [ RunTime:0.0055s ]
SQL: SHOW COLUMNS FROM `person` [ RunTime:0.0048s ]
SQL: SELECT * FROM `person` WHERE `id` = 1 AND `status` = 0 LIMIT 1   [ RunTime:0.0018s ]
SQL: SHOW COLUMNS FROM `order` [ RunTime:0.0053s ]
SQL: INSERT INTO `order` (`commodity_id`,`commodity_type`,`status`,`creation_time`,`user_id`) VALUES ('1','1','1','1515414639','2') [ RunTime:0.0013s ]

[ 2018-01-08T20:30:40+08:00 ] 127.0.0.1 /index.php/home/order/buy
INFO: [ app_init ] --START--
INFO: Run Behavior\BuildLiteBehavior [ RunTime:0.000045s ]
INFO: [ app_init ] --END-- [ RunTime:0.000790s ]
INFO: [ app_begin ] --START--
INFO: Run Behavior\ReadHtmlCacheBehavior [ RunTime:0.000644s ]
INFO: [ app_begin ] --END-- [ RunTime:0.000843s ]
SQL: SHOW COLUMNS FROM `order` [ RunTime:0.0039s ]
SQL: SHOW COLUMNS FROM `person` [ RunTime:0.0041s ]
SQL: SELECT * FROM `person` WHERE `id` = 1 AND `status` = 0 LIMIT 1   [ RunTime:0.0019s ]
SQL: SHOW COLUMNS FROM `order` [ RunTime:0.0047s ]
SQL: INSERT INTO `order` (`commodity_id`,`commodity_type`,`status`,`creation_time`,`user_id`) VALUES ('1','1','1','1515414640','2') [ RunTime:0.0014s ]

[ 2018-01-08T20:31:27+08:00 ] 127.0.0.1 /index.php/home/order/buy
INFO: [ app_init ] --START--
INFO: Run Behavior\BuildLiteBehavior [ RunTime:0.000046s ]
INFO: [ app_init ] --END-- [ RunTime:0.000701s ]
INFO: [ app_begin ] --START--
INFO: Run Behavior\ReadHtmlCacheBehavior [ RunTime:0.000773s ]
INFO: [ app_begin ] --END-- [ RunTime:0.000967s ]
SQL: SHOW COLUMNS FROM `order` [ RunTime:0.0043s ]
NOTIC: [8] Undefined offset: 6 F:\tool\phpstudy\WWW\wkb\Application\Home\Model\OrderModel.class.php 第 22 行.

