[ 2018-01-07T09:05:13+08:00 ] 127.0.0.1 /
INFO: [ app_init ] --START--
INFO: Run Behavior\BuildLiteBehavior [ RunTime:0.000000s ]
INFO: [ app_init ] --END-- [ RunTime:0.001000s ]
INFO: [ app_begin ] --START--
INFO: Run Behavior\ReadHtmlCacheBehavior [ RunTime:0.000000s ]
INFO: [ app_begin ] --END-- [ RunTime:0.000000s ]
NOTIC: [2] Declaration of Home\Controller\BaseController::error($msg) should be compatible with Think\Controller::error($message = '', $jumpUrl = '', $ajax = false) D:\phpStudy\WWW\wkb\Application\Home\Controller\BaseController.class.php 第 38 行.
INFO: [ view_parse ] --START--
INFO: [ template_filter ] --START--
INFO: Run Behavior\ContentReplaceBehavior [ RunTime:0.001000s ]
INFO: [ template_filter ] --END-- [ RunTime:0.001000s ]
NOTIC: [8] Undefined variable: price D:\phpStudy\WWW\wkb\Application\Runtime\Cache\Home\2a94b8bda04ff446dcedd42276fc99ee.php 第 98 行.
NOTIC: [8] Undefined variable: token D:\phpStudy\WWW\wkb\Application\Runtime\Cache\Home\2a94b8bda04ff446dcedd42276fc99ee.php 第 151 行.
NOTIC: [8] Undefined variable: price D:\phpStudy\WWW\wkb\Application\Runtime\Cache\Home\2a94b8bda04ff446dcedd42276fc99ee.php 第 168 行.
NOTIC: [8] Undefined variable: token D:\phpStudy\WWW\wkb\Application\Runtime\Cache\Home\2a94b8bda04ff446dcedd42276fc99ee.php 第 263 行.
NOTIC: [8] Undefined variable: clickNum D:\phpStudy\WWW\wkb\Application\Runtime\Cache\Home\2a94b8bda04ff446dcedd42276fc99ee.php 第 315 行.
NOTIC: [8] Undefined variable: price D:\phpStudy\WWW\wkb\Application\Runtime\Cache\Home\2a94b8bda04ff446dcedd42276fc99ee.php 第 538 行.
NOTIC: [8] Undefined variable: price D:\phpStudy\WWW\wkb\Application\Runtime\Cache\Home\2a94b8bda04ff446dcedd42276fc99ee.php 第 545 行.
NOTIC: [8] Undefined variable: price D:\phpStudy\WWW\wkb\Application\Runtime\Cache\Home\2a94b8bda04ff446dcedd42276fc99ee.php 第 548 行.
NOTIC: [8] Undefined variable: price D:\phpStudy\WWW\wkb\Application\Runtime\Cache\Home\2a94b8bda04ff446dcedd42276fc99ee.php 第 556 行.
NOTIC: [8] Undefined variable: clickNum D:\phpStudy\WWW\wkb\Application\Runtime\Cache\Home\2a94b8bda04ff446dcedd42276fc99ee.php 第 559 行.
INFO: Run Behavior\ParseTemplateBehavior [ RunTime:0.010000s ]
INFO: [ view_parse ] --END-- [ RunTime:0.010000s ]
INFO: [ view_filter ] --START--
INFO: Run Behavior\WriteHtmlCacheBehavior [ RunTime:0.001000s ]
INFO: [ view_filter ] --END-- [ RunTime:0.001000s ]
INFO: [ app_end ] --START--
INFO: Run Behavior\ShowPageTraceBehavior [ RunTime:0.000000s ]
INFO: [ app_end ] --END-- [ RunTime:0.000000s ]

[ 2018-01-07T09:05:13+08:00 ] 127.0.0.1 /Home/Index/vcode.html
INFO: [ app_init ] --START--
INFO: Run Behavior\BuildLiteBehavior [ RunTime:0.000000s ]
INFO: [ app_init ] --END-- [ RunTime:0.000000s ]
INFO: [ app_begin ] --START--
INFO: Run Behavior\ReadHtmlCacheBehavior [ RunTime:0.000000s ]
INFO: [ app_begin ] --END-- [ RunTime:0.000000s ]
NOTIC: [2] Declaration of Home\Controller\BaseController::error($msg) should be compatible with Think\Controller::error($message = '', $jumpUrl = '', $ajax = false) D:\phpStudy\WWW\wkb\Application\Home\Controller\BaseController.class.php 第 38 行.
ERR: 非法操作:vcode

[ 2018-01-07T09:05:13+08:00 ] 127.0.0.1 /Home/Index/vcode.html
INFO: [ app_init ] --START--
INFO: Run Behavior\BuildLiteBehavior [ RunTime:0.000000s ]
INFO: [ app_init ] --END-- [ RunTime:0.000000s ]
INFO: [ app_begin ] --START--
INFO: Run Behavior\ReadHtmlCacheBehavior [ RunTime:0.001000s ]
INFO: [ app_begin ] --END-- [ RunTime:0.001000s ]
NOTIC: [2] Declaration of Home\Controller\BaseController::error($msg) should be compatible with Think\Controller::error($message = '', $jumpUrl = '', $ajax = false) D:\phpStudy\WWW\wkb\Application\Home\Controller\BaseController.class.php 第 38 行.
ERR: 非法操作:vcode

[ 2018-01-07T14:32:24+08:00 ] 127.0.0.1 /
INFO: [ app_init ] --START--
INFO: Run Behavior\BuildLiteBehavior [ RunTime:0.000025s ]
INFO: [ app_init ] --END-- [ RunTime:0.003519s ]
INFO: [ app_begin ] --START--
INFO: Run Behavior\ReadHtmlCacheBehavior [ RunTime:0.000699s ]
INFO: [ app_begin ] --END-- [ RunTime:0.000819s ]
NOTIC: [2048] Declaration of Home\Controller\BaseController::error() should be compatible with Think\Controller::error($message = '', $jumpUrl = '', $ajax = false) F:\tool\phpstudy\WWW\wkb\Application\Home\Controller\BaseController.class.php 第 38 行.
INFO: [ view_parse ] --START--
INFO: [ template_filter ] --START--
INFO: Run Behavior\ContentReplaceBehavior [ RunTime:0.000436s ]
INFO: [ template_filter ] --END-- [ RunTime:0.000547s ]
NOTIC: [8] Undefined variable: price F:\tool\phpstudy\WWW\wkb\Application\Runtime\Cache\Home\2a94b8bda04ff446dcedd42276fc99ee.php 第 98 行.
NOTIC: [8] Undefined variable: token F:\tool\phpstudy\WWW\wkb\Application\Runtime\Cache\Home\2a94b8bda04ff446dcedd42276fc99ee.php 第 151 行.
NOTIC: [8] Undefined variable: price F:\tool\phpstudy\WWW\wkb\Application\Runtime\Cache\Home\2a94b8bda04ff446dcedd42276fc99ee.php 第 168 行.
NOTIC: [8] Undefined variable: token F:\tool\phpstudy\WWW\wkb\Application\Runtime\Cache\Home\2a94b8bda04ff446dcedd42276fc99ee.php 第 263 行.
NOTIC: [8] Undefined variable: clickNum F:\tool\phpstudy\WWW\wkb\Application\Runtime\Cache\Home\2a94b8bda04ff446dcedd42276fc99ee.php 第 315 行.
NOTIC: [8] Undefined variable: price F:\tool\phpstudy\WWW\wkb\Application\Runtime\Cache\Home\2a94b8bda04ff446dcedd42276fc99ee.php 第 538 行.
NOTIC: [8] Undefined variable: price F:\tool\phpstudy\WWW\wkb\Application\Runtime\Cache\Home\2a94b8bda04ff446dcedd42276fc99ee.php 第 545 行.
NOTIC: [8] Undefined variable: price F:\tool\phpstudy\WWW\wkb\Application\Runtime\Cache\Home\2a94b8bda04ff446dcedd42276fc99ee.php 第 548 行.
NOTIC: [8] Undefined variable: price F:\tool\phpstudy\WWW\wkb\Application\Runtime\Cache\Home\2a94b8bda04ff446dcedd42276fc99ee.php 第 556 行.
NOTIC: [8] Undefined variable: clickNum F:\tool\phpstudy\WWW\wkb\Application\Runtime\Cache\Home\2a94b8bda04ff446dcedd42276fc99ee.php 第 559 行.
INFO: Run Behavior\ParseTemplateBehavior [ RunTime:0.033688s ]
INFO: [ view_parse ] --END-- [ RunTime:0.033819s ]
INFO: [ view_filter ] --START--
INFO: Run Behavior\WriteHtmlCacheBehavior [ RunTime:0.000760s ]
INFO: [ view_filter ] --END-- [ RunTime:0.000858s ]
INFO: [ app_end ] --START--
INFO: Run Behavior\ShowPageTraceBehavior [ RunTime:0.000855s ]
INFO: [ app_end ] --END-- [ RunTime:0.000963s ]

[ 2018-01-07T14:32:24+08:00 ] 127.0.0.1 /Home/Index/vcode.html
INFO: [ app_init ] --START--
INFO: Run Behavior\BuildLiteBehavior [ RunTime:0.000028s ]
INFO: [ app_init ] --END-- [ RunTime:0.001111s ]
INFO: [ app_begin ] --START--
INFO: Run Behavior\ReadHtmlCacheBehavior [ RunTime:0.000875s ]
INFO: [ app_begin ] --END-- [ RunTime:0.001080s ]
NOTIC: [2048] Declaration of Home\Controller\BaseController::error() should be compatible with Think\Controller::error($message = '', $jumpUrl = '', $ajax = false) F:\tool\phpstudy\WWW\wkb\Application\Home\Controller\BaseController.class.php 第 38 行.
ERR: 非法操作:vcode

[ 2018-01-07T14:36:09+08:00 ] 127.0.0.1 /
INFO: [ app_init ] --START--
INFO: Run Behavior\BuildLiteBehavior [ RunTime:0.000026s ]
INFO: [ app_init ] --END-- [ RunTime:0.000499s ]
INFO: [ app_begin ] --START--
INFO: Run Behavior\ReadHtmlCacheBehavior [ RunTime:0.002251s ]
INFO: [ app_begin ] --END-- [ RunTime:0.002469s ]
NOTIC: [2048] Declaration of Home\Controller\BaseController::error() should be compatible with Think\Controller::error($message = '', $jumpUrl = '', $ajax = false) F:\tool\phpstudy\WWW\wkb\Application\Home\Controller\BaseController.class.php 第 38 行.
INFO: [ view_parse ] --START--
INFO: [ template_filter ] --START--
INFO: Run Behavior\ContentReplaceBehavior [ RunTime:0.000173s ]
INFO: [ template_filter ] --END-- [ RunTime:0.000290s ]
NOTIC: [8] Undefined variable: price F:\tool\phpstudy\WWW\wkb\Application\Runtime\Cache\Home\2a94b8bda04ff446dcedd42276fc99ee.php 第 98 行.
NOTIC: [8] Undefined variable: token F:\tool\phpstudy\WWW\wkb\Application\Runtime\Cache\Home\2a94b8bda04ff446dcedd42276fc99ee.php 第 151 行.
NOTIC: [8] Undefined variable: price F:\tool\phpstudy\WWW\wkb\Application\Runtime\Cache\Home\2a94b8bda04ff446dcedd42276fc99ee.php 第 168 行.
NOTIC: [8] Undefined variable: token F:\tool\phpstudy\WWW\wkb\Application\Runtime\Cache\Home\2a94b8bda04ff446dcedd42276fc99ee.php 第 263 行.
NOTIC: [8] Undefined variable: clickNum F:\tool\phpstudy\WWW\wkb\Application\Runtime\Cache\Home\2a94b8bda04ff446dcedd42276fc99ee.php 第 315 行.
NOTIC: [8] Undefined variable: price F:\tool\phpstudy\WWW\wkb\Application\Runtime\Cache\Home\2a94b8bda04ff446dcedd42276fc99ee.php 第 538 行.
NOTIC: [8] Undefined variable: price F:\tool\phpstudy\WWW\wkb\Application\Runtime\Cache\Home\2a94b8bda04ff446dcedd42276fc99ee.php 第 545 行.
NOTIC: [8] Undefined variable: price F:\tool\phpstudy\WWW\wkb\Application\Runtime\Cache\Home\2a94b8bda04ff446dcedd42276fc99ee.php 第 548 行.
NOTIC: [8] Undefined variable: price F:\tool\phpstudy\WWW\wkb\Application\Runtime\Cache\Home\2a94b8bda04ff446dcedd42276fc99ee.php 第 556 行.
NOTIC: [8] Undefined variable: clickNum F:\tool\phpstudy\WWW\wkb\Application\Runtime\Cache\Home\2a94b8bda04ff446dcedd42276fc99ee.php 第 559 行.
INFO: Run Behavior\ParseTemplateBehavior [ RunTime:0.014641s ]
INFO: [ view_parse ] --END-- [ RunTime:0.014791s ]
INFO: [ view_filter ] --START--
INFO: Run Behavior\WriteHtmlCacheBehavior [ RunTime:0.000618s ]
INFO: [ view_filter ] --END-- [ RunTime:0.000755s ]
INFO: [ app_end ] --START--
INFO: Run Behavior\ShowPageTraceBehavior [ RunTime:0.000758s ]
INFO: [ app_end ] --END-- [ RunTime:0.001026s ]

[ 2018-01-07T14:36:09+08:00 ] 127.0.0.1 /Home/Index/vcode.html
INFO: [ app_init ] --START--
INFO: Run Behavior\BuildLiteBehavior [ RunTime:0.000034s ]
INFO: [ app_init ] --END-- [ RunTime:0.000416s ]
INFO: [ app_begin ] --START--
INFO: Run Behavior\ReadHtmlCacheBehavior [ RunTime:0.000434s ]
INFO: [ app_begin ] --END-- [ RunTime:0.000544s ]
NOTIC: [2048] Declaration of Home\Controller\BaseController::error() should be compatible with Think\Controller::error($message = '', $jumpUrl = '', $ajax = false) F:\tool\phpstudy\WWW\wkb\Application\Home\Controller\BaseController.class.php 第 38 行.
ERR: 非法操作:vcode

[ 2018-01-07T14:36:10+08:00 ] 127.0.0.1 /
INFO: [ app_init ] --START--
INFO: Run Behavior\BuildLiteBehavior [ RunTime:0.000026s ]
INFO: [ app_init ] --END-- [ RunTime:0.000460s ]
INFO: [ app_begin ] --START--
INFO: Run Behavior\ReadHtmlCacheBehavior [ RunTime:0.000439s ]
INFO: [ app_begin ] --END-- [ RunTime:0.000568s ]
NOTIC: [2048] Declaration of Home\Controller\BaseController::error() should be compatible with Think\Controller::error($message = '', $jumpUrl = '', $ajax = false) F:\tool\phpstudy\WWW\wkb\Application\Home\Controller\BaseController.class.php 第 38 行.
INFO: [ view_parse ] --START--
INFO: [ template_filter ] --START--
INFO: Run Behavior\ContentReplaceBehavior [ RunTime:0.000213s ]
INFO: [ template_filter ] --END-- [ RunTime:0.000336s ]
NOTIC: [8] Undefined variable: price F:\tool\phpstudy\WWW\wkb\Application\Runtime\Cache\Home\2a94b8bda04ff446dcedd42276fc99ee.php 第 98 行.
NOTIC: [8] Undefined variable: token F:\tool\phpstudy\WWW\wkb\Application\Runtime\Cache\Home\2a94b8bda04ff446dcedd42276fc99ee.php 第 151 行.
NOTIC: [8] Undefined variable: price F:\tool\phpstudy\WWW\wkb\Application\Runtime\Cache\Home\2a94b8bda04ff446dcedd42276fc99ee.php 第 168 行.
NOTIC: [8] Undefined variable: token F:\tool\phpstudy\WWW\wkb\Application\Runtime\Cache\Home\2a94b8bda04ff446dcedd42276fc99ee.php 第 263 行.
NOTIC: [8] Undefined variable: clickNum F:\tool\phpstudy\WWW\wkb\Application\Runtime\Cache\Home\2a94b8bda04ff446dcedd42276fc99ee.php 第 315 行.
NOTIC: [8] Undefined variable: price F:\tool\phpstudy\WWW\wkb\Application\Runtime\Cache\Home\2a94b8bda04ff446dcedd42276fc99ee.php 第 538 行.
NOTIC: [8] Undefined variable: price F:\tool\phpstudy\WWW\wkb\Application\Runtime\Cache\Home\2a94b8bda04ff446dcedd42276fc99ee.php 第 545 行.
NOTIC: [8] Undefined variable: price F:\tool\phpstudy\WWW\wkb\Application\Runtime\Cache\Home\2a94b8bda04ff446dcedd42276fc99ee.php 第 548 行.
NOTIC: [8] Undefined variable: price F:\tool\phpstudy\WWW\wkb\Application\Runtime\Cache\Home\2a94b8bda04ff446dcedd42276fc99ee.php 第 556 行.
NOTIC: [8] Undefined variable: clickNum F:\tool\phpstudy\WWW\wkb\Application\Runtime\Cache\Home\2a94b8bda04ff446dcedd42276fc99ee.php 第 559 行.
INFO: Run Behavior\ParseTemplateBehavior [ RunTime:0.012483s ]
INFO: [ view_parse ] --END-- [ RunTime:0.012621s ]
INFO: [ view_filter ] --START--
INFO: Run Behavior\WriteHtmlCacheBehavior [ RunTime:0.000370s ]
INFO: [ view_filter ] --END-- [ RunTime:0.000473s ]
INFO: [ app_end ] --START--
INFO: Run Behavior\ShowPageTraceBehavior [ RunTime:0.000546s ]
INFO: [ app_end ] --END-- [ RunTime:0.000696s ]

[ 2018-01-07T14:36:10+08:00 ] 127.0.0.1 /Home/Index/vcode.html
INFO: [ app_init ] --START--
INFO: Run Behavior\BuildLiteBehavior [ RunTime:0.000027s ]
INFO: [ app_init ] --END-- [ RunTime:0.000509s ]
INFO: [ app_begin ] --START--
INFO: Run Behavior\ReadHtmlCacheBehavior [ RunTime:0.000731s ]
INFO: [ app_begin ] --END-- [ RunTime:0.000883s ]
NOTIC: [2048] Declaration of Home\Controller\BaseController::error() should be compatible with Think\Controller::error($message = '', $jumpUrl = '', $ajax = false) F:\tool\phpstudy\WWW\wkb\Application\Home\Controller\BaseController.class.php 第 38 行.
ERR: 非法操作:vcode

[ 2018-01-07T14:37:37+08:00 ] 127.0.0.1 /wkb/
INFO: [ app_init ] --START--
INFO: Run Behavior\BuildLiteBehavior [ RunTime:0.000038s ]
INFO: [ app_init ] --END-- [ RunTime:0.000546s ]
INFO: [ app_begin ] --START--
INFO: Run Behavior\ReadHtmlCacheBehavior [ RunTime:0.000565s ]
INFO: [ app_begin ] --END-- [ RunTime:0.000675s ]
NOTIC: [2048] Declaration of Home\Controller\BaseController::error() should be compatible with Think\Controller::error($message = '', $jumpUrl = '', $ajax = false) F:\tool\phpstudy\WWW\wkb\Application\Home\Controller\BaseController.class.php 第 38 行.
INFO: [ view_parse ] --START--
INFO: [ template_filter ] --START--
INFO: Run Behavior\ContentReplaceBehavior [ RunTime:0.000148s ]
INFO: [ template_filter ] --END-- [ RunTime:0.000255s ]
NOTIC: [8] Undefined variable: price F:\tool\phpstudy\WWW\wkb\Application\Runtime\Cache\Home\2a94b8bda04ff446dcedd42276fc99ee.php 第 98 行.
NOTIC: [8] Undefined variable: token F:\tool\phpstudy\WWW\wkb\Application\Runtime\Cache\Home\2a94b8bda04ff446dcedd42276fc99ee.php 第 151 行.
NOTIC: [8] Undefined variable: price F:\tool\phpstudy\WWW\wkb\Application\Runtime\Cache\Home\2a94b8bda04ff446dcedd42276fc99ee.php 第 168 行.
NOTIC: [8] Undefined variable: token F:\tool\phpstudy\WWW\wkb\Application\Runtime\Cache\Home\2a94b8bda04ff446dcedd42276fc99ee.php 第 263 行.
NOTIC: [8] Undefined variable: clickNum F:\tool\phpstudy\WWW\wkb\Application\Runtime\Cache\Home\2a94b8bda04ff446dcedd42276fc99ee.php 第 315 行.
NOTIC: [8] Undefined variable: price F:\tool\phpstudy\WWW\wkb\Application\Runtime\Cache\Home\2a94b8bda04ff446dcedd42276fc99ee.php 第 538 行.
NOTIC: [8] Undefined variable: price F:\tool\phpstudy\WWW\wkb\Application\Runtime\Cache\Home\2a94b8bda04ff446dcedd42276fc99ee.php 第 545 行.
NOTIC: [8] Undefined variable: price F:\tool\phpstudy\WWW\wkb\Application\Runtime\Cache\Home\2a94b8bda04ff446dcedd42276fc99ee.php 第 548 行.
NOTIC: [8] Undefined variable: price F:\tool\phpstudy\WWW\wkb\Application\Runtime\Cache\Home\2a94b8bda04ff446dcedd42276fc99ee.php 第 556 行.
NOTIC: [8] Undefined variable: clickNum F:\tool\phpstudy\WWW\wkb\Application\Runtime\Cache\Home\2a94b8bda04ff446dcedd42276fc99ee.php 第 559 行.
INFO: Run Behavior\ParseTemplateBehavior [ RunTime:0.011533s ]
INFO: [ view_parse ] --END-- [ RunTime:0.011656s ]
INFO: [ view_filter ] --START--
INFO: Run Behavior\WriteHtmlCacheBehavior [ RunTime:0.000448s ]
INFO: [ view_filter ] --END-- [ RunTime:0.000555s ]
INFO: [ app_end ] --START--
INFO: Run Behavior\ShowPageTraceBehavior [ RunTime:0.000626s ]
INFO: [ app_end ] --END-- [ RunTime:0.000745s ]

[ 2018-01-07T14:38:21+08:00 ] 127.0.0.1 /wkb/
INFO: [ app_init ] --START--
INFO: Run Behavior\BuildLiteBehavior [ RunTime:0.000042s ]
INFO: [ app_init ] --END-- [ RunTime:0.000721s ]
INFO: [ app_begin ] --START--
INFO: Run Behavior\ReadHtmlCacheBehavior [ RunTime:0.000662s ]
INFO: [ app_begin ] --END-- [ RunTime:0.000846s ]
NOTIC: [2048] Declaration of Home\Controller\BaseController::error() should be compatible with Think\Controller::error($message = '', $jumpUrl = '', $ajax = false) F:\tool\phpstudy\WWW\wkb\Application\Home\Controller\BaseController.class.php 第 38 行.
ERR: 非法操作:index

[ 2018-01-07T14:38:39+08:00 ] 127.0.0.1 /
INFO: [ app_init ] --START--
INFO: Run Behavior\BuildLiteBehavior [ RunTime:0.000026s ]
INFO: [ app_init ] --END-- [ RunTime:0.000611s ]
INFO: [ app_begin ] --START--
INFO: Run Behavior\ReadHtmlCacheBehavior [ RunTime:0.000659s ]
INFO: [ app_begin ] --END-- [ RunTime:0.000793s ]
NOTIC: [2048] Declaration of Home\Controller\BaseController::error() should be compatible with Think\Controller::error($message = '', $jumpUrl = '', $ajax = false) F:\tool\phpstudy\WWW\wkb\Application\Home\Controller\BaseController.class.php 第 38 行.
ERR: 非法操作:index

[ 2018-01-07T14:39:10+08:00 ] 127.0.0.1 /
INFO: [ app_init ] --START--
INFO: Run Behavior\BuildLiteBehavior [ RunTime:0.000039s ]
INFO: [ app_init ] --END-- [ RunTime:0.000633s ]
INFO: [ app_begin ] --START--
INFO: Run Behavior\ReadHtmlCacheBehavior [ RunTime:0.000495s ]
INFO: [ app_begin ] --END-- [ RunTime:0.000619s ]
NOTIC: [2048] Declaration of Home\Controller\BaseController::error() should be compatible with Think\Controller::error($message = '', $jumpUrl = '', $ajax = false) F:\tool\phpstudy\WWW\wkb\Application\Home\Controller\BaseController.class.php 第 38 行.
INFO: [ app_end ] --START--
INFO: Run Behavior\ShowPageTraceBehavior [ RunTime:0.000702s ]
INFO: [ app_end ] --END-- [ RunTime:0.000825s ]

[ 2018-01-07T15:00:11+08:00 ] 127.0.0.1 /index.php/home/index
INFO: [ app_init ] --START--
INFO: Run Behavior\BuildLiteBehavior [ RunTime:0.000054s ]
INFO: [ app_init ] --END-- [ RunTime:0.001098s ]
INFO: [ app_begin ] --START--
INFO: Run Behavior\ReadHtmlCacheBehavior [ RunTime:0.000750s ]
INFO: [ app_begin ] --END-- [ RunTime:0.000942s ]

[ 2018-01-07T15:00:11+08:00 ] 127.0.0.1 /home/login/index.html
INFO: [ app_init ] --START--
INFO: Run Behavior\BuildLiteBehavior [ RunTime:0.000026s ]
INFO: [ app_init ] --END-- [ RunTime:0.000429s ]
INFO: [ app_begin ] --START--
INFO: Run Behavior\ReadHtmlCacheBehavior [ RunTime:0.000440s ]
INFO: [ app_begin ] --END-- [ RunTime:0.000551s ]
ERR: 无法加载控制器:Login

[ 2018-01-07T15:03:03+08:00 ] 127.0.0.1 /index.php/home/index
INFO: [ app_init ] --START--
INFO: Run Behavior\BuildLiteBehavior [ RunTime:0.000053s ]
INFO: [ app_init ] --END-- [ RunTime:0.000565s ]
INFO: [ app_begin ] --START--
INFO: Run Behavior\ReadHtmlCacheBehavior [ RunTime:0.000552s ]
INFO: [ app_begin ] --END-- [ RunTime:0.000669s ]

[ 2018-01-07T15:03:13+08:00 ] 127.0.0.1 /index.php/home/index
INFO: [ app_init ] --START--
INFO: Run Behavior\BuildLiteBehavior [ RunTime:0.000026s ]
INFO: [ app_init ] --END-- [ RunTime:0.000529s ]
INFO: [ app_begin ] --START--
INFO: Run Behavior\ReadHtmlCacheBehavior [ RunTime:0.000487s ]
INFO: [ app_begin ] --END-- [ RunTime:0.000634s ]
ERR: Think\Controller:check_login方法不存在！

[ 2018-01-07T15:03:20+08:00 ] 127.0.0.1 /index.php/home/index
INFO: [ app_init ] --START--
INFO: Run Behavior\BuildLiteBehavior [ RunTime:0.000026s ]
INFO: [ app_init ] --END-- [ RunTime:0.000674s ]
INFO: [ app_begin ] --START--
INFO: Run Behavior\ReadHtmlCacheBehavior [ RunTime:0.000483s ]
INFO: [ app_begin ] --END-- [ RunTime:0.000601s ]
INFO: [ app_end ] --START--
INFO: Run Behavior\ShowPageTraceBehavior [ RunTime:0.000605s ]
INFO: [ app_end ] --END-- [ RunTime:0.000726s ]

[ 2018-01-07T15:04:09+08:00 ] 127.0.0.1 /index.php/home/User/register
INFO: [ app_init ] --START--
INFO: Run Behavior\BuildLiteBehavior [ RunTime:0.000039s ]
INFO: [ app_init ] --END-- [ RunTime:0.000594s ]
INFO: [ app_begin ] --START--
INFO: Run Behavior\ReadHtmlCacheBehavior [ RunTime:0.000663s ]
INFO: [ app_begin ] --END-- [ RunTime:0.000881s ]
SQL: SHOW COLUMNS FROM `user` [ RunTime:0.0042s ]

[ 2018-01-07T15:04:46+08:00 ] 127.0.0.1 /index.php/home/User/register
INFO: [ app_init ] --START--
INFO: Run Behavior\BuildLiteBehavior [ RunTime:0.000027s ]
INFO: [ app_init ] --END-- [ RunTime:0.000473s ]
INFO: [ app_begin ] --START--
INFO: Run Behavior\ReadHtmlCacheBehavior [ RunTime:0.000457s ]
INFO: [ app_begin ] --END-- [ RunTime:0.000576s ]
SQL: SHOW COLUMNS FROM `user` [ RunTime:0.0042s ]
SQL: INSERT INTO `user` (`mobile`,`password`,`create_time`,`last_login_time`,`last_login_ip`) VALUES ('18679354419','04c5543f003f52deba5ce6532587dbf6','1515308686','1515308686','127') [ RunTime:0.0020s ]

[ 2018-01-07T15:07:12+08:00 ] 127.0.0.1 /index.php/home/User/register
INFO: [ app_init ] --START--
INFO: Run Behavior\BuildLiteBehavior [ RunTime:0.000032s ]
INFO: [ app_init ] --END-- [ RunTime:0.000491s ]
INFO: [ app_begin ] --START--
INFO: Run Behavior\ReadHtmlCacheBehavior [ RunTime:0.000641s ]
INFO: [ app_begin ] --END-- [ RunTime:0.000789s ]
SQL: SHOW COLUMNS FROM `user` [ RunTime:0.0039s ]
SQL: INSERT INTO `user` (`mobile`,`salt`,`password`,`create_time`,`last_login_time`,`last_login_ip`) VALUES ('18679354419','E2sq@AuO7hI5LijY%dcfxgWn*','63ae858feeda70331e9bacfdcdf65cd5','1515308832','1515308832','127') [ RunTime:0.0016s ]

[ 2018-01-07T15:08:58+08:00 ] 127.0.0.1 /index.php/home/User/register
INFO: [ app_init ] --START--
INFO: Run Behavior\BuildLiteBehavior [ RunTime:0.000043s ]
INFO: [ app_init ] --END-- [ RunTime:0.001026s ]
INFO: [ app_begin ] --START--
INFO: Run Behavior\ReadHtmlCacheBehavior [ RunTime:0.000463s ]
INFO: [ app_begin ] --END-- [ RunTime:0.000589s ]
SQL: SHOW COLUMNS FROM `user` [ RunTime:0.0038s ]
SQL: SELECT * FROM `user` WHERE `mobile` = '18679354419' LIMIT 1   [ RunTime:0.0023s ]

[ 2018-01-07T15:13:37+08:00 ] 127.0.0.1 /index.php/home/User/login
INFO: [ app_init ] --START--
INFO: Run Behavior\BuildLiteBehavior [ RunTime:0.000026s ]
INFO: [ app_init ] --END-- [ RunTime:0.000499s ]
INFO: [ app_begin ] --START--
INFO: Run Behavior\ReadHtmlCacheBehavior [ RunTime:0.000542s ]
INFO: [ app_begin ] --END-- [ RunTime:0.000678s ]
SQL: SHOW COLUMNS FROM `user` [ RunTime:0.0039s ]
SQL: SELECT * FROM `user` WHERE `mobile` = '18679354419' AND `password` = '24234234' LIMIT 1   [ RunTime:0.0015s ]

[ 2018-01-07T15:13:39+08:00 ] 127.0.0.1 /index.php/home/User/login
INFO: [ app_init ] --START--
INFO: Run Behavior\BuildLiteBehavior [ RunTime:0.000038s ]
INFO: [ app_init ] --END-- [ RunTime:0.000690s ]
INFO: [ app_begin ] --START--
INFO: Run Behavior\ReadHtmlCacheBehavior [ RunTime:0.000954s ]
INFO: [ app_begin ] --END-- [ RunTime:0.001150s ]
SQL: SHOW COLUMNS FROM `user` [ RunTime:0.0039s ]
SQL: SELECT * FROM `user` WHERE `mobile` = '18679354419' AND `password` = '24234234' LIMIT 1   [ RunTime:0.0017s ]

[ 2018-01-07T15:16:40+08:00 ] 127.0.0.1 /index.php/home/User/login
INFO: [ app_init ] --START--
INFO: Run Behavior\BuildLiteBehavior [ RunTime:0.000027s ]
INFO: [ app_init ] --END-- [ RunTime:0.000561s ]
INFO: [ app_begin ] --START--
INFO: Run Behavior\ReadHtmlCacheBehavior [ RunTime:0.001299s ]
INFO: [ app_begin ] --END-- [ RunTime:0.001545s ]
SQL: SHOW COLUMNS FROM `user` [ RunTime:0.0041s ]
SQL: SELECT * FROM `user` WHERE `mobile` = '18679354419' LIMIT 1   [ RunTime:0.0027s ]
SQL: SELECT * FROM `user` WHERE `id` = 2 LIMIT 1   [ RunTime:0.0024s ]

[ 2018-01-07T15:16:45+08:00 ] 127.0.0.1 /index.php/home/User/login
INFO: [ app_init ] --START--
INFO: Run Behavior\BuildLiteBehavior [ RunTime:0.000033s ]
INFO: [ app_init ] --END-- [ RunTime:0.000651s ]
INFO: [ app_begin ] --START--
INFO: Run Behavior\ReadHtmlCacheBehavior [ RunTime:0.000485s ]
INFO: [ app_begin ] --END-- [ RunTime:0.000627s ]
SQL: SHOW COLUMNS FROM `user` [ RunTime:0.0040s ]
SQL: SELECT * FROM `user` WHERE `mobile` = '18679354419' LIMIT 1   [ RunTime:0.0029s ]

[ 2018-01-07T15:16:48+08:00 ] 127.0.0.1 /index.php/home/User/login
INFO: [ app_init ] --START--
INFO: Run Behavior\BuildLiteBehavior [ RunTime:0.000029s ]
INFO: [ app_init ] --END-- [ RunTime:0.000586s ]
INFO: [ app_begin ] --START--
INFO: Run Behavior\ReadHtmlCacheBehavior [ RunTime:0.000476s ]
INFO: [ app_begin ] --END-- [ RunTime:0.000600s ]
SQL: SHOW COLUMNS FROM `user` [ RunTime:0.0041s ]
SQL: SELECT * FROM `user` WHERE `mobile` = '18679354419' LIMIT 1   [ RunTime:0.0020s ]
SQL: SELECT * FROM `user` WHERE `id` = 2 LIMIT 1   [ RunTime:0.0031s ]

[ 2018-01-07T17:54:11+08:00 ] 127.0.0.1 /index.php/home/bag/person
INFO: [ app_init ] --START--
INFO: Run Behavior\BuildLiteBehavior [ RunTime:0.000049s ]
INFO: [ app_init ] --END-- [ RunTime:0.000791s ]
INFO: [ app_begin ] --START--
INFO: Run Behavior\ReadHtmlCacheBehavior [ RunTime:0.000798s ]
INFO: [ app_begin ] --END-- [ RunTime:0.001015s ]
SQL: SHOW COLUMNS FROM `person` [ RunTime:0.0049s ]
SQL: SHOW COLUMNS FROM `person_bag` [ RunTime:0.0051s ]
SQL: SELECT * FROM `person_bag` WHERE `user_id` = null  [ RunTime:0.0014s ]

[ 2018-01-07T17:57:06+08:00 ] 127.0.0.1 /index.php/home/bag/person
INFO: [ app_init ] --START--
INFO: Run Behavior\BuildLiteBehavior [ RunTime:0.000027s ]
INFO: [ app_init ] --END-- [ RunTime:0.000671s ]
INFO: [ app_begin ] --START--
INFO: Run Behavior\ReadHtmlCacheBehavior [ RunTime:0.000621s ]
INFO: [ app_begin ] --END-- [ RunTime:0.000749s ]
SQL: SHOW COLUMNS FROM `person` [ RunTime:0.0055s ]
SQL: SHOW COLUMNS FROM `person_bag` [ RunTime:0.0047s ]
SQL: SELECT * FROM `person_bag` WHERE `user_id` = null  [ RunTime:0.0024s ]

[ 2018-01-07T17:57:27+08:00 ] 127.0.0.1 /index.php/home/User/login
INFO: [ app_init ] --START--
INFO: Run Behavior\BuildLiteBehavior [ RunTime:0.000036s ]
INFO: [ app_init ] --END-- [ RunTime:0.000585s ]
INFO: [ app_begin ] --START--
INFO: Run Behavior\ReadHtmlCacheBehavior [ RunTime:0.000690s ]
INFO: [ app_begin ] --END-- [ RunTime:0.000903s ]
SQL: SHOW COLUMNS FROM `user` [ RunTime:0.0064s ]
SQL: SELECT * FROM `user` WHERE `mobile` = '18679354419' LIMIT 1   [ RunTime:0.0020s ]
SQL: SELECT * FROM `user` WHERE `id` = 2 LIMIT 1   [ RunTime:0.0022s ]

[ 2018-01-07T17:57:33+08:00 ] 127.0.0.1 /index.php/home/bag/person
INFO: [ app_init ] --START--
INFO: Run Behavior\BuildLiteBehavior [ RunTime:0.000027s ]
INFO: [ app_init ] --END-- [ RunTime:0.000452s ]
INFO: [ app_begin ] --START--
INFO: Run Behavior\ReadHtmlCacheBehavior [ RunTime:0.000506s ]
INFO: [ app_begin ] --END-- [ RunTime:0.000697s ]
SQL: SHOW COLUMNS FROM `person` [ RunTime:0.0041s ]
SQL: SHOW COLUMNS FROM `person_bag` [ RunTime:0.0048s ]
SQL: SELECT * FROM `person_bag` WHERE `user_id` = 2  [ RunTime:0.0041s ]

[ 2018-01-07T18:00:24+08:00 ] 127.0.0.1 /index.php/home/bag/person
INFO: [ app_init ] --START--
INFO: Run Behavior\BuildLiteBehavior [ RunTime:0.000027s ]
INFO: [ app_init ] --END-- [ RunTime:0.000573s ]
INFO: [ app_begin ] --START--
INFO: Run Behavior\ReadHtmlCacheBehavior [ RunTime:0.000558s ]
INFO: [ app_begin ] --END-- [ RunTime:0.000720s ]
SQL: SHOW COLUMNS FROM `person` [ RunTime:0.0047s ]
SQL: SHOW COLUMNS FROM `person_bag` [ RunTime:0.0110s ]
SQL: SELECT * FROM `person_bag` WHERE `user_id` = 2  [ RunTime:0.0029s ]

[ 2018-01-07T18:06:15+08:00 ] 127.0.0.1 /index.php/home/bag/person
INFO: [ app_init ] --START--
INFO: Run Behavior\BuildLiteBehavior [ RunTime:0.000054s ]
INFO: [ app_init ] --END-- [ RunTime:0.000493s ]
INFO: [ app_begin ] --START--
INFO: Run Behavior\ReadHtmlCacheBehavior [ RunTime:0.000532s ]
INFO: [ app_begin ] --END-- [ RunTime:0.000721s ]
SQL: SHOW COLUMNS FROM `person` [ RunTime:0.0057s ]
SQL: SHOW COLUMNS FROM `person_bag` [ RunTime:0.0047s ]
ERR: 1064:You have an error in your SQL syntax; check the manual that corresponds to your MySQL server version for the right syntax to use near 'person_bag.person_name,person.person_img,person.person_property,person.person_ca' at line 1
 [ SQL语句 ] : SELECT person *,person_bag.person_name,person.person_img,person.person_property,person.person_capacity FROM `person_bag` left join person on person_bag.person_id = person.id  WHERE `user_id` = '2' 
ERR: 1064:You have an error in your SQL syntax; check the manual that corresponds to your MySQL server version for the right syntax to use near 'person_bag.person_name,person.person_img,person.person_property,person.person_ca' at line 1
 [ SQL语句 ] : SELECT person *,person_bag.person_name,person.person_img,person.person_property,person.person_capacity FROM `person_bag` left join person on person_bag.person_id = person.id  WHERE `user_id` = '2' 

[ 2018-01-07T18:06:37+08:00 ] 127.0.0.1 /index.php/home/bag/person
INFO: [ app_init ] --START--
INFO: Run Behavior\BuildLiteBehavior [ RunTime:0.000042s ]
INFO: [ app_init ] --END-- [ RunTime:0.000601s ]
INFO: [ app_begin ] --START--
INFO: Run Behavior\ReadHtmlCacheBehavior [ RunTime:0.000733s ]
INFO: [ app_begin ] --END-- [ RunTime:0.000939s ]
SQL: SHOW COLUMNS FROM `person` [ RunTime:0.0054s ]
SQL: SHOW COLUMNS FROM `person_bag` [ RunTime:0.0045s ]
ERR: 1054:Unknown column 'person_bag.person_name' in 'field list'
 [ SQL语句 ] : SELECT person.*,person_bag.person_name,person.person_img,person.person_property,person.person_capacity FROM `person_bag` left join person on person_bag.person_id = person.id  WHERE `user_id` = '2' 
ERR: 1054:Unknown column 'person_bag.person_name' in 'field list'
 [ SQL语句 ] : SELECT person.*,person_bag.person_name,person.person_img,person.person_property,person.person_capacity FROM `person_bag` left join person on person_bag.person_id = person.id  WHERE `user_id` = '2' 

[ 2018-01-07T18:06:49+08:00 ] 127.0.0.1 /index.php/home/bag/person
INFO: [ app_init ] --START--
INFO: Run Behavior\BuildLiteBehavior [ RunTime:0.000037s ]
INFO: [ app_init ] --END-- [ RunTime:0.000640s ]
INFO: [ app_begin ] --START--
INFO: Run Behavior\ReadHtmlCacheBehavior [ RunTime:0.000622s ]
INFO: [ app_begin ] --END-- [ RunTime:0.000782s ]
SQL: SHOW COLUMNS FROM `person` [ RunTime:0.0044s ]
SQL: SHOW COLUMNS FROM `person_bag` [ RunTime:0.0050s ]
ERR: 1054:Unknown column 'person_bag.person_name' in 'field list'
 [ SQL语句 ] : SELECT person_bag.*,person_bag.person_name,person.person_img,person.person_property,person.person_capacity FROM `person_bag` left join person on person_bag.person_id = person.id  WHERE `user_id` = '2' 
ERR: 1054:Unknown column 'person_bag.person_name' in 'field list'
 [ SQL语句 ] : SELECT person_bag.*,person_bag.person_name,person.person_img,person.person_property,person.person_capacity FROM `person_bag` left join person on person_bag.person_id = person.id  WHERE `user_id` = '2' 

[ 2018-01-07T18:06:57+08:00 ] 127.0.0.1 /index.php/home/bag/person
INFO: [ app_init ] --START--
INFO: Run Behavior\BuildLiteBehavior [ RunTime:0.000025s ]
INFO: [ app_init ] --END-- [ RunTime:0.000456s ]
INFO: [ app_begin ] --START--
INFO: Run Behavior\ReadHtmlCacheBehavior [ RunTime:0.000576s ]
INFO: [ app_begin ] --END-- [ RunTime:0.000735s ]
SQL: SHOW COLUMNS FROM `person` [ RunTime:0.0054s ]
SQL: SHOW COLUMNS FROM `person_bag` [ RunTime:0.0061s ]
SQL: SELECT person_bag.*,person.person_name,person.person_img,person.person_property,person.person_capacity FROM `person_bag` left join person on person_bag.person_id = person.id  WHERE `user_id` = '2'  [ RunTime:0.0028s ]

[ 2018-01-07T22:42:57+08:00 ] 127.0.0.1 /index.php/home/bag/person
INFO: [ app_init ] --START--
INFO: Run Behavior\BuildLiteBehavior [ RunTime:0.000040s ]
INFO: [ app_init ] --END-- [ RunTime:0.000751s ]
INFO: [ app_begin ] --START--
INFO: Run Behavior\ReadHtmlCacheBehavior [ RunTime:0.000864s ]
INFO: [ app_begin ] --END-- [ RunTime:0.001076s ]
SQL: SHOW COLUMNS FROM `person` [ RunTime:0.0041s ]
SQL: SHOW COLUMNS FROM `person_bag` [ RunTime:0.0044s ]
SQL: SELECT person_bag.*,person.person_name,person.person_img,person.person_property,person.person_capacity FROM `person_bag` left join person on person_bag.person_id = person.id  WHERE `user_id` = '2'  [ RunTime:0.0016s ]

[ 2018-01-07T22:44:24+08:00 ] 127.0.0.1 /index.php/home/bag/person
INFO: [ app_init ] --START--
INFO: Run Behavior\BuildLiteBehavior [ RunTime:0.000042s ]
INFO: [ app_init ] --END-- [ RunTime:0.000656s ]
INFO: [ app_begin ] --START--
INFO: Run Behavior\ReadHtmlCacheBehavior [ RunTime:0.000745s ]
INFO: [ app_begin ] --END-- [ RunTime:0.000959s ]
SQL: SHOW COLUMNS FROM `person` [ RunTime:0.0051s ]
SQL: SHOW COLUMNS FROM `person_bag` [ RunTime:0.0060s ]
SQL: SELECT person_bag.*,person.person_name,person.person_img,person.person_property,person.person_capacity FROM `person_bag` left join person on person_bag.person_id = person.id  WHERE `user_id` = '2'  [ RunTime:0.0017s ]

[ 2018-01-07T23:28:15+08:00 ] 127.0.0.1 /index.php/home/user/login
INFO: [ app_init ] --START--
INFO: Run Behavior\BuildLiteBehavior [ RunTime:0.000043s ]
INFO: [ app_init ] --END-- [ RunTime:0.000793s ]
INFO: [ app_begin ] --START--
INFO: Run Behavior\ReadHtmlCacheBehavior [ RunTime:0.001131s ]
INFO: [ app_begin ] --END-- [ RunTime:0.001332s ]
SQL: SHOW COLUMNS FROM `user` [ RunTime:0.0053s ]
SQL: SELECT * FROM `user` WHERE `mobile` = '18679354419' LIMIT 1   [ RunTime:0.0018s ]
SQL: SELECT * FROM `user` WHERE `id` = 2 LIMIT 1   [ RunTime:0.0018s ]
SQL: SHOW COLUMNS FROM `user_log` [ RunTime:0.0047s ]
SQL: INSERT INTO `user_log` (`user_id`,`time`,`msg`) VALUES ('2','1515338895','ip127.0.0.1登陆成功!') [ RunTime:0.0022s ]

