[ 2018-01-06T17:23:13+08:00 ] 127.0.0.1 /
INFO: [ app_init ] --START--
INFO: Run Behavior\BuildLiteBehavior [ RunTime:0.000000s ]
INFO: [ app_init ] --END-- [ RunTime:0.000000s ]
INFO: [ app_begin ] --START--
INFO: Run Behavior\ReadHtmlCacheBehavior [ RunTime:0.000000s ]
INFO: [ app_begin ] --END-- [ RunTime:0.000000s ]
NOTIC: [2] Declaration of Home\Controller\BaseController::error($msg) should be compatible with Think\Controller::error($message = '', $jumpUrl = '', $ajax = false) D:\phpStudy\WWW\wkb\Application\Home\Controller\BaseController.class.php 第 38 行.
INFO: [ view_parse ] --START--
INFO: [ template_filter ] --START--
INFO: Run Behavior\ContentReplaceBehavior [ RunTime:0.000000s ]
INFO: [ template_filter ] --END-- [ RunTime:0.000000s ]
NOTIC: [8] Undefined variable: price D:\phpStudy\WWW\wkb\Application\Runtime\Cache\Home\2a94b8bda04ff446dcedd42276fc99ee.php 第 98 行.
NOTIC: [8] Undefined variable: token D:\phpStudy\WWW\wkb\Application\Runtime\Cache\Home\2a94b8bda04ff446dcedd42276fc99ee.php 第 151 行.
NOTIC: [8] Undefined variable: price D:\phpStudy\WWW\wkb\Application\Runtime\Cache\Home\2a94b8bda04ff446dcedd42276fc99ee.php 第 168 行.
NOTIC: [8] Undefined variable: token D:\phpStudy\WWW\wkb\Application\Runtime\Cache\Home\2a94b8bda04ff446dcedd42276fc99ee.php 第 263 行.
NOTIC: [8] Undefined variable: clickNum D:\phpStudy\WWW\wkb\Application\Runtime\Cache\Home\2a94b8bda04ff446dcedd42276fc99ee.php 第 315 行.
NOTIC: [8] Undefined variable: price D:\phpStudy\WWW\wkb\Application\Runtime\Cache\Home\2a94b8bda04ff446dcedd42276fc99ee.php 第 538 行.
NOTIC: [8] Undefined variable: price D:\phpStudy\WWW\wkb\Application\Runtime\Cache\Home\2a94b8bda04ff446dcedd42276fc99ee.php 第 545 行.
NOTIC: [8] Undefined variable: price D:\phpStudy\WWW\wkb\Application\Runtime\Cache\Home\2a94b8bda04ff446dcedd42276fc99ee.php 第 548 行.
NOTIC: [8] Undefined variable: price D:\phpStudy\WWW\wkb\Application\Runtime\Cache\Home\2a94b8bda04ff446dcedd42276fc99ee.php 第 556 行.
NOTIC: [8] Undefined variable: clickNum D:\phpStudy\WWW\wkb\Application\Runtime\Cache\Home\2a94b8bda04ff446dcedd42276fc99ee.php 第 559 行.
INFO: Run Behavior\ParseTemplateBehavior [ RunTime:0.006000s ]
INFO: [ view_parse ] --END-- [ RunTime:0.006000s ]
INFO: [ view_filter ] --START--
INFO: Run Behavior\WriteHtmlCacheBehavior [ RunTime:0.001000s ]
INFO: [ view_filter ] --END-- [ RunTime:0.001000s ]
INFO: [ app_end ] --START--
INFO: Run Behavior\ShowPageTraceBehavior [ RunTime:0.000000s ]
INFO: [ app_end ] --END-- [ RunTime:0.000000s ]

[ 2018-01-06T17:23:14+08:00 ] 127.0.0.1 /Home/Index/vcode.html
INFO: [ app_init ] --START--
INFO: Run Behavior\BuildLiteBehavior [ RunTime:0.000000s ]
INFO: [ app_init ] --END-- [ RunTime:0.000000s ]
INFO: [ app_begin ] --START--
INFO: Run Behavior\ReadHtmlCacheBehavior [ RunTime:0.001000s ]
INFO: [ app_begin ] --END-- [ RunTime:0.001000s ]
NOTIC: [2] Declaration of Home\Controller\BaseController::error($msg) should be compatible with Think\Controller::error($message = '', $jumpUrl = '', $ajax = false) D:\phpStudy\WWW\wkb\Application\Home\Controller\BaseController.class.php 第 38 行.
ERR: 非法操作:vcode

[ 2018-01-06T21:19:15+08:00 ] 127.0.0.1 /
INFO: [ app_init ] --START--
INFO: Run Behavior\BuildLiteBehavior [ RunTime:0.000000s ]
INFO: [ app_init ] --END-- [ RunTime:0.000000s ]
INFO: [ app_begin ] --START--
INFO: Run Behavior\ReadHtmlCacheBehavior [ RunTime:0.002000s ]
INFO: [ app_begin ] --END-- [ RunTime:0.002000s ]
NOTIC: [2] Declaration of Home\Controller\BaseController::error($msg) should be compatible with Think\Controller::error($message = '', $jumpUrl = '', $ajax = false) D:\phpStudy\WWW\wkb\Application\Home\Controller\BaseController.class.php 第 38 行.
INFO: [ view_parse ] --START--
INFO: [ template_filter ] --START--
INFO: Run Behavior\ContentReplaceBehavior [ RunTime:0.000000s ]
INFO: [ template_filter ] --END-- [ RunTime:0.000000s ]
NOTIC: [8] Undefined variable: price D:\phpStudy\WWW\wkb\Application\Runtime\Cache\Home\2a94b8bda04ff446dcedd42276fc99ee.php 第 98 行.
NOTIC: [8] Undefined variable: token D:\phpStudy\WWW\wkb\Application\Runtime\Cache\Home\2a94b8bda04ff446dcedd42276fc99ee.php 第 151 行.
NOTIC: [8] Undefined variable: price D:\phpStudy\WWW\wkb\Application\Runtime\Cache\Home\2a94b8bda04ff446dcedd42276fc99ee.php 第 168 行.
NOTIC: [8] Undefined variable: token D:\phpStudy\WWW\wkb\Application\Runtime\Cache\Home\2a94b8bda04ff446dcedd42276fc99ee.php 第 263 行.
NOTIC: [8] Undefined variable: clickNum D:\phpStudy\WWW\wkb\Application\Runtime\Cache\Home\2a94b8bda04ff446dcedd42276fc99ee.php 第 315 行.
NOTIC: [8] Undefined variable: price D:\phpStudy\WWW\wkb\Application\Runtime\Cache\Home\2a94b8bda04ff446dcedd42276fc99ee.php 第 538 行.
NOTIC: [8] Undefined variable: price D:\phpStudy\WWW\wkb\Application\Runtime\Cache\Home\2a94b8bda04ff446dcedd42276fc99ee.php 第 545 行.
NOTIC: [8] Undefined variable: price D:\phpStudy\WWW\wkb\Application\Runtime\Cache\Home\2a94b8bda04ff446dcedd42276fc99ee.php 第 548 行.
NOTIC: [8] Undefined variable: price D:\phpStudy\WWW\wkb\Application\Runtime\Cache\Home\2a94b8bda04ff446dcedd42276fc99ee.php 第 556 行.
NOTIC: [8] Undefined variable: clickNum D:\phpStudy\WWW\wkb\Application\Runtime\Cache\Home\2a94b8bda04ff446dcedd42276fc99ee.php 第 559 行.
INFO: Run Behavior\ParseTemplateBehavior [ RunTime:0.008000s ]
INFO: [ view_parse ] --END-- [ RunTime:0.008000s ]
INFO: [ view_filter ] --START--
INFO: Run Behavior\WriteHtmlCacheBehavior [ RunTime:0.000000s ]
INFO: [ view_filter ] --END-- [ RunTime:0.000000s ]
INFO: [ app_end ] --START--
INFO: Run Behavior\ShowPageTraceBehavior [ RunTime:0.000000s ]
INFO: [ app_end ] --END-- [ RunTime:0.000000s ]

[ 2018-01-06T21:19:15+08:00 ] 127.0.0.1 /Home/Index/vcode.html
INFO: [ app_init ] --START--
INFO: Run Behavior\BuildLiteBehavior [ RunTime:0.000000s ]
INFO: [ app_init ] --END-- [ RunTime:0.000000s ]
INFO: [ app_begin ] --START--
INFO: Run Behavior\ReadHtmlCacheBehavior [ RunTime:0.000000s ]
INFO: [ app_begin ] --END-- [ RunTime:0.000000s ]
NOTIC: [2] Declaration of Home\Controller\BaseController::error($msg) should be compatible with Think\Controller::error($message = '', $jumpUrl = '', $ajax = false) D:\phpStudy\WWW\wkb\Application\Home\Controller\BaseController.class.php 第 38 行.
ERR: 非法操作:vcode

[ 2018-01-06T21:21:46+08:00 ] 127.0.0.1 /
INFO: [ app_init ] --START--
INFO: Run Behavior\BuildLiteBehavior [ RunTime:0.000000s ]
INFO: [ app_init ] --END-- [ RunTime:0.001000s ]
INFO: [ app_begin ] --START--
INFO: Run Behavior\ReadHtmlCacheBehavior [ RunTime:0.001000s ]
INFO: [ app_begin ] --END-- [ RunTime:0.001000s ]
NOTIC: [2] Declaration of Home\Controller\BaseController::error($msg) should be compatible with Think\Controller::error($message = '', $jumpUrl = '', $ajax = false) D:\phpStudy\WWW\wkb\Application\Home\Controller\BaseController.class.php 第 38 行.
INFO: [ view_parse ] --START--
INFO: [ template_filter ] --START--
INFO: Run Behavior\ContentReplaceBehavior [ RunTime:0.000000s ]
INFO: [ template_filter ] --END-- [ RunTime:0.000000s ]
NOTIC: [8] Undefined variable: price D:\phpStudy\WWW\wkb\Application\Runtime\Cache\Home\2a94b8bda04ff446dcedd42276fc99ee.php 第 98 行.
NOTIC: [8] Undefined variable: token D:\phpStudy\WWW\wkb\Application\Runtime\Cache\Home\2a94b8bda04ff446dcedd42276fc99ee.php 第 151 行.
NOTIC: [8] Undefined variable: price D:\phpStudy\WWW\wkb\Application\Runtime\Cache\Home\2a94b8bda04ff446dcedd42276fc99ee.php 第 168 行.
NOTIC: [8] Undefined variable: token D:\phpStudy\WWW\wkb\Application\Runtime\Cache\Home\2a94b8bda04ff446dcedd42276fc99ee.php 第 263 行.
NOTIC: [8] Undefined variable: clickNum D:\phpStudy\WWW\wkb\Application\Runtime\Cache\Home\2a94b8bda04ff446dcedd42276fc99ee.php 第 315 行.
NOTIC: [8] Undefined variable: price D:\phpStudy\WWW\wkb\Application\Runtime\Cache\Home\2a94b8bda04ff446dcedd42276fc99ee.php 第 538 行.
NOTIC: [8] Undefined variable: price D:\phpStudy\WWW\wkb\Application\Runtime\Cache\Home\2a94b8bda04ff446dcedd42276fc99ee.php 第 545 行.
NOTIC: [8] Undefined variable: price D:\phpStudy\WWW\wkb\Application\Runtime\Cache\Home\2a94b8bda04ff446dcedd42276fc99ee.php 第 548 行.
NOTIC: [8] Undefined variable: price D:\phpStudy\WWW\wkb\Application\Runtime\Cache\Home\2a94b8bda04ff446dcedd42276fc99ee.php 第 556 行.
NOTIC: [8] Undefined variable: clickNum D:\phpStudy\WWW\wkb\Application\Runtime\Cache\Home\2a94b8bda04ff446dcedd42276fc99ee.php 第 559 行.
INFO: Run Behavior\ParseTemplateBehavior [ RunTime:0.006000s ]
INFO: [ view_parse ] --END-- [ RunTime:0.006000s ]
INFO: [ view_filter ] --START--
INFO: Run Behavior\WriteHtmlCacheBehavior [ RunTime:0.000000s ]
INFO: [ view_filter ] --END-- [ RunTime:0.000000s ]
INFO: [ app_end ] --START--
INFO: Run Behavior\ShowPageTraceBehavior [ RunTime:0.001000s ]
INFO: [ app_end ] --END-- [ RunTime:0.001000s ]

[ 2018-01-06T21:21:46+08:00 ] 127.0.0.1 /Home/Index/vcode.html
INFO: [ app_init ] --START--
INFO: Run Behavior\BuildLiteBehavior [ RunTime:0.000000s ]
INFO: [ app_init ] --END-- [ RunTime:0.000000s ]
INFO: [ app_begin ] --START--
INFO: Run Behavior\ReadHtmlCacheBehavior [ RunTime:0.000000s ]
INFO: [ app_begin ] --END-- [ RunTime:0.000000s ]
NOTIC: [2] Declaration of Home\Controller\BaseController::error($msg) should be compatible with Think\Controller::error($message = '', $jumpUrl = '', $ajax = false) D:\phpStudy\WWW\wkb\Application\Home\Controller\BaseController.class.php 第 38 行.
ERR: 非法操作:vcode

