[ 2017-12-03T10:38:19+08:00 ] 127.0.0.1 /favicon.ico
INFO: [ app_init ] --START--
INFO: Run Behavior\BuildLiteBehavior [ RunTime:0.000039s ]
INFO: [ app_init ] --END-- [ RunTime:0.000568s ]
NOTIC: [8] Constant NOFILE_CD already defined F:\tool\phpstudy\WWW\dbspapi.dbkan.com\Application\Common\Conf\messagecd.php 第 31 行.
NOTIC: [8] Constant NOFILE_MSG already defined F:\tool\phpstudy\WWW\dbspapi.dbkan.com\Application\Common\Conf\messagecd.php 第 32 行.
ERR: 无法加载模块:Favicon

[ 2017-12-03T10:44:48+08:00 ] 127.0.0.1 /Public/js/jquery.validate.js
INFO: [ app_init ] --START--
INFO: Run Behavior\BuildLiteBehavior [ RunTime:0.000047s ]
INFO: [ app_init ] --END-- [ RunTime:0.000749s ]
NOTIC: [8] Constant NOFILE_CD already defined F:\tool\phpstudy\WWW\dbspapi.dbkan.com\Application\Common\Conf\messagecd.php 第 31 行.
NOTIC: [8] Constant NOFILE_MSG already defined F:\tool\phpstudy\WWW\dbspapi.dbkan.com\Application\Common\Conf\messagecd.php 第 32 行.
ERR: 无法加载模块:Public

[ 2017-12-03T10:44:58+08:00 ] 127.0.0.1 /Public/js/jquery.validate.js
INFO: [ app_init ] --START--
INFO: Run Behavior\BuildLiteBehavior [ RunTime:0.000030s ]
INFO: [ app_init ] --END-- [ RunTime:0.000426s ]
NOTIC: [8] Constant NOFILE_CD already defined F:\tool\phpstudy\WWW\dbspapi.dbkan.com\Application\Common\Conf\messagecd.php 第 31 行.
NOTIC: [8] Constant NOFILE_MSG already defined F:\tool\phpstudy\WWW\dbspapi.dbkan.com\Application\Common\Conf\messagecd.php 第 32 行.
ERR: 无法加载模块:Public

[ 2017-12-03T11:03:18+08:00 ] 127.0.0.1 /favicon.ico
INFO: [ app_init ] --START--
INFO: Run Behavior\BuildLiteBehavior [ RunTime:0.000044s ]
INFO: [ app_init ] --END-- [ RunTime:0.000574s ]
NOTIC: [8] Constant NOFILE_CD already defined F:\tool\phpstudy\WWW\dbspapi.dbkan.com\Application\Common\Conf\messagecd.php 第 31 行.
NOTIC: [8] Constant NOFILE_MSG already defined F:\tool\phpstudy\WWW\dbspapi.dbkan.com\Application\Common\Conf\messagecd.php 第 32 行.
ERR: 无法加载模块:Favicon

[ 2017-12-03T11:05:52+08:00 ] 127.0.0.1 /favicon.ico
INFO: [ app_init ] --START--
INFO: Run Behavior\BuildLiteBehavior [ RunTime:0.000026s ]
INFO: [ app_init ] --END-- [ RunTime:0.000444s ]
NOTIC: [8] Constant NOFILE_CD already defined F:\tool\phpstudy\WWW\dbspapi.dbkan.com\Application\Common\Conf\messagecd.php 第 31 行.
NOTIC: [8] Constant NOFILE_MSG already defined F:\tool\phpstudy\WWW\dbspapi.dbkan.com\Application\Common\Conf\messagecd.php 第 32 行.
ERR: 无法加载模块:Favicon

[ 2017-12-03T11:06:13+08:00 ] 127.0.0.1 /favicon.ico
INFO: [ app_init ] --START--
INFO: Run Behavior\BuildLiteBehavior [ RunTime:0.000041s ]
INFO: [ app_init ] --END-- [ RunTime:0.000580s ]
NOTIC: [8] Constant NOFILE_CD already defined F:\tool\phpstudy\WWW\dbspapi.dbkan.com\Application\Common\Conf\messagecd.php 第 31 行.
NOTIC: [8] Constant NOFILE_MSG already defined F:\tool\phpstudy\WWW\dbspapi.dbkan.com\Application\Common\Conf\messagecd.php 第 32 行.
ERR: 无法加载模块:Favicon

[ 2017-12-03T11:07:12+08:00 ] 127.0.0.1 /favicon.ico
INFO: [ app_init ] --START--
INFO: Run Behavior\BuildLiteBehavior [ RunTime:0.000040s ]
INFO: [ app_init ] --END-- [ RunTime:0.000554s ]
NOTIC: [8] Constant NOFILE_CD already defined F:\tool\phpstudy\WWW\dbspapi.dbkan.com\Application\Common\Conf\messagecd.php 第 31 行.
NOTIC: [8] Constant NOFILE_MSG already defined F:\tool\phpstudy\WWW\dbspapi.dbkan.com\Application\Common\Conf\messagecd.php 第 32 行.
ERR: 无法加载模块:Favicon

[ 2017-12-03T11:09:27+08:00 ] 127.0.0.1 /favicon.ico
INFO: [ app_init ] --START--
INFO: Run Behavior\BuildLiteBehavior [ RunTime:0.000039s ]
INFO: [ app_init ] --END-- [ RunTime:0.000565s ]
NOTIC: [8] Constant NOFILE_CD already defined F:\tool\phpstudy\WWW\dbspapi.dbkan.com\Application\Common\Conf\messagecd.php 第 31 行.
NOTIC: [8] Constant NOFILE_MSG already defined F:\tool\phpstudy\WWW\dbspapi.dbkan.com\Application\Common\Conf\messagecd.php 第 32 行.
ERR: 无法加载模块:Favicon

[ 2017-12-03T11:10:42+08:00 ] 127.0.0.1 /favicon.ico
INFO: [ app_init ] --START--
INFO: Run Behavior\BuildLiteBehavior [ RunTime:0.000041s ]
INFO: [ app_init ] --END-- [ RunTime:0.000673s ]
NOTIC: [8] Constant NOFILE_CD already defined F:\tool\phpstudy\WWW\dbspapi.dbkan.com\Application\Common\Conf\messagecd.php 第 31 行.
NOTIC: [8] Constant NOFILE_MSG already defined F:\tool\phpstudy\WWW\dbspapi.dbkan.com\Application\Common\Conf\messagecd.php 第 32 行.
ERR: 无法加载模块:Favicon

[ 2017-12-03T11:14:06+08:00 ] 127.0.0.1 /favicon.ico
INFO: [ app_init ] --START--
INFO: Run Behavior\BuildLiteBehavior [ RunTime:0.000046s ]
INFO: [ app_init ] --END-- [ RunTime:0.000646s ]
NOTIC: [8] Constant NOFILE_CD already defined F:\tool\phpstudy\WWW\dbspapi.dbkan.com\Application\Common\Conf\messagecd.php 第 31 行.
NOTIC: [8] Constant NOFILE_MSG already defined F:\tool\phpstudy\WWW\dbspapi.dbkan.com\Application\Common\Conf\messagecd.php 第 32 行.
ERR: 无法加载模块:Favicon

[ 2017-12-03T11:15:10+08:00 ] 127.0.0.1 /favicon.ico
INFO: [ app_init ] --START--
INFO: Run Behavior\BuildLiteBehavior [ RunTime:0.000045s ]
INFO: [ app_init ] --END-- [ RunTime:0.000720s ]
NOTIC: [8] Constant NOFILE_CD already defined F:\tool\phpstudy\WWW\dbspapi.dbkan.com\Application\Common\Conf\messagecd.php 第 31 行.
NOTIC: [8] Constant NOFILE_MSG already defined F:\tool\phpstudy\WWW\dbspapi.dbkan.com\Application\Common\Conf\messagecd.php 第 32 行.
ERR: 无法加载模块:Favicon

[ 2017-12-03T11:18:30+08:00 ] 127.0.0.1 /favicon.ico
INFO: [ app_init ] --START--
INFO: Run Behavior\BuildLiteBehavior [ RunTime:0.000039s ]
INFO: [ app_init ] --END-- [ RunTime:0.000659s ]
NOTIC: [8] Constant NOFILE_CD already defined F:\tool\phpstudy\WWW\dbspapi.dbkan.com\Application\Common\Conf\messagecd.php 第 31 行.
NOTIC: [8] Constant NOFILE_MSG already defined F:\tool\phpstudy\WWW\dbspapi.dbkan.com\Application\Common\Conf\messagecd.php 第 32 行.
ERR: 无法加载模块:Favicon

[ 2017-12-03T11:19:43+08:00 ] 127.0.0.1 /favicon.ico
INFO: [ app_init ] --START--
INFO: Run Behavior\BuildLiteBehavior [ RunTime:0.000039s ]
INFO: [ app_init ] --END-- [ RunTime:0.000594s ]
NOTIC: [8] Constant NOFILE_CD already defined F:\tool\phpstudy\WWW\dbspapi.dbkan.com\Application\Common\Conf\messagecd.php 第 31 行.
NOTIC: [8] Constant NOFILE_MSG already defined F:\tool\phpstudy\WWW\dbspapi.dbkan.com\Application\Common\Conf\messagecd.php 第 32 行.
ERR: 无法加载模块:Favicon

[ 2017-12-03T11:20:00+08:00 ] 127.0.0.1 /favicon.ico
INFO: [ app_init ] --START--
INFO: Run Behavior\BuildLiteBehavior [ RunTime:0.000038s ]
INFO: [ app_init ] --END-- [ RunTime:0.000680s ]
NOTIC: [8] Constant NOFILE_CD already defined F:\tool\phpstudy\WWW\dbspapi.dbkan.com\Application\Common\Conf\messagecd.php 第 31 行.
NOTIC: [8] Constant NOFILE_MSG already defined F:\tool\phpstudy\WWW\dbspapi.dbkan.com\Application\Common\Conf\messagecd.php 第 32 行.
ERR: 无法加载模块:Favicon

[ 2017-12-03T11:21:50+08:00 ] 127.0.0.1 /favicon.ico
INFO: [ app_init ] --START--
INFO: Run Behavior\BuildLiteBehavior [ RunTime:0.000039s ]
INFO: [ app_init ] --END-- [ RunTime:0.000615s ]
NOTIC: [8] Constant NOFILE_CD already defined F:\tool\phpstudy\WWW\dbspapi.dbkan.com\Application\Common\Conf\messagecd.php 第 31 行.
NOTIC: [8] Constant NOFILE_MSG already defined F:\tool\phpstudy\WWW\dbspapi.dbkan.com\Application\Common\Conf\messagecd.php 第 32 行.
ERR: 无法加载模块:Favicon

[ 2017-12-03T11:23:18+08:00 ] 127.0.0.1 /favicon.ico
INFO: [ app_init ] --START--
INFO: Run Behavior\BuildLiteBehavior [ RunTime:0.000041s ]
INFO: [ app_init ] --END-- [ RunTime:0.000654s ]
NOTIC: [8] Constant NOFILE_CD already defined F:\tool\phpstudy\WWW\dbspapi.dbkan.com\Application\Common\Conf\messagecd.php 第 31 行.
NOTIC: [8] Constant NOFILE_MSG already defined F:\tool\phpstudy\WWW\dbspapi.dbkan.com\Application\Common\Conf\messagecd.php 第 32 行.
ERR: 无法加载模块:Favicon

[ 2017-12-03T11:23:22+08:00 ] 127.0.0.1 /false.png
INFO: [ app_init ] --START--
INFO: Run Behavior\BuildLiteBehavior [ RunTime:0.000037s ]
INFO: [ app_init ] --END-- [ RunTime:0.000544s ]
NOTIC: [8] Constant NOFILE_CD already defined F:\tool\phpstudy\WWW\dbspapi.dbkan.com\Application\Common\Conf\messagecd.php 第 31 行.
NOTIC: [8] Constant NOFILE_MSG already defined F:\tool\phpstudy\WWW\dbspapi.dbkan.com\Application\Common\Conf\messagecd.php 第 32 行.
ERR: 无法加载模块:False

[ 2017-12-03T11:25:20+08:00 ] 127.0.0.1 /favicon.ico
INFO: [ app_init ] --START--
INFO: Run Behavior\BuildLiteBehavior [ RunTime:0.000036s ]
INFO: [ app_init ] --END-- [ RunTime:0.000425s ]
NOTIC: [8] Constant NOFILE_CD already defined F:\tool\phpstudy\WWW\dbspapi.dbkan.com\Application\Common\Conf\messagecd.php 第 31 行.
NOTIC: [8] Constant NOFILE_MSG already defined F:\tool\phpstudy\WWW\dbspapi.dbkan.com\Application\Common\Conf\messagecd.php 第 32 行.
ERR: 无法加载模块:Favicon

[ 2017-12-03T11:25:21+08:00 ] 127.0.0.1 /false.png
INFO: [ app_init ] --START--
INFO: Run Behavior\BuildLiteBehavior [ RunTime:0.000026s ]
INFO: [ app_init ] --END-- [ RunTime:0.000631s ]
NOTIC: [8] Constant NOFILE_CD already defined F:\tool\phpstudy\WWW\dbspapi.dbkan.com\Application\Common\Conf\messagecd.php 第 31 行.
NOTIC: [8] Constant NOFILE_MSG already defined F:\tool\phpstudy\WWW\dbspapi.dbkan.com\Application\Common\Conf\messagecd.php 第 32 行.
ERR: 无法加载模块:False

[ 2017-12-03T11:27:05+08:00 ] 127.0.0.1 /favicon.ico
INFO: [ app_init ] --START--
INFO: Run Behavior\BuildLiteBehavior [ RunTime:0.000024s ]
INFO: [ app_init ] --END-- [ RunTime:0.000374s ]
NOTIC: [8] Constant NOFILE_CD already defined F:\tool\phpstudy\WWW\dbspapi.dbkan.com\Application\Common\Conf\messagecd.php 第 31 行.
NOTIC: [8] Constant NOFILE_MSG already defined F:\tool\phpstudy\WWW\dbspapi.dbkan.com\Application\Common\Conf\messagecd.php 第 32 行.
ERR: 无法加载模块:Favicon

[ 2017-12-03T11:27:13+08:00 ] 127.0.0.1 /false.png
INFO: [ app_init ] --START--
INFO: Run Behavior\BuildLiteBehavior [ RunTime:0.000026s ]
INFO: [ app_init ] --END-- [ RunTime:0.000407s ]
NOTIC: [8] Constant NOFILE_CD already defined F:\tool\phpstudy\WWW\dbspapi.dbkan.com\Application\Common\Conf\messagecd.php 第 31 行.
NOTIC: [8] Constant NOFILE_MSG already defined F:\tool\phpstudy\WWW\dbspapi.dbkan.com\Application\Common\Conf\messagecd.php 第 32 行.
ERR: 无法加载模块:False

[ 2017-12-03T11:29:51+08:00 ] 127.0.0.1 /favicon.ico
INFO: [ app_init ] --START--
INFO: Run Behavior\BuildLiteBehavior [ RunTime:0.000039s ]
INFO: [ app_init ] --END-- [ RunTime:0.000660s ]
NOTIC: [8] Constant NOFILE_CD already defined F:\tool\phpstudy\WWW\dbspapi.dbkan.com\Application\Common\Conf\messagecd.php 第 31 行.
NOTIC: [8] Constant NOFILE_MSG already defined F:\tool\phpstudy\WWW\dbspapi.dbkan.com\Application\Common\Conf\messagecd.php 第 32 行.
ERR: 无法加载模块:Favicon

[ 2017-12-03T11:29:55+08:00 ] 127.0.0.1 /false.png
INFO: [ app_init ] --START--
INFO: Run Behavior\BuildLiteBehavior [ RunTime:0.000152s ]
INFO: [ app_init ] --END-- [ RunTime:0.000690s ]
NOTIC: [8] Constant NOFILE_CD already defined F:\tool\phpstudy\WWW\dbspapi.dbkan.com\Application\Common\Conf\messagecd.php 第 31 行.
NOTIC: [8] Constant NOFILE_MSG already defined F:\tool\phpstudy\WWW\dbspapi.dbkan.com\Application\Common\Conf\messagecd.php 第 32 行.
ERR: 无法加载模块:False

[ 2017-12-03T11:30:26+08:00 ] 127.0.0.1 /favicon.ico
INFO: [ app_init ] --START--
INFO: Run Behavior\BuildLiteBehavior [ RunTime:0.000043s ]
INFO: [ app_init ] --END-- [ RunTime:0.000617s ]
NOTIC: [8] Constant NOFILE_CD already defined F:\tool\phpstudy\WWW\dbspapi.dbkan.com\Application\Common\Conf\messagecd.php 第 31 行.
NOTIC: [8] Constant NOFILE_MSG already defined F:\tool\phpstudy\WWW\dbspapi.dbkan.com\Application\Common\Conf\messagecd.php 第 32 行.
ERR: 无法加载模块:Favicon

[ 2017-12-03T11:30:32+08:00 ] 127.0.0.1 /false.png
INFO: [ app_init ] --START--
INFO: Run Behavior\BuildLiteBehavior [ RunTime:0.000040s ]
INFO: [ app_init ] --END-- [ RunTime:0.000505s ]
NOTIC: [8] Constant NOFILE_CD already defined F:\tool\phpstudy\WWW\dbspapi.dbkan.com\Application\Common\Conf\messagecd.php 第 31 行.
NOTIC: [8] Constant NOFILE_MSG already defined F:\tool\phpstudy\WWW\dbspapi.dbkan.com\Application\Common\Conf\messagecd.php 第 32 行.
ERR: 无法加载模块:False

[ 2017-12-03T11:34:47+08:00 ] 127.0.0.1 /favicon.ico
INFO: [ app_init ] --START--
INFO: Run Behavior\BuildLiteBehavior [ RunTime:0.000043s ]
INFO: [ app_init ] --END-- [ RunTime:0.000585s ]
NOTIC: [8] Constant NOFILE_CD already defined F:\tool\phpstudy\WWW\dbspapi.dbkan.com\Application\Common\Conf\messagecd.php 第 31 行.
NOTIC: [8] Constant NOFILE_MSG already defined F:\tool\phpstudy\WWW\dbspapi.dbkan.com\Application\Common\Conf\messagecd.php 第 32 行.
ERR: 无法加载模块:Favicon

[ 2017-12-03T11:34:50+08:00 ] 127.0.0.1 /false.png
INFO: [ app_init ] --START--
INFO: Run Behavior\BuildLiteBehavior [ RunTime:0.000029s ]
INFO: [ app_init ] --END-- [ RunTime:0.000653s ]
NOTIC: [8] Constant NOFILE_CD already defined F:\tool\phpstudy\WWW\dbspapi.dbkan.com\Application\Common\Conf\messagecd.php 第 31 行.
NOTIC: [8] Constant NOFILE_MSG already defined F:\tool\phpstudy\WWW\dbspapi.dbkan.com\Application\Common\Conf\messagecd.php 第 32 行.
ERR: 无法加载模块:False

[ 2017-12-03T11:51:48+08:00 ] 127.0.0.1 /favicon.ico
INFO: [ app_init ] --START--
INFO: Run Behavior\BuildLiteBehavior [ RunTime:0.000046s ]
INFO: [ app_init ] --END-- [ RunTime:0.000752s ]
NOTIC: [8] Constant NOFILE_CD already defined F:\tool\phpstudy\WWW\dbspapi.dbkan.com\Application\Common\Conf\messagecd.php 第 31 行.
NOTIC: [8] Constant NOFILE_MSG already defined F:\tool\phpstudy\WWW\dbspapi.dbkan.com\Application\Common\Conf\messagecd.php 第 32 行.
ERR: 无法加载模块:Favicon

[ 2017-12-03T12:03:15+08:00 ] 127.0.0.1 /false.png
INFO: [ app_init ] --START--
INFO: Run Behavior\BuildLiteBehavior [ RunTime:0.000026s ]
INFO: [ app_init ] --END-- [ RunTime:0.000440s ]
NOTIC: [8] Constant NOFILE_CD already defined F:\tool\phpstudy\WWW\dbspapi.dbkan.com\Application\Common\Conf\messagecd.php 第 31 行.
NOTIC: [8] Constant NOFILE_MSG already defined F:\tool\phpstudy\WWW\dbspapi.dbkan.com\Application\Common\Conf\messagecd.php 第 32 行.
ERR: 无法加载模块:False

[ 2017-12-03T12:40:16+08:00 ] 127.0.0.1 /Index/vcode?k=0.27798589529804363
INFO: [ app_init ] --START--
INFO: Run Behavior\BuildLiteBehavior [ RunTime:0.000074s ]
INFO: [ app_init ] --END-- [ RunTime:0.000648s ]
NOTIC: [8] Constant NOFILE_CD already defined F:\tool\phpstudy\WWW\dbspapi.dbkan.com\Application\Common\Conf\messagecd.php 第 31 行.
NOTIC: [8] Constant NOFILE_MSG already defined F:\tool\phpstudy\WWW\dbspapi.dbkan.com\Application\Common\Conf\messagecd.php 第 32 行.
ERR: 无法加载模块:Index

