[ 2017-12-02T10:09:03+08:00 ] 127.0.0.1 /favicon.ico
INFO: [ app_init ] --START--
INFO: Run Behavior\BuildLiteBehavior [ RunTime:0.000046s ]
INFO: [ app_init ] --END-- [ RunTime:0.000695s ]
NOTIC: [8] Constant NOFILE_CD already defined F:\tool\phpstudy\WWW\dbspapi.dbkan.com\Application\Common\Conf\messagecd.php 第 31 行.
NOTIC: [8] Constant NOFILE_MSG already defined F:\tool\phpstudy\WWW\dbspapi.dbkan.com\Application\Common\Conf\messagecd.php 第 32 行.
ERR: 无法加载模块:Favicon

[ 2017-12-02T10:16:16+08:00 ] 127.0.0.1 /favicon.ico
INFO: [ app_init ] --START--
INFO: Run Behavior\BuildLiteBehavior [ RunTime:0.000041s ]
INFO: [ app_init ] --END-- [ RunTime:0.000644s ]
NOTIC: [8] Constant NOFILE_CD already defined F:\tool\phpstudy\WWW\dbspapi.dbkan.com\Application\Common\Conf\messagecd.php 第 31 行.
NOTIC: [8] Constant NOFILE_MSG already defined F:\tool\phpstudy\WWW\dbspapi.dbkan.com\Application\Common\Conf\messagecd.php 第 32 行.
ERR: 无法加载模块:Favicon

[ 2017-12-02T10:16:31+08:00 ] 127.0.0.1 /favicon.ico
INFO: [ app_init ] --START--
INFO: Run Behavior\BuildLiteBehavior [ RunTime:0.000024s ]
INFO: [ app_init ] --END-- [ RunTime:0.000350s ]
NOTIC: [8] Constant NOFILE_CD already defined F:\tool\phpstudy\WWW\dbspapi.dbkan.com\Application\Common\Conf\messagecd.php 第 31 行.
NOTIC: [8] Constant NOFILE_MSG already defined F:\tool\phpstudy\WWW\dbspapi.dbkan.com\Application\Common\Conf\messagecd.php 第 32 行.
ERR: 无法加载模块:Favicon

[ 2017-12-02T10:17:38+08:00 ] 127.0.0.1 /favicon.ico
INFO: [ app_init ] --START--
INFO: Run Behavior\BuildLiteBehavior [ RunTime:0.000043s ]
INFO: [ app_init ] --END-- [ RunTime:0.000668s ]
NOTIC: [8] Constant NOFILE_CD already defined F:\tool\phpstudy\WWW\dbspapi.dbkan.com\Application\Common\Conf\messagecd.php 第 31 行.
NOTIC: [8] Constant NOFILE_MSG already defined F:\tool\phpstudy\WWW\dbspapi.dbkan.com\Application\Common\Conf\messagecd.php 第 32 行.
ERR: 无法加载模块:Favicon

[ 2017-12-02T10:18:07+08:00 ] 127.0.0.1 /favicon.ico
INFO: [ app_init ] --START--
INFO: Run Behavior\BuildLiteBehavior [ RunTime:0.000036s ]
INFO: [ app_init ] --END-- [ RunTime:0.000509s ]
NOTIC: [8] Constant NOFILE_CD already defined F:\tool\phpstudy\WWW\dbspapi.dbkan.com\Application\Common\Conf\messagecd.php 第 31 行.
NOTIC: [8] Constant NOFILE_MSG already defined F:\tool\phpstudy\WWW\dbspapi.dbkan.com\Application\Common\Conf\messagecd.php 第 32 行.
ERR: 无法加载模块:Favicon

[ 2017-12-02T10:21:02+08:00 ] 127.0.0.1 /favicon.ico
INFO: [ app_init ] --START--
INFO: Run Behavior\BuildLiteBehavior [ RunTime:0.000040s ]
INFO: [ app_init ] --END-- [ RunTime:0.000651s ]
NOTIC: [8] Constant NOFILE_CD already defined F:\tool\phpstudy\WWW\dbspapi.dbkan.com\Application\Common\Conf\messagecd.php 第 31 行.
NOTIC: [8] Constant NOFILE_MSG already defined F:\tool\phpstudy\WWW\dbspapi.dbkan.com\Application\Common\Conf\messagecd.php 第 32 行.
ERR: 无法加载模块:Favicon

[ 2017-12-02T10:23:08+08:00 ] 127.0.0.1 /favicon.ico
INFO: [ app_init ] --START--
INFO: Run Behavior\BuildLiteBehavior [ RunTime:0.000039s ]
INFO: [ app_init ] --END-- [ RunTime:0.001200s ]
NOTIC: [8] Constant NOFILE_CD already defined F:\tool\phpstudy\WWW\dbspapi.dbkan.com\Application\Common\Conf\messagecd.php 第 31 行.
NOTIC: [8] Constant NOFILE_MSG already defined F:\tool\phpstudy\WWW\dbspapi.dbkan.com\Application\Common\Conf\messagecd.php 第 32 行.
ERR: 无法加载模块:Favicon

[ 2017-12-02T10:23:23+08:00 ] 127.0.0.1 /favicon.ico
INFO: [ app_init ] --START--
INFO: Run Behavior\BuildLiteBehavior [ RunTime:0.000090s ]
INFO: [ app_init ] --END-- [ RunTime:0.002009s ]
NOTIC: [8] Constant NOFILE_CD already defined F:\tool\phpstudy\WWW\dbspapi.dbkan.com\Application\Common\Conf\messagecd.php 第 31 行.
NOTIC: [8] Constant NOFILE_MSG already defined F:\tool\phpstudy\WWW\dbspapi.dbkan.com\Application\Common\Conf\messagecd.php 第 32 行.
ERR: 无法加载模块:Favicon

[ 2017-12-02T10:23:34+08:00 ] 127.0.0.1 /favicon.ico
INFO: [ app_init ] --START--
INFO: Run Behavior\BuildLiteBehavior [ RunTime:0.000042s ]
INFO: [ app_init ] --END-- [ RunTime:0.000959s ]
NOTIC: [8] Constant NOFILE_CD already defined F:\tool\phpstudy\WWW\dbspapi.dbkan.com\Application\Common\Conf\messagecd.php 第 31 行.
NOTIC: [8] Constant NOFILE_MSG already defined F:\tool\phpstudy\WWW\dbspapi.dbkan.com\Application\Common\Conf\messagecd.php 第 32 行.
ERR: 无法加载模块:Favicon

[ 2017-12-02T10:24:42+08:00 ] 127.0.0.1 /favicon.ico
INFO: [ app_init ] --START--
INFO: Run Behavior\BuildLiteBehavior [ RunTime:0.000036s ]
INFO: [ app_init ] --END-- [ RunTime:0.000583s ]
NOTIC: [8] Constant NOFILE_CD already defined F:\tool\phpstudy\WWW\dbspapi.dbkan.com\Application\Common\Conf\messagecd.php 第 31 行.
NOTIC: [8] Constant NOFILE_MSG already defined F:\tool\phpstudy\WWW\dbspapi.dbkan.com\Application\Common\Conf\messagecd.php 第 32 行.
ERR: 无法加载模块:Favicon

[ 2017-12-02T10:27:52+08:00 ] 127.0.0.1 /favicon.ico
INFO: [ app_init ] --START--
INFO: Run Behavior\BuildLiteBehavior [ RunTime:0.000041s ]
INFO: [ app_init ] --END-- [ RunTime:0.000764s ]
NOTIC: [8] Constant NOFILE_CD already defined F:\tool\phpstudy\WWW\dbspapi.dbkan.com\Application\Common\Conf\messagecd.php 第 31 行.
NOTIC: [8] Constant NOFILE_MSG already defined F:\tool\phpstudy\WWW\dbspapi.dbkan.com\Application\Common\Conf\messagecd.php 第 32 行.
ERR: 无法加载模块:Favicon

[ 2017-12-02T10:31:35+08:00 ] 127.0.0.1 /favicon.ico
INFO: [ app_init ] --START--
INFO: Run Behavior\BuildLiteBehavior [ RunTime:0.000041s ]
INFO: [ app_init ] --END-- [ RunTime:0.000664s ]
NOTIC: [8] Constant NOFILE_CD already defined F:\tool\phpstudy\WWW\dbspapi.dbkan.com\Application\Common\Conf\messagecd.php 第 31 行.
NOTIC: [8] Constant NOFILE_MSG already defined F:\tool\phpstudy\WWW\dbspapi.dbkan.com\Application\Common\Conf\messagecd.php 第 32 行.
ERR: 无法加载模块:Favicon

[ 2017-12-02T10:36:02+08:00 ] 127.0.0.1 /favicon.ico
INFO: [ app_init ] --START--
INFO: Run Behavior\BuildLiteBehavior [ RunTime:0.000028s ]
INFO: [ app_init ] --END-- [ RunTime:0.000519s ]
NOTIC: [8] Constant NOFILE_CD already defined F:\tool\phpstudy\WWW\dbspapi.dbkan.com\Application\Common\Conf\messagecd.php 第 31 行.
NOTIC: [8] Constant NOFILE_MSG already defined F:\tool\phpstudy\WWW\dbspapi.dbkan.com\Application\Common\Conf\messagecd.php 第 32 行.
ERR: 无法加载模块:Favicon

[ 2017-12-02T10:37:50+08:00 ] 127.0.0.1 /favicon.ico
INFO: [ app_init ] --START--
INFO: Run Behavior\BuildLiteBehavior [ RunTime:0.000039s ]
INFO: [ app_init ] --END-- [ RunTime:0.000699s ]
NOTIC: [8] Constant NOFILE_CD already defined F:\tool\phpstudy\WWW\dbspapi.dbkan.com\Application\Common\Conf\messagecd.php 第 31 行.
NOTIC: [8] Constant NOFILE_MSG already defined F:\tool\phpstudy\WWW\dbspapi.dbkan.com\Application\Common\Conf\messagecd.php 第 32 行.
ERR: 无法加载模块:Favicon

[ 2017-12-02T10:42:04+08:00 ] 127.0.0.1 /favicon.ico
INFO: [ app_init ] --START--
INFO: Run Behavior\BuildLiteBehavior [ RunTime:0.000044s ]
INFO: [ app_init ] --END-- [ RunTime:0.000719s ]
NOTIC: [8] Constant NOFILE_CD already defined F:\tool\phpstudy\WWW\dbspapi.dbkan.com\Application\Common\Conf\messagecd.php 第 31 行.
NOTIC: [8] Constant NOFILE_MSG already defined F:\tool\phpstudy\WWW\dbspapi.dbkan.com\Application\Common\Conf\messagecd.php 第 32 行.
ERR: 无法加载模块:Favicon

[ 2017-12-02T19:04:12+08:00 ] 127.0.0.1 /favicon.ico
INFO: [ app_init ] --START--
INFO: Run Behavior\BuildLiteBehavior [ RunTime:0.000041s ]
INFO: [ app_init ] --END-- [ RunTime:0.000592s ]
NOTIC: [8] Constant NOFILE_CD already defined F:\tool\phpstudy\WWW\dbspapi.dbkan.com\Application\Common\Conf\messagecd.php 第 31 行.
NOTIC: [8] Constant NOFILE_MSG already defined F:\tool\phpstudy\WWW\dbspapi.dbkan.com\Application\Common\Conf\messagecd.php 第 32 行.
ERR: 无法加载模块:Favicon

[ 2017-12-02T19:15:02+08:00 ] 127.0.0.1 /favicon.ico
INFO: [ app_init ] --START--
INFO: Run Behavior\BuildLiteBehavior [ RunTime:0.000082s ]
INFO: [ app_init ] --END-- [ RunTime:0.001894s ]
NOTIC: [8] Constant NOFILE_CD already defined F:\tool\phpstudy\WWW\dbspapi.dbkan.com\Application\Common\Conf\messagecd.php 第 31 行.
NOTIC: [8] Constant NOFILE_MSG already defined F:\tool\phpstudy\WWW\dbspapi.dbkan.com\Application\Common\Conf\messagecd.php 第 32 行.
ERR: 无法加载模块:Favicon

[ 2017-12-02T19:15:25+08:00 ] 127.0.0.1 /favicon.ico
INFO: [ app_init ] --START--
INFO: Run Behavior\BuildLiteBehavior [ RunTime:0.000074s ]
INFO: [ app_init ] --END-- [ RunTime:0.001784s ]
NOTIC: [8] Constant NOFILE_CD already defined F:\tool\phpstudy\WWW\dbspapi.dbkan.com\Application\Common\Conf\messagecd.php 第 31 行.
NOTIC: [8] Constant NOFILE_MSG already defined F:\tool\phpstudy\WWW\dbspapi.dbkan.com\Application\Common\Conf\messagecd.php 第 32 行.
ERR: 无法加载模块:Favicon

[ 2017-12-02T19:18:11+08:00 ] 127.0.0.1 /favicon.ico
INFO: [ app_init ] --START--
INFO: Run Behavior\BuildLiteBehavior [ RunTime:0.000037s ]
INFO: [ app_init ] --END-- [ RunTime:0.000606s ]
NOTIC: [8] Constant NOFILE_CD already defined F:\tool\phpstudy\WWW\dbspapi.dbkan.com\Application\Common\Conf\messagecd.php 第 31 行.
NOTIC: [8] Constant NOFILE_MSG already defined F:\tool\phpstudy\WWW\dbspapi.dbkan.com\Application\Common\Conf\messagecd.php 第 32 行.
ERR: 无法加载模块:Favicon

[ 2017-12-02T19:18:27+08:00 ] 127.0.0.1 /favicon.ico
INFO: [ app_init ] --START--
INFO: Run Behavior\BuildLiteBehavior [ RunTime:0.000039s ]
INFO: [ app_init ] --END-- [ RunTime:0.000619s ]
NOTIC: [8] Constant NOFILE_CD already defined F:\tool\phpstudy\WWW\dbspapi.dbkan.com\Application\Common\Conf\messagecd.php 第 31 行.
NOTIC: [8] Constant NOFILE_MSG already defined F:\tool\phpstudy\WWW\dbspapi.dbkan.com\Application\Common\Conf\messagecd.php 第 32 行.
ERR: 无法加载模块:Favicon

[ 2017-12-02T19:51:09+08:00 ] 127.0.0.1 /favicon.ico
INFO: [ app_init ] --START--
INFO: Run Behavior\BuildLiteBehavior [ RunTime:0.000040s ]
INFO: [ app_init ] --END-- [ RunTime:0.000782s ]
NOTIC: [8] Constant NOFILE_CD already defined F:\tool\phpstudy\WWW\dbspapi.dbkan.com\Application\Common\Conf\messagecd.php 第 31 行.
NOTIC: [8] Constant NOFILE_MSG already defined F:\tool\phpstudy\WWW\dbspapi.dbkan.com\Application\Common\Conf\messagecd.php 第 32 行.
ERR: 无法加载模块:Favicon

[ 2017-12-02T20:06:21+08:00 ] 127.0.0.1 /favicon.ico
INFO: [ app_init ] --START--
INFO: Run Behavior\BuildLiteBehavior [ RunTime:0.000025s ]
INFO: [ app_init ] --END-- [ RunTime:0.000351s ]
NOTIC: [8] Constant NOFILE_CD already defined F:\tool\phpstudy\WWW\dbspapi.dbkan.com\Application\Common\Conf\messagecd.php 第 31 行.
NOTIC: [8] Constant NOFILE_MSG already defined F:\tool\phpstudy\WWW\dbspapi.dbkan.com\Application\Common\Conf\messagecd.php 第 32 行.
ERR: 无法加载模块:Favicon

[ 2017-12-02T20:18:52+08:00 ] 127.0.0.1 /favicon.ico
INFO: [ app_init ] --START--
INFO: Run Behavior\BuildLiteBehavior [ RunTime:0.000046s ]
INFO: [ app_init ] --END-- [ RunTime:0.000839s ]
NOTIC: [8] Constant NOFILE_CD already defined F:\tool\phpstudy\WWW\dbspapi.dbkan.com\Application\Common\Conf\messagecd.php 第 31 行.
NOTIC: [8] Constant NOFILE_MSG already defined F:\tool\phpstudy\WWW\dbspapi.dbkan.com\Application\Common\Conf\messagecd.php 第 32 行.
ERR: 无法加载模块:Favicon

[ 2017-12-02T21:08:09+08:00 ] 127.0.0.1 /favicon.ico
INFO: [ app_init ] --START--
INFO: Run Behavior\BuildLiteBehavior [ RunTime:0.000025s ]
INFO: [ app_init ] --END-- [ RunTime:0.000403s ]
NOTIC: [8] Constant NOFILE_CD already defined F:\tool\phpstudy\WWW\dbspapi.dbkan.com\Application\Common\Conf\messagecd.php 第 31 行.
NOTIC: [8] Constant NOFILE_MSG already defined F:\tool\phpstudy\WWW\dbspapi.dbkan.com\Application\Common\Conf\messagecd.php 第 32 行.
ERR: 无法加载模块:Favicon

[ 2017-12-02T21:14:27+08:00 ] 127.0.0.1 /favicon.ico
INFO: [ app_init ] --START--
INFO: Run Behavior\BuildLiteBehavior [ RunTime:0.000024s ]
INFO: [ app_init ] --END-- [ RunTime:0.000335s ]
NOTIC: [8] Constant NOFILE_CD already defined F:\tool\phpstudy\WWW\dbspapi.dbkan.com\Application\Common\Conf\messagecd.php 第 31 行.
NOTIC: [8] Constant NOFILE_MSG already defined F:\tool\phpstudy\WWW\dbspapi.dbkan.com\Application\Common\Conf\messagecd.php 第 32 行.
ERR: 无法加载模块:Favicon

[ 2017-12-02T21:14:57+08:00 ] 127.0.0.1 /favicon.ico
INFO: [ app_init ] --START--
INFO: Run Behavior\BuildLiteBehavior [ RunTime:0.000037s ]
INFO: [ app_init ] --END-- [ RunTime:0.000571s ]
NOTIC: [8] Constant NOFILE_CD already defined F:\tool\phpstudy\WWW\dbspapi.dbkan.com\Application\Common\Conf\messagecd.php 第 31 行.
NOTIC: [8] Constant NOFILE_MSG already defined F:\tool\phpstudy\WWW\dbspapi.dbkan.com\Application\Common\Conf\messagecd.php 第 32 行.
ERR: 无法加载模块:Favicon

[ 2017-12-02T21:15:12+08:00 ] 127.0.0.1 /favicon.ico
INFO: [ app_init ] --START--
INFO: Run Behavior\BuildLiteBehavior [ RunTime:0.000036s ]
INFO: [ app_init ] --END-- [ RunTime:0.000468s ]
NOTIC: [8] Constant NOFILE_CD already defined F:\tool\phpstudy\WWW\dbspapi.dbkan.com\Application\Common\Conf\messagecd.php 第 31 行.
NOTIC: [8] Constant NOFILE_MSG already defined F:\tool\phpstudy\WWW\dbspapi.dbkan.com\Application\Common\Conf\messagecd.php 第 32 行.
ERR: 无法加载模块:Favicon

[ 2017-12-02T21:47:12+08:00 ] 127.0.0.1 /favicon.ico
INFO: [ app_init ] --START--
INFO: Run Behavior\BuildLiteBehavior [ RunTime:0.000114s ]
INFO: [ app_init ] --END-- [ RunTime:0.001634s ]
NOTIC: [8] Constant NOFILE_CD already defined F:\tool\phpstudy\WWW\dbspapi.dbkan.com\Application\Common\Conf\messagecd.php 第 31 行.
NOTIC: [8] Constant NOFILE_MSG already defined F:\tool\phpstudy\WWW\dbspapi.dbkan.com\Application\Common\Conf\messagecd.php 第 32 行.
ERR: 无法加载模块:Favicon

