[ 2017-11-08T13:14:43+08:00 ] 127.0.0.1 /index.php/call/lognew
INFO: [ app_init ] --START--
INFO: Run Behavior\BuildLiteBehavior [ RunTime:0.000000s ]
INFO: [ app_init ] --END-- [ RunTime:0.005000s ]
ERR: 无法加载模块:Call

[ 2017-11-08T15:58:28+08:00 ] 127.0.0.1 /index.php/editShow
INFO: [ app_init ] --START--
INFO: Run Behavior\BuildLiteBehavior [ RunTime:0.000000s ]
INFO: [ app_init ] --END-- [ RunTime:0.000000s ]
ERR: 无法加载模块:EditShow

[ 2017-11-08T15:58:39+08:00 ] 127.0.0.1 /index.php/user/editShow
INFO: [ app_init ] --START--
INFO: Run Behavior\BuildLiteBehavior [ RunTime:0.000000s ]
INFO: [ app_init ] --END-- [ RunTime:0.000000s ]
ERR: 无法加载模块:User

[ 2017-11-08T16:47:24+08:00 ] 127.0.0.1 /index.php/select-avatar.html
INFO: [ app_init ] --START--
INFO: Run Behavior\BuildLiteBehavior [ RunTime:0.000000s ]
INFO: [ app_init ] --END-- [ RunTime:0.000000s ]
ERR: 无法加载模块:Select-avatar

[ 2017-11-08T16:52:04+08:00 ] 127.0.0.1 /index.php/cropper.html
INFO: [ app_init ] --START--
INFO: Run Behavior\BuildLiteBehavior [ RunTime:0.000000s ]
INFO: [ app_init ] --END-- [ RunTime:0.001000s ]
ERR: 无法加载模块:Cropper

[ 2017-11-08T16:53:55+08:00 ] 127.0.0.1 /index.php/edit-info.html
INFO: [ app_init ] --START--
INFO: Run Behavior\BuildLiteBehavior [ RunTime:0.000000s ]
INFO: [ app_init ] --END-- [ RunTime:0.000000s ]
ERR: 无法加载模块:Edit-info

[ 2017-11-08T16:54:52+08:00 ] 127.0.0.1 /index.php/edit-info.html
INFO: [ app_init ] --START--
INFO: Run Behavior\BuildLiteBehavior [ RunTime:0.000000s ]
INFO: [ app_init ] --END-- [ RunTime:0.000000s ]
ERR: 无法加载模块:Edit-info

[ 2017-11-08T16:55:00+08:00 ] 127.0.0.1 /index.php/edit-info.html
INFO: [ app_init ] --START--
INFO: Run Behavior\BuildLiteBehavior [ RunTime:0.000000s ]
INFO: [ app_init ] --END-- [ RunTime:0.000000s ]
ERR: 无法加载模块:Edit-info

[ 2017-11-08T16:55:24+08:00 ] 127.0.0.1 /index.php/edit-info.html
INFO: [ app_init ] --START--
INFO: Run Behavior\BuildLiteBehavior [ RunTime:0.000000s ]
INFO: [ app_init ] --END-- [ RunTime:0.000000s ]
ERR: 无法加载模块:Edit-info

[ 2017-11-08T16:58:19+08:00 ] 127.0.0.1 /index.php/edit-info.html
INFO: [ app_init ] --START--
INFO: Run Behavior\BuildLiteBehavior [ RunTime:0.000000s ]
INFO: [ app_init ] --END-- [ RunTime:0.001000s ]
ERR: 无法加载模块:Edit-info

[ 2017-11-08T16:59:04+08:00 ] 127.0.0.1 /index.php/edit-info.html
INFO: [ app_init ] --START--
INFO: Run Behavior\BuildLiteBehavior [ RunTime:0.000000s ]
INFO: [ app_init ] --END-- [ RunTime:0.000000s ]
ERR: 无法加载模块:Edit-info

[ 2017-11-08T16:59:20+08:00 ] 127.0.0.1 /index.php/edit-info.html
INFO: [ app_init ] --START--
INFO: Run Behavior\BuildLiteBehavior [ RunTime:0.000000s ]
INFO: [ app_init ] --END-- [ RunTime:0.001000s ]
ERR: 无法加载模块:Edit-info

[ 2017-11-08T17:00:48+08:00 ] 127.0.0.1 /index.php/edit-info.html
INFO: [ app_init ] --START--
INFO: Run Behavior\BuildLiteBehavior [ RunTime:0.000000s ]
INFO: [ app_init ] --END-- [ RunTime:0.000000s ]
ERR: 无法加载模块:Edit-info

[ 2017-11-08T17:01:13+08:00 ] 127.0.0.1 /index.php/edit-info.html
INFO: [ app_init ] --START--
INFO: Run Behavior\BuildLiteBehavior [ RunTime:0.000000s ]
INFO: [ app_init ] --END-- [ RunTime:0.000000s ]
ERR: 无法加载模块:Edit-info

[ 2017-11-08T17:02:24+08:00 ] 127.0.0.1 /index.php/edit-info.html
INFO: [ app_init ] --START--
INFO: Run Behavior\BuildLiteBehavior [ RunTime:0.000000s ]
INFO: [ app_init ] --END-- [ RunTime:0.000000s ]
ERR: 无法加载模块:Edit-info

[ 2017-11-08T17:02:58+08:00 ] 127.0.0.1 /index.php/edit-info.html
INFO: [ app_init ] --START--
INFO: Run Behavior\BuildLiteBehavior [ RunTime:0.000000s ]
INFO: [ app_init ] --END-- [ RunTime:0.002000s ]
ERR: 无法加载模块:Edit-info

[ 2017-11-08T17:04:12+08:00 ] 127.0.0.1 /index.php/edit-info.html
INFO: [ app_init ] --START--
INFO: Run Behavior\BuildLiteBehavior [ RunTime:0.000000s ]
INFO: [ app_init ] --END-- [ RunTime:0.000000s ]
ERR: 无法加载模块:Edit-info

[ 2017-11-08T17:05:07+08:00 ] 127.0.0.1 /index.php/edit-info.html
INFO: [ app_init ] --START--
INFO: Run Behavior\BuildLiteBehavior [ RunTime:0.000000s ]
INFO: [ app_init ] --END-- [ RunTime:0.001000s ]
ERR: 无法加载模块:Edit-info

