[ 2017-11-18T17:31:44+08:00 ] 127.0.0.1 /index.php/Hv1/call/send
INFO: [ app_init ] --START--
INFO: Run Behavior\BuildLiteBehavior [ RunTime:0.000000s ]
INFO: [ app_init ] --END-- [ RunTime:0.000000s ]
INFO: [ app_begin ] --START--
INFO: Run Behavior\ReadHtmlCacheBehavior [ RunTime:0.000000s ]
INFO: [ app_begin ] --END-- [ RunTime:0.000000s ]
NOTIC: [8192] Function mcrypt_cbc() is deprecated D:\phpStudy\WWW\dbspapi.dbkan.com\Application\Common\Common\function.php 第 178 行.
ERR: Think\Controller:GetBaseRedisHashCache方法不存在！

[ 2017-11-18T17:32:19+08:00 ] 127.0.0.1 /index.php/Hv1/call/send
INFO: [ app_init ] --START--
INFO: Run Behavior\BuildLiteBehavior [ RunTime:0.000000s ]
INFO: [ app_init ] --END-- [ RunTime:0.001000s ]
INFO: [ app_begin ] --START--
INFO: Run Behavior\ReadHtmlCacheBehavior [ RunTime:0.001000s ]
INFO: [ app_begin ] --END-- [ RunTime:0.001000s ]
NOTIC: [8192] Function mcrypt_cbc() is deprecated D:\phpStudy\WWW\dbspapi.dbkan.com\Application\Common\Common\function.php 第 178 行.
ERR: Think\Controller:GetBaseRedisHashCache方法不存在！

[ 2017-11-18T17:32:20+08:00 ] 127.0.0.1 /index.php/Hv1/call/send
INFO: [ app_init ] --START--
INFO: Run Behavior\BuildLiteBehavior [ RunTime:0.000000s ]
INFO: [ app_init ] --END-- [ RunTime:0.000000s ]
INFO: [ app_begin ] --START--
INFO: Run Behavior\ReadHtmlCacheBehavior [ RunTime:0.000000s ]
INFO: [ app_begin ] --END-- [ RunTime:0.000000s ]
NOTIC: [8192] Function mcrypt_cbc() is deprecated D:\phpStudy\WWW\dbspapi.dbkan.com\Application\Common\Common\function.php 第 178 行.
ERR: Think\Controller:GetBaseRedisHashCache方法不存在！

[ 2017-11-18T17:32:20+08:00 ] 127.0.0.1 /index.php/Hv1/call/send
INFO: [ app_init ] --START--
INFO: Run Behavior\BuildLiteBehavior [ RunTime:0.000000s ]
INFO: [ app_init ] --END-- [ RunTime:0.000000s ]
INFO: [ app_begin ] --START--
INFO: Run Behavior\ReadHtmlCacheBehavior [ RunTime:0.000000s ]
INFO: [ app_begin ] --END-- [ RunTime:0.000000s ]
NOTIC: [8192] Function mcrypt_cbc() is deprecated D:\phpStudy\WWW\dbspapi.dbkan.com\Application\Common\Common\function.php 第 178 行.
ERR: Think\Controller:GetBaseRedisHashCache方法不存在！

[ 2017-11-18T17:32:20+08:00 ] 127.0.0.1 /index.php/Hv1/call/send
INFO: [ app_init ] --START--
INFO: Run Behavior\BuildLiteBehavior [ RunTime:0.000000s ]
INFO: [ app_init ] --END-- [ RunTime:0.000000s ]
INFO: [ app_begin ] --START--
INFO: Run Behavior\ReadHtmlCacheBehavior [ RunTime:0.000000s ]
INFO: [ app_begin ] --END-- [ RunTime:0.000000s ]
NOTIC: [8192] Function mcrypt_cbc() is deprecated D:\phpStudy\WWW\dbspapi.dbkan.com\Application\Common\Common\function.php 第 178 行.
ERR: Think\Controller:GetBaseRedisHashCache方法不存在！

[ 2017-11-18T17:32:57+08:00 ] 127.0.0.1 /index.php/Hv1/call/send
INFO: [ app_init ] --START--
INFO: Run Behavior\BuildLiteBehavior [ RunTime:0.000000s ]
INFO: [ app_init ] --END-- [ RunTime:0.001000s ]
INFO: [ app_begin ] --START--
INFO: Run Behavior\ReadHtmlCacheBehavior [ RunTime:0.001000s ]
INFO: [ app_begin ] --END-- [ RunTime:0.001000s ]
NOTIC: [8192] Function mcrypt_cbc() is deprecated D:\phpStudy\WWW\dbspapi.dbkan.com\Application\Common\Common\function.php 第 178 行.
ERR: 1064:You have an error in your SQL syntax; check the manual that corresponds to your MySQL server version for the right syntax to use near '4e25cc4a7aef5d40ce6ed1c9fc045015' at line 1
 [ SQL语句 ] : 4e25cc4a7aef5d40ce6ed1c9fc045015
ERR: 1064:You have an error in your SQL syntax; check the manual that corresponds to your MySQL server version for the right syntax to use near '4e25cc4a7aef5d40ce6ed1c9fc045015' at line 1
 [ SQL语句 ] : 4e25cc4a7aef5d40ce6ed1c9fc045015

[ 2017-11-18T17:34:45+08:00 ] 127.0.0.1 /index.php/Hv1/call/send
INFO: [ app_init ] --START--
INFO: Run Behavior\BuildLiteBehavior [ RunTime:0.000000s ]
INFO: [ app_init ] --END-- [ RunTime:0.000000s ]
INFO: [ app_begin ] --START--
INFO: Run Behavior\ReadHtmlCacheBehavior [ RunTime:0.000000s ]
INFO: [ app_begin ] --END-- [ RunTime:0.001000s ]
NOTIC: [8192] Function mcrypt_cbc() is deprecated D:\phpStudy\WWW\dbspapi.dbkan.com\Application\Common\Common\function.php 第 178 行.
SQL: SHOW COLUMNS FROM `dbsp_utoken` [ RunTime:0.0030s ]
SQL: SELECT `userid` FROM `dbsp_utoken` WHERE `token` = '4e25cc4a7aef5d40ce6ed1c9fc045015' AND `uptime` >= 1510997655 LIMIT 1   [ RunTime:0.0020s ]

[ 2017-11-18T17:34:45+08:00 ] 127.0.0.1 /index.php/Hv1/call/send
INFO: [ app_init ] --START--
INFO: Run Behavior\BuildLiteBehavior [ RunTime:0.000000s ]
INFO: [ app_init ] --END-- [ RunTime:0.000000s ]
INFO: [ app_begin ] --START--
INFO: Run Behavior\ReadHtmlCacheBehavior [ RunTime:0.000000s ]
INFO: [ app_begin ] --END-- [ RunTime:0.000000s ]
NOTIC: [8192] Function mcrypt_cbc() is deprecated D:\phpStudy\WWW\dbspapi.dbkan.com\Application\Common\Common\function.php 第 178 行.
SQL: SHOW COLUMNS FROM `dbsp_utoken` [ RunTime:0.0010s ]
SQL: SELECT `userid` FROM `dbsp_utoken` WHERE `token` = '4e25cc4a7aef5d40ce6ed1c9fc045015' AND `uptime` >= 1510997655 LIMIT 1   [ RunTime:0.0000s ]

[ 2017-11-18T17:34:45+08:00 ] 127.0.0.1 /index.php/Hv1/call/send
INFO: [ app_init ] --START--
INFO: Run Behavior\BuildLiteBehavior [ RunTime:0.000000s ]
INFO: [ app_init ] --END-- [ RunTime:0.001000s ]
INFO: [ app_begin ] --START--
INFO: Run Behavior\ReadHtmlCacheBehavior [ RunTime:0.000000s ]
INFO: [ app_begin ] --END-- [ RunTime:0.000000s ]
NOTIC: [8192] Function mcrypt_cbc() is deprecated D:\phpStudy\WWW\dbspapi.dbkan.com\Application\Common\Common\function.php 第 178 行.
SQL: SHOW COLUMNS FROM `dbsp_utoken` [ RunTime:0.0020s ]
SQL: SELECT `userid` FROM `dbsp_utoken` WHERE `token` = '4e25cc4a7aef5d40ce6ed1c9fc045015' AND `uptime` >= 1510997655 LIMIT 1   [ RunTime:0.0010s ]

[ 2017-11-18T17:34:55+08:00 ] 127.0.0.1 /index.php/Hv1/call/send
INFO: [ app_init ] --START--
INFO: Run Behavior\BuildLiteBehavior [ RunTime:0.000000s ]
INFO: [ app_init ] --END-- [ RunTime:0.000000s ]
INFO: [ app_begin ] --START--
INFO: Run Behavior\ReadHtmlCacheBehavior [ RunTime:0.000000s ]
INFO: [ app_begin ] --END-- [ RunTime:0.000000s ]
NOTIC: [8192] Function mcrypt_cbc() is deprecated D:\phpStudy\WWW\dbspapi.dbkan.com\Application\Common\Common\function.php 第 178 行.
SQL: SHOW COLUMNS FROM `dbsp_utoken` [ RunTime:0.0010s ]
SQL: SELECT `userid` FROM `dbsp_utoken` WHERE `token` = '4e25cc4a7aef5d40ce6ed1c9fc045015' AND `uptime` >= 1510997665 LIMIT 1   [ RunTime:0.0000s ]

[ 2017-11-18T17:35:06+08:00 ] 127.0.0.1 /index.php/Hv1/call/send
INFO: [ app_init ] --START--
INFO: Run Behavior\BuildLiteBehavior [ RunTime:0.000000s ]
INFO: [ app_init ] --END-- [ RunTime:0.000000s ]
INFO: [ app_begin ] --START--
INFO: Run Behavior\ReadHtmlCacheBehavior [ RunTime:0.000000s ]
INFO: [ app_begin ] --END-- [ RunTime:0.000000s ]
NOTIC: [8192] Function mcrypt_cbc() is deprecated D:\phpStudy\WWW\dbspapi.dbkan.com\Application\Common\Common\function.php 第 178 行.
SQL: SHOW COLUMNS FROM `dbsp_utoken` [ RunTime:0.0010s ]
SQL: SELECT `userid` FROM `dbsp_utoken` WHERE `token` = '4e25cc4a7aef5d40ce6ed1c9fc045015' AND `uptime` >= 1510997676 LIMIT 1   [ RunTime:0.0000s ]

[ 2017-11-18T17:35:07+08:00 ] 127.0.0.1 /index.php/Hv1/call/send
INFO: [ app_init ] --START--
INFO: Run Behavior\BuildLiteBehavior [ RunTime:0.000000s ]
INFO: [ app_init ] --END-- [ RunTime:0.000000s ]
INFO: [ app_begin ] --START--
INFO: Run Behavior\ReadHtmlCacheBehavior [ RunTime:0.000000s ]
INFO: [ app_begin ] --END-- [ RunTime:0.000000s ]
NOTIC: [8192] Function mcrypt_cbc() is deprecated D:\phpStudy\WWW\dbspapi.dbkan.com\Application\Common\Common\function.php 第 178 行.
SQL: SHOW COLUMNS FROM `dbsp_utoken` [ RunTime:0.0040s ]
SQL: SELECT `userid` FROM `dbsp_utoken` WHERE `token` = '4e25cc4a7aef5d40ce6ed1c9fc045015' AND `uptime` >= 1510997677 LIMIT 1   [ RunTime:0.0000s ]

[ 2017-11-18T17:35:07+08:00 ] 127.0.0.1 /index.php/Hv1/call/send
INFO: [ app_init ] --START--
INFO: Run Behavior\BuildLiteBehavior [ RunTime:0.000000s ]
INFO: [ app_init ] --END-- [ RunTime:0.001000s ]
INFO: [ app_begin ] --START--
INFO: Run Behavior\ReadHtmlCacheBehavior [ RunTime:0.000000s ]
INFO: [ app_begin ] --END-- [ RunTime:0.000000s ]
NOTIC: [8192] Function mcrypt_cbc() is deprecated D:\phpStudy\WWW\dbspapi.dbkan.com\Application\Common\Common\function.php 第 178 行.
SQL: SHOW COLUMNS FROM `dbsp_utoken` [ RunTime:0.0010s ]
SQL: SELECT `userid` FROM `dbsp_utoken` WHERE `token` = '4e25cc4a7aef5d40ce6ed1c9fc045015' AND `uptime` >= 1510997677 LIMIT 1   [ RunTime:0.0000s ]

[ 2017-11-18T17:35:07+08:00 ] 127.0.0.1 /index.php/Hv1/call/send
INFO: [ app_init ] --START--
INFO: Run Behavior\BuildLiteBehavior [ RunTime:0.000000s ]
INFO: [ app_init ] --END-- [ RunTime:0.000000s ]
INFO: [ app_begin ] --START--
INFO: Run Behavior\ReadHtmlCacheBehavior [ RunTime:0.001000s ]
INFO: [ app_begin ] --END-- [ RunTime:0.001000s ]
NOTIC: [8192] Function mcrypt_cbc() is deprecated D:\phpStudy\WWW\dbspapi.dbkan.com\Application\Common\Common\function.php 第 178 行.
SQL: SHOW COLUMNS FROM `dbsp_utoken` [ RunTime:0.0010s ]
SQL: SELECT `userid` FROM `dbsp_utoken` WHERE `token` = '4e25cc4a7aef5d40ce6ed1c9fc045015' AND `uptime` >= 1510997677 LIMIT 1   [ RunTime:0.0010s ]

[ 2017-11-18T17:35:51+08:00 ] 127.0.0.1 /index.php/Hv1/log/index
INFO: [ app_init ] --START--
INFO: Run Behavior\BuildLiteBehavior [ RunTime:0.000000s ]
INFO: [ app_init ] --END-- [ RunTime:0.000000s ]
INFO: [ app_begin ] --START--
INFO: Run Behavior\ReadHtmlCacheBehavior [ RunTime:0.001000s ]
INFO: [ app_begin ] --END-- [ RunTime:0.001000s ]
NOTIC: [8192] Function mcrypt_cbc() is deprecated D:\phpStudy\WWW\dbspapi.dbkan.com\Application\Common\Common\function.php 第 178 行.
SQL: SHOW COLUMNS FROM `dbsp_user` [ RunTime:0.0010s ]
NOTIC: [8] Undefined index: name D:\phpStudy\WWW\dbspapi.dbkan.com\Application\Hv1\Controller\LogController.class.php 第 37 行.

[ 2017-11-18T17:36:09+08:00 ] 127.0.0.1 /index.php/Hv1/log/index
INFO: [ app_init ] --START--
INFO: Run Behavior\BuildLiteBehavior [ RunTime:0.000000s ]
INFO: [ app_init ] --END-- [ RunTime:0.000000s ]
INFO: [ app_begin ] --START--
INFO: Run Behavior\ReadHtmlCacheBehavior [ RunTime:0.000000s ]
INFO: [ app_begin ] --END-- [ RunTime:0.000000s ]
NOTIC: [8192] Function mcrypt_cbc() is deprecated D:\phpStudy\WWW\dbspapi.dbkan.com\Application\Common\Common\function.php 第 178 行.
SQL: SHOW COLUMNS FROM `dbsp_user` [ RunTime:0.0020s ]
NOTIC: [8] Use of undefined constant YUNXIN_APPKey - assumed 'YUNXIN_APPKey' D:\phpStudy\WWW\dbspapi.dbkan.com\Application\Common\Common\function.php 第 383 行.
NOTIC: [8] Use of undefined constant YUNXIN_AppSecret - assumed 'YUNXIN_AppSecret' D:\phpStudy\WWW\dbspapi.dbkan.com\Application\Common\Common\function.php 第 383 行.
SQL: SELECT * FROM `dbsp_user` WHERE `mobile` = '18679354419' LIMIT 1   [ RunTime:0.0000s ]
NOTIC: [8] Undefined index: deviceid D:\phpStudy\WWW\dbspapi.dbkan.com\Application\Hv1\Controller\LogController.class.php 第 79 行.
NOTIC: [8] Undefined index: deviceid D:\phpStudy\WWW\dbspapi.dbkan.com\Application\Hv1\Controller\LogController.class.php 第 92 行.
SQL: UPDATE `dbsp_user` SET `create_time`='1510997769',`deviceid_tv`=NULL,`token`='1719b6286b34d2fb01dd256001f4f0ec' WHERE `mobile` = '18679354419' [ RunTime:0.0000s ]

[ 2017-11-18T17:36:19+08:00 ] 127.0.0.1 /index.php/Hv1/call/send
INFO: [ app_init ] --START--
INFO: Run Behavior\BuildLiteBehavior [ RunTime:0.000000s ]
INFO: [ app_init ] --END-- [ RunTime:0.000000s ]
INFO: [ app_begin ] --START--
INFO: Run Behavior\ReadHtmlCacheBehavior [ RunTime:0.001000s ]
INFO: [ app_begin ] --END-- [ RunTime:0.001000s ]
NOTIC: [8192] Function mcrypt_cbc() is deprecated D:\phpStudy\WWW\dbspapi.dbkan.com\Application\Common\Common\function.php 第 178 行.
SQL: SHOW COLUMNS FROM `dbsp_utoken` [ RunTime:0.0020s ]
SQL: SELECT `userid` FROM `dbsp_utoken` WHERE `token` = '1719b6286b34d2fb01dd256001f4f0ec' AND `uptime` >= 1510997749 LIMIT 1   [ RunTime:0.0000s ]

[ 2017-11-18T17:36:19+08:00 ] 127.0.0.1 /index.php/Hv1/call/send
INFO: [ app_init ] --START--
INFO: Run Behavior\BuildLiteBehavior [ RunTime:0.000000s ]
INFO: [ app_init ] --END-- [ RunTime:0.000000s ]
INFO: [ app_begin ] --START--
INFO: Run Behavior\ReadHtmlCacheBehavior [ RunTime:0.000000s ]
INFO: [ app_begin ] --END-- [ RunTime:0.000000s ]
NOTIC: [8192] Function mcrypt_cbc() is deprecated D:\phpStudy\WWW\dbspapi.dbkan.com\Application\Common\Common\function.php 第 178 行.
SQL: SHOW COLUMNS FROM `dbsp_utoken` [ RunTime:0.0010s ]
SQL: SELECT `userid` FROM `dbsp_utoken` WHERE `token` = '1719b6286b34d2fb01dd256001f4f0ec' AND `uptime` >= 1510997749 LIMIT 1   [ RunTime:0.0000s ]

[ 2017-11-18T17:36:20+08:00 ] 127.0.0.1 /index.php/Hv1/call/send
INFO: [ app_init ] --START--
INFO: Run Behavior\BuildLiteBehavior [ RunTime:0.000000s ]
INFO: [ app_init ] --END-- [ RunTime:0.000000s ]
INFO: [ app_begin ] --START--
INFO: Run Behavior\ReadHtmlCacheBehavior [ RunTime:0.000000s ]
INFO: [ app_begin ] --END-- [ RunTime:0.000000s ]
NOTIC: [8192] Function mcrypt_cbc() is deprecated D:\phpStudy\WWW\dbspapi.dbkan.com\Application\Common\Common\function.php 第 178 行.
SQL: SHOW COLUMNS FROM `dbsp_utoken` [ RunTime:0.0020s ]
SQL: SELECT `userid` FROM `dbsp_utoken` WHERE `token` = '1719b6286b34d2fb01dd256001f4f0ec' AND `uptime` >= 1510997750 LIMIT 1   [ RunTime:0.0000s ]

[ 2017-11-18T17:36:20+08:00 ] 127.0.0.1 /index.php/Hv1/call/send
INFO: [ app_init ] --START--
INFO: Run Behavior\BuildLiteBehavior [ RunTime:0.000000s ]
INFO: [ app_init ] --END-- [ RunTime:0.000000s ]
INFO: [ app_begin ] --START--
INFO: Run Behavior\ReadHtmlCacheBehavior [ RunTime:0.000000s ]
INFO: [ app_begin ] --END-- [ RunTime:0.000000s ]
NOTIC: [8192] Function mcrypt_cbc() is deprecated D:\phpStudy\WWW\dbspapi.dbkan.com\Application\Common\Common\function.php 第 178 行.
SQL: SHOW COLUMNS FROM `dbsp_utoken` [ RunTime:0.0020s ]
SQL: SELECT `userid` FROM `dbsp_utoken` WHERE `token` = '1719b6286b34d2fb01dd256001f4f0ec' AND `uptime` >= 1510997750 LIMIT 1   [ RunTime:0.0010s ]

[ 2017-11-18T17:36:42+08:00 ] 127.0.0.1 /index.php/Hv1/call/send
INFO: [ app_init ] --START--
INFO: Run Behavior\BuildLiteBehavior [ RunTime:0.000000s ]
INFO: [ app_init ] --END-- [ RunTime:0.001000s ]
INFO: [ app_begin ] --START--
INFO: Run Behavior\ReadHtmlCacheBehavior [ RunTime:0.001000s ]
INFO: [ app_begin ] --END-- [ RunTime:0.001000s ]
NOTIC: [8192] Function mcrypt_cbc() is deprecated D:\phpStudy\WWW\dbspapi.dbkan.com\Application\Common\Common\function.php 第 178 行.
SQL: SHOW COLUMNS FROM `dbsp_utoken` [ RunTime:0.0010s ]
SQL: SELECT `userid` FROM `dbsp_utoken` WHERE `token` = '1719b6286b34d2fb01dd256001f4f0ec' AND `uptime` >= 1510997772 LIMIT 1   [ RunTime:0.0000s ]

[ 2017-11-18T17:37:29+08:00 ] 127.0.0.1 /index.php/Hv1/log/index
INFO: [ app_init ] --START--
INFO: Run Behavior\BuildLiteBehavior [ RunTime:0.000000s ]
INFO: [ app_init ] --END-- [ RunTime:0.000000s ]
INFO: [ app_begin ] --START--
INFO: Run Behavior\ReadHtmlCacheBehavior [ RunTime:0.000000s ]
INFO: [ app_begin ] --END-- [ RunTime:0.000000s ]
NOTIC: [8192] Function mcrypt_cbc() is deprecated D:\phpStudy\WWW\dbspapi.dbkan.com\Application\Common\Common\function.php 第 178 行.
SQL: SHOW COLUMNS FROM `dbsp_user` [ RunTime:0.0020s ]
NOTIC: [8] Use of undefined constant YUNXIN_APPKey - assumed 'YUNXIN_APPKey' D:\phpStudy\WWW\dbspapi.dbkan.com\Application\Common\Common\function.php 第 383 行.
NOTIC: [8] Use of undefined constant YUNXIN_AppSecret - assumed 'YUNXIN_AppSecret' D:\phpStudy\WWW\dbspapi.dbkan.com\Application\Common\Common\function.php 第 383 行.
SQL: SELECT * FROM `dbsp_user` WHERE `mobile` = '18679354419' LIMIT 1   [ RunTime:0.0000s ]
NOTIC: [8] Undefined index: deviceid D:\phpStudy\WWW\dbspapi.dbkan.com\Application\Hv1\Controller\LogController.class.php 第 79 行.
NOTIC: [8] Undefined index: deviceid D:\phpStudy\WWW\dbspapi.dbkan.com\Application\Hv1\Controller\LogController.class.php 第 92 行.
SQL: UPDATE `dbsp_user` SET `create_time`='1510997849',`deviceid_tv`=NULL,`token`='34686e0c87c0f45562ab948bb57fd8b4' WHERE `mobile` = '18679354419' [ RunTime:0.0000s ]

[ 2017-11-18T17:37:55+08:00 ] 127.0.0.1 /index.php/Hv1/call/send
INFO: [ app_init ] --START--
INFO: Run Behavior\BuildLiteBehavior [ RunTime:0.000000s ]
INFO: [ app_init ] --END-- [ RunTime:0.000000s ]
INFO: [ app_begin ] --START--
INFO: Run Behavior\ReadHtmlCacheBehavior [ RunTime:0.000000s ]
INFO: [ app_begin ] --END-- [ RunTime:0.000000s ]
NOTIC: [8192] Function mcrypt_cbc() is deprecated D:\phpStudy\WWW\dbspapi.dbkan.com\Application\Common\Common\function.php 第 178 行.
SQL: SHOW COLUMNS FROM `dbsp_utoken` [ RunTime:0.0020s ]
SQL: SELECT `userid` FROM `dbsp_utoken` WHERE `token` = '1719b6286b34d2fb01dd256001f4f0ec' AND `uptime` >= 1510997845 LIMIT 1   [ RunTime:0.0000s ]

[ 2017-11-18T17:37:55+08:00 ] 127.0.0.1 /index.php/Hv1/call/send
INFO: [ app_init ] --START--
INFO: Run Behavior\BuildLiteBehavior [ RunTime:0.000000s ]
INFO: [ app_init ] --END-- [ RunTime:0.000000s ]
INFO: [ app_begin ] --START--
INFO: Run Behavior\ReadHtmlCacheBehavior [ RunTime:0.000000s ]
INFO: [ app_begin ] --END-- [ RunTime:0.000000s ]
NOTIC: [8192] Function mcrypt_cbc() is deprecated D:\phpStudy\WWW\dbspapi.dbkan.com\Application\Common\Common\function.php 第 178 行.
SQL: SHOW COLUMNS FROM `dbsp_utoken` [ RunTime:0.0010s ]
SQL: SELECT `userid` FROM `dbsp_utoken` WHERE `token` = '1719b6286b34d2fb01dd256001f4f0ec' AND `uptime` >= 1510997845 LIMIT 1   [ RunTime:0.0010s ]

[ 2017-11-18T17:37:56+08:00 ] 127.0.0.1 /index.php/Hv1/call/send
INFO: [ app_init ] --START--
INFO: Run Behavior\BuildLiteBehavior [ RunTime:0.000000s ]
INFO: [ app_init ] --END-- [ RunTime:0.000000s ]
INFO: [ app_begin ] --START--
INFO: Run Behavior\ReadHtmlCacheBehavior [ RunTime:0.000000s ]
INFO: [ app_begin ] --END-- [ RunTime:0.000000s ]
NOTIC: [8192] Function mcrypt_cbc() is deprecated D:\phpStudy\WWW\dbspapi.dbkan.com\Application\Common\Common\function.php 第 178 行.
SQL: SHOW COLUMNS FROM `dbsp_utoken` [ RunTime:0.0040s ]
SQL: SELECT `userid` FROM `dbsp_utoken` WHERE `token` = '1719b6286b34d2fb01dd256001f4f0ec' AND `uptime` >= 1510997846 LIMIT 1   [ RunTime:0.0000s ]

