[ 2017-11-07T09:24:51+08:00 ] 127.0.0.1 /index.php/Admin/merchandise/lists.html
INFO: [ app_init ] --START--
INFO: Run Behavior\BuildLiteBehavior [ RunTime:0.000000s ]
INFO: [ app_init ] --END-- [ RunTime:0.001000s ]
INFO: [ app_begin ] --START--
INFO: Run Behavior\ReadHtmlCacheBehavior [ RunTime:0.000000s ]
INFO: [ app_begin ] --END-- [ RunTime:0.001000s ]
NOTIC: [8] Use of undefined constant SESSION_PREFIX - assumed 'SESSION_PREFIX' D:\phpStudy\WWW\dbspapi.dbkan.com\Application\Admin\Controller\CommonController.class.php 第 27 行.
NOTIC: [8] A session had already been started - ignoring session_start() D:\phpStudy\WWW\dbspapi.dbkan.com\ThinkPHP\Common\functions.php 第 1263 行.
SQL: SHOW COLUMNS FROM `menu` [ RunTime:0.0070s ]
SQL: SELECT * FROM `menu` ORDER BY step asc  [ RunTime:0.0010s ]
NOTIC: [8] Undefined variable: where D:\phpStudy\WWW\dbspapi.dbkan.com\Application\Admin\Controller\MerchandiseController.class.php 第 36 行.
SQL: SHOW COLUMNS FROM `user` [ RunTime:0.0040s ]
SQL: SELECT COUNT(*) AS tp_count FROM `user` LIMIT 1   [ RunTime:0.0010s ]
SQL: SELECT * FROM `user` ORDER BY create_time desc LIMIT 0,10   [ RunTime:0.0010s ]
ERR: 模板不存在:./Application/Admin/View/Merchandise/lists.html

[ 2017-11-07T09:24:55+08:00 ] 127.0.0.1 /index.php/Admin/user/lists.html
INFO: [ app_init ] --START--
INFO: Run Behavior\BuildLiteBehavior [ RunTime:0.000000s ]
INFO: [ app_init ] --END-- [ RunTime:0.000000s ]
INFO: [ app_begin ] --START--
INFO: Run Behavior\ReadHtmlCacheBehavior [ RunTime:0.001000s ]
INFO: [ app_begin ] --END-- [ RunTime:0.001000s ]
NOTIC: [8] Use of undefined constant SESSION_PREFIX - assumed 'SESSION_PREFIX' D:\phpStudy\WWW\dbspapi.dbkan.com\Application\Admin\Controller\CommonController.class.php 第 27 行.
NOTIC: [8] A session had already been started - ignoring session_start() D:\phpStudy\WWW\dbspapi.dbkan.com\ThinkPHP\Common\functions.php 第 1263 行.
SQL: SHOW COLUMNS FROM `menu` [ RunTime:0.0060s ]
SQL: SELECT * FROM `menu` ORDER BY step asc  [ RunTime:0.0000s ]
NOTIC: [8] Undefined variable: where D:\phpStudy\WWW\dbspapi.dbkan.com\Application\Admin\Controller\UserController.class.php 第 40 行.
SQL: SHOW COLUMNS FROM `user` [ RunTime:0.0030s ]
SQL: SELECT COUNT(*) AS tp_count FROM `user` LIMIT 1   [ RunTime:0.0000s ]
SQL: SELECT * FROM `user` ORDER BY create_time desc LIMIT 0,10   [ RunTime:0.0000s ]
INFO: [ view_parse ] --START--
INFO: [ template_filter ] --START--
INFO: Run Behavior\ContentReplaceBehavior [ RunTime:0.002000s ]
INFO: [ template_filter ] --END-- [ RunTime:0.002000s ]
NOTIC: [8] Undefined index: uid D:\phpStudy\WWW\dbspapi.dbkan.com\Application\Runtime\Cache\Admin\fd8db13da1500736658b617f5c41c7cb.php 第 66 行.
NOTIC: [8] Undefined index: experience D:\phpStudy\WWW\dbspapi.dbkan.com\Application\Runtime\Cache\Admin\fd8db13da1500736658b617f5c41c7cb.php 第 75 行.
NOTIC: [8] Undefined index: uid D:\phpStudy\WWW\dbspapi.dbkan.com\Application\Runtime\Cache\Admin\fd8db13da1500736658b617f5c41c7cb.php 第 66 行.
NOTIC: [8] Undefined index: experience D:\phpStudy\WWW\dbspapi.dbkan.com\Application\Runtime\Cache\Admin\fd8db13da1500736658b617f5c41c7cb.php 第 75 行.
NOTIC: [8] Undefined index: uid D:\phpStudy\WWW\dbspapi.dbkan.com\Application\Runtime\Cache\Admin\fd8db13da1500736658b617f5c41c7cb.php 第 66 行.
NOTIC: [8] Undefined index: experience D:\phpStudy\WWW\dbspapi.dbkan.com\Application\Runtime\Cache\Admin\fd8db13da1500736658b617f5c41c7cb.php 第 75 行.
NOTIC: [8] Undefined index: uid D:\phpStudy\WWW\dbspapi.dbkan.com\Application\Runtime\Cache\Admin\fd8db13da1500736658b617f5c41c7cb.php 第 66 行.
NOTIC: [8] Undefined index: experience D:\phpStudy\WWW\dbspapi.dbkan.com\Application\Runtime\Cache\Admin\fd8db13da1500736658b617f5c41c7cb.php 第 75 行.
NOTIC: [8] Undefined index: uid D:\phpStudy\WWW\dbspapi.dbkan.com\Application\Runtime\Cache\Admin\fd8db13da1500736658b617f5c41c7cb.php 第 66 行.
NOTIC: [8] Undefined index: experience D:\phpStudy\WWW\dbspapi.dbkan.com\Application\Runtime\Cache\Admin\fd8db13da1500736658b617f5c41c7cb.php 第 75 行.
NOTIC: [8] Undefined index: uid D:\phpStudy\WWW\dbspapi.dbkan.com\Application\Runtime\Cache\Admin\fd8db13da1500736658b617f5c41c7cb.php 第 66 行.
NOTIC: [8] Undefined index: experience D:\phpStudy\WWW\dbspapi.dbkan.com\Application\Runtime\Cache\Admin\fd8db13da1500736658b617f5c41c7cb.php 第 75 行.
NOTIC: [8] Undefined index: uid D:\phpStudy\WWW\dbspapi.dbkan.com\Application\Runtime\Cache\Admin\fd8db13da1500736658b617f5c41c7cb.php 第 66 行.
NOTIC: [8] Undefined index: experience D:\phpStudy\WWW\dbspapi.dbkan.com\Application\Runtime\Cache\Admin\fd8db13da1500736658b617f5c41c7cb.php 第 75 行.
NOTIC: [8] Undefined index: uid D:\phpStudy\WWW\dbspapi.dbkan.com\Application\Runtime\Cache\Admin\fd8db13da1500736658b617f5c41c7cb.php 第 66 行.
NOTIC: [8] Undefined index: experience D:\phpStudy\WWW\dbspapi.dbkan.com\Application\Runtime\Cache\Admin\fd8db13da1500736658b617f5c41c7cb.php 第 75 行.
NOTIC: [8] Undefined index: uid D:\phpStudy\WWW\dbspapi.dbkan.com\Application\Runtime\Cache\Admin\fd8db13da1500736658b617f5c41c7cb.php 第 66 行.
NOTIC: [8] Undefined index: experience D:\phpStudy\WWW\dbspapi.dbkan.com\Application\Runtime\Cache\Admin\fd8db13da1500736658b617f5c41c7cb.php 第 75 行.
NOTIC: [8] Undefined index: uid D:\phpStudy\WWW\dbspapi.dbkan.com\Application\Runtime\Cache\Admin\fd8db13da1500736658b617f5c41c7cb.php 第 66 行.
NOTIC: [8] Undefined index: experience D:\phpStudy\WWW\dbspapi.dbkan.com\Application\Runtime\Cache\Admin\fd8db13da1500736658b617f5c41c7cb.php 第 75 行.
INFO: Run Behavior\ParseTemplateBehavior [ RunTime:0.022000s ]
INFO: [ view_parse ] --END-- [ RunTime:0.022000s ]
INFO: [ view_filter ] --START--
INFO: Run Behavior\WriteHtmlCacheBehavior [ RunTime:0.001000s ]
INFO: [ view_filter ] --END-- [ RunTime:0.001000s ]
INFO: [ app_end ] --START--
INFO: Run Behavior\ShowPageTraceBehavior [ RunTime:0.000000s ]
INFO: [ app_end ] --END-- [ RunTime:0.000000s ]

