[ 2018-01-09T10:39:03+08:00 ] 127.0.0.1 /admin
INFO: [ app_init ] --START--
INFO: Run Behavior\BuildLiteBehavior [ RunTime:0.000000s ]
INFO: [ app_init ] --END-- [ RunTime:0.001000s ]
INFO: [ app_begin ] --START--
INFO: Run Behavior\ReadHtmlCacheBehavior [ RunTime:0.001000s ]
INFO: [ app_begin ] --END-- [ RunTime:0.001000s ]
NOTIC: [8] Use of undefined constant SESSION_PREFIX - assumed 'SESSION_PREFIX' D:\phpStudy\WWW\wkb\Application\Admin\Controller\CommonController.class.php 第 27 行.
NOTIC: [8] A session had already been started - ignoring session_start() D:\phpStudy\WWW\wkb\ThinkPHP\Common\functions.php 第 1263 行.
INFO: [ view_parse ] --START--
INFO: [ template_filter ] --START--
INFO: Run Behavior\ContentReplaceBehavior [ RunTime:0.001000s ]
INFO: [ template_filter ] --END-- [ RunTime:0.001000s ]
INFO: Run Behavior\ParseTemplateBehavior [ RunTime:0.007000s ]
INFO: [ view_parse ] --END-- [ RunTime:0.007000s ]
INFO: [ view_filter ] --START--
INFO: Run Behavior\WriteHtmlCacheBehavior [ RunTime:0.000000s ]
INFO: [ view_filter ] --END-- [ RunTime:0.000000s ]

[ 2018-01-09T10:39:03+08:00 ] 127.0.0.1 /Admin/Common/verify.html
INFO: [ app_init ] --START--
INFO: Run Behavior\BuildLiteBehavior [ RunTime:0.000000s ]
INFO: [ app_init ] --END-- [ RunTime:0.000000s ]
INFO: [ app_begin ] --START--
INFO: Run Behavior\ReadHtmlCacheBehavior [ RunTime:0.001000s ]
INFO: [ app_begin ] --END-- [ RunTime:0.001000s ]
NOTIC: [8] Use of undefined constant SESSION_PREFIX - assumed 'SESSION_PREFIX' D:\phpStudy\WWW\wkb\Application\Admin\Controller\CommonController.class.php 第 27 行.
NOTIC: [8] A session had already been started - ignoring session_start() D:\phpStudy\WWW\wkb\ThinkPHP\Common\functions.php 第 1263 行.
INFO: [ app_end ] --START--
INFO: Run Behavior\ShowPageTraceBehavior [ RunTime:0.000000s ]
INFO: [ app_end ] --END-- [ RunTime:0.001000s ]

[ 2018-01-09T10:39:04+08:00 ] 127.0.0.1 /Admin/Common/verify.html
INFO: [ app_init ] --START--
INFO: Run Behavior\BuildLiteBehavior [ RunTime:0.000000s ]
INFO: [ app_init ] --END-- [ RunTime:0.000000s ]
INFO: [ app_begin ] --START--
INFO: Run Behavior\ReadHtmlCacheBehavior [ RunTime:0.000000s ]
INFO: [ app_begin ] --END-- [ RunTime:0.000000s ]
NOTIC: [8] Use of undefined constant SESSION_PREFIX - assumed 'SESSION_PREFIX' D:\phpStudy\WWW\wkb\Application\Admin\Controller\CommonController.class.php 第 27 行.
NOTIC: [8] A session had already been started - ignoring session_start() D:\phpStudy\WWW\wkb\ThinkPHP\Common\functions.php 第 1263 行.
INFO: [ app_end ] --START--
INFO: Run Behavior\ShowPageTraceBehavior [ RunTime:0.001000s ]
INFO: [ app_end ] --END-- [ RunTime:0.001000s ]

[ 2018-01-09T10:39:07+08:00 ] 127.0.0.1 /Admin/Common/verify.html?
INFO: [ app_init ] --START--
INFO: Run Behavior\BuildLiteBehavior [ RunTime:0.000000s ]
INFO: [ app_init ] --END-- [ RunTime:0.000000s ]
INFO: [ app_begin ] --START--
INFO: Run Behavior\ReadHtmlCacheBehavior [ RunTime:0.000000s ]
INFO: [ app_begin ] --END-- [ RunTime:0.000000s ]
NOTIC: [8] Use of undefined constant SESSION_PREFIX - assumed 'SESSION_PREFIX' D:\phpStudy\WWW\wkb\Application\Admin\Controller\CommonController.class.php 第 27 行.
NOTIC: [8] A session had already been started - ignoring session_start() D:\phpStudy\WWW\wkb\ThinkPHP\Common\functions.php 第 1263 行.
INFO: [ app_end ] --START--
INFO: Run Behavior\ShowPageTraceBehavior [ RunTime:0.001000s ]
INFO: [ app_end ] --END-- [ RunTime:0.001000s ]

[ 2018-01-09T10:39:14+08:00 ] 127.0.0.1 /Admin/Index/login.html
INFO: [ app_init ] --START--
INFO: Run Behavior\BuildLiteBehavior [ RunTime:0.000000s ]
INFO: [ app_init ] --END-- [ RunTime:0.001000s ]
INFO: [ app_begin ] --START--
INFO: Run Behavior\ReadHtmlCacheBehavior [ RunTime:0.001000s ]
INFO: [ app_begin ] --END-- [ RunTime:0.001000s ]
NOTIC: [8] Use of undefined constant SESSION_PREFIX - assumed 'SESSION_PREFIX' D:\phpStudy\WWW\wkb\Application\Admin\Controller\CommonController.class.php 第 27 行.
NOTIC: [8] A session had already been started - ignoring session_start() D:\phpStudy\WWW\wkb\ThinkPHP\Common\functions.php 第 1263 行.
SQL: SHOW COLUMNS FROM `admin` [ RunTime:0.0040s ]
SQL: SELECT * FROM `admin` WHERE `uname` = 'admin' AND `pword` = '21232f297a57a5a743894a0e4a801fc3' LIMIT 1   [ RunTime:0.0010s ]

[ 2018-01-09T10:39:14+08:00 ] 127.0.0.1 /Admin/Index/index.html
INFO: [ app_init ] --START--
INFO: Run Behavior\BuildLiteBehavior [ RunTime:0.000000s ]
INFO: [ app_init ] --END-- [ RunTime:0.000000s ]
INFO: [ app_begin ] --START--
INFO: Run Behavior\ReadHtmlCacheBehavior [ RunTime:0.000000s ]
INFO: [ app_begin ] --END-- [ RunTime:0.000000s ]
NOTIC: [8] Use of undefined constant SESSION_PREFIX - assumed 'SESSION_PREFIX' D:\phpStudy\WWW\wkb\Application\Admin\Controller\CommonController.class.php 第 27 行.
NOTIC: [8] A session had already been started - ignoring session_start() D:\phpStudy\WWW\wkb\ThinkPHP\Common\functions.php 第 1263 行.
SQL: SHOW COLUMNS FROM `menu` [ RunTime:0.0040s ]
SQL: SELECT * FROM `menu` ORDER BY step asc  [ RunTime:0.0010s ]
INFO: [ view_parse ] --START--
INFO: [ template_filter ] --START--
INFO: Run Behavior\ContentReplaceBehavior [ RunTime:0.000000s ]
INFO: [ template_filter ] --END-- [ RunTime:0.000000s ]
INFO: Run Behavior\ParseTemplateBehavior [ RunTime:0.006000s ]
INFO: [ view_parse ] --END-- [ RunTime:0.006000s ]
INFO: [ view_filter ] --START--
INFO: Run Behavior\WriteHtmlCacheBehavior [ RunTime:0.000000s ]
INFO: [ view_filter ] --END-- [ RunTime:0.000000s ]
INFO: [ app_end ] --START--
INFO: Run Behavior\ShowPageTraceBehavior [ RunTime:0.000000s ]
INFO: [ app_end ] --END-- [ RunTime:0.000000s ]

[ 2018-01-09T10:39:14+08:00 ] 127.0.0.1 /Admin/Index/welcome.html
INFO: [ app_init ] --START--
INFO: Run Behavior\BuildLiteBehavior [ RunTime:0.000000s ]
INFO: [ app_init ] --END-- [ RunTime:0.000000s ]
INFO: [ app_begin ] --START--
INFO: Run Behavior\ReadHtmlCacheBehavior [ RunTime:0.001000s ]
INFO: [ app_begin ] --END-- [ RunTime:0.001000s ]
NOTIC: [8] Use of undefined constant SESSION_PREFIX - assumed 'SESSION_PREFIX' D:\phpStudy\WWW\wkb\Application\Admin\Controller\CommonController.class.php 第 27 行.
NOTIC: [8] A session had already been started - ignoring session_start() D:\phpStudy\WWW\wkb\ThinkPHP\Common\functions.php 第 1263 行.
SQL: SHOW COLUMNS FROM `menu` [ RunTime:0.0030s ]
SQL: SELECT * FROM `menu` ORDER BY step asc  [ RunTime:0.0040s ]
INFO: [ app_end ] --START--
INFO: Run Behavior\ShowPageTraceBehavior [ RunTime:0.000000s ]
INFO: [ app_end ] --END-- [ RunTime:0.000000s ]

[ 2018-01-09T10:39:16+08:00 ] 127.0.0.1 /Admin/Person/index.html
INFO: [ app_init ] --START--
INFO: Run Behavior\BuildLiteBehavior [ RunTime:0.000000s ]
INFO: [ app_init ] --END-- [ RunTime:0.001000s ]
INFO: [ app_begin ] --START--
INFO: Run Behavior\ReadHtmlCacheBehavior [ RunTime:0.001000s ]
INFO: [ app_begin ] --END-- [ RunTime:0.001000s ]
NOTIC: [8] Use of undefined constant SESSION_PREFIX - assumed 'SESSION_PREFIX' D:\phpStudy\WWW\wkb\Application\Admin\Controller\CommonController.class.php 第 27 行.
NOTIC: [8] A session had already been started - ignoring session_start() D:\phpStudy\WWW\wkb\ThinkPHP\Common\functions.php 第 1263 行.
SQL: SHOW COLUMNS FROM `menu` [ RunTime:0.0030s ]
SQL: SELECT * FROM `menu` ORDER BY step asc  [ RunTime:0.0010s ]
SQL: SHOW COLUMNS FROM `person` [ RunTime:0.0030s ]
SQL: SELECT COUNT(*) AS tp_count FROM `person` LIMIT 1   [ RunTime:0.0010s ]
SQL: SELECT * FROM `person` LIMIT 0,10   [ RunTime:0.0010s ]
INFO: [ view_parse ] --START--
INFO: [ template_filter ] --START--
INFO: Run Behavior\ContentReplaceBehavior [ RunTime:0.000000s ]
INFO: [ template_filter ] --END-- [ RunTime:0.001000s ]
NOTIC: [8] Undefined index: admin_id D:\phpStudy\WWW\wkb\Application\Runtime\Cache\Admin\6caa630fa6058fb75e5eb223b3c8a866.php 第 73 行.
NOTIC: [8] Undefined index: admin_id D:\phpStudy\WWW\wkb\Application\Runtime\Cache\Admin\6caa630fa6058fb75e5eb223b3c8a866.php 第 73 行.
NOTIC: [8] Undefined index: admin_id D:\phpStudy\WWW\wkb\Application\Runtime\Cache\Admin\6caa630fa6058fb75e5eb223b3c8a866.php 第 73 行.
NOTIC: [8] Undefined index: admin_id D:\phpStudy\WWW\wkb\Application\Runtime\Cache\Admin\6caa630fa6058fb75e5eb223b3c8a866.php 第 73 行.
INFO: Run Behavior\ParseTemplateBehavior [ RunTime:0.005000s ]
INFO: [ view_parse ] --END-- [ RunTime:0.005000s ]
INFO: [ view_filter ] --START--
INFO: Run Behavior\WriteHtmlCacheBehavior [ RunTime:0.001000s ]
INFO: [ view_filter ] --END-- [ RunTime:0.001000s ]
INFO: [ app_end ] --START--
INFO: Run Behavior\ShowPageTraceBehavior [ RunTime:0.000000s ]
INFO: [ app_end ] --END-- [ RunTime:0.000000s ]

[ 2018-01-09T10:39:19+08:00 ] 127.0.0.1 /Admin/equipment/index.html
INFO: [ app_init ] --START--
INFO: Run Behavior\BuildLiteBehavior [ RunTime:0.000000s ]
INFO: [ app_init ] --END-- [ RunTime:0.001000s ]
INFO: [ app_begin ] --START--
INFO: Run Behavior\ReadHtmlCacheBehavior [ RunTime:0.000000s ]
INFO: [ app_begin ] --END-- [ RunTime:0.000000s ]
NOTIC: [8] Use of undefined constant SESSION_PREFIX - assumed 'SESSION_PREFIX' D:\phpStudy\WWW\wkb\Application\Admin\Controller\CommonController.class.php 第 27 行.
NOTIC: [8] A session had already been started - ignoring session_start() D:\phpStudy\WWW\wkb\ThinkPHP\Common\functions.php 第 1263 行.
SQL: SHOW COLUMNS FROM `menu` [ RunTime:0.0030s ]
SQL: SELECT * FROM `menu` ORDER BY step asc  [ RunTime:0.0010s ]
SQL: SHOW COLUMNS FROM `equipment` [ RunTime:0.0030s ]
SQL: SELECT COUNT(*) AS tp_count FROM `equipment` LIMIT 1   [ RunTime:0.0000s ]
SQL: SELECT * FROM `equipment` LIMIT 0,10   [ RunTime:0.0010s ]
INFO: [ view_parse ] --START--
INFO: [ template_filter ] --START--
INFO: Run Behavior\ContentReplaceBehavior [ RunTime:0.000000s ]
INFO: [ template_filter ] --END-- [ RunTime:0.000000s ]
NOTIC: [8] Undefined index: admin_id D:\phpStudy\WWW\wkb\Application\Runtime\Cache\Admin\78a6f9d2713211ce3b751d7107b15895.php 第 71 行.
NOTIC: [8] Undefined index: admin_id D:\phpStudy\WWW\wkb\Application\Runtime\Cache\Admin\78a6f9d2713211ce3b751d7107b15895.php 第 71 行.
NOTIC: [8] Undefined index: admin_id D:\phpStudy\WWW\wkb\Application\Runtime\Cache\Admin\78a6f9d2713211ce3b751d7107b15895.php 第 71 行.
NOTIC: [8] Undefined index: admin_id D:\phpStudy\WWW\wkb\Application\Runtime\Cache\Admin\78a6f9d2713211ce3b751d7107b15895.php 第 71 行.
INFO: Run Behavior\ParseTemplateBehavior [ RunTime:0.003000s ]
INFO: [ view_parse ] --END-- [ RunTime:0.004000s ]
INFO: [ view_filter ] --START--
INFO: Run Behavior\WriteHtmlCacheBehavior [ RunTime:0.000000s ]
INFO: [ view_filter ] --END-- [ RunTime:0.000000s ]
INFO: [ app_end ] --START--
INFO: Run Behavior\ShowPageTraceBehavior [ RunTime:0.000000s ]
INFO: [ app_end ] --END-- [ RunTime:0.000000s ]

[ 2018-01-09T10:39:23+08:00 ] 127.0.0.1 /Admin/Pconfig/index.html
INFO: [ app_init ] --START--
INFO: Run Behavior\BuildLiteBehavior [ RunTime:0.000000s ]
INFO: [ app_init ] --END-- [ RunTime:0.001000s ]
INFO: [ app_begin ] --START--
INFO: Run Behavior\ReadHtmlCacheBehavior [ RunTime:0.001000s ]
INFO: [ app_begin ] --END-- [ RunTime:0.001000s ]
NOTIC: [8] Use of undefined constant SESSION_PREFIX - assumed 'SESSION_PREFIX' D:\phpStudy\WWW\wkb\Application\Admin\Controller\CommonController.class.php 第 27 行.
NOTIC: [8] A session had already been started - ignoring session_start() D:\phpStudy\WWW\wkb\ThinkPHP\Common\functions.php 第 1263 行.
SQL: SHOW COLUMNS FROM `menu` [ RunTime:0.0030s ]
SQL: SELECT * FROM `menu` ORDER BY step asc  [ RunTime:0.0010s ]
SQL: SHOW COLUMNS FROM `config` [ RunTime:0.0030s ]
NOTIC: [8] Undefined variable: page D:\phpStudy\WWW\wkb\Application\Admin\Controller\PconfigController.class.php 第 18 行.
NOTIC: [8] Trying to get property of non-object D:\phpStudy\WWW\wkb\Application\Admin\Controller\PconfigController.class.php 第 18 行.
NOTIC: [8] Undefined variable: page D:\phpStudy\WWW\wkb\Application\Admin\Controller\PconfigController.class.php 第 18 行.
NOTIC: [8] Trying to get property of non-object D:\phpStudy\WWW\wkb\Application\Admin\Controller\PconfigController.class.php 第 18 行.
SQL: SELECT * FROM `config`  [ RunTime:0.0000s ]
INFO: [ view_parse ] --START--
INFO: [ template_filter ] --START--
INFO: Run Behavior\ContentReplaceBehavior [ RunTime:0.000000s ]
INFO: [ template_filter ] --END-- [ RunTime:0.000000s ]
INFO: Run Behavior\ParseTemplateBehavior [ RunTime:0.004000s ]
INFO: [ view_parse ] --END-- [ RunTime:0.004000s ]
INFO: [ view_filter ] --START--
INFO: Run Behavior\WriteHtmlCacheBehavior [ RunTime:0.000000s ]
INFO: [ view_filter ] --END-- [ RunTime:0.000000s ]
INFO: [ app_end ] --START--
INFO: Run Behavior\ShowPageTraceBehavior [ RunTime:0.001000s ]
INFO: [ app_end ] --END-- [ RunTime:0.001000s ]

[ 2018-01-09T10:39:27+08:00 ] 127.0.0.1 /Admin/Mbag/index.html
INFO: [ app_init ] --START--
INFO: Run Behavior\BuildLiteBehavior [ RunTime:0.000000s ]
INFO: [ app_init ] --END-- [ RunTime:0.001000s ]
INFO: [ app_begin ] --START--
INFO: Run Behavior\ReadHtmlCacheBehavior [ RunTime:0.001000s ]
INFO: [ app_begin ] --END-- [ RunTime:0.001000s ]
NOTIC: [8] Use of undefined constant SESSION_PREFIX - assumed 'SESSION_PREFIX' D:\phpStudy\WWW\wkb\Application\Admin\Controller\CommonController.class.php 第 27 行.
NOTIC: [8] A session had already been started - ignoring session_start() D:\phpStudy\WWW\wkb\ThinkPHP\Common\functions.php 第 1263 行.
SQL: SHOW COLUMNS FROM `menu` [ RunTime:0.0030s ]
SQL: SELECT * FROM `menu` ORDER BY step asc  [ RunTime:0.0010s ]
SQL: SHOW COLUMNS FROM `mediche_bag` [ RunTime:0.0040s ]
SQL: SELECT COUNT(*) AS tp_count FROM `mediche_bag` LIMIT 1   [ RunTime:0.0010s ]
SQL: SELECT * FROM `mediche_bag` LIMIT 0,10   [ RunTime:0.0010s ]
INFO: [ view_parse ] --START--
INFO: [ template_filter ] --START--
INFO: Run Behavior\ContentReplaceBehavior [ RunTime:0.000000s ]
INFO: [ template_filter ] --END-- [ RunTime:0.000000s ]
NOTIC: [8] Undefined index: admin_id D:\phpStudy\WWW\wkb\Application\Runtime\Cache\Admin\83a0cdb5a65776bf4a7289862d4903f3.php 第 64 行.
NOTIC: [8] Undefined index: admin_id D:\phpStudy\WWW\wkb\Application\Runtime\Cache\Admin\83a0cdb5a65776bf4a7289862d4903f3.php 第 64 行.
INFO: Run Behavior\ParseTemplateBehavior [ RunTime:0.004000s ]
INFO: [ view_parse ] --END-- [ RunTime:0.004000s ]
INFO: [ view_filter ] --START--
INFO: Run Behavior\WriteHtmlCacheBehavior [ RunTime:0.000000s ]
INFO: [ view_filter ] --END-- [ RunTime:0.000000s ]
INFO: [ app_end ] --START--
INFO: Run Behavior\ShowPageTraceBehavior [ RunTime:0.001000s ]
INFO: [ app_end ] --END-- [ RunTime:0.001000s ]

[ 2018-01-09T10:39:28+08:00 ] 127.0.0.1 /Admin/mediche/index.html
INFO: [ app_init ] --START--
INFO: Run Behavior\BuildLiteBehavior [ RunTime:0.000000s ]
INFO: [ app_init ] --END-- [ RunTime:0.000000s ]
INFO: [ app_begin ] --START--
INFO: Run Behavior\ReadHtmlCacheBehavior [ RunTime:0.000000s ]
INFO: [ app_begin ] --END-- [ RunTime:0.000000s ]
NOTIC: [8] Use of undefined constant SESSION_PREFIX - assumed 'SESSION_PREFIX' D:\phpStudy\WWW\wkb\Application\Admin\Controller\CommonController.class.php 第 27 行.
NOTIC: [8] A session had already been started - ignoring session_start() D:\phpStudy\WWW\wkb\ThinkPHP\Common\functions.php 第 1263 行.
SQL: SHOW COLUMNS FROM `menu` [ RunTime:0.0030s ]
SQL: SELECT * FROM `menu` ORDER BY step asc  [ RunTime:0.0010s ]
SQL: SHOW COLUMNS FROM `mediche` [ RunTime:0.0030s ]
SQL: SELECT COUNT(*) AS tp_count FROM `mediche` LIMIT 1   [ RunTime:0.0010s ]
SQL: SELECT * FROM `mediche` LIMIT 0,10   [ RunTime:0.0020s ]
INFO: [ view_parse ] --START--
INFO: [ template_filter ] --START--
INFO: Run Behavior\ContentReplaceBehavior [ RunTime:0.000000s ]
INFO: [ template_filter ] --END-- [ RunTime:0.000000s ]
NOTIC: [8] Undefined index: admin_id D:\phpStudy\WWW\wkb\Application\Runtime\Cache\Admin\6ae19be9af3c3b4239a4011c0259b21a.php 第 66 行.
NOTIC: [8] Undefined index: admin_id D:\phpStudy\WWW\wkb\Application\Runtime\Cache\Admin\6ae19be9af3c3b4239a4011c0259b21a.php 第 66 行.
NOTIC: [8] Undefined index: admin_id D:\phpStudy\WWW\wkb\Application\Runtime\Cache\Admin\6ae19be9af3c3b4239a4011c0259b21a.php 第 66 行.
NOTIC: [8] Undefined index: admin_id D:\phpStudy\WWW\wkb\Application\Runtime\Cache\Admin\6ae19be9af3c3b4239a4011c0259b21a.php 第 66 行.
INFO: Run Behavior\ParseTemplateBehavior [ RunTime:0.003000s ]
INFO: [ view_parse ] --END-- [ RunTime:0.003000s ]
INFO: [ view_filter ] --START--
INFO: Run Behavior\WriteHtmlCacheBehavior [ RunTime:0.001000s ]
INFO: [ view_filter ] --END-- [ RunTime:0.001000s ]
INFO: [ app_end ] --START--
INFO: Run Behavior\ShowPageTraceBehavior [ RunTime:0.001000s ]
INFO: [ app_end ] --END-- [ RunTime:0.001000s ]

[ 2018-01-09T10:40:53+08:00 ] 127.0.0.1 /Admin/mediche/index.html
INFO: [ app_init ] --START--
INFO: Run Behavior\BuildLiteBehavior [ RunTime:0.000000s ]
INFO: [ app_init ] --END-- [ RunTime:0.001000s ]
INFO: [ app_begin ] --START--
INFO: Run Behavior\ReadHtmlCacheBehavior [ RunTime:0.000000s ]
INFO: [ app_begin ] --END-- [ RunTime:0.000000s ]
NOTIC: [8] Use of undefined constant SESSION_PREFIX - assumed 'SESSION_PREFIX' D:\phpStudy\WWW\wkb\Application\Admin\Controller\CommonController.class.php 第 27 行.
NOTIC: [8] A session had already been started - ignoring session_start() D:\phpStudy\WWW\wkb\ThinkPHP\Common\functions.php 第 1263 行.
SQL: SHOW COLUMNS FROM `menu` [ RunTime:0.0030s ]
SQL: SELECT * FROM `menu` ORDER BY step asc  [ RunTime:0.0020s ]
SQL: SHOW COLUMNS FROM `mediche` [ RunTime:0.0030s ]
SQL: SELECT COUNT(*) AS tp_count FROM `mediche` LIMIT 1   [ RunTime:0.0010s ]
SQL: SELECT * FROM `mediche` LIMIT 0,10   [ RunTime:0.0010s ]
INFO: [ view_parse ] --START--
INFO: [ template_filter ] --START--
INFO: Run Behavior\ContentReplaceBehavior [ RunTime:0.000000s ]
INFO: [ template_filter ] --END-- [ RunTime:0.000000s ]
NOTIC: [8] Undefined index: admin_id D:\phpStudy\WWW\wkb\Application\Runtime\Cache\Admin\6ae19be9af3c3b4239a4011c0259b21a.php 第 66 行.
NOTIC: [8] Undefined index: admin_id D:\phpStudy\WWW\wkb\Application\Runtime\Cache\Admin\6ae19be9af3c3b4239a4011c0259b21a.php 第 66 行.
NOTIC: [8] Undefined index: admin_id D:\phpStudy\WWW\wkb\Application\Runtime\Cache\Admin\6ae19be9af3c3b4239a4011c0259b21a.php 第 66 行.
NOTIC: [8] Undefined index: admin_id D:\phpStudy\WWW\wkb\Application\Runtime\Cache\Admin\6ae19be9af3c3b4239a4011c0259b21a.php 第 66 行.
INFO: Run Behavior\ParseTemplateBehavior [ RunTime:0.003000s ]
INFO: [ view_parse ] --END-- [ RunTime:0.003000s ]
INFO: [ view_filter ] --START--
INFO: Run Behavior\WriteHtmlCacheBehavior [ RunTime:0.001000s ]
INFO: [ view_filter ] --END-- [ RunTime:0.001000s ]
INFO: [ app_end ] --START--
INFO: Run Behavior\ShowPageTraceBehavior [ RunTime:0.000000s ]
INFO: [ app_end ] --END-- [ RunTime:0.000000s ]

