[ 2017-11-17T10:28:52+08:00 ] 127.0.0.1 /index.php/Mv2/Call/log
INFO: [ app_init ] --START--
INFO: Run Behavior\BuildLiteBehavior [ RunTime:0.000000s ]
INFO: [ app_init ] --END-- [ RunTime:0.000000s ]
INFO: [ app_begin ] --START--
INFO: Run Behavior\ReadHtmlCacheBehavior [ RunTime:0.001000s ]
INFO: [ app_begin ] --END-- [ RunTime:0.001000s ]
NOTIC: [8192] Function mcrypt_cbc() is deprecated D:\phpStudy\WWW\dbspapi.dbkan.com\Application\Common\Common\function.php 第 178 行.
NOTIC: [8192] Function mcrypt_cbc() is deprecated D:\phpStudy\WWW\dbspapi.dbkan.com\Application\Common\Common\function.php 第 178 行.

[ 2017-11-17T10:28:58+08:00 ] 127.0.0.1 /index.php/Mv2/Call/log
INFO: [ app_init ] --START--
INFO: Run Behavior\BuildLiteBehavior [ RunTime:0.000000s ]
INFO: [ app_init ] --END-- [ RunTime:0.000000s ]
INFO: [ app_begin ] --START--
INFO: Run Behavior\ReadHtmlCacheBehavior [ RunTime:0.000000s ]
INFO: [ app_begin ] --END-- [ RunTime:0.000000s ]
NOTIC: [8192] Function mcrypt_cbc() is deprecated D:\phpStudy\WWW\dbspapi.dbkan.com\Application\Common\Common\function.php 第 178 行.
NOTIC: [8192] Function mcrypt_cbc() is deprecated D:\phpStudy\WWW\dbspapi.dbkan.com\Application\Common\Common\function.php 第 178 行.
NOTIC: [8] Undefined index: user_id D:\phpStudy\WWW\dbspapi.dbkan.com\Application\Mv2\Controller\CallController.class.php 第 189 行.
ERR: 1064:You have an error in your SQL syntax; check the manual that corresponds to your MySQL server version for the right syntax to use near 'GROUP BY relation.id ORDER BY log_id limit 0, 50' at line 7
 [ SQL语句 ] : SELECT relation.user_id as id, call_log.id as log_id, relation.head_portrait, relation.name as user_name, relation.mobile, relation.last_call_time as call_time,
                relation.last_hours_length as hours_length, relation.last_answer as answer, relation.last_receive as receive, 
                relation.id AS relation_id, relation.user_name as name, relation.num as count
                FROM `call_log`
                LEFT JOIN `relation` ON relation.id = call_log.relation_id
                /*LEFT JOIN `user` ON relation.mobile = `user` .mobile*/
                WHERE relation.user_id =  GROUP BY relation.id ORDER BY log_id limit 0, 50
ERR: 1064:You have an error in your SQL syntax; check the manual that corresponds to your MySQL server version for the right syntax to use near 'GROUP BY relation.id ORDER BY log_id limit 0, 50' at line 7
 [ SQL语句 ] : SELECT relation.user_id as id, call_log.id as log_id, relation.head_portrait, relation.name as user_name, relation.mobile, relation.last_call_time as call_time,
                relation.last_hours_length as hours_length, relation.last_answer as answer, relation.last_receive as receive, 
                relation.id AS relation_id, relation.user_name as name, relation.num as count
                FROM `call_log`
                LEFT JOIN `relation` ON relation.id = call_log.relation_id
                /*LEFT JOIN `user` ON relation.mobile = `user` .mobile*/
                WHERE relation.user_id =  GROUP BY relation.id ORDER BY log_id limit 0, 50

[ 2017-11-17T10:30:34+08:00 ] 127.0.0.1 /index.php/Mv2/Call/log
INFO: [ app_init ] --START--
INFO: Run Behavior\BuildLiteBehavior [ RunTime:0.000000s ]
INFO: [ app_init ] --END-- [ RunTime:0.000000s ]
INFO: [ app_begin ] --START--
INFO: Run Behavior\ReadHtmlCacheBehavior [ RunTime:0.000000s ]
INFO: [ app_begin ] --END-- [ RunTime:0.000000s ]
NOTIC: [8192] Function mcrypt_cbc() is deprecated D:\phpStudy\WWW\dbspapi.dbkan.com\Application\Common\Common\function.php 第 178 行.
NOTIC: [8192] Function mcrypt_cbc() is deprecated D:\phpStudy\WWW\dbspapi.dbkan.com\Application\Common\Common\function.php 第 178 行.
NOTIC: [8] Undefined index: user_id D:\phpStudy\WWW\dbspapi.dbkan.com\Application\Mv2\Controller\CallController.class.php 第 189 行.
ERR: 1064:You have an error in your SQL syntax; check the manual that corresponds to your MySQL server version for the right syntax to use near 'GROUP BY relation.id ORDER BY log_id limit 0, 50' at line 7
 [ SQL语句 ] : SELECT relation.user_id as id, call_log.id as log_id, relation.head_portrait, relation.name as user_name, relation.mobile, relation.last_call_time as call_time,
                relation.last_hours_length as hours_length, relation.last_answer as answer, relation.last_receive as receive, 
                relation.id AS relation_id, relation.user_name as name, relation.num as count 
                FROM `call_log`
                LEFT JOIN `relation` ON relation.id = call_log.relation_id
                /*LEFT JOIN `user` ON relation.mobile = `user` .mobile*/
                WHERE relation.user_id =  GROUP BY relation.id ORDER BY log_id limit 0, 50
ERR: 1064:You have an error in your SQL syntax; check the manual that corresponds to your MySQL server version for the right syntax to use near 'GROUP BY relation.id ORDER BY log_id limit 0, 50' at line 7
 [ SQL语句 ] : SELECT relation.user_id as id, call_log.id as log_id, relation.head_portrait, relation.name as user_name, relation.mobile, relation.last_call_time as call_time,
                relation.last_hours_length as hours_length, relation.last_answer as answer, relation.last_receive as receive, 
                relation.id AS relation_id, relation.user_name as name, relation.num as count 
                FROM `call_log`
                LEFT JOIN `relation` ON relation.id = call_log.relation_id
                /*LEFT JOIN `user` ON relation.mobile = `user` .mobile*/
                WHERE relation.user_id =  GROUP BY relation.id ORDER BY log_id limit 0, 50

[ 2017-11-17T10:31:04+08:00 ] 127.0.0.1 /index.php/Mv2/Call/log
INFO: [ app_init ] --START--
INFO: Run Behavior\BuildLiteBehavior [ RunTime:0.000000s ]
INFO: [ app_init ] --END-- [ RunTime:0.000000s ]
INFO: [ app_begin ] --START--
INFO: Run Behavior\ReadHtmlCacheBehavior [ RunTime:0.000000s ]
INFO: [ app_begin ] --END-- [ RunTime:0.000000s ]
NOTIC: [8192] Function mcrypt_cbc() is deprecated D:\phpStudy\WWW\dbspapi.dbkan.com\Application\Common\Common\function.php 第 178 行.
NOTIC: [8192] Function mcrypt_cbc() is deprecated D:\phpStudy\WWW\dbspapi.dbkan.com\Application\Common\Common\function.php 第 178 行.
NOTIC: [8] Undefined index: user_id D:\phpStudy\WWW\dbspapi.dbkan.com\Application\Mv2\Controller\CallController.class.php 第 188 行.
ERR: 1064:You have an error in your SQL syntax; check the manual that corresponds to your MySQL server version for the right syntax to use near 'GROUP BY relation.id ORDER BY log_id limit 0, 50' at line 6
 [ SQL语句 ] : SELECT relation.user_id as id, call_log.id as log_id, relation.head_portrait, relation.name as user_name, relation.mobile, relation.last_call_time as call_time,
                relation.last_hours_length as hours_length, relation.last_answer as answer, relation.last_receive as receive, 
                relation.id AS relation_id, relation.user_name as name, relation.num as count 
                FROM `call_log`
                LEFT JOIN `relation` ON relation.id = call_log.relation_id
                WHERE relation.user_id =  GROUP BY relation.id ORDER BY log_id limit 0, 50
ERR: 1064:You have an error in your SQL syntax; check the manual that corresponds to your MySQL server version for the right syntax to use near 'GROUP BY relation.id ORDER BY log_id limit 0, 50' at line 6
 [ SQL语句 ] : SELECT relation.user_id as id, call_log.id as log_id, relation.head_portrait, relation.name as user_name, relation.mobile, relation.last_call_time as call_time,
                relation.last_hours_length as hours_length, relation.last_answer as answer, relation.last_receive as receive, 
                relation.id AS relation_id, relation.user_name as name, relation.num as count 
                FROM `call_log`
                LEFT JOIN `relation` ON relation.id = call_log.relation_id
                WHERE relation.user_id =  GROUP BY relation.id ORDER BY log_id limit 0, 50

[ 2017-11-17T10:32:29+08:00 ] 127.0.0.1 /index.php/Mv2/Call/log
INFO: [ app_init ] --START--
INFO: Run Behavior\BuildLiteBehavior [ RunTime:0.000000s ]
INFO: [ app_init ] --END-- [ RunTime:0.000000s ]
INFO: [ app_begin ] --START--
INFO: Run Behavior\ReadHtmlCacheBehavior [ RunTime:0.000000s ]
INFO: [ app_begin ] --END-- [ RunTime:0.000000s ]
NOTIC: [8192] Function mcrypt_cbc() is deprecated D:\phpStudy\WWW\dbspapi.dbkan.com\Application\Common\Common\function.php 第 178 行.
NOTIC: [8192] Function mcrypt_cbc() is deprecated D:\phpStudy\WWW\dbspapi.dbkan.com\Application\Common\Common\function.php 第 178 行.
SQL: SELECT relation.user_id as id, call_log.id as log_id, relation.head_portrait, relation.name as user_name, relation.mobile, relation.last_call_time as call_time,
                relation.last_hours_length as hours_length, relation.last_answer as answer, relation.last_receive as receive, 
                relation.id AS relation_id, relation.user_name as name, relation.num as count 
                FROM `call_log`
                LEFT JOIN `relation` ON relation.id = call_log.relation_id
                WHERE relation.user_id = 23 GROUP BY relation.id ORDER BY log_id limit 0, 50 [ RunTime:0.0020s ]

[ 2017-11-17T10:35:26+08:00 ] 127.0.0.1 /index.php/Mv2/Call/log
INFO: [ app_init ] --START--
INFO: Run Behavior\BuildLiteBehavior [ RunTime:0.000000s ]
INFO: [ app_init ] --END-- [ RunTime:0.000000s ]
INFO: [ app_begin ] --START--
INFO: Run Behavior\ReadHtmlCacheBehavior [ RunTime:0.001000s ]
INFO: [ app_begin ] --END-- [ RunTime:0.001000s ]
NOTIC: [8192] Function mcrypt_cbc() is deprecated D:\phpStudy\WWW\dbspapi.dbkan.com\Application\Common\Common\function.php 第 178 行.
NOTIC: [8192] Function mcrypt_cbc() is deprecated D:\phpStudy\WWW\dbspapi.dbkan.com\Application\Common\Common\function.php 第 178 行.
SQL: SELECT relation.user_id as id, call_log.id as log_id, relation.head_portrait, relation.name as user_name, relation.mobile, relation.last_call_time as call_time,
                relation.last_hours_length as hours_length, relation.last_answer as answer, relation.last_receive as receive, 
                relation.id AS relation_id, relation.user_name as name, relation.num as count 
                FROM `call_log`
                LEFT JOIN `relation` ON relation.id = call_log.relation_id
                WHERE relation.user_id = 109 GROUP BY relation.id ORDER BY log_id limit 0, 50 [ RunTime:0.0010s ]

