[ 2017-11-20T09:15:08+08:00 ] 127.0.0.1 /index.php/Mv2/Amigos/lists
INFO: [ app_init ] --START--
INFO: Run Behavior\BuildLiteBehavior [ RunTime:0.000000s ]
INFO: [ app_init ] --END-- [ RunTime:0.006000s ]
INFO: [ app_begin ] --START--
INFO: Run Behavior\ReadHtmlCacheBehavior [ RunTime:0.001000s ]
INFO: [ app_begin ] --END-- [ RunTime:0.001000s ]
NOTIC: [8192] Function mcrypt_cbc() is deprecated D:\phpStudy\WWW\dbspapi.dbkan.com\Application\Common\Common\function.php 第 178 行.
NOTIC: [8] Undefined index: server_token D:\phpStudy\WWW\dbspapi.dbkan.com\Application\Mv2\Controller\BaseController.class.php 第 15 行.

[ 2017-11-20T09:15:34+08:00 ] 127.0.0.1 /index.php/Mv2/Amigos/lists
INFO: [ app_init ] --START--
INFO: Run Behavior\BuildLiteBehavior [ RunTime:0.000000s ]
INFO: [ app_init ] --END-- [ RunTime:0.000000s ]
INFO: [ app_begin ] --START--
INFO: Run Behavior\ReadHtmlCacheBehavior [ RunTime:0.000000s ]
INFO: [ app_begin ] --END-- [ RunTime:0.000000s ]
NOTIC: [8192] Function mcrypt_cbc() is deprecated D:\phpStudy\WWW\dbspapi.dbkan.com\Application\Common\Common\function.php 第 178 行.
NOTIC: [8] Undefined index: server_token D:\phpStudy\WWW\dbspapi.dbkan.com\Application\Mv2\Controller\BaseController.class.php 第 15 行.

[ 2017-11-20T09:15:57+08:00 ] 127.0.0.1 /index.php/Mv2/Amigos/lists
INFO: [ app_init ] --START--
INFO: Run Behavior\BuildLiteBehavior [ RunTime:0.000000s ]
INFO: [ app_init ] --END-- [ RunTime:0.001000s ]
INFO: [ app_begin ] --START--
INFO: Run Behavior\ReadHtmlCacheBehavior [ RunTime:0.000000s ]
INFO: [ app_begin ] --END-- [ RunTime:0.000000s ]
NOTIC: [8192] Function mcrypt_cbc() is deprecated D:\phpStudy\WWW\dbspapi.dbkan.com\Application\Common\Common\function.php 第 178 行.

[ 2017-11-20T09:15:58+08:00 ] 127.0.0.1 /index.php/Mv2/Amigos/lists
INFO: [ app_init ] --START--
INFO: Run Behavior\BuildLiteBehavior [ RunTime:0.000000s ]
INFO: [ app_init ] --END-- [ RunTime:0.000000s ]
INFO: [ app_begin ] --START--
INFO: Run Behavior\ReadHtmlCacheBehavior [ RunTime:0.000000s ]
INFO: [ app_begin ] --END-- [ RunTime:0.000000s ]
NOTIC: [8192] Function mcrypt_cbc() is deprecated D:\phpStudy\WWW\dbspapi.dbkan.com\Application\Common\Common\function.php 第 178 行.

[ 2017-11-20T09:16:13+08:00 ] 127.0.0.1 /index.php/Mv2/Amigos/lists
INFO: [ app_init ] --START--
INFO: Run Behavior\BuildLiteBehavior [ RunTime:0.000000s ]
INFO: [ app_init ] --END-- [ RunTime:0.000000s ]
INFO: [ app_begin ] --START--
INFO: Run Behavior\ReadHtmlCacheBehavior [ RunTime:0.000000s ]
INFO: [ app_begin ] --END-- [ RunTime:0.000000s ]
NOTIC: [8192] Function mcrypt_cbc() is deprecated D:\phpStudy\WWW\dbspapi.dbkan.com\Application\Common\Common\function.php 第 178 行.
NOTIC: [8192] Function mcrypt_cbc() is deprecated D:\phpStudy\WWW\dbspapi.dbkan.com\Application\Common\Common\function.php 第 178 行.
SQL: SELECT friends_id as id, head_portrait, user_name, name, mobile, id AS relation_id, num FROM `dbsp_relation` 
                WHERE `user_id` = 115 and display = 1 ORDER BY num DESC [ RunTime:0.0170s ]

[ 2017-11-20T11:04:25+08:00 ] 127.0.0.1 /index.php/Mv2/Amigos/test
INFO: [ app_init ] --START--
INFO: Run Behavior\BuildLiteBehavior [ RunTime:0.000000s ]
INFO: [ app_init ] --END-- [ RunTime:0.003000s ]
INFO: [ app_begin ] --START--
INFO: Run Behavior\ReadHtmlCacheBehavior [ RunTime:0.002000s ]
INFO: [ app_begin ] --END-- [ RunTime:0.002000s ]
NOTIC: [8192] Function mcrypt_cbc() is deprecated D:\phpStudy\WWW\dbspapi.dbkan.com\Application\Common\Common\function.php 第 178 行.
NOTIC: [8] Undefined index: user_id D:\phpStudy\WWW\dbspapi.dbkan.com\Application\Mv2\Controller\BaseController.class.php 第 11 行.

[ 2017-11-20T11:04:42+08:00 ] 127.0.0.1 /index.php/Mv2/Amigos/test
INFO: [ app_init ] --START--
INFO: Run Behavior\BuildLiteBehavior [ RunTime:0.000000s ]
INFO: [ app_init ] --END-- [ RunTime:0.000000s ]
INFO: [ app_begin ] --START--
INFO: Run Behavior\ReadHtmlCacheBehavior [ RunTime:0.000000s ]
INFO: [ app_begin ] --END-- [ RunTime:0.000000s ]
NOTIC: [8192] Function mcrypt_cbc() is deprecated D:\phpStudy\WWW\dbspapi.dbkan.com\Application\Common\Common\function.php 第 178 行.
NOTIC: [8] Undefined index: user_id D:\phpStudy\WWW\dbspapi.dbkan.com\Application\Mv2\Controller\BaseController.class.php 第 11 行.

[ 2017-11-20T11:04:43+08:00 ] 127.0.0.1 /index.php/Mv2/Amigos/test
INFO: [ app_init ] --START--
INFO: Run Behavior\BuildLiteBehavior [ RunTime:0.000000s ]
INFO: [ app_init ] --END-- [ RunTime:0.000000s ]
INFO: [ app_begin ] --START--
INFO: Run Behavior\ReadHtmlCacheBehavior [ RunTime:0.000000s ]
INFO: [ app_begin ] --END-- [ RunTime:0.000000s ]
NOTIC: [8192] Function mcrypt_cbc() is deprecated D:\phpStudy\WWW\dbspapi.dbkan.com\Application\Common\Common\function.php 第 178 行.
NOTIC: [8] Undefined index: user_id D:\phpStudy\WWW\dbspapi.dbkan.com\Application\Mv2\Controller\BaseController.class.php 第 11 行.

[ 2017-11-20T11:04:43+08:00 ] 127.0.0.1 /index.php/Mv2/Amigos/test
INFO: [ app_init ] --START--
INFO: Run Behavior\BuildLiteBehavior [ RunTime:0.000000s ]
INFO: [ app_init ] --END-- [ RunTime:0.000000s ]
INFO: [ app_begin ] --START--
INFO: Run Behavior\ReadHtmlCacheBehavior [ RunTime:0.000000s ]
INFO: [ app_begin ] --END-- [ RunTime:0.000000s ]
NOTIC: [8192] Function mcrypt_cbc() is deprecated D:\phpStudy\WWW\dbspapi.dbkan.com\Application\Common\Common\function.php 第 178 行.
NOTIC: [8] Undefined index: user_id D:\phpStudy\WWW\dbspapi.dbkan.com\Application\Mv2\Controller\BaseController.class.php 第 11 行.

[ 2017-11-20T11:04:43+08:00 ] 127.0.0.1 /index.php/Mv2/Amigos/test
INFO: [ app_init ] --START--
INFO: Run Behavior\BuildLiteBehavior [ RunTime:0.000000s ]
INFO: [ app_init ] --END-- [ RunTime:0.001000s ]
INFO: [ app_begin ] --START--
INFO: Run Behavior\ReadHtmlCacheBehavior [ RunTime:0.000000s ]
INFO: [ app_begin ] --END-- [ RunTime:0.000000s ]
NOTIC: [8192] Function mcrypt_cbc() is deprecated D:\phpStudy\WWW\dbspapi.dbkan.com\Application\Common\Common\function.php 第 178 行.
NOTIC: [8] Undefined index: user_id D:\phpStudy\WWW\dbspapi.dbkan.com\Application\Mv2\Controller\BaseController.class.php 第 11 行.

[ 2017-11-20T11:04:44+08:00 ] 127.0.0.1 /index.php/Mv2/Amigos/test
INFO: [ app_init ] --START--
INFO: Run Behavior\BuildLiteBehavior [ RunTime:0.000000s ]
INFO: [ app_init ] --END-- [ RunTime:0.000000s ]
INFO: [ app_begin ] --START--
INFO: Run Behavior\ReadHtmlCacheBehavior [ RunTime:0.000000s ]
INFO: [ app_begin ] --END-- [ RunTime:0.000000s ]
NOTIC: [8192] Function mcrypt_cbc() is deprecated D:\phpStudy\WWW\dbspapi.dbkan.com\Application\Common\Common\function.php 第 178 行.
NOTIC: [8] Undefined index: user_id D:\phpStudy\WWW\dbspapi.dbkan.com\Application\Mv2\Controller\BaseController.class.php 第 11 行.

[ 2017-11-20T11:05:43+08:00 ] 127.0.0.1 /index.php/Mv2/Amigos/test
INFO: [ app_init ] --START--
INFO: Run Behavior\BuildLiteBehavior [ RunTime:0.000000s ]
INFO: [ app_init ] --END-- [ RunTime:0.000000s ]
INFO: [ app_begin ] --START--
INFO: Run Behavior\ReadHtmlCacheBehavior [ RunTime:0.001000s ]
INFO: [ app_begin ] --END-- [ RunTime:0.001000s ]
NOTIC: [8192] Function mcrypt_cbc() is deprecated D:\phpStudy\WWW\dbspapi.dbkan.com\Application\Common\Common\function.php 第 178 行.
NOTIC: [8] Undefined index: user_id D:\phpStudy\WWW\dbspapi.dbkan.com\Application\Mv2\Controller\BaseController.class.php 第 11 行.

[ 2017-11-20T11:05:43+08:00 ] 127.0.0.1 /index.php/Mv2/Amigos/test
INFO: [ app_init ] --START--
INFO: Run Behavior\BuildLiteBehavior [ RunTime:0.000000s ]
INFO: [ app_init ] --END-- [ RunTime:0.000000s ]
INFO: [ app_begin ] --START--
INFO: Run Behavior\ReadHtmlCacheBehavior [ RunTime:0.000000s ]
INFO: [ app_begin ] --END-- [ RunTime:0.000000s ]
NOTIC: [8192] Function mcrypt_cbc() is deprecated D:\phpStudy\WWW\dbspapi.dbkan.com\Application\Common\Common\function.php 第 178 行.
NOTIC: [8] Undefined index: user_id D:\phpStudy\WWW\dbspapi.dbkan.com\Application\Mv2\Controller\BaseController.class.php 第 11 行.

[ 2017-11-20T11:05:43+08:00 ] 127.0.0.1 /index.php/Mv2/Amigos/test
INFO: [ app_init ] --START--
INFO: Run Behavior\BuildLiteBehavior [ RunTime:0.000000s ]
INFO: [ app_init ] --END-- [ RunTime:0.000000s ]
INFO: [ app_begin ] --START--
INFO: Run Behavior\ReadHtmlCacheBehavior [ RunTime:0.000000s ]
INFO: [ app_begin ] --END-- [ RunTime:0.000000s ]
NOTIC: [8192] Function mcrypt_cbc() is deprecated D:\phpStudy\WWW\dbspapi.dbkan.com\Application\Common\Common\function.php 第 178 行.
NOTIC: [8] Undefined index: user_id D:\phpStudy\WWW\dbspapi.dbkan.com\Application\Mv2\Controller\BaseController.class.php 第 11 行.

[ 2017-11-20T11:05:43+08:00 ] 127.0.0.1 /index.php/Mv2/Amigos/test
INFO: [ app_init ] --START--
INFO: Run Behavior\BuildLiteBehavior [ RunTime:0.000000s ]
INFO: [ app_init ] --END-- [ RunTime:0.000000s ]
INFO: [ app_begin ] --START--
INFO: Run Behavior\ReadHtmlCacheBehavior [ RunTime:0.000000s ]
INFO: [ app_begin ] --END-- [ RunTime:0.000000s ]
NOTIC: [8192] Function mcrypt_cbc() is deprecated D:\phpStudy\WWW\dbspapi.dbkan.com\Application\Common\Common\function.php 第 178 行.
NOTIC: [8] Undefined index: user_id D:\phpStudy\WWW\dbspapi.dbkan.com\Application\Mv2\Controller\BaseController.class.php 第 11 行.

[ 2017-11-20T11:05:44+08:00 ] 127.0.0.1 /index.php/Mv2/Amigos/test
INFO: [ app_init ] --START--
INFO: Run Behavior\BuildLiteBehavior [ RunTime:0.000000s ]
INFO: [ app_init ] --END-- [ RunTime:0.001000s ]
INFO: [ app_begin ] --START--
INFO: Run Behavior\ReadHtmlCacheBehavior [ RunTime:0.000000s ]
INFO: [ app_begin ] --END-- [ RunTime:0.000000s ]
NOTIC: [8192] Function mcrypt_cbc() is deprecated D:\phpStudy\WWW\dbspapi.dbkan.com\Application\Common\Common\function.php 第 178 行.
NOTIC: [8] Undefined index: user_id D:\phpStudy\WWW\dbspapi.dbkan.com\Application\Mv2\Controller\BaseController.class.php 第 11 行.

[ 2017-11-20T11:05:44+08:00 ] 127.0.0.1 /index.php/Mv2/Amigos/test
INFO: [ app_init ] --START--
INFO: Run Behavior\BuildLiteBehavior [ RunTime:0.000000s ]
INFO: [ app_init ] --END-- [ RunTime:0.000000s ]
INFO: [ app_begin ] --START--
INFO: Run Behavior\ReadHtmlCacheBehavior [ RunTime:0.000000s ]
INFO: [ app_begin ] --END-- [ RunTime:0.000000s ]
NOTIC: [8192] Function mcrypt_cbc() is deprecated D:\phpStudy\WWW\dbspapi.dbkan.com\Application\Common\Common\function.php 第 178 行.
NOTIC: [8] Undefined index: user_id D:\phpStudy\WWW\dbspapi.dbkan.com\Application\Mv2\Controller\BaseController.class.php 第 11 行.

[ 2017-11-20T11:05:44+08:00 ] 127.0.0.1 /index.php/Mv2/Amigos/test
INFO: [ app_init ] --START--
INFO: Run Behavior\BuildLiteBehavior [ RunTime:0.000000s ]
INFO: [ app_init ] --END-- [ RunTime:0.001000s ]
INFO: [ app_begin ] --START--
INFO: Run Behavior\ReadHtmlCacheBehavior [ RunTime:0.000000s ]
INFO: [ app_begin ] --END-- [ RunTime:0.000000s ]
NOTIC: [8192] Function mcrypt_cbc() is deprecated D:\phpStudy\WWW\dbspapi.dbkan.com\Application\Common\Common\function.php 第 178 行.
NOTIC: [8] Undefined index: user_id D:\phpStudy\WWW\dbspapi.dbkan.com\Application\Mv2\Controller\BaseController.class.php 第 11 行.

[ 2017-11-20T11:06:04+08:00 ] 127.0.0.1 /index.php/Mv2/Amigos/test
INFO: [ app_init ] --START--
INFO: Run Behavior\BuildLiteBehavior [ RunTime:0.000000s ]
INFO: [ app_init ] --END-- [ RunTime:0.001000s ]
INFO: [ app_begin ] --START--
INFO: Run Behavior\ReadHtmlCacheBehavior [ RunTime:0.000000s ]
INFO: [ app_begin ] --END-- [ RunTime:0.001000s ]
NOTIC: [8192] Function mcrypt_cbc() is deprecated D:\phpStudy\WWW\dbspapi.dbkan.com\Application\Common\Common\function.php 第 178 行.
NOTIC: [8] Undefined index: server_token D:\phpStudy\WWW\dbspapi.dbkan.com\Application\Mv2\Controller\BaseController.class.php 第 15 行.

[ 2017-11-20T11:06:04+08:00 ] 127.0.0.1 /index.php/Mv2/Amigos/test
INFO: [ app_init ] --START--
INFO: Run Behavior\BuildLiteBehavior [ RunTime:0.000000s ]
INFO: [ app_init ] --END-- [ RunTime:0.000000s ]
INFO: [ app_begin ] --START--
INFO: Run Behavior\ReadHtmlCacheBehavior [ RunTime:0.001000s ]
INFO: [ app_begin ] --END-- [ RunTime:0.001000s ]
NOTIC: [8192] Function mcrypt_cbc() is deprecated D:\phpStudy\WWW\dbspapi.dbkan.com\Application\Common\Common\function.php 第 178 行.
NOTIC: [8] Undefined index: server_token D:\phpStudy\WWW\dbspapi.dbkan.com\Application\Mv2\Controller\BaseController.class.php 第 15 行.

[ 2017-11-20T11:06:05+08:00 ] 127.0.0.1 /index.php/Mv2/Amigos/test
INFO: [ app_init ] --START--
INFO: Run Behavior\BuildLiteBehavior [ RunTime:0.000000s ]
INFO: [ app_init ] --END-- [ RunTime:0.000000s ]
INFO: [ app_begin ] --START--
INFO: Run Behavior\ReadHtmlCacheBehavior [ RunTime:0.000000s ]
INFO: [ app_begin ] --END-- [ RunTime:0.000000s ]
NOTIC: [8192] Function mcrypt_cbc() is deprecated D:\phpStudy\WWW\dbspapi.dbkan.com\Application\Common\Common\function.php 第 178 行.
NOTIC: [8] Undefined index: server_token D:\phpStudy\WWW\dbspapi.dbkan.com\Application\Mv2\Controller\BaseController.class.php 第 15 行.

[ 2017-11-20T11:06:25+08:00 ] 127.0.0.1 /index.php/Mv2/Amigos/test
INFO: [ app_init ] --START--
INFO: Run Behavior\BuildLiteBehavior [ RunTime:0.000000s ]
INFO: [ app_init ] --END-- [ RunTime:0.001000s ]
INFO: [ app_begin ] --START--
INFO: Run Behavior\ReadHtmlCacheBehavior [ RunTime:0.001000s ]
INFO: [ app_begin ] --END-- [ RunTime:0.002000s ]
NOTIC: [8192] Function mcrypt_cbc() is deprecated D:\phpStudy\WWW\dbspapi.dbkan.com\Application\Common\Common\function.php 第 178 行.
NOTIC: [8] Undefined index: server_token D:\phpStudy\WWW\dbspapi.dbkan.com\Application\Mv2\Controller\BaseController.class.php 第 15 行.

[ 2017-11-20T11:06:26+08:00 ] 127.0.0.1 /index.php/Mv2/Amigos/test
INFO: [ app_init ] --START--
INFO: Run Behavior\BuildLiteBehavior [ RunTime:0.000000s ]
INFO: [ app_init ] --END-- [ RunTime:0.000000s ]
INFO: [ app_begin ] --START--
INFO: Run Behavior\ReadHtmlCacheBehavior [ RunTime:0.000000s ]
INFO: [ app_begin ] --END-- [ RunTime:0.000000s ]
NOTIC: [8192] Function mcrypt_cbc() is deprecated D:\phpStudy\WWW\dbspapi.dbkan.com\Application\Common\Common\function.php 第 178 行.
NOTIC: [8] Undefined index: server_token D:\phpStudy\WWW\dbspapi.dbkan.com\Application\Mv2\Controller\BaseController.class.php 第 15 行.

[ 2017-11-20T11:06:26+08:00 ] 127.0.0.1 /index.php/Mv2/Amigos/test
INFO: [ app_init ] --START--
INFO: Run Behavior\BuildLiteBehavior [ RunTime:0.000000s ]
INFO: [ app_init ] --END-- [ RunTime:0.000000s ]
INFO: [ app_begin ] --START--
INFO: Run Behavior\ReadHtmlCacheBehavior [ RunTime:0.001000s ]
INFO: [ app_begin ] --END-- [ RunTime:0.001000s ]
NOTIC: [8192] Function mcrypt_cbc() is deprecated D:\phpStudy\WWW\dbspapi.dbkan.com\Application\Common\Common\function.php 第 178 行.
NOTIC: [8] Undefined index: server_token D:\phpStudy\WWW\dbspapi.dbkan.com\Application\Mv2\Controller\BaseController.class.php 第 15 行.

[ 2017-11-20T11:06:26+08:00 ] 127.0.0.1 /index.php/Mv2/Amigos/test
INFO: [ app_init ] --START--
INFO: Run Behavior\BuildLiteBehavior [ RunTime:0.000000s ]
INFO: [ app_init ] --END-- [ RunTime:0.001000s ]
INFO: [ app_begin ] --START--
INFO: Run Behavior\ReadHtmlCacheBehavior [ RunTime:0.001000s ]
INFO: [ app_begin ] --END-- [ RunTime:0.001000s ]
NOTIC: [8192] Function mcrypt_cbc() is deprecated D:\phpStudy\WWW\dbspapi.dbkan.com\Application\Common\Common\function.php 第 178 行.
NOTIC: [8] Undefined index: server_token D:\phpStudy\WWW\dbspapi.dbkan.com\Application\Mv2\Controller\BaseController.class.php 第 15 行.

[ 2017-11-20T11:06:38+08:00 ] 127.0.0.1 /index.php/Mv2/Amigos/test
INFO: [ app_init ] --START--
INFO: Run Behavior\BuildLiteBehavior [ RunTime:0.000000s ]
INFO: [ app_init ] --END-- [ RunTime:0.000000s ]
INFO: [ app_begin ] --START--
INFO: Run Behavior\ReadHtmlCacheBehavior [ RunTime:0.001000s ]
INFO: [ app_begin ] --END-- [ RunTime:0.001000s ]
NOTIC: [8192] Function mcrypt_cbc() is deprecated D:\phpStudy\WWW\dbspapi.dbkan.com\Application\Common\Common\function.php 第 178 行.
NOTIC: [8] Undefined index: server_token D:\phpStudy\WWW\dbspapi.dbkan.com\Application\Mv2\Controller\BaseController.class.php 第 15 行.

[ 2017-11-20T11:06:39+08:00 ] 127.0.0.1 /index.php/Mv2/Amigos/test
INFO: [ app_init ] --START--
INFO: Run Behavior\BuildLiteBehavior [ RunTime:0.000000s ]
INFO: [ app_init ] --END-- [ RunTime:0.000000s ]
INFO: [ app_begin ] --START--
INFO: Run Behavior\ReadHtmlCacheBehavior [ RunTime:0.001000s ]
INFO: [ app_begin ] --END-- [ RunTime:0.001000s ]
NOTIC: [8192] Function mcrypt_cbc() is deprecated D:\phpStudy\WWW\dbspapi.dbkan.com\Application\Common\Common\function.php 第 178 行.
NOTIC: [8] Undefined index: server_token D:\phpStudy\WWW\dbspapi.dbkan.com\Application\Mv2\Controller\BaseController.class.php 第 15 行.

[ 2017-11-20T11:06:52+08:00 ] 127.0.0.1 /index.php/Mv2/Amigos/test
INFO: [ app_init ] --START--
INFO: Run Behavior\BuildLiteBehavior [ RunTime:0.000000s ]
INFO: [ app_init ] --END-- [ RunTime:0.000000s ]
INFO: [ app_begin ] --START--
INFO: Run Behavior\ReadHtmlCacheBehavior [ RunTime:0.000000s ]
INFO: [ app_begin ] --END-- [ RunTime:0.000000s ]
NOTIC: [8192] Function mcrypt_cbc() is deprecated D:\phpStudy\WWW\dbspapi.dbkan.com\Application\Common\Common\function.php 第 178 行.
SQL: SHOW COLUMNS FROM `dbsp_user` [ RunTime:0.0060s ]

[ 2017-11-20T11:07:01+08:00 ] 127.0.0.1 /index.php/Mv2/Amigos/test
INFO: [ app_init ] --START--
INFO: Run Behavior\BuildLiteBehavior [ RunTime:0.000000s ]
INFO: [ app_init ] --END-- [ RunTime:0.000000s ]
INFO: [ app_begin ] --START--
INFO: Run Behavior\ReadHtmlCacheBehavior [ RunTime:0.000000s ]
INFO: [ app_begin ] --END-- [ RunTime:0.000000s ]
NOTIC: [8192] Function mcrypt_cbc() is deprecated D:\phpStudy\WWW\dbspapi.dbkan.com\Application\Common\Common\function.php 第 178 行.
SQL: SHOW COLUMNS FROM `dbsp_user` [ RunTime:0.0020s ]

[ 2017-11-20T11:11:21+08:00 ] 127.0.0.1 /index.php/Mv2/Amigos/test
INFO: [ app_init ] --START--
INFO: Run Behavior\BuildLiteBehavior [ RunTime:0.000000s ]
INFO: [ app_init ] --END-- [ RunTime:0.001000s ]
INFO: [ app_begin ] --START--
INFO: Run Behavior\ReadHtmlCacheBehavior [ RunTime:0.000000s ]
INFO: [ app_begin ] --END-- [ RunTime:0.000000s ]
NOTIC: [8192] Function mcrypt_cbc() is deprecated D:\phpStudy\WWW\dbspapi.dbkan.com\Application\Common\Common\function.php 第 178 行.
SQL: SHOW COLUMNS FROM `dbsp_user` [ RunTime:0.0050s ]
NOTIC: [8] Undefined variable: cache_data D:\phpStudy\WWW\dbspapi.dbkan.com\Application\Mv2\Model\UserModel.class.php 第 95 行.
SQL: SHOW COLUMNS FROM `dbsp_user` [ RunTime:0.0010s ]
SQL: SELECT * FROM `dbsp_user` WHERE ( 18679354419 ) LIMIT 1   [ RunTime:0.0010s ]
INFO: [ app_end ] --START--
INFO: Run Behavior\ShowPageTraceBehavior [ RunTime:0.002000s ]
INFO: [ app_end ] --END-- [ RunTime:0.002000s ]

[ 2017-11-20T11:17:47+08:00 ] 127.0.0.1 /index.php/Mv2/Amigos/test
INFO: [ app_init ] --START--
INFO: Run Behavior\BuildLiteBehavior [ RunTime:0.000000s ]
INFO: [ app_init ] --END-- [ RunTime:0.000000s ]
INFO: [ app_begin ] --START--
INFO: Run Behavior\ReadHtmlCacheBehavior [ RunTime:0.001000s ]
INFO: [ app_begin ] --END-- [ RunTime:0.001000s ]
NOTIC: [8192] Function mcrypt_cbc() is deprecated D:\phpStudy\WWW\dbspapi.dbkan.com\Application\Common\Common\function.php 第 178 行.
SQL: SHOW COLUMNS FROM `dbsp_user` [ RunTime:0.0020s ]
NOTIC: [2] md5() expects parameter 1 to be string, array given D:\phpStudy\WWW\dbspapi.dbkan.com\Application\Mv2\Model\UserModel.class.php 第 89 行.
SQL: SHOW COLUMNS FROM `dbsp_user` [ RunTime:0.0030s ]
SQL: SELECT * FROM `dbsp_user` WHERE ( 18679354419 ) LIMIT 1   [ RunTime:0.0000s ]
INFO: [ app_end ] --START--
INFO: Run Behavior\ShowPageTraceBehavior [ RunTime:0.001000s ]
INFO: [ app_end ] --END-- [ RunTime:0.001000s ]

[ 2017-11-20T11:17:47+08:00 ] 127.0.0.1 /index.php/Mv2/Amigos/test
INFO: [ app_init ] --START--
INFO: Run Behavior\BuildLiteBehavior [ RunTime:0.000000s ]
INFO: [ app_init ] --END-- [ RunTime:0.000000s ]
INFO: [ app_begin ] --START--
INFO: Run Behavior\ReadHtmlCacheBehavior [ RunTime:0.001000s ]
INFO: [ app_begin ] --END-- [ RunTime:0.001000s ]
NOTIC: [8192] Function mcrypt_cbc() is deprecated D:\phpStudy\WWW\dbspapi.dbkan.com\Application\Common\Common\function.php 第 178 行.
SQL: SHOW COLUMNS FROM `dbsp_user` [ RunTime:0.0050s ]
NOTIC: [2] md5() expects parameter 1 to be string, array given D:\phpStudy\WWW\dbspapi.dbkan.com\Application\Mv2\Model\UserModel.class.php 第 89 行.
INFO: [ app_end ] --START--
INFO: Run Behavior\ShowPageTraceBehavior [ RunTime:0.002000s ]
INFO: [ app_end ] --END-- [ RunTime:0.002000s ]

[ 2017-11-20T11:17:47+08:00 ] 127.0.0.1 /index.php/Mv2/Amigos/test
INFO: [ app_init ] --START--
INFO: Run Behavior\BuildLiteBehavior [ RunTime:0.000000s ]
INFO: [ app_init ] --END-- [ RunTime:0.000000s ]
INFO: [ app_begin ] --START--
INFO: Run Behavior\ReadHtmlCacheBehavior [ RunTime:0.001000s ]
INFO: [ app_begin ] --END-- [ RunTime:0.001000s ]
NOTIC: [8192] Function mcrypt_cbc() is deprecated D:\phpStudy\WWW\dbspapi.dbkan.com\Application\Common\Common\function.php 第 178 行.
SQL: SHOW COLUMNS FROM `dbsp_user` [ RunTime:0.0030s ]
NOTIC: [2] md5() expects parameter 1 to be string, array given D:\phpStudy\WWW\dbspapi.dbkan.com\Application\Mv2\Model\UserModel.class.php 第 89 行.
INFO: [ app_end ] --START--
INFO: Run Behavior\ShowPageTraceBehavior [ RunTime:0.000000s ]
INFO: [ app_end ] --END-- [ RunTime:0.000000s ]

[ 2017-11-20T11:17:59+08:00 ] 127.0.0.1 /index.php/Mv2/Amigos/test
INFO: [ app_init ] --START--
INFO: Run Behavior\BuildLiteBehavior [ RunTime:0.000000s ]
INFO: [ app_init ] --END-- [ RunTime:0.000000s ]
INFO: [ app_begin ] --START--
INFO: Run Behavior\ReadHtmlCacheBehavior [ RunTime:0.001000s ]
INFO: [ app_begin ] --END-- [ RunTime:0.001000s ]
NOTIC: [8192] Function mcrypt_cbc() is deprecated D:\phpStudy\WWW\dbspapi.dbkan.com\Application\Common\Common\function.php 第 178 行.
SQL: SHOW COLUMNS FROM `dbsp_user` [ RunTime:0.0010s ]
NOTIC: [2] md5() expects parameter 1 to be string, array given D:\phpStudy\WWW\dbspapi.dbkan.com\Application\Mv2\Model\UserModel.class.php 第 89 行.
INFO: [ app_end ] --START--
INFO: Run Behavior\ShowPageTraceBehavior [ RunTime:0.000000s ]
INFO: [ app_end ] --END-- [ RunTime:0.000000s ]

[ 2017-11-20T11:19:54+08:00 ] 127.0.0.1 /index.php/Mv2/Amigos/test
INFO: [ app_init ] --START--
INFO: Run Behavior\BuildLiteBehavior [ RunTime:0.000000s ]
INFO: [ app_init ] --END-- [ RunTime:0.001000s ]
INFO: [ app_begin ] --START--
INFO: Run Behavior\ReadHtmlCacheBehavior [ RunTime:0.000000s ]
INFO: [ app_begin ] --END-- [ RunTime:0.000000s ]
NOTIC: [8192] Function mcrypt_cbc() is deprecated D:\phpStudy\WWW\dbspapi.dbkan.com\Application\Common\Common\function.php 第 178 行.
SQL: SHOW COLUMNS FROM `dbsp_user` [ RunTime:0.0020s ]
NOTIC: [8] Undefined variable: cache_data D:\phpStudy\WWW\dbspapi.dbkan.com\Application\Mv2\Model\UserModel.class.php 第 99 行.
SQL: SHOW COLUMNS FROM `dbsp_user` [ RunTime:0.0020s ]
SQL: SELECT * FROM `dbsp_user` WHERE ( 18679354419 ) LIMIT 1   [ RunTime:0.0000s ]
NOTIC: [8] Undefined variable: userinfo_key D:\phpStudy\WWW\dbspapi.dbkan.com\Application\Mv2\Model\UserModel.class.php 第 106 行.
INFO: [ app_end ] --START--
INFO: Run Behavior\ShowPageTraceBehavior [ RunTime:0.001000s ]
INFO: [ app_end ] --END-- [ RunTime:0.001000s ]

[ 2017-11-20T11:19:54+08:00 ] 127.0.0.1 /index.php/Mv2/Amigos/test
INFO: [ app_init ] --START--
INFO: Run Behavior\BuildLiteBehavior [ RunTime:0.000000s ]
INFO: [ app_init ] --END-- [ RunTime:0.000000s ]
INFO: [ app_begin ] --START--
INFO: Run Behavior\ReadHtmlCacheBehavior [ RunTime:0.000000s ]
INFO: [ app_begin ] --END-- [ RunTime:0.000000s ]
NOTIC: [8192] Function mcrypt_cbc() is deprecated D:\phpStudy\WWW\dbspapi.dbkan.com\Application\Common\Common\function.php 第 178 行.
SQL: SHOW COLUMNS FROM `dbsp_user` [ RunTime:0.0030s ]
SQL: SHOW COLUMNS FROM `dbsp_user` [ RunTime:0.0030s ]
SQL: SELECT * FROM `dbsp_user` WHERE ( 18679354419 ) LIMIT 1   [ RunTime:0.0000s ]
INFO: [ app_end ] --START--
INFO: Run Behavior\ShowPageTraceBehavior [ RunTime:0.000000s ]
INFO: [ app_end ] --END-- [ RunTime:0.000000s ]

[ 2017-11-20T11:19:54+08:00 ] 127.0.0.1 /index.php/Mv2/Amigos/test
INFO: [ app_init ] --START--
INFO: Run Behavior\BuildLiteBehavior [ RunTime:0.000000s ]
INFO: [ app_init ] --END-- [ RunTime:0.000000s ]
INFO: [ app_begin ] --START--
INFO: Run Behavior\ReadHtmlCacheBehavior [ RunTime:0.000000s ]
INFO: [ app_begin ] --END-- [ RunTime:0.000000s ]
NOTIC: [8192] Function mcrypt_cbc() is deprecated D:\phpStudy\WWW\dbspapi.dbkan.com\Application\Common\Common\function.php 第 178 行.
SQL: SHOW COLUMNS FROM `dbsp_user` [ RunTime:0.0010s ]
INFO: [ app_end ] --START--
INFO: Run Behavior\ShowPageTraceBehavior [ RunTime:0.000000s ]
INFO: [ app_end ] --END-- [ RunTime:0.000000s ]

[ 2017-11-20T11:19:55+08:00 ] 127.0.0.1 /index.php/Mv2/Amigos/test
INFO: [ app_init ] --START--
INFO: Run Behavior\BuildLiteBehavior [ RunTime:0.000000s ]
INFO: [ app_init ] --END-- [ RunTime:0.000000s ]
INFO: [ app_begin ] --START--
INFO: Run Behavior\ReadHtmlCacheBehavior [ RunTime:0.000000s ]
INFO: [ app_begin ] --END-- [ RunTime:0.000000s ]
NOTIC: [8192] Function mcrypt_cbc() is deprecated D:\phpStudy\WWW\dbspapi.dbkan.com\Application\Common\Common\function.php 第 178 行.
SQL: SHOW COLUMNS FROM `dbsp_user` [ RunTime:0.0010s ]
INFO: [ app_end ] --START--
INFO: Run Behavior\ShowPageTraceBehavior [ RunTime:0.000000s ]
INFO: [ app_end ] --END-- [ RunTime:0.000000s ]

[ 2017-11-20T11:19:55+08:00 ] 127.0.0.1 /index.php/Mv2/Amigos/test
INFO: [ app_init ] --START--
INFO: Run Behavior\BuildLiteBehavior [ RunTime:0.000000s ]
INFO: [ app_init ] --END-- [ RunTime:0.000000s ]
INFO: [ app_begin ] --START--
INFO: Run Behavior\ReadHtmlCacheBehavior [ RunTime:0.001000s ]
INFO: [ app_begin ] --END-- [ RunTime:0.001000s ]
NOTIC: [8192] Function mcrypt_cbc() is deprecated D:\phpStudy\WWW\dbspapi.dbkan.com\Application\Common\Common\function.php 第 178 行.
SQL: SHOW COLUMNS FROM `dbsp_user` [ RunTime:0.0020s ]
INFO: [ app_end ] --START--
INFO: Run Behavior\ShowPageTraceBehavior [ RunTime:0.001000s ]
INFO: [ app_end ] --END-- [ RunTime:0.001000s ]

[ 2017-11-20T11:19:55+08:00 ] 127.0.0.1 /index.php/Mv2/Amigos/test
INFO: [ app_init ] --START--
INFO: Run Behavior\BuildLiteBehavior [ RunTime:0.000000s ]
INFO: [ app_init ] --END-- [ RunTime:0.000000s ]
INFO: [ app_begin ] --START--
INFO: Run Behavior\ReadHtmlCacheBehavior [ RunTime:0.001000s ]
INFO: [ app_begin ] --END-- [ RunTime:0.001000s ]
NOTIC: [8192] Function mcrypt_cbc() is deprecated D:\phpStudy\WWW\dbspapi.dbkan.com\Application\Common\Common\function.php 第 178 行.
SQL: SHOW COLUMNS FROM `dbsp_user` [ RunTime:0.0010s ]
INFO: [ app_end ] --START--
INFO: Run Behavior\ShowPageTraceBehavior [ RunTime:0.001000s ]
INFO: [ app_end ] --END-- [ RunTime:0.001000s ]

[ 2017-11-20T11:20:19+08:00 ] 127.0.0.1 /index.php/Mv2/Amigos/test
INFO: [ app_init ] --START--
INFO: Run Behavior\BuildLiteBehavior [ RunTime:0.000000s ]
INFO: [ app_init ] --END-- [ RunTime:0.000000s ]
INFO: [ app_begin ] --START--
INFO: Run Behavior\ReadHtmlCacheBehavior [ RunTime:0.000000s ]
INFO: [ app_begin ] --END-- [ RunTime:0.000000s ]
NOTIC: [8192] Function mcrypt_cbc() is deprecated D:\phpStudy\WWW\dbspapi.dbkan.com\Application\Common\Common\function.php 第 178 行.
SQL: SHOW COLUMNS FROM `dbsp_user` [ RunTime:0.0010s ]
INFO: [ app_end ] --START--
INFO: Run Behavior\ShowPageTraceBehavior [ RunTime:0.000000s ]
INFO: [ app_end ] --END-- [ RunTime:0.000000s ]

[ 2017-11-20T11:20:29+08:00 ] 127.0.0.1 /index.php/Mv2/Amigos/test
INFO: [ app_init ] --START--
INFO: Run Behavior\BuildLiteBehavior [ RunTime:0.000000s ]
INFO: [ app_init ] --END-- [ RunTime:0.000000s ]
INFO: [ app_begin ] --START--
INFO: Run Behavior\ReadHtmlCacheBehavior [ RunTime:0.000000s ]
INFO: [ app_begin ] --END-- [ RunTime:0.000000s ]
NOTIC: [8192] Function mcrypt_cbc() is deprecated D:\phpStudy\WWW\dbspapi.dbkan.com\Application\Common\Common\function.php 第 178 行.
SQL: SHOW COLUMNS FROM `dbsp_user` [ RunTime:0.0020s ]
INFO: [ app_end ] --START--
INFO: Run Behavior\ShowPageTraceBehavior [ RunTime:0.000000s ]
INFO: [ app_end ] --END-- [ RunTime:0.000000s ]

[ 2017-11-20T14:25:00+08:00 ] 127.0.0.1 /index.php/Mv2/Amigos/test
INFO: [ app_init ] --START--
INFO: Run Behavior\BuildLiteBehavior [ RunTime:0.000000s ]
INFO: [ app_init ] --END-- [ RunTime:0.005000s ]
INFO: [ app_begin ] --START--
INFO: Run Behavior\ReadHtmlCacheBehavior [ RunTime:0.002000s ]
INFO: [ app_begin ] --END-- [ RunTime:0.002000s ]
NOTIC: [8192] Function mcrypt_cbc() is deprecated D:\phpStudy\WWW\dbspapi.dbkan.com\Application\Common\Common\function.php 第 189 行.
SQL: SHOW COLUMNS FROM `dbsp_user` [ RunTime:0.0160s ]
NOTIC: [8] Undefined variable: cache_data D:\phpStudy\WWW\dbspapi.dbkan.com\Application\Mv2\Model\UserModel.class.php 第 99 行.
SQL: SHOW COLUMNS FROM `dbsp_user` [ RunTime:0.0020s ]
SQL: SELECT * FROM `dbsp_user` WHERE ( 18679354419 ) LIMIT 1   [ RunTime:0.0000s ]
NOTIC: [8] Undefined variable: userinfo_key D:\phpStudy\WWW\dbspapi.dbkan.com\Application\Mv2\Model\UserModel.class.php 第 106 行.
INFO: [ app_end ] --START--
INFO: Run Behavior\ShowPageTraceBehavior [ RunTime:0.001000s ]
INFO: [ app_end ] --END-- [ RunTime:0.001000s ]

[ 2017-11-20T14:25:01+08:00 ] 127.0.0.1 /index.php/Mv2/Amigos/test
INFO: [ app_init ] --START--
INFO: Run Behavior\BuildLiteBehavior [ RunTime:0.000000s ]
INFO: [ app_init ] --END-- [ RunTime:0.000000s ]
INFO: [ app_begin ] --START--
INFO: Run Behavior\ReadHtmlCacheBehavior [ RunTime:0.001000s ]
INFO: [ app_begin ] --END-- [ RunTime:0.001000s ]
NOTIC: [8192] Function mcrypt_cbc() is deprecated D:\phpStudy\WWW\dbspapi.dbkan.com\Application\Common\Common\function.php 第 189 行.
SQL: SHOW COLUMNS FROM `dbsp_user` [ RunTime:0.0090s ]
SQL: SHOW COLUMNS FROM `dbsp_user` [ RunTime:0.0040s ]
SQL: SELECT * FROM `dbsp_user` WHERE ( 18679354419 ) LIMIT 1   [ RunTime:0.0010s ]
INFO: [ app_end ] --START--
INFO: Run Behavior\ShowPageTraceBehavior [ RunTime:0.000000s ]
INFO: [ app_end ] --END-- [ RunTime:0.000000s ]

[ 2017-11-20T14:25:30+08:00 ] 127.0.0.1 /index.php/Mv2/Amigos/test
INFO: [ app_init ] --START--
INFO: Run Behavior\BuildLiteBehavior [ RunTime:0.000000s ]
INFO: [ app_init ] --END-- [ RunTime:0.000000s ]
INFO: [ app_begin ] --START--
INFO: Run Behavior\ReadHtmlCacheBehavior [ RunTime:0.000000s ]
INFO: [ app_begin ] --END-- [ RunTime:0.000000s ]
NOTIC: [8192] Function mcrypt_cbc() is deprecated D:\phpStudy\WWW\dbspapi.dbkan.com\Application\Common\Common\function.php 第 189 行.
SQL: SHOW COLUMNS FROM `dbsp_user` [ RunTime:0.0060s ]
INFO: [ app_end ] --START--
INFO: Run Behavior\ShowPageTraceBehavior [ RunTime:0.000000s ]
INFO: [ app_end ] --END-- [ RunTime:0.000000s ]

[ 2017-11-20T14:25:30+08:00 ] 127.0.0.1 /index.php/Mv2/Amigos/test
INFO: [ app_init ] --START--
INFO: Run Behavior\BuildLiteBehavior [ RunTime:0.000000s ]
INFO: [ app_init ] --END-- [ RunTime:0.001000s ]
INFO: [ app_begin ] --START--
INFO: Run Behavior\ReadHtmlCacheBehavior [ RunTime:0.001000s ]
INFO: [ app_begin ] --END-- [ RunTime:0.001000s ]
NOTIC: [8192] Function mcrypt_cbc() is deprecated D:\phpStudy\WWW\dbspapi.dbkan.com\Application\Common\Common\function.php 第 189 行.
SQL: SHOW COLUMNS FROM `dbsp_user` [ RunTime:0.0090s ]
INFO: [ app_end ] --START--
INFO: Run Behavior\ShowPageTraceBehavior [ RunTime:0.000000s ]
INFO: [ app_end ] --END-- [ RunTime:0.000000s ]

[ 2017-11-20T14:25:31+08:00 ] 127.0.0.1 /index.php/Mv2/Amigos/test
INFO: [ app_init ] --START--
INFO: Run Behavior\BuildLiteBehavior [ RunTime:0.000000s ]
INFO: [ app_init ] --END-- [ RunTime:0.000000s ]
INFO: [ app_begin ] --START--
INFO: Run Behavior\ReadHtmlCacheBehavior [ RunTime:0.000000s ]
INFO: [ app_begin ] --END-- [ RunTime:0.001000s ]
NOTIC: [8192] Function mcrypt_cbc() is deprecated D:\phpStudy\WWW\dbspapi.dbkan.com\Application\Common\Common\function.php 第 189 行.
SQL: SHOW COLUMNS FROM `dbsp_user` [ RunTime:0.0040s ]
INFO: [ app_end ] --START--
INFO: Run Behavior\ShowPageTraceBehavior [ RunTime:0.001000s ]
INFO: [ app_end ] --END-- [ RunTime:0.001000s ]

[ 2017-11-20T14:25:31+08:00 ] 127.0.0.1 /index.php/Mv2/Amigos/test
INFO: [ app_init ] --START--
INFO: Run Behavior\BuildLiteBehavior [ RunTime:0.000000s ]
INFO: [ app_init ] --END-- [ RunTime:0.000000s ]
INFO: [ app_begin ] --START--
INFO: Run Behavior\ReadHtmlCacheBehavior [ RunTime:0.001000s ]
INFO: [ app_begin ] --END-- [ RunTime:0.001000s ]
NOTIC: [8192] Function mcrypt_cbc() is deprecated D:\phpStudy\WWW\dbspapi.dbkan.com\Application\Common\Common\function.php 第 189 行.
SQL: SHOW COLUMNS FROM `dbsp_user` [ RunTime:0.0060s ]
INFO: [ app_end ] --START--
INFO: Run Behavior\ShowPageTraceBehavior [ RunTime:0.000000s ]
INFO: [ app_end ] --END-- [ RunTime:0.000000s ]

[ 2017-11-20T14:25:31+08:00 ] 127.0.0.1 /index.php/Mv2/Amigos/test
INFO: [ app_init ] --START--
INFO: Run Behavior\BuildLiteBehavior [ RunTime:0.000000s ]
INFO: [ app_init ] --END-- [ RunTime:0.000000s ]
INFO: [ app_begin ] --START--
INFO: Run Behavior\ReadHtmlCacheBehavior [ RunTime:0.000000s ]
INFO: [ app_begin ] --END-- [ RunTime:0.000000s ]
NOTIC: [8192] Function mcrypt_cbc() is deprecated D:\phpStudy\WWW\dbspapi.dbkan.com\Application\Common\Common\function.php 第 189 行.
SQL: SHOW COLUMNS FROM `dbsp_user` [ RunTime:0.0040s ]
INFO: [ app_end ] --START--
INFO: Run Behavior\ShowPageTraceBehavior [ RunTime:0.001000s ]
INFO: [ app_end ] --END-- [ RunTime:0.001000s ]

[ 2017-11-20T14:25:38+08:00 ] 127.0.0.1 /index.php/Mv2/Amigos/test
INFO: [ app_init ] --START--
INFO: Run Behavior\BuildLiteBehavior [ RunTime:0.000000s ]
INFO: [ app_init ] --END-- [ RunTime:0.000000s ]
INFO: [ app_begin ] --START--
INFO: Run Behavior\ReadHtmlCacheBehavior [ RunTime:0.000000s ]
INFO: [ app_begin ] --END-- [ RunTime:0.000000s ]
NOTIC: [8192] Function mcrypt_cbc() is deprecated D:\phpStudy\WWW\dbspapi.dbkan.com\Application\Common\Common\function.php 第 189 行.
SQL: SHOW COLUMNS FROM `dbsp_utoken` [ RunTime:0.0040s ]
SQL: SELECT `userid` FROM `dbsp_utoken` WHERE `token` = 'b011976e5cb124000f980cf1185bf056s' AND `uptime` >= 1508567138 LIMIT 1   [ RunTime:0.0050s ]

[ 2017-11-20T14:25:40+08:00 ] 127.0.0.1 /index.php/Mv2/Amigos/test
INFO: [ app_init ] --START--
INFO: Run Behavior\BuildLiteBehavior [ RunTime:0.000000s ]
INFO: [ app_init ] --END-- [ RunTime:0.000000s ]
INFO: [ app_begin ] --START--
INFO: Run Behavior\ReadHtmlCacheBehavior [ RunTime:0.001000s ]
INFO: [ app_begin ] --END-- [ RunTime:0.001000s ]
NOTIC: [8192] Function mcrypt_cbc() is deprecated D:\phpStudy\WWW\dbspapi.dbkan.com\Application\Common\Common\function.php 第 189 行.
SQL: SHOW COLUMNS FROM `dbsp_user` [ RunTime:0.0060s ]
INFO: [ app_end ] --START--
INFO: Run Behavior\ShowPageTraceBehavior [ RunTime:0.001000s ]
INFO: [ app_end ] --END-- [ RunTime:0.001000s ]

[ 2017-11-20T14:25:40+08:00 ] 127.0.0.1 /index.php/Mv2/Amigos/test
INFO: [ app_init ] --START--
INFO: Run Behavior\BuildLiteBehavior [ RunTime:0.000000s ]
INFO: [ app_init ] --END-- [ RunTime:0.000000s ]
INFO: [ app_begin ] --START--
INFO: Run Behavior\ReadHtmlCacheBehavior [ RunTime:0.000000s ]
INFO: [ app_begin ] --END-- [ RunTime:0.000000s ]
NOTIC: [8192] Function mcrypt_cbc() is deprecated D:\phpStudy\WWW\dbspapi.dbkan.com\Application\Common\Common\function.php 第 189 行.
SQL: SHOW COLUMNS FROM `dbsp_user` [ RunTime:0.0050s ]
INFO: [ app_end ] --START--
INFO: Run Behavior\ShowPageTraceBehavior [ RunTime:0.000000s ]
INFO: [ app_end ] --END-- [ RunTime:0.000000s ]

[ 2017-11-20T14:25:40+08:00 ] 127.0.0.1 /index.php/Mv2/Amigos/test
INFO: [ app_init ] --START--
INFO: Run Behavior\BuildLiteBehavior [ RunTime:0.000000s ]
INFO: [ app_init ] --END-- [ RunTime:0.000000s ]
INFO: [ app_begin ] --START--
INFO: Run Behavior\ReadHtmlCacheBehavior [ RunTime:0.000000s ]
INFO: [ app_begin ] --END-- [ RunTime:0.000000s ]
NOTIC: [8192] Function mcrypt_cbc() is deprecated D:\phpStudy\WWW\dbspapi.dbkan.com\Application\Common\Common\function.php 第 189 行.
SQL: SHOW COLUMNS FROM `dbsp_user` [ RunTime:0.0050s ]
INFO: [ app_end ] --START--
INFO: Run Behavior\ShowPageTraceBehavior [ RunTime:0.001000s ]
INFO: [ app_end ] --END-- [ RunTime:0.001000s ]

[ 2017-11-20T14:26:28+08:00 ] 127.0.0.1 /index.php/Mv2/log/index
INFO: [ app_init ] --START--
INFO: Run Behavior\BuildLiteBehavior [ RunTime:0.000000s ]
INFO: [ app_init ] --END-- [ RunTime:0.001000s ]
INFO: [ app_begin ] --START--
INFO: Run Behavior\ReadHtmlCacheBehavior [ RunTime:0.000000s ]
INFO: [ app_begin ] --END-- [ RunTime:0.000000s ]
NOTIC: [8192] Function mcrypt_cbc() is deprecated D:\phpStudy\WWW\dbspapi.dbkan.com\Application\Common\Common\function.php 第 189 行.
SQL: SHOW COLUMNS FROM `dbsp_user` [ RunTime:0.0040s ]
NOTIC: [8] Use of undefined constant YUNXIN_APPKey - assumed 'YUNXIN_APPKey' D:\phpStudy\WWW\dbspapi.dbkan.com\Application\Common\Common\function.php 第 394 行.
NOTIC: [8] Use of undefined constant YUNXIN_AppSecret - assumed 'YUNXIN_AppSecret' D:\phpStudy\WWW\dbspapi.dbkan.com\Application\Common\Common\function.php 第 394 行.
ERR: Think\Model:getUserInfo方法不存在！

[ 2017-11-20T14:27:28+08:00 ] 127.0.0.1 /index.php/Mv2/log/index
INFO: [ app_init ] --START--
INFO: Run Behavior\BuildLiteBehavior [ RunTime:0.000000s ]
INFO: [ app_init ] --END-- [ RunTime:0.000000s ]
INFO: [ app_begin ] --START--
INFO: Run Behavior\ReadHtmlCacheBehavior [ RunTime:0.000000s ]
INFO: [ app_begin ] --END-- [ RunTime:0.000000s ]
NOTIC: [8192] Function mcrypt_cbc() is deprecated D:\phpStudy\WWW\dbspapi.dbkan.com\Application\Common\Common\function.php 第 189 行.
SQL: SHOW COLUMNS FROM `dbsp_user` [ RunTime:0.0050s ]
NOTIC: [8] Use of undefined constant YUNXIN_APPKey - assumed 'YUNXIN_APPKey' D:\phpStudy\WWW\dbspapi.dbkan.com\Application\Common\Common\function.php 第 394 行.
NOTIC: [8] Use of undefined constant YUNXIN_AppSecret - assumed 'YUNXIN_AppSecret' D:\phpStudy\WWW\dbspapi.dbkan.com\Application\Common\Common\function.php 第 394 行.
SQL: SHOW COLUMNS FROM `dbsp_user` [ RunTime:0.0070s ]
NOTIC: [8] Undefined index: deviceid D:\phpStudy\WWW\dbspapi.dbkan.com\Application\Mv2\Controller\LogController.class.php 第 73 行.
NOTIC: [2] unlink(./Application/Runtime/Temp/f1394a14da802414673fd527642f0c89.php): No such file or directory D:\phpStudy\WWW\dbspapi.dbkan.com\ThinkPHP\Library\Think\Cache\Driver\File.class.php 第 157 行.
SQL: SHOW COLUMNS FROM `dbsp_utoken` [ RunTime:0.0050s ]
SQL: SELECT * FROM `dbsp_utoken` WHERE `userid` = '109' LIMIT 1   [ RunTime:0.0000s ]
SQL: INSERT INTO `dbsp_utoken` (`token`,`uptime`,`userid`) VALUES ('29455aaa0294bc6a005b35e13cd328a9','1511159248','109') [ RunTime:0.0050s ]
NOTIC: [8] Undefined index: deviceid D:\phpStudy\WWW\dbspapi.dbkan.com\Application\Mv2\Controller\LogController.class.php 第 90 行.
SQL: UPDATE `dbsp_user` SET `create_time`='1511159248',`deviceid_mobile`=NULL,`token`='de5f742bfc554aba3ee3952aa011fbe2' WHERE `mobile` = '18679354419' [ RunTime:0.0040s ]
NOTIC: [8] Undefined index: id D:\phpStudy\WWW\dbspapi.dbkan.com\Application\Mv2\Controller\LogController.class.php 第 106 行.

[ 2017-11-20T14:46:44+08:00 ] 127.0.0.1 /index.php/Mv2/log/index
INFO: [ app_init ] --START--
INFO: Run Behavior\BuildLiteBehavior [ RunTime:0.000000s ]
INFO: [ app_init ] --END-- [ RunTime:0.001000s ]
INFO: [ app_begin ] --START--
INFO: Run Behavior\ReadHtmlCacheBehavior [ RunTime:0.001000s ]
INFO: [ app_begin ] --END-- [ RunTime:0.001000s ]
NOTIC: [8192] Function mcrypt_cbc() is deprecated D:\phpStudy\WWW\dbspapi.dbkan.com\Application\Common\Common\function.php 第 189 行.
SQL: SHOW COLUMNS FROM `dbsp_user` [ RunTime:0.0020s ]
NOTIC: [8] Use of undefined constant YUNXIN_APPKey - assumed 'YUNXIN_APPKey' D:\phpStudy\WWW\dbspapi.dbkan.com\Application\Common\Common\function.php 第 394 行.
NOTIC: [8] Use of undefined constant YUNXIN_AppSecret - assumed 'YUNXIN_AppSecret' D:\phpStudy\WWW\dbspapi.dbkan.com\Application\Common\Common\function.php 第 394 行.
SQL: SHOW COLUMNS FROM `dbsp_user` [ RunTime:0.0020s ]

[ 2017-11-20T14:47:14+08:00 ] 127.0.0.1 /index.php/Mv2/log/index
INFO: [ app_init ] --START--
INFO: Run Behavior\BuildLiteBehavior [ RunTime:0.000000s ]
INFO: [ app_init ] --END-- [ RunTime:0.000000s ]
INFO: [ app_begin ] --START--
INFO: Run Behavior\ReadHtmlCacheBehavior [ RunTime:0.001000s ]
INFO: [ app_begin ] --END-- [ RunTime:0.001000s ]
NOTIC: [8192] Function mcrypt_cbc() is deprecated D:\phpStudy\WWW\dbspapi.dbkan.com\Application\Common\Common\function.php 第 189 行.
SQL: SHOW COLUMNS FROM `dbsp_user` [ RunTime:0.0010s ]
NOTIC: [8] Use of undefined constant YUNXIN_APPKey - assumed 'YUNXIN_APPKey' D:\phpStudy\WWW\dbspapi.dbkan.com\Application\Common\Common\function.php 第 394 行.
NOTIC: [8] Use of undefined constant YUNXIN_AppSecret - assumed 'YUNXIN_AppSecret' D:\phpStudy\WWW\dbspapi.dbkan.com\Application\Common\Common\function.php 第 394 行.
SQL: SHOW COLUMNS FROM `dbsp_user` [ RunTime:0.0020s ]

[ 2017-11-20T14:47:28+08:00 ] 127.0.0.1 /index.php/Mv2/log/index
INFO: [ app_init ] --START--
INFO: Run Behavior\BuildLiteBehavior [ RunTime:0.000000s ]
INFO: [ app_init ] --END-- [ RunTime:0.000000s ]
INFO: [ app_begin ] --START--
INFO: Run Behavior\ReadHtmlCacheBehavior [ RunTime:0.000000s ]
INFO: [ app_begin ] --END-- [ RunTime:0.000000s ]
NOTIC: [8192] Function mcrypt_cbc() is deprecated D:\phpStudy\WWW\dbspapi.dbkan.com\Application\Common\Common\function.php 第 189 行.
SQL: SHOW COLUMNS FROM `dbsp_user` [ RunTime:0.0010s ]
NOTIC: [8] Use of undefined constant YUNXIN_APPKey - assumed 'YUNXIN_APPKey' D:\phpStudy\WWW\dbspapi.dbkan.com\Application\Common\Common\function.php 第 394 行.
NOTIC: [8] Use of undefined constant YUNXIN_AppSecret - assumed 'YUNXIN_AppSecret' D:\phpStudy\WWW\dbspapi.dbkan.com\Application\Common\Common\function.php 第 394 行.
SQL: SHOW COLUMNS FROM `dbsp_user` [ RunTime:0.0030s ]

[ 2017-11-20T14:47:29+08:00 ] 127.0.0.1 /index.php/Mv2/log/index
INFO: [ app_init ] --START--
INFO: Run Behavior\BuildLiteBehavior [ RunTime:0.000000s ]
INFO: [ app_init ] --END-- [ RunTime:0.000000s ]
INFO: [ app_begin ] --START--
INFO: Run Behavior\ReadHtmlCacheBehavior [ RunTime:0.000000s ]
INFO: [ app_begin ] --END-- [ RunTime:0.000000s ]
NOTIC: [8192] Function mcrypt_cbc() is deprecated D:\phpStudy\WWW\dbspapi.dbkan.com\Application\Common\Common\function.php 第 189 行.
SQL: SHOW COLUMNS FROM `dbsp_user` [ RunTime:0.0050s ]
NOTIC: [8] Use of undefined constant YUNXIN_APPKey - assumed 'YUNXIN_APPKey' D:\phpStudy\WWW\dbspapi.dbkan.com\Application\Common\Common\function.php 第 394 行.
NOTIC: [8] Use of undefined constant YUNXIN_AppSecret - assumed 'YUNXIN_AppSecret' D:\phpStudy\WWW\dbspapi.dbkan.com\Application\Common\Common\function.php 第 394 行.
SQL: SHOW COLUMNS FROM `dbsp_user` [ RunTime:0.0030s ]

[ 2017-11-20T14:47:29+08:00 ] 127.0.0.1 /index.php/Mv2/log/index
INFO: [ app_init ] --START--
INFO: Run Behavior\BuildLiteBehavior [ RunTime:0.000000s ]
INFO: [ app_init ] --END-- [ RunTime:0.000000s ]
INFO: [ app_begin ] --START--
INFO: Run Behavior\ReadHtmlCacheBehavior [ RunTime:0.001000s ]
INFO: [ app_begin ] --END-- [ RunTime:0.001000s ]
NOTIC: [8192] Function mcrypt_cbc() is deprecated D:\phpStudy\WWW\dbspapi.dbkan.com\Application\Common\Common\function.php 第 189 行.
SQL: SHOW COLUMNS FROM `dbsp_user` [ RunTime:0.0020s ]
NOTIC: [8] Use of undefined constant YUNXIN_APPKey - assumed 'YUNXIN_APPKey' D:\phpStudy\WWW\dbspapi.dbkan.com\Application\Common\Common\function.php 第 394 行.
NOTIC: [8] Use of undefined constant YUNXIN_AppSecret - assumed 'YUNXIN_AppSecret' D:\phpStudy\WWW\dbspapi.dbkan.com\Application\Common\Common\function.php 第 394 行.
SQL: SHOW COLUMNS FROM `dbsp_user` [ RunTime:0.0020s ]

[ 2017-11-20T14:47:29+08:00 ] 127.0.0.1 /index.php/Mv2/log/index
INFO: [ app_init ] --START--
INFO: Run Behavior\BuildLiteBehavior [ RunTime:0.000000s ]
INFO: [ app_init ] --END-- [ RunTime:0.000000s ]
INFO: [ app_begin ] --START--
INFO: Run Behavior\ReadHtmlCacheBehavior [ RunTime:0.000000s ]
INFO: [ app_begin ] --END-- [ RunTime:0.000000s ]
NOTIC: [8192] Function mcrypt_cbc() is deprecated D:\phpStudy\WWW\dbspapi.dbkan.com\Application\Common\Common\function.php 第 189 行.
SQL: SHOW COLUMNS FROM `dbsp_user` [ RunTime:0.0030s ]
NOTIC: [8] Use of undefined constant YUNXIN_APPKey - assumed 'YUNXIN_APPKey' D:\phpStudy\WWW\dbspapi.dbkan.com\Application\Common\Common\function.php 第 394 行.
NOTIC: [8] Use of undefined constant YUNXIN_AppSecret - assumed 'YUNXIN_AppSecret' D:\phpStudy\WWW\dbspapi.dbkan.com\Application\Common\Common\function.php 第 394 行.
SQL: SHOW COLUMNS FROM `dbsp_user` [ RunTime:0.0020s ]

[ 2017-11-20T14:48:28+08:00 ] 127.0.0.1 /index.php/Mv2/log/index
INFO: [ app_init ] --START--
INFO: Run Behavior\BuildLiteBehavior [ RunTime:0.000000s ]
INFO: [ app_init ] --END-- [ RunTime:0.000000s ]
INFO: [ app_begin ] --START--
INFO: Run Behavior\ReadHtmlCacheBehavior [ RunTime:0.000000s ]
INFO: [ app_begin ] --END-- [ RunTime:0.001000s ]
NOTIC: [8192] Function mcrypt_cbc() is deprecated D:\phpStudy\WWW\dbspapi.dbkan.com\Application\Common\Common\function.php 第 189 行.
SQL: SHOW COLUMNS FROM `dbsp_user` [ RunTime:0.0020s ]
NOTIC: [8] Use of undefined constant YUNXIN_APPKey - assumed 'YUNXIN_APPKey' D:\phpStudy\WWW\dbspapi.dbkan.com\Application\Common\Common\function.php 第 394 行.
NOTIC: [8] Use of undefined constant YUNXIN_AppSecret - assumed 'YUNXIN_AppSecret' D:\phpStudy\WWW\dbspapi.dbkan.com\Application\Common\Common\function.php 第 394 行.
SQL: SHOW COLUMNS FROM `dbsp_user` [ RunTime:0.0020s ]
NOTIC: [8] Undefined index: deviceid D:\phpStudy\WWW\dbspapi.dbkan.com\Application\Mv2\Controller\LogController.class.php 第 83 行.
NOTIC: [2] unlink(./Application/Runtime/Temp/f1394a14da802414673fd527642f0c89.php): No such file or directory D:\phpStudy\WWW\dbspapi.dbkan.com\ThinkPHP\Library\Think\Cache\Driver\File.class.php 第 157 行.
SQL: SHOW COLUMNS FROM `dbsp_utoken` [ RunTime:0.0020s ]
SQL: SELECT * FROM `dbsp_utoken` WHERE `userid` = '109' LIMIT 1   [ RunTime:0.0000s ]
SQL: UPDATE `dbsp_utoken` SET `token`='5341fe6eaf7f73077a0d5615ca04248b',`uptime`='1511160508' WHERE `userid` = '109' [ RunTime:0.0030s ]
NOTIC: [8] Undefined index: deviceid D:\phpStudy\WWW\dbspapi.dbkan.com\Application\Mv2\Controller\LogController.class.php 第 100 行.
SQL: UPDATE `dbsp_user` SET `create_time`='1511160508',`deviceid_mobile`=NULL,`token`='5c4eba1bff2465a0984ab6c8f2953b08' WHERE `mobile` = '18679354419' [ RunTime:0.0000s ]
NOTIC: [8] Undefined index: id D:\phpStudy\WWW\dbspapi.dbkan.com\Application\Mv2\Controller\LogController.class.php 第 116 行.

[ 2017-11-20T15:33:04+08:00 ] 127.0.0.1 /index.php/Mv2/log/index
INFO: [ app_init ] --START--
INFO: Run Behavior\BuildLiteBehavior [ RunTime:0.000000s ]
INFO: [ app_init ] --END-- [ RunTime:0.000000s ]
INFO: [ app_begin ] --START--
INFO: Run Behavior\ReadHtmlCacheBehavior [ RunTime:0.000000s ]
INFO: [ app_begin ] --END-- [ RunTime:0.000000s ]
NOTIC: [8192] Function mcrypt_cbc() is deprecated D:\phpStudy\WWW\dbspapi.dbkan.com\Application\Common\Common\function.php 第 189 行.
SQL: SHOW COLUMNS FROM `dbsp_user` [ RunTime:0.0020s ]
NOTIC: [8] Use of undefined constant YUNXIN_APPKey - assumed 'YUNXIN_APPKey' D:\phpStudy\WWW\dbspapi.dbkan.com\Application\Common\Common\function.php 第 394 行.
NOTIC: [8] Use of undefined constant YUNXIN_AppSecret - assumed 'YUNXIN_AppSecret' D:\phpStudy\WWW\dbspapi.dbkan.com\Application\Common\Common\function.php 第 394 行.
SQL: SHOW COLUMNS FROM `dbsp_user` [ RunTime:0.0010s ]
NOTIC: [8] Undefined variable: cache_data D:\phpStudy\WWW\dbspapi.dbkan.com\Application\Mv2\Model\UserModel.class.php 第 99 行.
SQL: SELECT * FROM `dbsp_user` WHERE ( 18679354419 ) LIMIT 1   [ RunTime:0.0000s ]
NOTIC: [8] Undefined variable: userinfo_key D:\phpStudy\WWW\dbspapi.dbkan.com\Application\Mv2\Model\UserModel.class.php 第 106 行.
NOTIC: [8] Undefined index: deviceid D:\phpStudy\WWW\dbspapi.dbkan.com\Application\Mv2\Controller\LogController.class.php 第 83 行.
NOTIC: [2] unlink(./Application/Runtime/Temp/f1394a14da802414673fd527642f0c89.php): No such file or directory D:\phpStudy\WWW\dbspapi.dbkan.com\ThinkPHP\Library\Think\Cache\Driver\File.class.php 第 157 行.
SQL: SHOW COLUMNS FROM `dbsp_utoken` [ RunTime:0.0020s ]
SQL: SELECT * FROM `dbsp_utoken` WHERE `userid` = '109' LIMIT 1   [ RunTime:0.0000s ]
SQL: UPDATE `dbsp_utoken` SET `token`='9e1be5942a2584873ce7b96782b41f56',`uptime`='1511163184' WHERE `userid` = '109' [ RunTime:0.0050s ]
NOTIC: [8] Undefined index: deviceid D:\phpStudy\WWW\dbspapi.dbkan.com\Application\Mv2\Controller\LogController.class.php 第 100 行.
SQL: UPDATE `dbsp_user` SET `create_time`='1511163184',`deviceid_mobile`=NULL,`token`='68e7eb496e7a98ff220aad44dcf979c5' WHERE `mobile` = '18679354419' [ RunTime:0.0000s ]
NOTIC: [8] Undefined index: id D:\phpStudy\WWW\dbspapi.dbkan.com\Application\Mv2\Controller\LogController.class.php 第 116 行.

[ 2017-11-20T15:33:07+08:00 ] 127.0.0.1 /index.php/Mv2/log/index
INFO: [ app_init ] --START--
INFO: Run Behavior\BuildLiteBehavior [ RunTime:0.000000s ]
INFO: [ app_init ] --END-- [ RunTime:0.001000s ]
INFO: [ app_begin ] --START--
INFO: Run Behavior\ReadHtmlCacheBehavior [ RunTime:0.000000s ]
INFO: [ app_begin ] --END-- [ RunTime:0.000000s ]
NOTIC: [8192] Function mcrypt_cbc() is deprecated D:\phpStudy\WWW\dbspapi.dbkan.com\Application\Common\Common\function.php 第 189 行.
SQL: SHOW COLUMNS FROM `dbsp_user` [ RunTime:0.0010s ]
NOTIC: [8] Use of undefined constant YUNXIN_APPKey - assumed 'YUNXIN_APPKey' D:\phpStudy\WWW\dbspapi.dbkan.com\Application\Common\Common\function.php 第 394 行.
NOTIC: [8] Use of undefined constant YUNXIN_AppSecret - assumed 'YUNXIN_AppSecret' D:\phpStudy\WWW\dbspapi.dbkan.com\Application\Common\Common\function.php 第 394 行.
SQL: SHOW COLUMNS FROM `dbsp_user` [ RunTime:0.0010s ]
SQL: SELECT * FROM `dbsp_user` WHERE ( 18679354419 ) LIMIT 1   [ RunTime:0.0010s ]
NOTIC: [8] Undefined index: deviceid D:\phpStudy\WWW\dbspapi.dbkan.com\Application\Mv2\Controller\LogController.class.php 第 83 行.
NOTIC: [2] unlink(./Application/Runtime/Temp/f1394a14da802414673fd527642f0c89.php): No such file or directory D:\phpStudy\WWW\dbspapi.dbkan.com\ThinkPHP\Library\Think\Cache\Driver\File.class.php 第 157 行.
SQL: SHOW COLUMNS FROM `dbsp_utoken` [ RunTime:0.0020s ]
SQL: SELECT * FROM `dbsp_utoken` WHERE `userid` = '109' LIMIT 1   [ RunTime:0.0000s ]
SQL: UPDATE `dbsp_utoken` SET `token`='a27899434a8a26c10e484f071505e188',`uptime`='1511163187' WHERE `userid` = '109' [ RunTime:0.0040s ]
NOTIC: [8] Undefined index: deviceid D:\phpStudy\WWW\dbspapi.dbkan.com\Application\Mv2\Controller\LogController.class.php 第 100 行.
SQL: UPDATE `dbsp_user` SET `create_time`='1511163187',`deviceid_mobile`=NULL,`token`='1bb806f4afc9c252d8c642567ad2f69d' WHERE `mobile` = '18679354419' [ RunTime:0.0000s ]
NOTIC: [8] Undefined index: id D:\phpStudy\WWW\dbspapi.dbkan.com\Application\Mv2\Controller\LogController.class.php 第 116 行.

[ 2017-11-20T15:35:09+08:00 ] 127.0.0.1 /index.php/Mv2/log/index
INFO: [ app_init ] --START--
INFO: Run Behavior\BuildLiteBehavior [ RunTime:0.000000s ]
INFO: [ app_init ] --END-- [ RunTime:0.001000s ]
INFO: [ app_begin ] --START--
INFO: Run Behavior\ReadHtmlCacheBehavior [ RunTime:0.001000s ]
INFO: [ app_begin ] --END-- [ RunTime:0.001000s ]
NOTIC: [8192] Function mcrypt_cbc() is deprecated D:\phpStudy\WWW\dbspapi.dbkan.com\Application\Common\Common\function.php 第 189 行.
SQL: SHOW COLUMNS FROM `dbsp_user` [ RunTime:0.0020s ]
NOTIC: [8] Use of undefined constant YUNXIN_APPKey - assumed 'YUNXIN_APPKey' D:\phpStudy\WWW\dbspapi.dbkan.com\Application\Common\Common\function.php 第 394 行.
NOTIC: [8] Use of undefined constant YUNXIN_AppSecret - assumed 'YUNXIN_AppSecret' D:\phpStudy\WWW\dbspapi.dbkan.com\Application\Common\Common\function.php 第 394 行.
SQL: SHOW COLUMNS FROM `dbsp_user` [ RunTime:0.0020s ]
NOTIC: [8] Undefined index: deviceid D:\phpStudy\WWW\dbspapi.dbkan.com\Application\Mv2\Controller\LogController.class.php 第 83 行.
NOTIC: [2] unlink(./Application/Runtime/Temp/f1394a14da802414673fd527642f0c89.php): No such file or directory D:\phpStudy\WWW\dbspapi.dbkan.com\ThinkPHP\Library\Think\Cache\Driver\File.class.php 第 157 行.
SQL: SHOW COLUMNS FROM `dbsp_utoken` [ RunTime:0.0050s ]
SQL: SELECT * FROM `dbsp_utoken` WHERE `userid` = '109' LIMIT 1   [ RunTime:0.0000s ]
SQL: UPDATE `dbsp_utoken` SET `token`='c70233248b6a937af6d6caecc6915825',`uptime`='1511163309' WHERE `userid` = '109' [ RunTime:0.0020s ]
NOTIC: [8] Undefined index: deviceid D:\phpStudy\WWW\dbspapi.dbkan.com\Application\Mv2\Controller\LogController.class.php 第 100 行.
SQL: UPDATE `dbsp_user` SET `create_time`='1511163309',`deviceid_mobile`=NULL,`token`='ff91d7f53627b1dcadd46ceff15d2efc' WHERE `mobile` = '18679354419' [ RunTime:0.0010s ]
NOTIC: [8] Undefined index: id D:\phpStudy\WWW\dbspapi.dbkan.com\Application\Mv2\Controller\LogController.class.php 第 116 行.

[ 2017-11-20T15:38:48+08:00 ] 127.0.0.1 /index.php/Mv2/Amigos/lists
INFO: [ app_init ] --START--
INFO: Run Behavior\BuildLiteBehavior [ RunTime:0.000000s ]
INFO: [ app_init ] --END-- [ RunTime:0.001000s ]
INFO: [ app_begin ] --START--
INFO: Run Behavior\ReadHtmlCacheBehavior [ RunTime:0.001000s ]
INFO: [ app_begin ] --END-- [ RunTime:0.001000s ]
NOTIC: [8192] Function mcrypt_cbc() is deprecated D:\phpStudy\WWW\dbspapi.dbkan.com\Application\Common\Common\function.php 第 189 行.
NOTIC: [8192] Function mcrypt_cbc() is deprecated D:\phpStudy\WWW\dbspapi.dbkan.com\Application\Common\Common\function.php 第 189 行.
SQL: SELECT friends_id as id, head_portrait, user_name, name, mobile, id AS relation_id, num FROM `dbsp_relation` 
                WHERE `user_id` = 115 and display = 1 ORDER BY num DESC [ RunTime:0.0070s ]

[ 2017-11-20T15:38:49+08:00 ] 127.0.0.1 /index.php/Mv2/Amigos/lists
INFO: [ app_init ] --START--
INFO: Run Behavior\BuildLiteBehavior [ RunTime:0.000000s ]
INFO: [ app_init ] --END-- [ RunTime:0.000000s ]
INFO: [ app_begin ] --START--
INFO: Run Behavior\ReadHtmlCacheBehavior [ RunTime:0.000000s ]
INFO: [ app_begin ] --END-- [ RunTime:0.000000s ]
NOTIC: [8192] Function mcrypt_cbc() is deprecated D:\phpStudy\WWW\dbspapi.dbkan.com\Application\Common\Common\function.php 第 189 行.
NOTIC: [8192] Function mcrypt_cbc() is deprecated D:\phpStudy\WWW\dbspapi.dbkan.com\Application\Common\Common\function.php 第 189 行.

[ 2017-11-20T15:38:51+08:00 ] 127.0.0.1 /index.php/Mv2/Amigos/lists
INFO: [ app_init ] --START--
INFO: Run Behavior\BuildLiteBehavior [ RunTime:0.000000s ]
INFO: [ app_init ] --END-- [ RunTime:0.001000s ]
INFO: [ app_begin ] --START--
INFO: Run Behavior\ReadHtmlCacheBehavior [ RunTime:0.000000s ]
INFO: [ app_begin ] --END-- [ RunTime:0.000000s ]
NOTIC: [8192] Function mcrypt_cbc() is deprecated D:\phpStudy\WWW\dbspapi.dbkan.com\Application\Common\Common\function.php 第 189 行.
NOTIC: [8192] Function mcrypt_cbc() is deprecated D:\phpStudy\WWW\dbspapi.dbkan.com\Application\Common\Common\function.php 第 189 行.

[ 2017-11-20T15:38:52+08:00 ] 127.0.0.1 /index.php/Mv2/Amigos/lists
INFO: [ app_init ] --START--
INFO: Run Behavior\BuildLiteBehavior [ RunTime:0.000000s ]
INFO: [ app_init ] --END-- [ RunTime:0.000000s ]
INFO: [ app_begin ] --START--
INFO: Run Behavior\ReadHtmlCacheBehavior [ RunTime:0.000000s ]
INFO: [ app_begin ] --END-- [ RunTime:0.000000s ]
NOTIC: [8192] Function mcrypt_cbc() is deprecated D:\phpStudy\WWW\dbspapi.dbkan.com\Application\Common\Common\function.php 第 189 行.
NOTIC: [8192] Function mcrypt_cbc() is deprecated D:\phpStudy\WWW\dbspapi.dbkan.com\Application\Common\Common\function.php 第 189 行.

[ 2017-11-20T15:38:52+08:00 ] 127.0.0.1 /index.php/Mv2/Amigos/lists
INFO: [ app_init ] --START--
INFO: Run Behavior\BuildLiteBehavior [ RunTime:0.000000s ]
INFO: [ app_init ] --END-- [ RunTime:0.000000s ]
INFO: [ app_begin ] --START--
INFO: Run Behavior\ReadHtmlCacheBehavior [ RunTime:0.001000s ]
INFO: [ app_begin ] --END-- [ RunTime:0.001000s ]
NOTIC: [8192] Function mcrypt_cbc() is deprecated D:\phpStudy\WWW\dbspapi.dbkan.com\Application\Common\Common\function.php 第 189 行.
NOTIC: [8192] Function mcrypt_cbc() is deprecated D:\phpStudy\WWW\dbspapi.dbkan.com\Application\Common\Common\function.php 第 189 行.

[ 2017-11-20T15:38:53+08:00 ] 127.0.0.1 /index.php/Mv2/Amigos/lists
INFO: [ app_init ] --START--
INFO: Run Behavior\BuildLiteBehavior [ RunTime:0.000000s ]
INFO: [ app_init ] --END-- [ RunTime:0.000000s ]
INFO: [ app_begin ] --START--
INFO: Run Behavior\ReadHtmlCacheBehavior [ RunTime:0.001000s ]
INFO: [ app_begin ] --END-- [ RunTime:0.001000s ]
NOTIC: [8192] Function mcrypt_cbc() is deprecated D:\phpStudy\WWW\dbspapi.dbkan.com\Application\Common\Common\function.php 第 189 行.
NOTIC: [8192] Function mcrypt_cbc() is deprecated D:\phpStudy\WWW\dbspapi.dbkan.com\Application\Common\Common\function.php 第 189 行.

[ 2017-11-20T15:54:14+08:00 ] 127.0.0.1 /index.php/Mv2/log/index
INFO: [ app_init ] --START--
INFO: Run Behavior\BuildLiteBehavior [ RunTime:0.000000s ]
INFO: [ app_init ] --END-- [ RunTime:0.002000s ]
INFO: [ app_begin ] --START--
INFO: Run Behavior\ReadHtmlCacheBehavior [ RunTime:0.000000s ]
INFO: [ app_begin ] --END-- [ RunTime:0.000000s ]
NOTIC: [8192] Function mcrypt_cbc() is deprecated D:\phpStudy\WWW\dbspapi.dbkan.com\Application\Common\Common\function.php 第 189 行.
SQL: SHOW COLUMNS FROM `dbsp_user` [ RunTime:0.0030s ]
NOTIC: [8] Undefined index: code D:\phpStudy\WWW\dbspapi.dbkan.com\Application\Mv2\Controller\LogController.class.php 第 37 行.
NOTIC: [8] Use of undefined constant YUNXIN_APPKey - assumed 'YUNXIN_APPKey' D:\phpStudy\WWW\dbspapi.dbkan.com\Application\Common\Common\function.php 第 394 行.
NOTIC: [8] Use of undefined constant YUNXIN_AppSecret - assumed 'YUNXIN_AppSecret' D:\phpStudy\WWW\dbspapi.dbkan.com\Application\Common\Common\function.php 第 394 行.
SQL: SHOW COLUMNS FROM `dbsp_user` [ RunTime:0.0010s ]
NOTIC: [8] Array to string conversion D:\phpStudy\WWW\dbspapi.dbkan.com\ThinkPHP\Library\Vendor\wangyiyun\ServerAPI.php 第 116 行.

[ 2017-11-20T15:54:29+08:00 ] 127.0.0.1 /index.php/Mv2/log/index
INFO: [ app_init ] --START--
INFO: Run Behavior\BuildLiteBehavior [ RunTime:0.000000s ]
INFO: [ app_init ] --END-- [ RunTime:0.000000s ]
INFO: [ app_begin ] --START--
INFO: Run Behavior\ReadHtmlCacheBehavior [ RunTime:0.000000s ]
INFO: [ app_begin ] --END-- [ RunTime:0.000000s ]
NOTIC: [8192] Function mcrypt_cbc() is deprecated D:\phpStudy\WWW\dbspapi.dbkan.com\Application\Common\Common\function.php 第 189 行.
SQL: SHOW COLUMNS FROM `dbsp_user` [ RunTime:0.0020s ]
NOTIC: [8] Undefined index: code D:\phpStudy\WWW\dbspapi.dbkan.com\Application\Mv2\Controller\LogController.class.php 第 37 行.
NOTIC: [8] Use of undefined constant YUNXIN_APPKey - assumed 'YUNXIN_APPKey' D:\phpStudy\WWW\dbspapi.dbkan.com\Application\Common\Common\function.php 第 394 行.
NOTIC: [8] Use of undefined constant YUNXIN_AppSecret - assumed 'YUNXIN_AppSecret' D:\phpStudy\WWW\dbspapi.dbkan.com\Application\Common\Common\function.php 第 394 行.
SQL: SHOW COLUMNS FROM `dbsp_user` [ RunTime:0.0020s ]

[ 2017-11-20T16:15:46+08:00 ] 127.0.0.1 /index.php/Mv2/Amigos/lists
INFO: [ app_init ] --START--
INFO: Run Behavior\BuildLiteBehavior [ RunTime:0.000000s ]
INFO: [ app_init ] --END-- [ RunTime:0.000000s ]
INFO: [ app_begin ] --START--
INFO: Run Behavior\ReadHtmlCacheBehavior [ RunTime:0.000000s ]
INFO: [ app_begin ] --END-- [ RunTime:0.000000s ]
NOTIC: [8192] Function mcrypt_cbc() is deprecated D:\phpStudy\WWW\dbspapi.dbkan.com\Application\Common\Common\function.php 第 189 行.
NOTIC: [8192] Function mcrypt_cbc() is deprecated D:\phpStudy\WWW\dbspapi.dbkan.com\Application\Common\Common\function.php 第 189 行.

[ 2017-11-20T16:15:49+08:00 ] 127.0.0.1 /index.php/Mv2/Amigos/lists
INFO: [ app_init ] --START--
INFO: Run Behavior\BuildLiteBehavior [ RunTime:0.000000s ]
INFO: [ app_init ] --END-- [ RunTime:0.000000s ]
INFO: [ app_begin ] --START--
INFO: Run Behavior\ReadHtmlCacheBehavior [ RunTime:0.001000s ]
INFO: [ app_begin ] --END-- [ RunTime:0.001000s ]
NOTIC: [8192] Function mcrypt_cbc() is deprecated D:\phpStudy\WWW\dbspapi.dbkan.com\Application\Common\Common\function.php 第 189 行.
NOTIC: [8192] Function mcrypt_cbc() is deprecated D:\phpStudy\WWW\dbspapi.dbkan.com\Application\Common\Common\function.php 第 189 行.

